Log file open, 10/09/18 15:52:29
LogWindows: Failed to load 'aqProf.dll' (GetLastError=126)
LogWindows: File 'aqProf.dll' does not exist
LogWindows: Failed to load 'VSPerf140.dll' (GetLastError=126)
LogWindows: File 'VSPerf140.dll' does not exist
LogWindows: Failed to load 'VtuneApi.dll' (GetLastError=126)
LogWindows: File 'VtuneApi.dll' does not exist
LogWindows: Failed to load 'VtuneApi32e.dll' (GetLastError=126)
LogWindows: File 'VtuneApi32e.dll' does not exist
LogInit: Display: Running engine for game: TheSummit
LogPlatformFile: Not using cached read wrapper
LogTaskGraph: Started task graph with 5 named threads and 47 total threads with 3 sets of task threads.
LogStats: Stats thread started at 3.478231
LogD3D11RHI: Loaded GFSDK_Aftermath_Lib.x64.dll
LogICUInternationalization: Display: ICU TimeZone Detection - Raw Offset: -5:00, Platform Override: ''
LogPluginManager: Mounting plugin Paper2D
LogPluginManager: Mounting plugin AISupport
LogPluginManager: Mounting plugin LightPropagationVolume
LogPluginManager: Mounting plugin CLionSourceCodeAccess
LogPluginManager: Mounting plugin CodeLiteSourceCodeAccess
LogPluginManager: Mounting plugin GitSourceControl
LogPluginManager: Mounting plugin KDevelopSourceCodeAccess
LogPluginManager: Mounting plugin NullSourceCodeAccess
LogPluginManager: Mounting plugin PerforceSourceControl
LogPluginManager: Mounting plugin SubversionSourceControl
LogPluginManager: Mounting plugin UObjectPlugin
LogPluginManager: Mounting plugin VisualStudioCodeSourceCodeAccess
LogPluginManager: Mounting plugin VisualStudioSourceCodeAccess
LogPluginManager: Mounting plugin XCodeSourceCodeAccess
LogPluginManager: Mounting plugin AssetManagerEditor
LogPluginManager: Mounting plugin CryptoKeys
LogPluginManager: Mounting plugin DataValidation
LogPluginManager: Mounting plugin FacialAnimation
LogPluginManager: Mounting plugin GameplayTagsEditor
LogPluginManager: Mounting plugin MacGraphicsSwitching
LogPluginManager: Mounting plugin MeshEditor
LogPluginManager: Mounting plugin MobileLauncherProfileWizard
LogPluginManager: Mounting plugin PluginBrowser
LogPluginManager: Mounting plugin SpeedTreeImporter
LogPluginManager: Mounting plugin DatasmithContent
LogPluginManager: Mounting plugin AlembicImporter
LogPluginManager: Mounting plugin AppleImageUtils
LogPluginManager: Mounting plugin AppleVision
LogPluginManager: Mounting plugin BackChannel
LogPluginManager: Mounting plugin CharacterAI
LogPluginManager: Mounting plugin GeometryCache
LogPluginManager: Mounting plugin HTML5Networking
LogPluginManager: Mounting plugin ProxyLODPlugin
LogPluginManager: Mounting plugin MagicLeap
LogPluginManager: Mounting plugin MagicLeapEmulator
LogPluginManager: Mounting plugin MagicLeapMedia
LogPluginManager: Mounting plugin AndroidMedia
LogPluginManager: Mounting plugin AvfMedia
LogPluginManager: Mounting plugin ImgMedia
LogPluginManager: Mounting plugin LinearTimecode
LogPluginManager: Mounting plugin MediaCompositing
LogPluginManager: Mounting plugin MediaPlayerEditor
LogPluginManager: Mounting plugin WmfMedia
LogPluginManager: Mounting plugin TcpMessaging
LogPluginManager: Mounting plugin UdpMessaging
LogPluginManager: Mounting plugin ActorSequence
LogPluginManager: Mounting plugin LevelSequenceEditor
LogPluginManager: Mounting plugin MatineeToLevelSequence
LogPluginManager: Mounting plugin NetcodeUnitTest
LogPluginManager: Mounting plugin NUTUnrealEngine4
LogPluginManager: Mounting plugin OnlineSubsystemGooglePlay
LogPluginManager: Mounting plugin OnlineSubsystemIOS
LogPluginManager: Mounting plugin OnlineSubsystem
LogPluginManager: Mounting plugin OnlineSubsystemNull
LogPluginManager: Mounting plugin OnlineSubsystemUtils
LogPluginManager: Mounting plugin LauncherChunkInstaller
LogPluginManager: Mounting plugin AndroidDeviceProfileSelector
LogPluginManager: Mounting plugin AndroidMoviePlayer
LogPluginManager: Mounting plugin AndroidPermission
LogPluginManager: Mounting plugin AppleMoviePlayer
LogPluginManager: Mounting plugin ArchVisCharacter
LogPluginManager: Mounting plugin AudioCapture
LogPluginManager: Mounting plugin CableComponent
LogPluginManager: Mounting plugin CustomMeshComponent
LogPluginManager: Mounting plugin EditableMesh
LogPluginManager: Mounting plugin ExampleDeviceProfileSelector
LogPluginManager: Mounting plugin GoogleCloudMessaging
LogPluginManager: Mounting plugin ImmediatePhysics
LogPluginManager: Mounting plugin IOSDeviceProfileSelector
LogPluginManager: Mounting plugin LinuxDeviceProfileSelector
LogPluginManager: Mounting plugin LocationServicesBPLibrary
LogPluginManager: Mounting plugin MobilePatchingUtils
LogPluginManager: Mounting plugin OculusVR
LogPluginManager: Plugin shader directory ../../../Engine/Plugins/Runtime/Oculus/OculusVR/Shaders found
LogPluginManager: Mapping shader source directory ../../../Engine/Plugins/Runtime/Oculus/OculusVR/Shaders to virtual directory /Plugin/OculusVR
LogPluginManager: Mounting plugin PhysXVehicles
LogPluginManager: Mounting plugin ProceduralMeshComponent
LogPluginManager: Mounting plugin RuntimePhysXCooking
LogPluginManager: Mounting plugin SteamVR
LogPluginManager: Mounting plugin WindowsMoviePlayer
LogStreaming: Display: Took  0.398s to configure plugins.
LogInit: Using libcurl 7.55.1-DEV
LogInit:  - built for x86_64-pc-win32
LogInit:  - supports SSL with OpenSSL/1.0.2h
LogInit:  - supports HTTP deflate (compression) using libz 1.2.8
LogInit:  - other features:
LogInit:      CURL_VERSION_SSL
LogInit:      CURL_VERSION_LIBZ
LogInit:      CURL_VERSION_IPV6
LogInit:      CURL_VERSION_ASYNCHDNS
LogInit:      CURL_VERSION_LARGEFILE
LogInit:      CURL_VERSION_IDN
LogInit:  CurlRequestOptions (configurable via config and command line):
LogInit:  - bVerifyPeer = false  - Libcurl will NOT verify peer certificate
LogInit:  - bUseHttpProxy = false  - Libcurl will NOT use HTTP proxy
LogInit:  - bDontReuseConnections = false  - Libcurl will reuse connections
LogInit:  - CertBundlePath = nullptr  - Libcurl will use whatever was configured at build time.
LogInit:  - MaxHostConnections = 16  - Libcurl will limit the number of connections to a host
LogInit:  - LocalHostAddr = Default
LogInit:  - BufferSize = 65536
LogInit: WinSock: version 1.1 (2.2), MaxSocks=32767, MaxUdp=65467
LogHMD: Failed initializing OVRPlugin 1.25.0
LogInit: Build: ++UE4+Release-4.20-CL-4233996
LogInit: Engine Version: 4.20.1-4233996+++UE4+Release-4.20
LogInit: Compatible Engine Version: 4.20.0-4212847+++UE4+Release-4.20
LogInit: Net CL: 4212847
LogInit: OS: Windows 10 (), CPU: AMD Ryzen 7 1700 Eight-Core Processor          , GPU: NVIDIA GeForce GTX 1080
LogInit: Compiled (64-bit): Jul 26 2018 10:07:30
LogInit: Compiled with Visual C++: 19.13.26129.00
LogInit: Build Configuration: Development
LogInit: Branch Name: ++UE4+Release-4.20
LogInit: Command Line:  
LogInit: Base Directory: D:/Unreal Engine/UE_4.20/Engine/Binaries/Win64/
LogInit: Installed Engine Build: 1
LogDevObjectVersion: Number of dev versions registered: 20
LogDevObjectVersion:   Dev-Blueprints (B0D832E4-1F89-4F0D-ACCF-7EB736FD4AA2): 10
LogDevObjectVersion:   Dev-Build (E1C64328-A22C-4D53-A36C-8E866417BD8C): 0
LogDevObjectVersion:   Dev-Core (375EC13C-06E4-48FB-B500-84F0262A717E): 2
LogDevObjectVersion:   Dev-Editor (E4B068ED-F494-42E9-A231-DA0B2E46BB41): 24
LogDevObjectVersion:   Dev-Framework (CFFC743F-43B0-4480-9391-14DF171D2073): 34
LogDevObjectVersion:   Dev-Mobile (B02B49B5-BB20-44E9-A304-32B752E40360): 2
LogDevObjectVersion:   Dev-Networking (A4E4105C-59A1-49B5-A7C5-40C4547EDFEE): 0
LogDevObjectVersion:   Dev-Online (39C831C9-5AE6-47DC-9A44-9C173E1C8E7C): 0
LogDevObjectVersion:   Dev-Physics (78F01B33-EBEA-4F98-B9B4-84EACCB95AA2): 0
LogDevObjectVersion:   Dev-Platform (6631380F-2D4D-43E0-8009-CF276956A95A): 0
LogDevObjectVersion:   Dev-Rendering (12F88B9F-8875-4AFC-A67C-D90C383ABD29): 26
LogDevObjectVersion:   Dev-Sequencer (7B5AE74C-D270-4C10-A958-57980B212A5A): 9
LogDevObjectVersion:   Dev-VR (D7296918-1DD6-4BDD-9DE2-64A83CC13884): 2
LogDevObjectVersion:   Dev-LoadTimes (C2A15278-BFE7-4AFE-6C17-90FF531DF755): 1
LogDevObjectVersion:   Private-Geometry (6EACA3D4-40EC-4CC1-B786-8BED09428FC5): 3
LogDevObjectVersion:   Dev-AnimPhys (29E575DD-E0A3-4627-9D10-D276232CDCEA): 17
LogDevObjectVersion:   Dev-ReflectionCapture (6B266CEC-1EC7-4B8F-A30B-E4D90942FC07): 1
LogDevObjectVersion:   Dev-Automation (0DF73D61-A23F-47EA-B727-89E90C41499A): 1
LogDevObjectVersion:   FortniteMain (601D1886-AC64-4F84-AA16-D3DE0DEAC7D6): 12
LogDevObjectVersion:   Dev-Enterprise (9DFFBCD6-494F-0158-E221-12823C92A888): 1
LogStreaming: Display: Took  0.066s to delete old logs.
LogInit: Presizing for max 8388607 objects, including 0 objects not considered by GC, pre-allocating 0 bytes for permanent pool.
LogInit: Object subsystem initialized
[2018.10.09-19.52.32:810][  0]LogInit: Selected Device Profile: [Windows]
[2018.10.09-19.52.32:811][  0]LogInit: Applying CVar settings loaded from the selected device profile: [Windows]
[2018.10.09-19.52.32:856][  0]LogHAL: Display: Platform has ~ 16 GB [17109286912 / 17179869184 / 16], which maps to Larger [LargestMinGB=32, LargerMinGB=12, DefaultMinGB=8, SmallerMinGB=6, SmallestMinGB=0)
[2018.10.09-19.52.32:870][  0]LogInit: Setting Device Profile CVar: [[r.Vulkan.UseRealUBs:1]]
[2018.10.09-19.52.32:870][  0]LogInit: Going up to parent DeviceProfile []
[2018.10.09-19.52.32:925][  0]LogInit: Computer: ALI-PC
[2018.10.09-19.52.32:925][  0]LogInit: User: aliha
[2018.10.09-19.52.32:925][  0]LogInit: CPU Page size=4096, Cores=8
[2018.10.09-19.52.32:925][  0]LogInit: High frequency timer resolution =2.929943 MHz
[2018.10.09-19.52.32:925][  0]LogMemory: Memory total: Physical=15.9GB (16GB approx)
[2018.10.09-19.52.32:925][  0]LogMemory: Platform Memory Stats for Windows
[2018.10.09-19.52.32:925][  0]LogMemory: Process Physical Memory: 105.29 MB used, 105.29 MB peak
[2018.10.09-19.52.32:925][  0]LogMemory: Process Virtual Memory: 98.45 MB used, 98.45 MB peak
[2018.10.09-19.52.32:925][  0]LogMemory: Physical Memory: 7025.74 MB used,  9290.95 MB free, 16316.69 MB total
[2018.10.09-19.52.32:925][  0]LogMemory: Virtual Memory: 4692.18 MB used,  9290.95 MB free, 134217728.00 MB total
[2018.10.09-19.52.33:600][  0]LogInit: Using OS detected language (en-US).
[2018.10.09-19.52.33:600][  0]LogInit: Using OS detected locale (en-US).
[2018.10.09-19.52.33:651][  0]LogTextLocalizationManager: No specific localization for 'en-US' exists, so the 'en' localization will be used.
[2018.10.09-19.52.34:436][  0]LogStreaming: Display: Took  0.820s to InitEngineTextLocalization.
[2018.10.09-19.52.34:446][  0]LogInit: Setting process to per monitor DPI aware
[2018.10.09-19.52.35:236][  0]LogSlate: New Slate User Created.  User Index 0, Is Virtual User: 0
[2018.10.09-19.52.35:236][  0]LogSlate: Slate User Registered.  User Index 0, Is Virtual User: 0
[2018.10.09-19.52.44:310][  0]LogHMD: Failed to initialize OpenVR with code 108
[2018.10.09-19.52.44:310][  0]LogD3D11RHI: D3D11 adapters:
[2018.10.09-19.52.44:414][  0]LogD3D11RHI:    0. 'NVIDIA GeForce GTX 1080' (Feature Level 11_0)
[2018.10.09-19.52.44:414][  0]LogD3D11RHI:       8079/0/8158 MB DedicatedVideo/DedicatedSystem/SharedSystem, Outputs:1, VendorId:0x10de
[2018.10.09-19.52.44:417][  0]LogD3D11RHI:    1. 'Microsoft Basic Render Driver' (Feature Level 11_0)
[2018.10.09-19.52.44:417][  0]LogD3D11RHI:       0/0/8158 MB DedicatedVideo/DedicatedSystem/SharedSystem, Outputs:0, VendorId:0x1414
[2018.10.09-19.52.44:417][  0]LogD3D11RHI: Chosen D3D11 Adapter: 0
[2018.10.09-19.52.44:429][  0]LogD3D11RHI: Creating new Direct3DDevice
[2018.10.09-19.52.44:429][  0]LogD3D11RHI:     GPU DeviceId: 0x1b80 (for the marketing name, search the web for "GPU Device Id")
[2018.10.09-19.52.44:448][  0]LogWindows: EnumDisplayDevices:
[2018.10.09-19.52.44:448][  0]LogWindows:    0. 'NVIDIA GeForce GTX 1080' (P:1 D:1)
[2018.10.09-19.52.44:448][  0]LogWindows:    1. 'NVIDIA GeForce GTX 1080' (P:0 D:0)
[2018.10.09-19.52.44:449][  0]LogWindows:    2. 'NVIDIA GeForce GTX 1080' (P:0 D:0)
[2018.10.09-19.52.44:449][  0]LogWindows:    3. 'NVIDIA GeForce GTX 1080' (P:0 D:0)
[2018.10.09-19.52.44:449][  0]LogWindows: DebugString: FoundDriverCount:4 
[2018.10.09-19.52.44:449][  0]LogD3D11RHI:     Adapter Name: NVIDIA GeForce GTX 1080
[2018.10.09-19.52.44:449][  0]LogD3D11RHI:   Driver Version: 411.70 (internal:24.21.14.1170, unified:411.70)
[2018.10.09-19.52.44:449][  0]LogD3D11RHI:      Driver Date: 9-25-2018
[2018.10.09-19.52.44:449][  0]LogRHI: Texture pool is 5655 MB (70% of 8079 MB)
[2018.10.09-19.52.44:506][  0]LogD3D11RHI: Async texture creation enabled
[2018.10.09-19.52.44:759][  0]LogD3D11RHI: GPU Timing Frequency: 1000.000000 (Debug: 2 2)
[2018.10.09-19.52.44:822][  0]LogShaderCompilers: Guid format shader working directory is 1 characters bigger than the processId version (../../../../../Github/climb-summit/TheSummit/Intermediate/Shaders/WorkingDirectory/17592/).
[2018.10.09-19.52.44:823][  0]LogShaderCompilers: Cleaned the shader compiler working directory 'C:/Users/aliha/AppData/Local/Temp/UnrealShaderWorkingDir/4C56FC094A35CA70C9C166AA4778D839/'.
[2018.10.09-19.52.45:557][  0]LogTemp: Display: Loaded TP AllDesktopTargetPlatform
[2018.10.09-19.52.45:595][  0]LogTemp: Display: Loaded TP MacClientTargetPlatform
[2018.10.09-19.52.45:633][  0]LogTemp: Display: Loaded TP MacNoEditorTargetPlatform
[2018.10.09-19.52.45:675][  0]LogTemp: Display: Loaded TP MacServerTargetPlatform
[2018.10.09-19.52.45:750][  0]LogTemp: Display: Loaded TP MacTargetPlatform
[2018.10.09-19.52.45:803][  0]LogTemp: Display: Loaded TP WindowsClientTargetPlatform
[2018.10.09-19.52.45:845][  0]LogTemp: Display: Loaded TP WindowsNoEditorTargetPlatform
[2018.10.09-19.52.45:898][  0]LogTemp: Display: Loaded TP WindowsServerTargetPlatform
[2018.10.09-19.52.45:924][  0]LogTemp: Display: Loaded TP WindowsTargetPlatform
[2018.10.09-19.52.46:058][  0]LogTemp: Display: Loaded TP AndroidTargetPlatform
[2018.10.09-19.52.46:058][  0]LogTemp: Display: Loaded TP AndroidTargetPlatform
[2018.10.09-19.52.46:058][  0]LogTemp: Display: Loaded TP AndroidTargetPlatform
[2018.10.09-19.52.46:058][  0]LogTemp: Display: Loaded TP AndroidTargetPlatform
[2018.10.09-19.52.46:058][  0]LogTemp: Display: Loaded TP AndroidTargetPlatform
[2018.10.09-19.52.46:058][  0]LogTemp: Display: Loaded TP AndroidTargetPlatform
[2018.10.09-19.52.46:058][  0]LogTemp: Display: Loaded TP AndroidTargetPlatform
[2018.10.09-19.52.46:058][  0]LogTemp: Display: Loaded TP AndroidTargetPlatform
[2018.10.09-19.52.46:058][  0]LogTemp: Display: Loaded TP AndroidTargetPlatform
[2018.10.09-19.52.46:058][  0]LogTemp: Display: Loaded TP AndroidTargetPlatform
[2018.10.09-19.52.46:058][  0]LogTemp: Display: Loaded TP AndroidTargetPlatform
[2018.10.09-19.52.46:058][  0]LogTemp: Display: Loaded TP AndroidTargetPlatform
[2018.10.09-19.52.46:058][  0]LogTemp: Display: Loaded TP AndroidTargetPlatform
[2018.10.09-19.52.46:058][  0]LogTemp: Display: Loaded TP AndroidTargetPlatform
[2018.10.09-19.52.46:058][  0]LogTemp: Display: Loaded TP AndroidTargetPlatform
[2018.10.09-19.52.46:058][  0]LogTemp: Display: Loaded TP AndroidTargetPlatform
[2018.10.09-19.52.46:058][  0]LogTemp: Display: Loaded TP AndroidTargetPlatform
[2018.10.09-19.52.46:058][  0]LogTemp: Display: Loaded TP AndroidTargetPlatform
[2018.10.09-19.52.46:082][  0]LogTemp: Display: Loaded TP HTML5TargetPlatform
[2018.10.09-19.52.46:250][  0]LogTemp: Display: Loaded TP IOSTargetPlatform
[2018.10.09-19.52.46:250][  0]LogTemp: Display: Loaded TP IOSTargetPlatform
[2018.10.09-19.52.46:307][  0]LogTemp: Display: Loaded TP TVOSTargetPlatform
[2018.10.09-19.52.46:307][  0]LogTemp: Display: Loaded TP TVOSTargetPlatform
[2018.10.09-19.52.46:354][  0]LogTemp: Display: Loaded TP LinuxClientTargetPlatform
[2018.10.09-19.52.46:390][  0]LogTemp: Display: Loaded TP LinuxNoEditorTargetPlatform
[2018.10.09-19.52.46:435][  0]LogTemp: Display: Loaded TP LinuxServerTargetPlatform
[2018.10.09-19.52.46:489][  0]LogTemp: Display: Loaded TP LinuxTargetPlatform
[2018.10.09-19.52.46:518][  0]LogTemp: Display: Loaded TP LuminTargetPlatform
[2018.10.09-19.52.46:518][  0]LogTargetPlatformManager: Display: Building Assets For Windows
[2018.10.09-19.52.47:303][  0]LogXGEController: Cleaning working directory: C:/Users/aliha/AppData/Local/Temp/UnrealXGEWorkingDir/
[2018.10.09-19.52.47:304][  0]LogXGEController: Cannot use XGE Controller as Incredibuild is not installed on this machine.
[2018.10.09-19.52.47:304][  0]LogShaderCompilers: Cannot use XGE Shader Compiler as Incredibuild is not installed on this machine.
[2018.10.09-19.52.47:304][  0]LogShaderCompilers: Display: Using Local Shader Compiler.
[2018.10.09-19.52.53:524][  0]LogDerivedDataCache: Display: Max Cache Size: 512 MB
[2018.10.09-19.52.53:801][  0]LogDerivedDataCache: Loaded boot cache 0.28s 71MB C:/Users/aliha/AppData/Local/UnrealEngine/4.20/DerivedDataCache/Boot.ddc.
[2018.10.09-19.52.53:801][  0]LogDerivedDataCache: Display: Loaded Boot cache: C:/Users/aliha/AppData/Local/UnrealEngine/4.20/DerivedDataCache/Boot.ddc
[2018.10.09-19.52.53:801][  0]LogDerivedDataCache: FDerivedDataBackendGraph:  Pak pak cache file ../../../../../Github/climb-summit/TheSummit/DerivedDataCache/DDC.ddp not found, will not use a pak cache.
[2018.10.09-19.52.53:801][  0]LogDerivedDataCache: Unable to find inner node Pak for hierarchical cache Hierarchy.
[2018.10.09-19.52.53:801][  0]LogDerivedDataCache: FDerivedDataBackendGraph:  CompressedPak pak cache file ../../../../../Github/climb-summit/TheSummit/DerivedDataCache/Compressed.ddp not found, will not use a pak cache.
[2018.10.09-19.52.53:801][  0]LogDerivedDataCache: Unable to find inner node CompressedPak for hierarchical cache Hierarchy.
[2018.10.09-19.52.53:872][  0]LogDerivedDataCache: Display: Pak cache opened for reading ../../../Engine/DerivedDataCache/Compressed.ddp.
[2018.10.09-19.52.53:884][  0]LogDerivedDataCache: Using Local data cache path C:/Users/aliha/AppData/Local/UnrealEngine/Common/DerivedDataCache: Writable
[2018.10.09-19.52.53:884][  0]LogDerivedDataCache: Shared data cache path not found in *engine.ini, will not use an Shared cache.
[2018.10.09-19.52.53:884][  0]LogDerivedDataCache: Unable to find inner node Shared for hierarchical cache Hierarchy.
[2018.10.09-19.52.53:939][  0]LogMaterial: Verifying Global Shaders for PCD3D_SM5
[2018.10.09-19.52.53:984][  0]LogSlate: Using FreeType 2.6.0
[2018.10.09-19.52.54:069][  0]LogSlate: SlateFontServices - WITH_FREETYPE: 1, WITH_HARFBUZZ: 1
[2018.10.09-19.52.54:757][  0]LogAssetRegistry: FAssetRegistry took 0.0284 seconds to start up
[2018.10.09-19.52.58:797][  0]LogInit: Selected Device Profile: [Windows]
[2018.10.09-19.53.00:895][  0]LogSimplygon: Simplygon DLL not present - disabling.
[2018.10.09-19.53.01:130][  0]LogMeshReduction: Using SimplygonSwarm for distributed automatic mesh merging
[2018.10.09-19.53.01:130][  0]LogMeshReduction: Using ProxyLODMeshReduction for automatic mesh merging
[2018.10.09-19.53.01:131][  0]LogMeshReduction: Using QuadricMeshReduction for automatic static mesh reduction
[2018.10.09-19.53.01:131][  0]LogMeshReduction: No automatic skeletal mesh reduction module available
[2018.10.09-19.53.01:463][  0]LogNetVersion: TheSummit 1.0.0, NetCL: 4212847, EngineNetVer: 5, GameNetVer: 0 (Checksum: 40220121)
[2018.10.09-19.53.05:903][  0]LogPackageLocalizationCache: Processed 11 localized package path(s) for 2 prioritized culture(s) in 0.268879 seconds
[2018.10.09-19.53.05:961][  0]LogUObjectArray: 38425 objects as part of root set at end of initial load.
[2018.10.09-19.53.05:961][  0]LogUObjectAllocator: 6690872 out of 0 bytes used by permanent object pool.
[2018.10.09-19.53.05:961][  0]LogUObjectArray: CloseDisregardForGC: 0/0 objects in disregard for GC pool
[2018.10.09-19.53.25:690][  0]LogTcpMessaging: Initializing TcpMessaging bridge
[2018.10.09-19.53.25:732][  0]LogUdpMessaging: Initializing bridge on interface 0.0.0.0:0 to multicast group 230.0.0.1:6666.
[2018.10.09-19.53.27:096][  0]SourceControl: Source control is disabled
[2018.10.09-19.53.29:592][  0]LogAndroidPermission: UAndroidPermissionCallbackProxy::GetInstance
[2018.10.09-19.53.29:824][  0]LogOcInput: OculusInput pre-init called
[2018.10.09-19.53.30:646][  0]LogEngine: Initializing Engine...
[2018.10.09-19.53.36:398][  0]LogHMD: Failed to initialize OpenVR with code 108
[2018.10.09-19.53.36:501][  0]LogStats: UGameplayTagsManager::ConstructGameplayTagTree: ImportINI prefixes -  0.000 s
[2018.10.09-19.53.36:501][  0]LogStats: UGameplayTagsManager::ConstructGameplayTagTree: Construct from data asset -  0.000 s
[2018.10.09-19.53.36:502][  0]LogStats: UGameplayTagsManager::ConstructGameplayTagTree: ImportINI -  0.001 s
[2018.10.09-19.53.36:502][  0]LogStats: UGameplayTagsManager::ConstructGameplayTagTree: GameplayTagTreeChangedEvent.Broadcast -  0.000 s
[2018.10.09-19.53.37:403][  0]LogInit: Initializing FReadOnlyCVARCache
[2018.10.09-19.53.38:027][  0]LogAIModule: Creating AISystem for world Untitled
[2018.10.09-19.53.38:276][  0]LogInit: XAudio2 using 'Speakers (USB Audio Device)' : 2 channels at 48 kHz using 16 bits per sample (channel mask 0x3)
[2018.10.09-19.53.38:311][  0]LogInit: FAudioDevice initialized.
[2018.10.09-19.53.38:320][  0]LogNetVersion: Set ProjectVersion to 1.0.0.0. Version Checksum will be recalculated on next use.
[2018.10.09-19.53.38:400][  0]LogDerivedDataCache: Saved boot cache 0.08s 71MB C:/Users/aliha/AppData/Local/UnrealEngine/4.20/DerivedDataCache/Boot.ddc.
[2018.10.09-19.53.38:441][  0]LogInit: Texture streaming: Enabled
[2018.10.09-19.53.38:673][  0]LogEngineSessionManager: EngineSessionManager initialized
[2018.10.09-19.53.38:922][  0]LogInit: Transaction tracking system initialized
[2018.10.09-19.53.39:278][  0]BlueprintLog: New page: Editor Load
[2018.10.09-19.53.40:710][  0]LocalizationService: Localization service is disabled
[2018.10.09-19.53.44:592][  0]LogFileCache: Scanning file cache for directory 'D:/Github/climb-summit/TheSummit/Content/' took 0.07s
[2018.10.09-19.53.44:592][  0]LogCook: Display: Max memory allowance for cook 16384mb min free memory 0mb
[2018.10.09-19.53.44:593][  0]LogCook: Display: Mobile HDR setting 1
[2018.10.09-19.53.44:600][  0]LogGameplayTags: Display: UGameplayTagsManager::DoneAddingNativeTags. DelegateIsBound: 0
[2018.10.09-19.53.44:601][  0]LogStats: UGameplayTagsManager::ConstructGameplayTagTree: ImportINI prefixes -  0.000 s
[2018.10.09-19.53.44:601][  0]LogStats: UGameplayTagsManager::ConstructGameplayTagTree: Construct from data asset -  0.000 s
[2018.10.09-19.53.44:601][  0]LogStats: UGameplayTagsManager::ConstructGameplayTagTree: ImportINI -  0.000 s
[2018.10.09-19.53.44:601][  0]LogStats: UGameplayTagsManager::ConstructGameplayTagTree: GameplayTagTreeChangedEvent.Broadcast -  0.000 s
[2018.10.09-19.53.49:152][  0]LogSlate: Updating window title bar state: overlay mode, drag disabled, window buttons hidden, title bar hidden
[2018.10.09-19.53.49:271][  0]LogSlate: Updating window title bar state: overlay mode, drag disabled, window buttons hidden, title bar hidden
[2018.10.09-19.53.49:283][  0]LogSlate: Updating window title bar state: overlay mode, drag disabled, window buttons hidden, title bar hidden
[2018.10.09-19.53.49:292][  0]LogSlate: Updating window title bar state: overlay mode, drag disabled, window buttons hidden, title bar hidden
[2018.10.09-19.53.49:542][  0]LogCollectionManager: Loaded 0 collections in 0.001172 seconds
[2018.10.09-19.53.49:997][  0]LogFileCache: Scanning file cache for directory 'D:/Github/climb-summit/TheSummit/Saved/Collections/' took 0.01s
[2018.10.09-19.53.49:997][  0]LogFileCache: Scanning file cache for directory 'D:/Github/climb-summit/TheSummit/Content/Developers/aliha/Collections/' took 0.01s
[2018.10.09-19.53.49:997][  0]LogFileCache: Scanning file cache for directory 'D:/Github/climb-summit/TheSummit/Content/Collections/' took 0.01s
[2018.10.09-19.53.49:997][  0]LogCollectionManager: Rebuilt the GUID cache for 0 collections in 0.000002 seconds
[2018.10.09-19.53.50:049][  0]LogContentBrowser: Native class hierarchy populated in 0.0499 seconds. Added 2572 classes and 603 folders.
[2018.10.09-19.53.50:185][  0]LogContentBrowser: Native class hierarchy updated for 'WidgetCarousel' in 0.0003 seconds. Added 0 classes and 0 folders.
[2018.10.09-19.53.52:509][  0]LogContentBrowser: Native class hierarchy updated for 'AddContentDialog' in 0.0003 seconds. Added 0 classes and 0 folders.
[2018.10.09-19.53.52:593][  0]LogContentBrowser: Native class hierarchy updated for 'SceneOutliner' in 0.0003 seconds. Added 1 classes and 2 folders.
[2018.10.09-19.53.53:726][  0]LogSlate: Took 0.014297 seconds to synchronously load lazily loaded font '../../../Engine/Content/Slate/Fonts/Roboto-Regular.ttf' (155K)
[2018.10.09-19.53.53:777][  0]LogSlate: Took 0.031006 seconds to synchronously load lazily loaded font '../../../Engine/Content/Slate/Fonts/Roboto-Bold.ttf' (160K)
[2018.10.09-19.53.53:831][  0]LogSlate: Took 0.008650 seconds to synchronously load lazily loaded font '../../../Engine/Content/Editor/Slate/Fonts/FontAwesome.ttf' (139K)
[2018.10.09-19.53.54:497][  0]LogRenderer: Reallocating scene render targets to support 1208x576 Format 10 NumSamples 1 (Frame:1).
[2018.10.09-19.53.55:283][  0]LogContentBrowser: Native class hierarchy updated for 'HierarchicalLODOutliner' in 0.0004 seconds. Added 0 classes and 0 folders.
[2018.10.09-19.53.55:283][  0]LogLoad: (Engine Initialization) Total time: 99.42 seconds
[2018.10.09-19.53.55:283][  0]LogLoad: (Engine Initialization) Total Blueprint compile time: 0.00 seconds
[2018.10.09-19.53.55:788][  0]LogContentStreaming: Texture pool size now 3000 MB
[2018.10.09-19.53.56:486][  3]LogSlate: Took 0.026334 seconds to synchronously load lazily loaded font '../../../Engine/Content/Slate/Fonts/Roboto-Light.ttf' (167K)
[2018.10.09-19.53.56:737][  4]LogAssetRegistry: Asset discovery search completed in 62.0023 seconds
[2018.10.09-19.53.56:756][  4]LogCollectionManager: Rebuilt the object cache for 0 collections in 0.000003 seconds (found 0 objects)
[2018.10.09-19.53.56:756][  4]LogCollectionManager: Fixed up redirectors for 0 collections in 0.010764 seconds (updated 0 objects)
[2018.10.09-19.54.26:827][436]LogSlate: FSceneViewport::OnFocusLost() reason 0
[2018.10.09-19.54.27:624][508]LogSlate: Took 0.000270 seconds to synchronously load lazily loaded font '../../../Engine/Content/Slate/Fonts/Roboto-Light.ttf' (167K)
[2018.10.09-19.54.29:642][508]LogAIModule: Creating AISystem for world TreeCutTestMap
[2018.10.09-19.54.30:102][508]LogAssetEditorManager: Opening Asset editor for World /Game/AliTesting/TreeCutTestMap.TreeCutTestMap
[2018.10.09-19.54.30:517][508]Cmd: MAP LOAD FILE="../../../../../Github/climb-summit/TheSummit/Content/AliTesting/TreeCutTestMap.umap" TEMPLATE=0 SHOWPROGRESS=1 FEATURELEVEL=3
[2018.10.09-19.54.30:529][508]LightingResults: New page: Lighting Build
[2018.10.09-19.54.30:545][508]LogContentBrowser: Native class hierarchy updated for 'StatsViewer' in 0.0003 seconds. Added 5 classes and 0 folders.
[2018.10.09-19.54.30:546][508]LoadErrors: New page: Loading map: TreeCutTestMap.umap
[2018.10.09-19.54.30:604][508]MapCheck: New page: Map Check
[2018.10.09-19.54.30:604][508]LightingResults: New page: Lighting Build
[2018.10.09-19.54.31:292][508]LogEditorServer: Finished looking for orphan Actors (0.000 secs)
[2018.10.09-19.54.31:505][508]Cmd: MAP CHECKDEP NOCLEARLOG
[2018.10.09-19.54.31:584][508]MapCheck: Map check complete: 0 Error(s), 0 Warning(s), took 79.703ms to complete.
[2018.10.09-19.54.31:601][508]LogFileHelpers: Loading map 'TreeCutTestMap' took 1.116
[2018.10.09-19.55.19:019][184]LogEditorViewport: Clicking on Actor (LMB): StaticMeshActor (Floor)
[2018.10.09-19.55.20:062][186]LogEditorViewport: Clicking on Actor (LMB): Character_Blueprint_C (Character_Blueprint)
[2018.10.09-19.55.22:913][455]Cmd: DELETE
[2018.10.09-19.55.22:913][455]Cmd: ACTOR DELETE
[2018.10.09-19.55.23:239][455]LogEditorActor: Deleted Actor: Character_Blueprint_C
[2018.10.09-19.55.23:501][455]LogEditorActor: Deleted 1 Actors (0.334 secs)
[2018.10.09-19.55.28:770][ 65]LogSlate: FSceneViewport::OnFocusLost() reason 0
[2018.10.09-19.55.32:186][441]LogSlate: FSceneViewport::OnFocusLost() reason 0
[2018.10.09-19.56.08:362][526]LogNavigationPoint: PostEditMove Clear paths rebuilt
[2018.10.09-19.56.27:853][872]LogSlate: Took 0.026269 seconds to synchronously load lazily loaded font '../../../Engine/Content/Slate/Fonts/Roboto-Italic.ttf' (157K)
[2018.10.09-19.56.28:982][988]LogSlate: FSceneViewport::OnFocusLost() reason 2
[2018.10.09-19.56.34:015][568]LogSlate: FSceneViewport::OnFocusLost() reason 2
[2018.10.09-19.56.37:395][969]LogSlate: Prevented a slow task dialog from being summoned while a context menu was open
[2018.10.09-19.56.38:234][ 61]LogSlate: FSceneViewport::OnFocusLost() reason 2
[2018.10.09-19.56.38:239][ 61]LogSlate: Prevented a slow task dialog from being summoned while a context menu was open
[2018.10.09-19.56.39:336][181]LogUObjectGlobals: Warning: Failed to find object 'Class None.None'
[2018.10.09-19.56.39:344][181]LogUObjectGlobals: Warning: Failed to find object 'Class None.None'
[2018.10.09-19.56.53:968][603]Cmd: OBJ SAVEPACKAGE PACKAGE="/Game/AliTesting/TreeCutTestMap" FILE="../../../../../Github/climb-summit/TheSummit/Content/AliTesting/TreeCutTestMap.umap" SILENT=true AUTOSAVING=false KEEPDIRTY=false
[2018.10.09-19.56.55:259][603]LogSavePackage: Moving '../../../../../Github/climb-summit/TheSummit/Saved/TreeCutTestMapDD55DD3D40183D184B635CA0B9C934D2.tmp' to '../../../../../Github/climb-summit/TheSummit/Content/AliTesting/TreeCutTestMap.umap'
[2018.10.09-19.56.55:402][603]LogFileHelpers: Saving map 'TreeCutTestMap' took 1.528
[2018.10.09-19.57.06:370][309]LogSlate: FSceneViewport::OnFocusLost() reason 2
[2018.10.09-19.57.19:199][829]LogSlate: FSceneViewport::OnFocusLost() reason 2
[2018.10.09-19.57.45:856][762]LogSlate: FSceneViewport::OnFocusLost() reason 0
[2018.10.09-19.57.47:240][911]LogAssetEditorManager: Opening Asset editor for Blueprint /Game/Blueprints/Character_Blueprint.Character_Blueprint
[2018.10.09-19.57.48:744][911]LogContentBrowser: Native class hierarchy updated for 'BlueprintGraph' in 0.0007 seconds. Added 116 classes and 0 folders.
[2018.10.09-19.57.50:789][911]LogSlate: Took 0.011340 seconds to synchronously load lazily loaded font '../../../Engine/Content/Slate/Fonts/Roboto-BoldCondensed.ttf' (158K)
[2018.10.09-19.58.01:992][604]Cmd: OBJ SAVEPACKAGE PACKAGE="/Game/Blueprints/Character_Blueprint" FILE="../../../../../Github/climb-summit/TheSummit/Content/Blueprints/Character_Blueprint.uasset" SILENT=true
[2018.10.09-19.58.02:212][604]LogSavePackage: Moving '../../../../../Github/climb-summit/TheSummit/Saved/Character_BlueprintC946A3C040319E0ADDA25BA8A7A9582C.tmp' to '../../../../../Github/climb-summit/TheSummit/Content/Blueprints/Character_Blueprint.uasset'
[2018.10.09-19.58.45:351][624]Cmd: OBJ SAVEPACKAGE PACKAGE="/Game/Blueprints/Character_Blueprint" FILE="../../../../../Github/climb-summit/TheSummit/Content/Blueprints/Character_Blueprint.uasset" SILENT=true
[2018.10.09-19.58.45:490][624]LogSavePackage: Moving '../../../../../Github/climb-summit/TheSummit/Saved/Character_Blueprint721FBCCD46C13B965DF8A8B26B2CF2C9.tmp' to '../../../../../Github/climb-summit/TheSummit/Content/Blueprints/Character_Blueprint.uasset'
[2018.10.09-19.59.15:999][856]BlueprintLog: New page: Compile Character_Blueprint
[2018.10.09-19.59.16:439][856]Cmd: OBJ SAVEPACKAGE PACKAGE="/Game/Blueprints/Character_Blueprint" FILE="../../../../../Github/climb-summit/TheSummit/Content/Blueprints/Character_Blueprint.uasset" SILENT=true
[2018.10.09-19.59.16:575][856]LogSavePackage: Moving '../../../../../Github/climb-summit/TheSummit/Saved/Character_Blueprint5C208F0C43F05A38B22F8E8A85F986B1.tmp' to '../../../../../Github/climb-summit/TheSummit/Content/Blueprints/Character_Blueprint.uasset'
[2018.10.09-19.59.37:072][877]LogClass: Warning: In asset 'None', there is an enum property of type 'EAutoReceiveInput' with an invalid value of ''
[2018.10.09-19.59.37:072][877]LogClass: Warning: In asset 'None', there is an enum property of type 'EAutoReceiveInput' with an invalid value of ''
[2018.10.09-19.59.42:758][312]BlueprintLog: New page: Compile Character_Blueprint
[2018.10.09-19.59.43:148][312]Cmd: OBJ SAVEPACKAGE PACKAGE="/Game/Blueprints/Character_Blueprint" FILE="../../../../../Github/climb-summit/TheSummit/Content/Blueprints/Character_Blueprint.uasset" SILENT=true
[2018.10.09-19.59.43:289][312]LogSavePackage: Moving '../../../../../Github/climb-summit/TheSummit/Saved/Character_BlueprintF355602449B48B8DAFEFE1AF11FABB86.tmp' to '../../../../../Github/climb-summit/TheSummit/Content/Blueprints/Character_Blueprint.uasset'
[2018.10.09-20.00.48:776][742]Cmd: OBJ SAVEPACKAGE PACKAGE="/Game/Blueprints/Character_Blueprint" FILE="../../../../../Github/climb-summit/TheSummit/Content/Blueprints/Character_Blueprint.uasset" SILENT=true
[2018.10.09-20.00.48:912][742]LogSavePackage: Moving '../../../../../Github/climb-summit/TheSummit/Saved/Character_BlueprintFEA5F89148BF36F5AD674B841A285409.tmp' to '../../../../../Github/climb-summit/TheSummit/Content/Blueprints/Character_Blueprint.uasset'
[2018.10.09-20.00.49:853][821]BlueprintLog: New page: Compile Character_Blueprint
[2018.10.09-20.01.05:030][995]Cmd: OBJ SAVEPACKAGE PACKAGE="/Game/Blueprints/Character_Blueprint" FILE="../../../../../Github/climb-summit/TheSummit/Content/Blueprints/Character_Blueprint.uasset" SILENT=true
[2018.10.09-20.01.05:167][995]LogSavePackage: Moving '../../../../../Github/climb-summit/TheSummit/Saved/Character_Blueprint8720FCDE487510F89A64B38720001085.tmp' to '../../../../../Github/climb-summit/TheSummit/Content/Blueprints/Character_Blueprint.uasset'
[2018.10.09-20.01.06:788][119]BlueprintLog: New page: Compile Character_Blueprint
[2018.10.09-20.01.07:961][165]LogSlate: Window 'Character_Blueprint' being destroyed
[2018.10.09-20.01.10:067][378]LogSlate: FSceneViewport::OnFocusLost() reason 0
[2018.10.09-20.01.10:530][416]Cmd: OBJ SAVEPACKAGE PACKAGE="/Game/Blueprints/TestGameMode" FILE="../../../../../Github/climb-summit/TheSummit/Content/Blueprints/TestGameMode.uasset" SILENT=true
[2018.10.09-20.01.10:566][416]LogSavePackage: Moving '../../../../../Github/climb-summit/TheSummit/Saved/TestGameMode723A2808448C8BD453A53987394C6799.tmp' to '../../../../../Github/climb-summit/TheSummit/Content/Blueprints/TestGameMode.uasset'
[2018.10.09-20.01.15:693][ 24]LogSlate: Prevented a slow task dialog from being summoned while a context menu was open
[2018.10.09-20.01.24:229][ 25]Cmd: OBJ SAVEPACKAGE PACKAGE="/Game/AliTesting/TreeCutTestMap" FILE="../../../../../Github/climb-summit/TheSummit/Content/AliTesting/TreeCutTestMap.umap" SILENT=true AUTOSAVING=false KEEPDIRTY=false
[2018.10.09-20.01.24:452][ 25]LogSavePackage: Moving '../../../../../Github/climb-summit/TheSummit/Saved/TreeCutTestMap8B32AEA94CF873AF10EDAF8C6B65187E.tmp' to '../../../../../Github/climb-summit/TheSummit/Content/AliTesting/TreeCutTestMap.umap'
[2018.10.09-20.01.24:579][ 25]Cmd: OBJ SAVEPACKAGE PACKAGE="/Game/AliTesting/TreeCutTestMap_BuiltData" FILE="../../../../../Github/climb-summit/TheSummit/Content/AliTesting/TreeCutTestMap_BuiltData.uasset" SILENT=true
[2018.10.09-20.01.24:678][ 25]LogSavePackage: Moving '../../../../../Github/climb-summit/TheSummit/Saved/TreeCutTestMap_BuiltDataA179ABC94904FA88E471EC94DBD01243.tmp' to '../../../../../Github/climb-summit/TheSummit/Content/AliTesting/TreeCutTestMap_BuiltData.uasset'
[2018.10.09-20.01.26:097][172]Cmd: OBJ SAVEPACKAGE PACKAGE="/Game/Blueprints/TestGameMode" FILE="../../../../../Github/climb-summit/TheSummit/Content/Blueprints/TestGameMode.uasset" SILENT=true
[2018.10.09-20.01.26:127][172]LogSavePackage: Moving '../../../../../Github/climb-summit/TheSummit/Saved/TestGameModeEA5D9E714CFB74F8DD8090BF34D8ED82.tmp' to '../../../../../Github/climb-summit/TheSummit/Content/Blueprints/TestGameMode.uasset'
[2018.10.09-20.02.45:959][952]LogSlate: FSceneViewport::OnFocusLost() reason 2
[2018.10.09-20.02.47:221][ 62]Cmd: OBJ SAVEPACKAGE PACKAGE="/Game/AliTesting/TreeCutTestMap" FILE="../../../../../Github/climb-summit/TheSummit/Content/AliTesting/TreeCutTestMap.umap" SILENT=true AUTOSAVING=false KEEPDIRTY=false
[2018.10.09-20.02.47:454][ 62]LogSavePackage: Moving '../../../../../Github/climb-summit/TheSummit/Saved/TreeCutTestMap8654D06B457E5DC4447AE5A0623BE9A5.tmp' to '../../../../../Github/climb-summit/TheSummit/Content/AliTesting/TreeCutTestMap.umap'
[2018.10.09-20.02.47:579][ 62]Cmd: OBJ SAVEPACKAGE PACKAGE="/Game/AliTesting/TreeCutTestMap_BuiltData" FILE="../../../../../Github/climb-summit/TheSummit/Content/AliTesting/TreeCutTestMap_BuiltData.uasset" SILENT=true
[2018.10.09-20.02.47:616][ 62]LogSavePackage: Moving '../../../../../Github/climb-summit/TheSummit/Saved/TreeCutTestMap_BuiltData0656CD434574EB1F92F01199D2C2B74F.tmp' to '../../../../../Github/climb-summit/TheSummit/Content/AliTesting/TreeCutTestMap_BuiltData.uasset'
[2018.10.09-20.04.58:516][913]LogAssetEditorManager: Opening Asset editor for Blueprint /Game/Blueprints/Character_Blueprint.Character_Blueprint
[2018.10.09-20.12.54:603][917]LogFileHelpers: Editor autosave (incl. sublevels) for '/Game/AliTesting/TreeCutTestMap' took 0.034
[2018.10.09-20.12.54:650][917]OBJ SavePackage: Generating thumbnails for [1] asset(s) in package [/Game/Blueprints/Character_Blueprint] ([1] browsable assets)...
[2018.10.09-20.12.54:660][917]OBJ SavePackage:     Rendered thumbnail for [Blueprint /Game/Blueprints/Character_Blueprint.Character_Blueprint]
[2018.10.09-20.12.54:660][917]OBJ SavePackage: Finished generating thumbnails for package [/Game/Blueprints/Character_Blueprint]
[2018.10.09-20.12.54:818][917]LogSavePackage: Moving '../../../../../Github/climb-summit/TheSummit/Saved/Character_Blueprint_Auto1EC971A9E43B7A11BFDEB399E13213ED4.tmp' to '../../../../../Github/climb-summit/TheSummit/Saved/Autosaves/Game/Blueprints/Character_Blueprint_Auto1.uasset'
[2018.10.09-20.12.54:825][917]LogFileHelpers: Auto-saving content packages took 0.221
[2018.10.09-20.13.36:698][432]BlueprintLog: New page: Compile Character_Blueprint
[2018.10.09-20.13.37:099][432]Cmd: OBJ SAVEPACKAGE PACKAGE="/Game/Blueprints/Character_Blueprint" FILE="../../../../../Github/climb-summit/TheSummit/Content/Blueprints/Character_Blueprint.uasset" SILENT=true
[2018.10.09-20.13.37:235][432]LogSavePackage: Moving '../../../../../Github/climb-summit/TheSummit/Saved/Character_Blueprint18A12A5E4DE1E4B1C38D39B305C4BFA5.tmp' to '../../../../../Github/climb-summit/TheSummit/Content/Blueprints/Character_Blueprint.uasset'
[2018.10.09-20.14.20:089][661]Cmd: OBJ SAVEPACKAGE PACKAGE="/Game/Blueprints/Character_Blueprint" FILE="../../../../../Github/climb-summit/TheSummit/Content/Blueprints/Character_Blueprint.uasset" SILENT=true
[2018.10.09-20.14.20:228][661]LogSavePackage: Moving '../../../../../Github/climb-summit/TheSummit/Saved/Character_Blueprint2F5F865A455EB01D3BFB51A5C0EEA3A6.tmp' to '../../../../../Github/climb-summit/TheSummit/Content/Blueprints/Character_Blueprint.uasset'
[2018.10.09-20.15.07:084][289]LogSelectionDetails: Warning: NavigateToFunctionSource:  Unable to find symbols for 'USceneComponent::K2_DetachFromComponent' [The specified module could not be found.]
[2018.10.09-20.15.10:080][521]LogSelectionDetails: Warning: NavigateToFunctionSource:  Unable to find symbols for 'UPrimitiveComponent::IsOverlappingComponent' [Element not found.]
[2018.10.09-20.15.11:667][630]LogSelectionDetails: Warning: NavigateToFunctionSource:  Unable to find symbols for 'USceneComponent::K2_AttachToComponent' [Element not found.]
[2018.10.09-20.15.14:214][801]LogSelectionDetails: Warning: NavigateToFunctionSource:  Unable to find symbols for 'UPrimitiveComponent::IsOverlappingComponent' [Element not found.]
[2018.10.09-20.15.15:730][899]LogSelectionDetails: Warning: NavigateToFunctionSource:  Unable to find symbols for 'USceneComponent::K2_GetComponentLocation' [Element not found.]
[2018.10.09-20.16.40:065][781]LogEditorTransaction: Undo Create Pin Link
[2018.10.09-20.16.40:481][793]LogEditorTransaction: Undo Create Pin Link
[2018.10.09-20.16.40:837][805]LogEditorTransaction: Undo Change Vector Pin Value
[2018.10.09-20.16.41:086][809]LogEditorTransaction: Undo Change Vector Pin Value
[2018.10.09-20.16.41:456][824]LogEditorTransaction: Undo Change Vector Pin Value
[2018.10.09-20.16.41:679][827]LogEditorTransaction: Undo Move Node
[2018.10.09-20.16.42:017][839]LogEditorTransaction: Undo Paste clipboard contents
[2018.10.09-20.16.42:327][849]LogEditorTransaction: Undo Delete current selection
[2018.10.09-20.16.42:658][860]LogEditorTransaction: Undo Move Node
[2018.10.09-20.16.42:990][871]LogEditorTransaction: Undo Delete current selection
[2018.10.09-20.16.43:641][907]LogEditorTransaction: Undo Create Pin Link
[2018.10.09-20.16.44:149][930]LogEditorTransaction: Undo Break Pin Links
[2018.10.09-20.16.44:673][956]LogEditorTransaction: Undo Create Pin Link
[2018.10.09-20.16.45:158][979]LogEditorTransaction: Undo Break Pin Links
[2018.10.09-20.16.45:616][  0]LogEditorTransaction: Undo Change Vector Pin Value
[2018.10.09-20.16.46:098][ 23]LogEditorTransaction: Undo Change Vector Pin Value
[2018.10.09-20.16.46:632][ 50]LogEditorTransaction: Undo Change Vector Pin Value
[2018.10.09-20.16.47:210][ 80]LogEditorTransaction: Undo Move Node
[2018.10.09-20.16.48:041][131]LogEditorTransaction: Undo Delete current selection
[2018.10.09-20.16.48:773][174]LogEditorTransaction: Undo Move Nodes
[2018.10.09-20.16.49:405][210]LogEditorTransaction: Undo Add Node
[2018.10.09-20.16.50:479][275]Cmd: OBJ SAVEPACKAGE PACKAGE="/Game/Blueprints/Character_Blueprint" FILE="../../../../../Github/climb-summit/TheSummit/Content/Blueprints/Character_Blueprint.uasset" SILENT=true
[2018.10.09-20.16.50:618][275]LogSavePackage: Moving '../../../../../Github/climb-summit/TheSummit/Saved/Character_BlueprintBF5925A046911F049006B88CDEE65039.tmp' to '../../../../../Github/climb-summit/TheSummit/Content/Blueprints/Character_Blueprint.uasset'
[2018.10.09-20.17.44:464][264]Cmd: OBJ SAVEPACKAGE PACKAGE="/Game/Blueprints/Character_Blueprint" FILE="../../../../../Github/climb-summit/TheSummit/Content/Blueprints/Character_Blueprint.uasset" SILENT=true
[2018.10.09-20.17.44:606][264]LogSavePackage: Moving '../../../../../Github/climb-summit/TheSummit/Saved/Character_Blueprint93796EFD4BFBAF0D692CD493DB7AD7CA.tmp' to '../../../../../Github/climb-summit/TheSummit/Content/Blueprints/Character_Blueprint.uasset'
[2018.10.09-20.17.48:285][524]Cmd: OBJ SAVEPACKAGE PACKAGE="/Game/Blueprints/Character_Blueprint" FILE="../../../../../Github/climb-summit/TheSummit/Content/Blueprints/Character_Blueprint.uasset" SILENT=true
[2018.10.09-20.17.48:415][524]LogSavePackage: Moving '../../../../../Github/climb-summit/TheSummit/Saved/Character_Blueprint3FC9CF834C7917FE38BEC9873683E9C4.tmp' to '../../../../../Github/climb-summit/TheSummit/Content/Blueprints/Character_Blueprint.uasset'
[2018.10.09-20.17.51:364][733]Cmd: OBJ SAVEPACKAGE PACKAGE="/Game/Blueprints/Character_Blueprint" FILE="../../../../../Github/climb-summit/TheSummit/Content/Blueprints/Character_Blueprint.uasset" SILENT=true
[2018.10.09-20.17.51:496][733]LogSavePackage: Moving '../../../../../Github/climb-summit/TheSummit/Saved/Character_Blueprint6E6F3C794C00BF6D9ACBC58689C49877.tmp' to '../../../../../Github/climb-summit/TheSummit/Content/Blueprints/Character_Blueprint.uasset'
[2018.10.09-20.17.53:435][842]Cmd: OBJ SAVEPACKAGE PACKAGE="/Game/Blueprints/Character_Blueprint" FILE="../../../../../Github/climb-summit/TheSummit/Content/Blueprints/Character_Blueprint.uasset" SILENT=true
[2018.10.09-20.17.53:567][842]LogSavePackage: Moving '../../../../../Github/climb-summit/TheSummit/Saved/Character_BlueprintD2515FDA408A54118D920D9E14B0FB7C.tmp' to '../../../../../Github/climb-summit/TheSummit/Content/Blueprints/Character_Blueprint.uasset'
[2018.10.09-20.18.37:466][280]BlueprintLog: New page: Compile Character_Blueprint
[2018.10.09-20.19.17:455][821]LogVSAccessor: Warning: Couldn't goto line number '1' in 'D:/Unreal Engine/UE_4.20/Engine/Source/Runtime/Engine/Classes/GameFramework/Character.h'
[2018.10.09-20.21.56:975][622]LogSlate: Window 'Tutorials' being destroyed
[2018.10.09-20.21.57:014][622]LogSlate: Window 'Tutorials' being destroyed
[2018.10.09-20.22.07:817][887]LogSlate: Window 'Character_Blueprint' being destroyed
[2018.10.09-20.22.07:824][887]LogSlate: Window 'Character_Blueprint' being destroyed
[2018.10.09-20.25.00:221][857]LogUObjectGlobals: Warning: Failed to find object 'Object None.EditorViewports'
[2018.10.09-20.25.15:387][629]LogNavigationPoint: PostEditMove Clear paths rebuilt
[2018.10.09-20.25.15:635][656]LogSlate: FSceneViewport::OnFocusLost() reason 2
[2018.10.09-20.25.15:698][656]LogSlate: FSceneViewport::OnFocusLost() reason 2
[2018.10.09-20.25.15:706][656]Cmd: OBJ SAVEPACKAGE PACKAGE="/Game/AliTesting/TreeCutTestMap" FILE="../../../../../Github/climb-summit/TheSummit/Content/AliTesting/TreeCutTestMap.umap" SILENT=true AUTOSAVING=false KEEPDIRTY=false
[2018.10.09-20.25.15:937][656]LogSavePackage: Moving '../../../../../Github/climb-summit/TheSummit/Saved/TreeCutTestMap92C738444150809CDD3EA88946A42F9D.tmp' to '../../../../../Github/climb-summit/TheSummit/Content/AliTesting/TreeCutTestMap.umap'
[2018.10.09-20.25.16:069][656]Cmd: OBJ SAVEPACKAGE PACKAGE="/Game/AliTesting/TreeCutTestMap_BuiltData" FILE="../../../../../Github/climb-summit/TheSummit/Content/AliTesting/TreeCutTestMap_BuiltData.uasset" SILENT=true
[2018.10.09-20.25.16:112][656]LogSavePackage: Moving '../../../../../Github/climb-summit/TheSummit/Saved/TreeCutTestMap_BuiltData3EA2AC074E5B23B2C54EFB807A1849E7.tmp' to '../../../../../Github/climb-summit/TheSummit/Content/AliTesting/TreeCutTestMap_BuiltData.uasset'
[2018.10.09-21.33.08:713][839]LogAssetEditorManager: Opening Asset editor for Blueprint /Game/Blueprints/Hand_Blueprint.Hand_Blueprint
[2018.10.09-21.34.27:112][270]LogSlate: Window 'Hand_Blueprint' being destroyed
[2018.10.09-21.34.32:303][603]LogSlate: Window 'Delete Assets' being destroyed
[2018.10.09-21.34.34:524][603]SourceControl: rm 'TheSummit/Content/Blueprints/Hand_Blueprint.uasset'
[2018.10.09-22.03.54:561][ 80]LogInit: XAudio2 using 'Speakers (USB Audio Device)' : 2 channels at 48 kHz using 16 bits per sample (channel mask 0x3)
[2018.10.09-22.03.54:686][ 84]LogInit: XAudio2 using 'Speakers (USB Audio Device)' : 2 channels at 48 kHz using 16 bits per sample (channel mask 0x3)
[2018.10.09-22.03.57:446][214]LogRenderer: Reallocating scene render targets to support 1208x600 Format 10 NumSamples 1 (Frame:52419).
[2018.10.09-22.04.01:775][315]LogUProjectInfo: Found projects:
[2018.10.09-22.04.06:272][531]Cmd: CLOSE_SLATE_MAINFRAME
[2018.10.09-22.04.06:537][531]LogSlate: Window 'Open Project' being destroyed
[2018.10.09-22.04.06:545][531]LogSlate: Window 'TheSummit - Unreal Editor' being destroyed
[2018.10.09-22.04.06:904][532]Cmd: QUIT_EDITOR
[2018.10.09-22.04.07:802][532]LogWindowsTextInputMethodSystem: Display: IME system now deactivated.
[2018.10.09-22.04.07:899][532]LogExit: Preparing to exit.
[2018.10.09-22.04.09:683][532]LogExit: Editor shut down
[2018.10.09-22.04.09:684][532]LogExit: Transaction tracking system shut down
[2018.10.09-22.04.11:389][532]LogExit: Object subsystem successfully closed.
[2018.10.09-22.04.11:615][532]LogShaderCompilers: Display: Shaders left to compile 0
[2018.10.09-22.04.11:639][532]LogD3D11RHI: Shutdown
[2018.10.09-22.04.11:639][532]LogD3D11RHI: CleanupD3DDevice
[2018.10.09-22.04.11:675][532]LogD3D11RHI: ~FD3D11DynamicRHI
[2018.10.09-22.04.12:778][532]LogModuleManager: Shutting down and abandoning module BlueprintGraph (612)
[2018.10.09-22.04.12:778][532]LogModuleManager: Shutting down and abandoning module StatsViewer (610)
[2018.10.09-22.04.12:785][532]LogModuleManager: Shutting down and abandoning module HierarchicalLODOutliner (608)
[2018.10.09-22.04.12:785][532]LogModuleManager: Shutting down and abandoning module SceneOutliner (606)
[2018.10.09-22.04.12:785][532]LogModuleManager: Shutting down and abandoning module AddContentDialog (604)
[2018.10.09-22.04.12:803][532]LogModuleManager: Shutting down and abandoning module WidgetCarousel (603)
[2018.10.09-22.04.12:803][532]LogModuleManager: Shutting down and abandoning module EditorWidgets (600)
[2018.10.09-22.04.12:803][532]LogModuleManager: Shutting down and abandoning module CollectionManager (598)
[2018.10.09-22.04.12:823][532]LogModuleManager: Shutting down and abandoning module FoliageEdit (596)
[2018.10.09-22.04.12:827][532]LogModuleManager: Shutting down and abandoning module LandscapeEditor (594)
[2018.10.09-22.04.13:122][532]LogModuleManager: Shutting down and abandoning module MeshPaintMode (592)
[2018.10.09-22.04.13:122][532]LogModuleManager: Shutting down and abandoning module SceneDepthPickerMode (590)
[2018.10.09-22.04.13:123][532]LogModuleManager: Shutting down and abandoning module ActorPickerMode (588)
[2018.10.09-22.04.13:123][532]LogModuleManager: Shutting down and abandoning module GeometryMode (586)
[2018.10.09-22.04.13:123][532]LogModuleManager: Shutting down and abandoning module TextureAlignMode (584)
[2018.10.09-22.04.13:123][532]LogModuleManager: Shutting down and abandoning module BspMode (582)
[2018.10.09-22.04.13:123][532]LogModuleManager: Shutting down and abandoning module PIEPreviewDeviceProfileSelector (580)
[2018.10.09-22.04.13:130][532]LogModuleManager: Shutting down and abandoning module SequenceRecorderSections (578)
[2018.10.09-22.04.13:133][532]LogModuleManager: Shutting down and abandoning module AutomationWorker (576)
[2018.10.09-22.04.13:133][532]LogModuleManager: Shutting down and abandoning module AudioCaptureEditor (574)
[2018.10.09-22.04.13:133][532]LogModuleManager: Shutting down and abandoning module SequenceRecorder (573)
[2018.10.09-22.04.13:138][532]LogModuleManager: Shutting down and abandoning module MatineeToLevelSequence (570)
[2018.10.09-22.04.13:193][532]LogModuleManager: Shutting down and abandoning module LevelSequenceEditor (568)
[2018.10.09-22.04.13:369][532]LogModuleManager: Shutting down and abandoning module PlacementMode (567)
[2018.10.09-22.04.13:369][532]LogModuleManager: Shutting down and abandoning module MaterialEditor (566)
[2018.10.09-22.04.13:669][532]LogModuleManager: Shutting down and abandoning module WmfMediaFactory (562)
[2018.10.09-22.04.13:670][532]LogModuleManager: Shutting down and abandoning module WmfMediaEditor (560)
[2018.10.09-22.04.13:670][532]LogModuleManager: Shutting down and abandoning module MediaPlayerEditor (558)
[2018.10.09-22.04.14:032][532]LogModuleManager: Shutting down and abandoning module OpenExrWrapper (556)
[2018.10.09-22.04.14:033][532]LogModuleManager: Shutting down and abandoning module ImgMediaFactory (554)
[2018.10.09-22.04.14:033][532]LogModuleManager: Shutting down and abandoning module ImgMediaEditor (552)
[2018.10.09-22.04.14:033][532]LogModuleManager: Shutting down and abandoning module AvfMediaFactory (550)
[2018.10.09-22.04.14:033][532]LogModuleManager: Shutting down and abandoning module AvfMediaEditor (548)
[2018.10.09-22.04.14:033][532]LogModuleManager: Shutting down and abandoning module AndroidMediaFactory (546)
[2018.10.09-22.04.14:033][532]LogModuleManager: Shutting down and abandoning module AndroidMediaEditor (544)
[2018.10.09-22.04.14:033][532]LogModuleManager: Shutting down and abandoning module MagicLeapCameraPreviewFactory (542)
[2018.10.09-22.04.14:033][532]LogModuleManager: Shutting down and abandoning module MagicLeapMediaFactory (540)
[2018.10.09-22.04.14:033][532]LogModuleManager: Shutting down and abandoning module MagicLeapMediaEditor (538)
[2018.10.09-22.04.14:033][532]LogModuleManager: Shutting down and abandoning module CharacterAI (536)
[2018.10.09-22.04.14:033][532]LogModuleManager: Shutting down and abandoning module SmartSnapping (534)
[2018.10.09-22.04.14:033][532]LogModuleManager: Shutting down and abandoning module SessionServices (532)
[2018.10.09-22.04.14:033][532]LogModuleManager: Shutting down and abandoning module ViewportSnapping (530)
[2018.10.09-22.04.14:033][532]LogModuleManager: Shutting down and abandoning module ViewportInteraction (528)
[2018.10.09-22.04.14:033][532]LogModuleManager: Shutting down and abandoning module ClothPainter (526)
[2018.10.09-22.04.14:255][532]LogModuleManager: Shutting down and abandoning module SkeletalMeshEditor (525)
[2018.10.09-22.04.14:599][532]LogModuleManager: Shutting down and abandoning module LogVisualizer (522)
[2018.10.09-22.04.14:731][532]LogModuleManager: Shutting down and abandoning module IntroTutorials (520)
[2018.10.09-22.04.14:762][532]LogModuleManager: Shutting down and abandoning module GameProjectGeneration (519)
[2018.10.09-22.04.14:762][532]LogModuleManager: Shutting down and abandoning module LuminPlatformEditor (516)
[2018.10.09-22.04.14:762][532]LogModuleManager: Shutting down and abandoning module IOSPlatformEditor (514)
[2018.10.09-22.04.14:786][532]LogModuleManager: Shutting down and abandoning module HTML5PlatformEditor (512)
[2018.10.09-22.04.14:786][532]LogModuleManager: Shutting down and abandoning module AndroidPlatformEditor (510)
[2018.10.09-22.04.14:786][532]LogModuleManager: Shutting down and abandoning module AndroidDeviceDetection (509)
[2018.10.09-22.04.15:228][532]LogModuleManager: Shutting down and abandoning module WindowsPlatformEditor (506)
[2018.10.09-22.04.15:229][532]LogModuleManager: Shutting down and abandoning module LuminRuntimeSettings (504)
[2018.10.09-22.04.15:229][532]LogModuleManager: Shutting down and abandoning module IOSRuntimeSettings (502)
[2018.10.09-22.04.15:229][532]LogModuleManager: Shutting down and abandoning module AndroidRuntimeSettings (500)
[2018.10.09-22.04.15:229][532]LogModuleManager: Shutting down and abandoning module InputBindingEditor (498)
[2018.10.09-22.04.15:296][532]LogModuleManager: Shutting down and abandoning module MergeActors (496)
[2018.10.09-22.04.15:350][532]LogModuleManager: Shutting down and abandoning module LocalizationDashboard (494)
[2018.10.09-22.04.15:666][532]LogModuleManager: Shutting down and abandoning module LocalizationService (493)
[2018.10.09-22.04.15:757][532]LogModuleManager: Shutting down and abandoning module HardwareTargeting (490)
[2018.10.09-22.04.15:757][532]LogModuleManager: Shutting down and abandoning module DeviceProfileEditor (488)
[2018.10.09-22.04.15:757][532]LogModuleManager: Shutting down and abandoning module UndoHistory (486)
[2018.10.09-22.04.16:033][532]LogModuleManager: Shutting down and abandoning module XmlParser (484)
[2018.10.09-22.04.16:033][532]LogModuleManager: Shutting down and abandoning module Blutility (482)
[2018.10.09-22.04.16:039][532]LogModuleManager: Shutting down and abandoning module ProjectSettingsViewer (480)
[2018.10.09-22.04.16:039][532]LogModuleManager: Shutting down and abandoning module ProjectTargetPlatformEditor (479)
[2018.10.09-22.04.16:040][532]LogModuleManager: Shutting down and abandoning module EditorSettingsViewer (476)
[2018.10.09-22.04.16:040][532]LogModuleManager: Shutting down and abandoning module SettingsEditor (474)
[2018.10.09-22.04.16:071][532]LogModuleManager: Shutting down and abandoning module ProjectLauncher (472)
[2018.10.09-22.04.16:080][532]LogModuleManager: Shutting down and abandoning module SessionFrontend (470)
[2018.10.09-22.04.16:088][532]LogModuleManager: Shutting down and abandoning module ProfilerClient (468)
[2018.10.09-22.04.16:092][532]LogModuleManager: Shutting down and abandoning module DeviceManager (466)
[2018.10.09-22.04.16:112][532]LogModuleManager: Shutting down and abandoning module TargetDeviceServices (465)
[2018.10.09-22.04.16:196][532]LogModuleManager: Shutting down and abandoning module AutomationController (462)
[2018.10.09-22.04.16:218][532]LogModuleManager: Shutting down and abandoning module AutomationWindow (460)
[2018.10.09-22.04.16:226][532]LogModuleManager: Shutting down and abandoning module Layers (458)
[2018.10.09-22.04.16:252][532]LogModuleManager: Shutting down and abandoning module ComponentVisualizers (456)
[2018.10.09-22.04.16:252][532]LogModuleManager: Shutting down and abandoning module DetailCustomizations (454)
[2018.10.09-22.04.16:265][532]LogModuleManager: Shutting down and abandoning module PackagesDialog (452)
[2018.10.09-22.04.16:265][532]LogModuleManager: Shutting down and abandoning module Persona (450)
[2018.10.09-22.04.16:297][532]LogModuleManager: Shutting down and abandoning module AdvancedPreviewScene (449)
[2018.10.09-22.04.16:297][532]LogModuleManager: Shutting down and abandoning module AnimGraph (447)
[2018.10.09-22.04.16:310][532]LogModuleManager: Shutting down and abandoning module Kismet (444)
[2018.10.09-22.04.16:317][532]LogModuleManager: Shutting down and abandoning module GraphEditor (442)
[2018.10.09-22.04.16:317][532]LogModuleManager: Shutting down and abandoning module ClassViewer (440)
[2018.10.09-22.04.16:318][532]LogModuleManager: Shutting down and abandoning module Toolbox (438)
[2018.10.09-22.04.16:318][532]LogModuleManager: Shutting down and abandoning module ModuleUI (436)
[2018.10.09-22.04.16:331][532]LogModuleManager: Shutting down and abandoning module MovieSceneTools (434)
[2018.10.09-22.04.16:342][532]LogModuleManager: Shutting down and abandoning module OutputLog (432)
[2018.10.09-22.04.16:342][532]LogModuleManager: Shutting down and abandoning module GammaUI (430)
[2018.10.09-22.04.16:346][532]LogModuleManager: Shutting down and abandoning module Documentation (428)
[2018.10.09-22.04.16:347][532]LogModuleManager: Shutting down and abandoning module MovieSceneTracks (426)
[2018.10.09-22.04.16:347][532]LogModuleManager: Shutting down and abandoning module MovieScene (424)
[2018.10.09-22.04.16:351][532]LogModuleManager: Shutting down and abandoning module StreamingPauseRendering (422)
[2018.10.09-22.04.16:360][532]LogModuleManager: Shutting down and abandoning module LauncherPlatform (420)
[2018.10.09-22.04.16:360][532]LogModuleManager: Shutting down and abandoning module AnalyticsET (418)
[2018.10.09-22.04.16:360][532]LogModuleManager: Shutting down and abandoning module PortalServices (416)
[2018.10.09-22.04.16:360][532]LogModuleManager: Shutting down and abandoning module PortalRpc (414)
[2018.10.09-22.04.16:360][532]LogModuleManager: Shutting down and abandoning module MessagingRpc (412)
[2018.10.09-22.04.16:360][532]LogModuleManager: Shutting down and abandoning module AIModule (410)
[2018.10.09-22.04.16:391][532]LogModuleManager: Shutting down and abandoning module GameplayDebugger (409)
[2018.10.09-22.04.16:392][532]LogModuleManager: Shutting down and abandoning module AITestSuite (407)
[2018.10.09-22.04.16:402][532]LogModuleManager: Shutting down and abandoning module NavigationSystem (405)
[2018.10.09-22.04.16:402][532]LogModuleManager: Shutting down and abandoning module DesktopPlatform (402)
[2018.10.09-22.04.16:402][532]LogModuleManager: Shutting down and abandoning module ProfilerService (400)
[2018.10.09-22.04.16:623][532]LogModuleManager: Shutting down and abandoning module TaskGraph (398)
[2018.10.09-22.04.16:644][532]LogModuleManager: Shutting down and abandoning module SteamVRController (396)
[2018.10.09-22.04.16:644][532]LogModuleManager: Shutting down and abandoning module ProceduralMeshComponentEditor (394)
[2018.10.09-22.04.16:644][532]LogModuleManager: Shutting down and abandoning module ProceduralMeshComponent (392)
[2018.10.09-22.04.16:653][532]LogModuleManager: Shutting down and abandoning module OculusInput (390)
[2018.10.09-22.04.16:653][532]LogModuleManager: Shutting down and abandoning module MobilePatchingUtils (388)
[2018.10.09-22.04.16:653][532]LogModuleManager: Shutting down and abandoning module EditableMesh (386)
[2018.10.09-22.04.16:659][532]LogModuleManager: Shutting down and abandoning module CustomMeshComponent (384)
[2018.10.09-22.04.16:659][532]LogModuleManager: Shutting down and abandoning module CableComponent (382)
[2018.10.09-22.04.16:659][532]LogModuleManager: Shutting down and abandoning module AudioCapture (380)
[2018.10.09-22.04.16:659][532]LogModuleManager: Shutting down and abandoning module ArchVisCharacter (378)
[2018.10.09-22.04.16:659][532]LogModuleManager: Shutting down and abandoning module AndroidPermission (376)
[2018.10.09-22.04.16:659][532]LogModuleManager: Shutting down and abandoning module NUTUnrealEngine4 (374)
[2018.10.09-22.04.16:659][532]LogModuleManager: Shutting down and abandoning module NetcodeUnitTest (372)
[2018.10.09-22.04.16:681][532]LogModuleManager: Shutting down and abandoning module MediaCompositingEditor (370)
[2018.10.09-22.04.16:681][532]LogModuleManager: Shutting down and abandoning module MediaCompositing (368)
[2018.10.09-22.04.16:681][532]LogModuleManager: Shutting down and abandoning module LinearTimecode (366)
[2018.10.09-22.04.16:681][532]LogModuleManager: Shutting down and abandoning module ImgMedia (364)
[2018.10.09-22.04.16:696][532]LogModuleManager: Shutting down and abandoning module HTML5Networking (362)
[2018.10.09-22.04.16:696][532]LogModuleManager: Shutting down and abandoning module GeometryCacheTracks (360)
[2018.10.09-22.04.16:696][532]LogModuleManager: Shutting down and abandoning module GeometryCacheSequencer (358)
[2018.10.09-22.04.16:696][532]LogModuleManager: Shutting down and abandoning module BackChannel (356)
[2018.10.09-22.04.16:702][532]LogModuleManager: Shutting down and abandoning module AppleVision (354)
[2018.10.09-22.04.16:702][532]LogModuleManager: Shutting down and abandoning module AppleImageUtils (352)
[2018.10.09-22.04.16:702][532]LogModuleManager: Shutting down and abandoning module AlembicImporter (350)
[2018.10.09-22.04.16:702][532]LogModuleManager: Shutting down and abandoning module AlembicLibrary (349)
[2018.10.09-22.04.16:702][532]LogModuleManager: Shutting down and abandoning module GeometryCache (348)
[2018.10.09-22.04.16:702][532]LogModuleManager: Shutting down and abandoning module GeometryCacheEd (347)
[2018.10.09-22.04.16:702][532]LogModuleManager: Shutting down and abandoning module DatasmithContentEditor (342)
[2018.10.09-22.04.16:711][532]LogModuleManager: Shutting down and abandoning module DatasmithContent (340)
[2018.10.09-22.04.16:712][532]LogModuleManager: Shutting down and abandoning module SpeedTreeImporter (338)
[2018.10.09-22.04.16:712][532]LogModuleManager: Shutting down and abandoning module PluginBrowser (336)
[2018.10.09-22.04.16:732][532]LogModuleManager: Shutting down and abandoning module MobileLauncherProfileWizard (334)
[2018.10.09-22.04.16:743][532]LogModuleManager: Shutting down and abandoning module PolygonModeling (332)
[2018.10.09-22.04.16:743][532]LogModuleManager: Shutting down and abandoning module MeshEditor (330)
[2018.10.09-22.04.16:744][532]LogModuleManager: Shutting down and abandoning module CryptoKeysOpenSSL (328)
[2018.10.09-22.04.16:751][532]LogModuleManager: Shutting down and abandoning module CryptoKeys (326)
[2018.10.09-22.04.16:751][532]LogModuleManager: Shutting down and abandoning module VisualStudioSourceCodeAccess (324)
[2018.10.09-22.04.16:751][532]LogModuleManager: Shutting down and abandoning module VisualStudioCodeSourceCodeAccess (322)
[2018.10.09-22.04.16:751][532]LogModuleManager: Shutting down and abandoning module UObjectPlugin (320)
[2018.10.09-22.04.16:751][532]LogModuleManager: Shutting down and abandoning module SubversionSourceControl (318)
[2018.10.09-22.04.16:758][532]LogModuleManager: Shutting down and abandoning module PerforceSourceControl (316)
[2018.10.09-22.04.16:770][532]LogModuleManager: Shutting down and abandoning module GitSourceControl (314)
[2018.10.09-22.04.16:771][532]LogModuleManager: Shutting down and abandoning module SourceControl (313)
[2018.10.09-22.04.16:776][532]LogModuleManager: Shutting down and abandoning module CLionSourceCodeAccess (310)
[2018.10.09-22.04.16:776][532]LogModuleManager: Shutting down and abandoning module LightPropagationVolumeEditor (308)
[2018.10.09-22.04.16:776][532]LogModuleManager: Shutting down and abandoning module PaperTiledImporter (306)
[2018.10.09-22.04.16:776][532]LogModuleManager: Shutting down and abandoning module PaperSpriteSheetImporter (304)
[2018.10.09-22.04.16:776][532]LogModuleManager: Shutting down and abandoning module Paper2DEditor (302)
[2018.10.09-22.04.16:791][532]LogModuleManager: Shutting down and abandoning module MeshPaint (301)
[2018.10.09-22.04.16:807][532]LogModuleManager: Shutting down and abandoning module RuntimePhysXCooking (298)
[2018.10.09-22.04.16:808][532]LogModuleManager: Shutting down and abandoning module PhysXVehiclesEditor (296)
[2018.10.09-22.04.16:808][532]LogModuleManager: Shutting down and abandoning module PhysXVehicles (294)
[2018.10.09-22.04.16:808][532]LogModuleManager: Shutting down and abandoning module OculusEditor (292)
[2018.10.09-22.04.16:814][532]LogModuleManager: Shutting down and abandoning module LocationServicesBPLibrary (290)
[2018.10.09-22.04.16:814][532]LogModuleManager: Shutting down and abandoning module ImmediatePhysicsEditor (288)
[2018.10.09-22.04.16:814][532]LogModuleManager: Shutting down and abandoning module ImmediatePhysics (286)
[2018.10.09-22.04.16:825][532]LogModuleManager: Shutting down and abandoning module ActorSequence (284)
[2018.10.09-22.04.16:825][532]LogModuleManager: Shutting down and abandoning module UdpMessaging (282)
[2018.10.09-22.04.16:926][532]LogModuleManager: Shutting down and abandoning module TcpMessaging (280)
[2018.10.09-22.04.17:054][532]LogModuleManager: Shutting down and abandoning module MagicLeapAudio (278)
[2018.10.09-22.04.17:054][532]LogModuleManager: Shutting down and abandoning module GameplayTagsEditor (276)
[2018.10.09-22.04.17:070][532]LogModuleManager: Shutting down and abandoning module FacialAnimationEditor (274)
[2018.10.09-22.04.17:070][532]LogModuleManager: Shutting down and abandoning module FacialAnimation (272)
[2018.10.09-22.04.17:070][532]LogModuleManager: Shutting down and abandoning module DataValidation (270)
[2018.10.09-22.04.17:070][532]LogModuleManager: Shutting down and abandoning module AssetManagerEditor (268)
[2018.10.09-22.04.17:084][532]LogModuleManager: Shutting down and abandoning module LevelEditor (267)
[2018.10.09-22.04.17:103][532]LogModuleManager: Shutting down and abandoning module PixelInspectorModule (266)
[2018.10.09-22.04.17:115][532]LogModuleManager: Shutting down and abandoning module CommonMenuExtensions (264)
[2018.10.09-22.04.17:115][532]LogModuleManager: Shutting down and abandoning module MainFrame (262)
[2018.10.09-22.04.17:115][532]LogModuleManager: Shutting down and abandoning module HotReload (261)
[2018.10.09-22.04.17:126][532]LogModuleManager: Shutting down and abandoning module ContentBrowser (257)
[2018.10.09-22.04.17:129][532]LogModuleManager: Shutting down and abandoning module TreeMap (255)
[2018.10.09-22.04.17:129][532]LogModuleManager: Shutting down and abandoning module LightPropagationVolumeRuntime (252)
[2018.10.09-22.04.17:129][532]LogModuleManager: Shutting down and abandoning module AISupportModule (250)
[2018.10.09-22.04.17:129][532]LogModuleManager: Shutting down and abandoning module Paper2D (248)
[2018.10.09-22.04.17:139][532]LogModuleManager: Shutting down and abandoning module WindowsMoviePlayer (246)
[2018.10.09-22.04.17:154][532]LogModuleManager: Shutting down and abandoning module WmfMedia (244)
[2018.10.09-22.04.17:168][532]LogModuleManager: Shutting down and abandoning module Media (243)
[2018.10.09-22.04.17:174][532]LogModuleManager: Shutting down and abandoning module PacketHandler (240)
[2018.10.09-22.04.17:174][532]LogModuleManager: Shutting down and abandoning module ClothingSystemEditor (238)
[2018.10.09-22.04.17:174][532]LogModuleManager: Shutting down and abandoning module ClothingSystemRuntime (236)
[2018.10.09-22.04.17:196][532]LogModuleManager: Shutting down and abandoning module MediaAssets (234)
[2018.10.09-22.04.17:196][532]LogModuleManager: Shutting down and abandoning module Overlay (232)
[2018.10.09-22.04.17:196][532]LogModuleManager: Shutting down and abandoning module OverlayEditor (231)
[2018.10.09-22.04.17:196][532]LogModuleManager: Shutting down and abandoning module VREditor (228)
[2018.10.09-22.04.17:207][532]LogModuleManager: Shutting down and abandoning module StringTableEditor (226)
[2018.10.09-22.04.17:223][532]LogModuleManager: Shutting down and abandoning module GameplayTasksEditor (224)
[2018.10.09-22.04.17:223][532]LogModuleManager: Shutting down and abandoning module BehaviorTreeEditor (222)
[2018.10.09-22.04.17:249][532]LogModuleManager: Shutting down and abandoning module FunctionalTesting (220)
[2018.10.09-22.04.17:258][532]LogModuleManager: Shutting down and abandoning module CollisionAnalyzer (218)
[2018.10.09-22.04.17:276][532]LogModuleManager: Shutting down and abandoning module WorkspaceMenuStructure (217)
[2018.10.09-22.04.17:276][532]LogModuleManager: Shutting down and abandoning module UMG (214)
[2018.10.09-22.04.17:284][532]LogModuleManager: Shutting down and abandoning module UMGEditor (213)
[2018.10.09-22.04.17:318][532]LogModuleManager: Shutting down and abandoning module Sequencer (212)
[2018.10.09-22.04.17:345][532]LogModuleManager: Shutting down and abandoning module MessageLog (209)
[2018.10.09-22.04.17:345][532]LogModuleManager: Shutting down and abandoning module SlateReflector (204)
[2018.10.09-22.04.17:359][532]LogModuleManager: Shutting down and abandoning module Slate (202)
[2018.10.09-22.04.17:360][532]LogModuleManager: Shutting down and abandoning module EditorStyle (200)
[2018.10.09-22.04.17:361][532]LogModuleManager: Shutting down and abandoning module MRMesh (198)
[2018.10.09-22.04.17:369][532]LogModuleManager: Shutting down and abandoning module SourceCodeAccess (196)
[2018.10.09-22.04.17:369][532]LogModuleManager: Shutting down and abandoning module HeadMountedDisplay (194)
[2018.10.09-22.04.17:369][532]LogModuleManager: Shutting down and abandoning module XAudio2 (192)
[2018.10.09-22.04.17:369][532]LogModuleManager: Shutting down and abandoning module Networking (190)
[2018.10.09-22.04.17:369][532]LogModuleManager: Shutting down and abandoning module Core (188)
[2018.10.09-22.04.17:369][532]LogModuleManager: Shutting down and abandoning module LevelSequence (186)
[2018.10.09-22.04.17:369][532]LogModuleManager: Shutting down and abandoning module KismetCompiler (184)
[2018.10.09-22.04.17:369][532]LogModuleManager: Shutting down and abandoning module MeshUtilities (182)
[2018.10.09-22.04.17:376][532]LogModuleManager: Shutting down and abandoning module MeshMergeUtilities (181)
[2018.10.09-22.04.17:385][532]LogModuleManager: Shutting down and abandoning module MeshReductionInterface (180)
[2018.10.09-22.04.17:385][532]LogModuleManager: Shutting down and abandoning module SimplygonSwarm (179)
[2018.10.09-22.04.17:394][532]LogModuleManager: Shutting down and abandoning module ProxyLODMeshReduction (177)
[2018.10.09-22.04.17:407][532]LogModuleManager: Shutting down and abandoning module SimplygonMeshReduction (175)
[2018.10.09-22.04.17:407][532]LogModuleManager: Shutting down and abandoning module QuadricMeshReduction (173)
[2018.10.09-22.04.17:428][532]LogModuleManager: Shutting down and abandoning module MaterialBaking (169)
[2018.10.09-22.04.17:442][532]LogModuleManager: Shutting down and abandoning module DirectoryWatcher (165)
[2018.10.09-22.04.17:444][532]LogModuleManager: Shutting down and abandoning module DerivedDataCache (162)
[2018.10.09-22.04.17:542][532]LogDerivedDataCache: Shutdown
[2018.10.09-22.04.17:542][532]LogModuleManager: Shutting down and abandoning module XGEController (160)
[2018.10.09-22.04.17:542][532]LogXGEController: Cleaning working directory: C:/Users/aliha/AppData/Local/Temp/UnrealXGEWorkingDir/
[2018.10.09-22.04.17:665][532]LogModuleManager: Shutting down and abandoning module TargetPlatform (158)
[2018.10.09-22.04.17:665][532]LogModuleManager: Shutting down and abandoning module VulkanShaderFormat (157)
[2018.10.09-22.04.17:675][532]LogModuleManager: Shutting down and abandoning module ShaderFormatVectorVM (155)
[2018.10.09-22.04.17:686][532]LogModuleManager: Shutting down and abandoning module ShaderFormatOpenGL (153)
[2018.10.09-22.04.17:692][532]LogModuleManager: Shutting down and abandoning module ShaderFormatD3D (151)
[2018.10.09-22.04.17:692][532]LogModuleManager: Shutting down and abandoning module MetalShaderFormat (149)
[2018.10.09-22.04.17:706][532]LogModuleManager: Shutting down and abandoning module TextureFormatUncompressed (147)
[2018.10.09-22.04.17:706][532]LogModuleManager: Shutting down and abandoning module TextureFormatPVR (145)
[2018.10.09-22.04.17:706][532]LogModuleManager: Shutting down and abandoning module TextureFormatDXT (143)
[2018.10.09-22.04.17:718][532]LogModuleManager: Shutting down and abandoning module TextureFormatIntelISPCTexComp (141)
[2018.10.09-22.04.17:718][532]LogModuleManager: Shutting down and abandoning module TextureFormatASTC (139)
[2018.10.09-22.04.17:718][532]LogModuleManager: Shutting down and abandoning module ImageWrapper (138)
[2018.10.09-22.04.17:718][532]LogModuleManager: Shutting down and abandoning module TextureFormatAndroid (135)
[2018.10.09-22.04.17:718][532]LogModuleManager: Shutting down and abandoning module AudioFormatOpus (133)
[2018.10.09-22.04.17:718][532]LogModuleManager: Shutting down and abandoning module AudioFormatOgg (131)
[2018.10.09-22.04.17:718][532]LogModuleManager: Shutting down and abandoning module AudioFormatADPCM (129)
[2018.10.09-22.04.17:718][532]LogModuleManager: Shutting down and abandoning module LuminTargetPlatform (127)
[2018.10.09-22.04.17:718][532]LogModuleManager: Shutting down and abandoning module LinuxTargetPlatform (125)
[2018.10.09-22.04.17:719][532]LogModuleManager: Shutting down and abandoning module LinuxServerTargetPlatform (123)
[2018.10.09-22.04.17:719][532]LogModuleManager: Shutting down and abandoning module LinuxNoEditorTargetPlatform (121)
[2018.10.09-22.04.17:726][532]LogModuleManager: Shutting down and abandoning module LinuxClientTargetPlatform (119)
[2018.10.09-22.04.17:731][532]LogModuleManager: Shutting down and abandoning module TVOSTargetPlatform (117)
[2018.10.09-22.04.17:739][532]LogModuleManager: Shutting down and abandoning module Messaging (115)
[2018.10.09-22.04.17:739][532]LogModuleManager: Shutting down and abandoning module IOSTargetPlatform (113)
[2018.10.09-22.04.17:745][532]LogModuleManager: Shutting down and abandoning module HTML5TargetPlatform (111)
[2018.10.09-22.04.17:745][532]LogModuleManager: Shutting down and abandoning module AndroidTargetPlatform (109)
[2018.10.09-22.04.17:785][532]LogModuleManager: Shutting down and abandoning module WindowsTargetPlatform (107)
[2018.10.09-22.04.17:785][532]LogModuleManager: Shutting down and abandoning module WindowsServerTargetPlatform (105)
[2018.10.09-22.04.17:785][532]LogModuleManager: Shutting down and abandoning module WindowsNoEditorTargetPlatform (103)
[2018.10.09-22.04.17:785][532]LogModuleManager: Shutting down and abandoning module WindowsClientTargetPlatform (101)
[2018.10.09-22.04.17:785][532]LogModuleManager: Shutting down and abandoning module MacTargetPlatform (99)
[2018.10.09-22.04.17:785][532]LogModuleManager: Shutting down and abandoning module MacServerTargetPlatform (97)
[2018.10.09-22.04.17:785][532]LogModuleManager: Shutting down and abandoning module MacNoEditorTargetPlatform (95)
[2018.10.09-22.04.17:785][532]LogModuleManager: Shutting down and abandoning module MacClientTargetPlatform (93)
[2018.10.09-22.04.17:785][532]LogModuleManager: Shutting down and abandoning module AllDesktopTargetPlatform (91)
[2018.10.09-22.04.17:785][532]LogModuleManager: Shutting down and abandoning module InputCore (88)
[2018.10.09-22.04.17:785][532]LogModuleManager: Shutting down and abandoning module Settings (86)
[2018.10.09-22.04.17:785][532]LogModuleManager: Shutting down and abandoning module PhysXCooking (84)
[2018.10.09-22.04.17:785][532]LogModuleManager: Shutting down and abandoning module SteamVR (82)
[2018.10.09-22.04.17:801][532]LogModuleManager: Shutting down and abandoning module OculusHMD (80)
[2018.10.09-22.04.17:813][532]LogModuleManager: Shutting down and abandoning module ExampleDeviceProfileSelector (78)
[2018.10.09-22.04.17:813][532]LogModuleManager: Shutting down and abandoning module LauncherChunkInstaller (76)
[2018.10.09-22.04.17:813][532]LogModuleManager: Shutting down and abandoning module OnlineBlueprintSupport (74)
[2018.10.09-22.04.17:813][532]LogModuleManager: Shutting down and abandoning module OnlineSubsystem (70)
[2018.10.09-22.04.17:850][532]LogModuleManager: Shutting down and abandoning module XMPP (65)
[2018.10.09-22.04.17:877][532]LogModuleManager: Shutting down and abandoning module WebSockets (64)
[2018.10.09-22.04.17:945][532]LogModuleManager: Shutting down and abandoning module HTTP (61)
[2018.10.09-22.04.17:950][532]LogHttp: Display: Http module shutting down, but needs to wait on 1 outstanding Http requests:
[2018.10.09-22.04.17:950][532]LogHttp: Display: 	verb=[POST] url=[https://datarouter.ol.epicgames.com/datarouter/api/v1/public/data?SessionID=%7B1692A023-4D02-B611-2CA4-A7AE70BEAA21%7D&AppID=UEEditor.Rocket.Release&AppVersion=4.20.1-4233996%2B%2B%2BUE4%2BRelease-4.20&UserID=23b803834a6e21c2335149ab046191d9%7C6a37eeab3d4f4c15b78733ca7c7e556d%7C902a0952-3a11-4de2-b10f-3626945c9d73&AppEnvironment=datacollector-binary&UploadType=eteventstream] status=Processing
[2018.10.09-22.04.17:965][532]LogModuleManager: Shutting down and abandoning module SSL (60)
[2018.10.09-22.04.17:986][532]LogModuleManager: Shutting down and abandoning module MagicLeapEmulator (56)
[2018.10.09-22.04.17:986][532]LogModuleManager: Shutting down and abandoning module MagicLeapPrivileges (54)
[2018.10.09-22.04.17:987][532]LogModuleManager: Shutting down and abandoning module MagicLeapIdentity (52)
[2018.10.09-22.04.17:987][532]LogModuleManager: Shutting down and abandoning module MagicLeapHelperVulkan (50)
[2018.10.09-22.04.17:987][532]LogModuleManager: Shutting down and abandoning module MagicLeapHelperOpenGL (48)
[2018.10.09-22.04.17:987][532]LogModuleManager: Shutting down and abandoning module MagicLeapSecureStorage (46)
[2018.10.09-22.04.17:987][532]LogModuleManager: Shutting down and abandoning module MagicLeapGestures (44)
[2018.10.09-22.04.17:987][532]LogModuleManager: Shutting down and abandoning module MagicLeapEyeTracker (42)
[2018.10.09-22.04.17:987][532]LogModuleManager: Shutting down and abandoning module MagicLeapController (40)
[2018.10.09-22.04.17:996][532]LogSlate: Slate User Destroyed.  User Index 0, Is Virtual User: 0
[2018.10.09-22.04.17:997][532]LogModuleManager: Shutting down and abandoning module MagicLeap (38)
[2018.10.09-22.04.18:006][532]LogModuleManager: Shutting down and abandoning module AnimationModifiers (36)
[2018.10.09-22.04.18:027][532]LogModuleManager: Shutting down and abandoning module PropertyEditor (35)
[2018.10.09-22.04.18:035][532]LogModuleManager: Shutting down and abandoning module AudioEditor (32)
[2018.10.09-22.04.18:053][532]LogModuleManager: Shutting down and abandoning module TextureCompressor (30)
[2018.10.09-22.04.18:066][532]LogModuleManager: Shutting down and abandoning module ShaderCore (28)
[2018.10.09-22.04.18:066][532]LogModuleManager: Shutting down and abandoning module Landscape (26)
[2018.10.09-22.04.18:066][532]LogModuleManager: Shutting down and abandoning module SlateRHIRenderer (24)
[2018.10.09-22.04.18:087][532]LogModuleManager: Shutting down and abandoning module OpenGLDrv (22)
[2018.10.09-22.04.18:102][532]LogModuleManager: Shutting down and abandoning module D3D11RHI (20)
[2018.10.09-22.04.18:102][532]LogModuleManager: Shutting down and abandoning module AnimGraphRuntime (18)
[2018.10.09-22.04.18:118][532]LogModuleManager: Shutting down and abandoning module Renderer (16)
[2018.10.09-22.04.18:118][532]LogModuleManager: Shutting down and abandoning module Engine (14)
[2018.10.09-22.04.18:118][532]LogModuleManager: Shutting down and abandoning module CoreUObject (12)
[2018.10.09-22.04.18:125][532]LogModuleManager: Shutting down and abandoning module NetworkFile (10)
[2018.10.09-22.04.18:135][532]LogModuleManager: Shutting down and abandoning module CookedIterativeFile (8)
[2018.10.09-22.04.18:135][532]LogModuleManager: Shutting down and abandoning module StreamingFile (6)
[2018.10.09-22.04.18:145][532]LogModuleManager: Shutting down and abandoning module SandboxFile (4)
[2018.10.09-22.04.18:145][532]LogModuleManager: Shutting down and abandoning module PakFile (2)
[2018.10.09-22.04.18:177][532]LogExit: Exiting.
[2018.10.09-22.04.18:216][532]Log file closed, 10/09/18 18:04:18
