Log file open, 09/12/18 19:15:26
LogWindows: Failed to load 'aqProf.dll' (GetLastError=126)
LogWindows: File 'aqProf.dll' does not exist
LogWindows: Failed to load 'VSPerf140.dll' (GetLastError=126)
LogWindows: File 'VSPerf140.dll' does not exist
LogWindows: Failed to load 'VtuneApi.dll' (GetLastError=126)
LogWindows: File 'VtuneApi.dll' does not exist
LogWindows: Failed to load 'VtuneApi32e.dll' (GetLastError=126)
LogWindows: File 'VtuneApi32e.dll' does not exist
LogInit: Display: Running engine for game: TheSummit
LogPlatformFile: Not using cached read wrapper
LogTaskGraph: Started task graph with 5 named threads and 47 total threads with 3 sets of task threads.
LogStats: Stats thread started at 0.634030
LogD3D11RHI: Loaded GFSDK_Aftermath_Lib.x64.dll
LogICUInternationalization: Display: ICU TimeZone Detection - Raw Offset: -5:00, Platform Override: ''
LogPluginManager: Mounting plugin Paper2D
LogPluginManager: Mounting plugin AISupport
LogPluginManager: Mounting plugin LightPropagationVolume
LogPluginManager: Mounting plugin CLionSourceCodeAccess
LogPluginManager: Mounting plugin CodeLiteSourceCodeAccess
LogPluginManager: Mounting plugin GitSourceControl
LogPluginManager: Mounting plugin KDevelopSourceCodeAccess
LogPluginManager: Mounting plugin NullSourceCodeAccess
LogPluginManager: Mounting plugin PerforceSourceControl
LogPluginManager: Mounting plugin SubversionSourceControl
LogPluginManager: Mounting plugin UObjectPlugin
LogPluginManager: Mounting plugin VisualStudioCodeSourceCodeAccess
LogPluginManager: Mounting plugin VisualStudioSourceCodeAccess
LogPluginManager: Mounting plugin XCodeSourceCodeAccess
LogPluginManager: Mounting plugin AssetManagerEditor
LogPluginManager: Mounting plugin CryptoKeys
LogPluginManager: Mounting plugin DataValidation
LogPluginManager: Mounting plugin FacialAnimation
LogPluginManager: Mounting plugin GameplayTagsEditor
LogPluginManager: Mounting plugin MacGraphicsSwitching
LogPluginManager: Mounting plugin MeshEditor
LogPluginManager: Mounting plugin MobileLauncherProfileWizard
LogPluginManager: Mounting plugin PluginBrowser
LogPluginManager: Mounting plugin SpeedTreeImporter
LogPluginManager: Mounting plugin DatasmithContent
LogPluginManager: Mounting plugin AlembicImporter
LogPluginManager: Mounting plugin AppleImageUtils
LogPluginManager: Mounting plugin AppleVision
LogPluginManager: Mounting plugin BackChannel
LogPluginManager: Mounting plugin CharacterAI
LogPluginManager: Mounting plugin GeometryCache
LogPluginManager: Mounting plugin HTML5Networking
LogPluginManager: Mounting plugin ProxyLODPlugin
LogPluginManager: Mounting plugin MagicLeap
LogPluginManager: Mounting plugin MagicLeapEmulator
LogPluginManager: Mounting plugin MagicLeapMedia
LogPluginManager: Mounting plugin AndroidMedia
LogPluginManager: Mounting plugin AvfMedia
LogPluginManager: Mounting plugin ImgMedia
LogPluginManager: Mounting plugin LinearTimecode
LogPluginManager: Mounting plugin MediaCompositing
LogPluginManager: Mounting plugin MediaPlayerEditor
LogPluginManager: Mounting plugin WmfMedia
LogPluginManager: Mounting plugin TcpMessaging
LogPluginManager: Mounting plugin UdpMessaging
LogPluginManager: Mounting plugin ActorSequence
LogPluginManager: Mounting plugin LevelSequenceEditor
LogPluginManager: Mounting plugin MatineeToLevelSequence
LogPluginManager: Mounting plugin NetcodeUnitTest
LogPluginManager: Mounting plugin NUTUnrealEngine4
LogPluginManager: Mounting plugin OnlineSubsystemGooglePlay
LogPluginManager: Mounting plugin OnlineSubsystemIOS
LogPluginManager: Mounting plugin OnlineSubsystem
LogPluginManager: Mounting plugin OnlineSubsystemNull
LogPluginManager: Mounting plugin OnlineSubsystemUtils
LogPluginManager: Mounting plugin LauncherChunkInstaller
LogPluginManager: Mounting plugin AndroidDeviceProfileSelector
LogPluginManager: Mounting plugin AndroidMoviePlayer
LogPluginManager: Mounting plugin AndroidPermission
LogPluginManager: Mounting plugin AppleMoviePlayer
LogPluginManager: Mounting plugin ArchVisCharacter
LogPluginManager: Mounting plugin AudioCapture
LogPluginManager: Mounting plugin CableComponent
LogPluginManager: Mounting plugin CustomMeshComponent
LogPluginManager: Mounting plugin EditableMesh
LogPluginManager: Mounting plugin ExampleDeviceProfileSelector
LogPluginManager: Mounting plugin GoogleCloudMessaging
LogPluginManager: Mounting plugin ImmediatePhysics
LogPluginManager: Mounting plugin IOSDeviceProfileSelector
LogPluginManager: Mounting plugin LinuxDeviceProfileSelector
LogPluginManager: Mounting plugin LocationServicesBPLibrary
LogPluginManager: Mounting plugin MobilePatchingUtils
LogPluginManager: Mounting plugin OculusVR
LogPluginManager: Plugin shader directory ../../../Engine/Plugins/Runtime/Oculus/OculusVR/Shaders found
LogPluginManager: Mapping shader source directory ../../../Engine/Plugins/Runtime/Oculus/OculusVR/Shaders to virtual directory /Plugin/OculusVR
LogPluginManager: Mounting plugin PhysXVehicles
LogPluginManager: Mounting plugin ProceduralMeshComponent
LogPluginManager: Mounting plugin RuntimePhysXCooking
LogPluginManager: Mounting plugin SteamVR
LogPluginManager: Mounting plugin WindowsMoviePlayer
LogStreaming: Display: Took  0.448s to configure plugins.
LogInit: Using libcurl 7.55.1-DEV
LogInit:  - built for x86_64-pc-win32
LogInit:  - supports SSL with OpenSSL/1.0.2h
LogInit:  - supports HTTP deflate (compression) using libz 1.2.8
LogInit:  - other features:
LogInit:      CURL_VERSION_SSL
LogInit:      CURL_VERSION_LIBZ
LogInit:      CURL_VERSION_IPV6
LogInit:      CURL_VERSION_ASYNCHDNS
LogInit:      CURL_VERSION_LARGEFILE
LogInit:      CURL_VERSION_IDN
LogInit:  CurlRequestOptions (configurable via config and command line):
LogInit:  - bVerifyPeer = false  - Libcurl will NOT verify peer certificate
LogInit:  - bUseHttpProxy = false  - Libcurl will NOT use HTTP proxy
LogInit:  - bDontReuseConnections = false  - Libcurl will reuse connections
LogInit:  - CertBundlePath = nullptr  - Libcurl will use whatever was configured at build time.
LogInit:  - MaxHostConnections = 16  - Libcurl will limit the number of connections to a host
LogInit:  - LocalHostAddr = Default
LogInit:  - BufferSize = 65536
LogInit: WinSock: version 1.1 (2.2), MaxSocks=32767, MaxUdp=65467
LogHMD: Failed initializing OVRPlugin 1.25.0
LogInit: Build: ++UE4+Release-4.20-CL-4233996
LogInit: Engine Version: 4.20.1-4233996+++UE4+Release-4.20
LogInit: Compatible Engine Version: 4.20.0-4212847+++UE4+Release-4.20
LogInit: Net CL: 4212847
LogInit: OS: Windows 10 (), CPU: AMD Ryzen 7 1700 Eight-Core Processor          , GPU: NVIDIA GeForce GTX 1080
LogInit: Compiled (64-bit): Jul 26 2018 10:07:30
LogInit: Compiled with Visual C++: 19.13.26129.00
LogInit: Build Configuration: Development
LogInit: Branch Name: ++UE4+Release-4.20
LogInit: Command Line:  
LogInit: Base Directory: D:/Unreal Engine/UE_4.20/Engine/Binaries/Win64/
LogInit: Installed Engine Build: 1
LogDevObjectVersion: Number of dev versions registered: 20
LogDevObjectVersion:   Dev-Blueprints (B0D832E4-1F89-4F0D-ACCF-7EB736FD4AA2): 10
LogDevObjectVersion:   Dev-Build (E1C64328-A22C-4D53-A36C-8E866417BD8C): 0
LogDevObjectVersion:   Dev-Core (375EC13C-06E4-48FB-B500-84F0262A717E): 2
LogDevObjectVersion:   Dev-Editor (E4B068ED-F494-42E9-A231-DA0B2E46BB41): 24
LogDevObjectVersion:   Dev-Framework (CFFC743F-43B0-4480-9391-14DF171D2073): 34
LogDevObjectVersion:   Dev-Mobile (B02B49B5-BB20-44E9-A304-32B752E40360): 2
LogDevObjectVersion:   Dev-Networking (A4E4105C-59A1-49B5-A7C5-40C4547EDFEE): 0
LogDevObjectVersion:   Dev-Online (39C831C9-5AE6-47DC-9A44-9C173E1C8E7C): 0
LogDevObjectVersion:   Dev-Physics (78F01B33-EBEA-4F98-B9B4-84EACCB95AA2): 0
LogDevObjectVersion:   Dev-Platform (6631380F-2D4D-43E0-8009-CF276956A95A): 0
LogDevObjectVersion:   Dev-Rendering (12F88B9F-8875-4AFC-A67C-D90C383ABD29): 26
LogDevObjectVersion:   Dev-Sequencer (7B5AE74C-D270-4C10-A958-57980B212A5A): 9
LogDevObjectVersion:   Dev-VR (D7296918-1DD6-4BDD-9DE2-64A83CC13884): 2
LogDevObjectVersion:   Dev-LoadTimes (C2A15278-BFE7-4AFE-6C17-90FF531DF755): 1
LogDevObjectVersion:   Private-Geometry (6EACA3D4-40EC-4CC1-B786-8BED09428FC5): 3
LogDevObjectVersion:   Dev-AnimPhys (29E575DD-E0A3-4627-9D10-D276232CDCEA): 17
LogDevObjectVersion:   Dev-ReflectionCapture (6B266CEC-1EC7-4B8F-A30B-E4D90942FC07): 1
LogDevObjectVersion:   Dev-Automation (0DF73D61-A23F-47EA-B727-89E90C41499A): 1
LogDevObjectVersion:   FortniteMain (601D1886-AC64-4F84-AA16-D3DE0DEAC7D6): 12
LogDevObjectVersion:   Dev-Enterprise (9DFFBCD6-494F-0158-E221-12823C92A888): 1
LogStreaming: Display: Took  0.003s to delete old logs.
LogInit: Presizing for max 8388607 objects, including 0 objects not considered by GC, pre-allocating 0 bytes for permanent pool.
LogInit: Object subsystem initialized
[2018.09.12-23.15.29:549][  0]LogInit: Selected Device Profile: [Windows]
[2018.09.12-23.15.29:549][  0]LogInit: Applying CVar settings loaded from the selected device profile: [Windows]
[2018.09.12-23.15.29:615][  0]LogHAL: Display: Platform has ~ 16 GB [17109286912 / 17179869184 / 16], which maps to Larger [LargestMinGB=32, LargerMinGB=12, DefaultMinGB=8, SmallerMinGB=6, SmallestMinGB=0)
[2018.09.12-23.15.29:630][  0]LogInit: Setting Device Profile CVar: [[r.Vulkan.UseRealUBs:1]]
[2018.09.12-23.15.29:630][  0]LogInit: Going up to parent DeviceProfile []
[2018.09.12-23.15.29:670][  0]LogInit: Computer: ALI-PC
[2018.09.12-23.15.29:670][  0]LogInit: User: aliha
[2018.09.12-23.15.29:670][  0]LogInit: CPU Page size=4096, Cores=8
[2018.09.12-23.15.29:670][  0]LogInit: High frequency timer resolution =2.929945 MHz
[2018.09.12-23.15.29:671][  0]LogMemory: Memory total: Physical=15.9GB (16GB approx)
[2018.09.12-23.15.29:671][  0]LogMemory: Platform Memory Stats for Windows
[2018.09.12-23.15.29:671][  0]LogMemory: Process Physical Memory: 103.26 MB used, 103.26 MB peak
[2018.09.12-23.15.29:671][  0]LogMemory: Process Virtual Memory: 94.29 MB used, 94.29 MB peak
[2018.09.12-23.15.29:671][  0]LogMemory: Physical Memory: 7284.48 MB used,  9032.21 MB free, 16316.69 MB total
[2018.09.12-23.15.29:671][  0]LogMemory: Virtual Memory: 4688.22 MB used,  9032.21 MB free, 134217728.00 MB total
[2018.09.12-23.15.30:329][  0]LogInit: Using OS detected language (en-US).
[2018.09.12-23.15.30:329][  0]LogInit: Using OS detected locale (en-US).
[2018.09.12-23.15.30:411][  0]LogTextLocalizationManager: No specific localization for 'en-US' exists, so the 'en' localization will be used.
[2018.09.12-23.15.31:224][  0]LogStreaming: Display: Took  0.889s to InitEngineTextLocalization.
[2018.09.12-23.15.31:240][  0]LogInit: Setting process to per monitor DPI aware
[2018.09.12-23.15.31:999][  0]LogSlate: New Slate User Created.  User Index 0, Is Virtual User: 0
[2018.09.12-23.15.31:999][  0]LogSlate: Slate User Registered.  User Index 0, Is Virtual User: 0
[2018.09.12-23.15.40:751][  0]LogHMD: Failed to initialize OpenVR with code 108
[2018.09.12-23.15.40:751][  0]LogD3D11RHI: D3D11 adapters:
[2018.09.12-23.15.40:829][  0]LogD3D11RHI:    0. 'NVIDIA GeForce GTX 1080' (Feature Level 11_0)
[2018.09.12-23.15.40:829][  0]LogD3D11RHI:       8079/0/8158 MB DedicatedVideo/DedicatedSystem/SharedSystem, Outputs:1, VendorId:0x10de
[2018.09.12-23.15.40:831][  0]LogD3D11RHI:    1. 'Microsoft Basic Render Driver' (Feature Level 11_0)
[2018.09.12-23.15.40:831][  0]LogD3D11RHI:       0/0/8158 MB DedicatedVideo/DedicatedSystem/SharedSystem, Outputs:0, VendorId:0x1414
[2018.09.12-23.15.40:831][  0]LogD3D11RHI: Chosen D3D11 Adapter: 0
[2018.09.12-23.15.40:859][  0]LogD3D11RHI: Creating new Direct3DDevice
[2018.09.12-23.15.40:859][  0]LogD3D11RHI:     GPU DeviceId: 0x1b80 (for the marketing name, search the web for "GPU Device Id")
[2018.09.12-23.15.40:878][  0]LogWindows: EnumDisplayDevices:
[2018.09.12-23.15.40:878][  0]LogWindows:    0. 'NVIDIA GeForce GTX 1080' (P:1 D:1)
[2018.09.12-23.15.40:878][  0]LogWindows:    1. 'NVIDIA GeForce GTX 1080' (P:0 D:0)
[2018.09.12-23.15.40:878][  0]LogWindows:    2. 'NVIDIA GeForce GTX 1080' (P:0 D:0)
[2018.09.12-23.15.40:878][  0]LogWindows:    3. 'NVIDIA GeForce GTX 1080' (P:0 D:0)
[2018.09.12-23.15.40:879][  0]LogWindows: DebugString: FoundDriverCount:4 
[2018.09.12-23.15.40:879][  0]LogD3D11RHI:     Adapter Name: NVIDIA GeForce GTX 1080
[2018.09.12-23.15.40:879][  0]LogD3D11RHI:   Driver Version: 399.07 (internal:24.21.13.9907, unified:399.07)
[2018.09.12-23.15.40:879][  0]LogD3D11RHI:      Driver Date: 8-21-2018
[2018.09.12-23.15.40:879][  0]LogRHI: Texture pool is 5655 MB (70% of 8079 MB)
[2018.09.12-23.15.40:935][  0]LogD3D11RHI: Async texture creation enabled
[2018.09.12-23.15.41:168][  0]LogD3D11RHI: GPU Timing Frequency: 1000.000000 (Debug: 2 2)
[2018.09.12-23.15.41:235][  0]LogShaderCompilers: Guid format shader working directory is 1 characters bigger than the processId version (../../../../../Github/climb-summit/TheSummit/Intermediate/Shaders/WorkingDirectory/22940/).
[2018.09.12-23.15.41:235][  0]LogShaderCompilers: Cleaned the shader compiler working directory 'C:/Users/aliha/AppData/Local/Temp/UnrealShaderWorkingDir/85D839E74C583F246BD3179F7F7D1AAC/'.
[2018.09.12-23.15.41:963][  0]LogTemp: Display: Loaded TP AllDesktopTargetPlatform
[2018.09.12-23.15.42:015][  0]LogTemp: Display: Loaded TP MacClientTargetPlatform
[2018.09.12-23.15.42:056][  0]LogTemp: Display: Loaded TP MacNoEditorTargetPlatform
[2018.09.12-23.15.42:097][  0]LogTemp: Display: Loaded TP MacServerTargetPlatform
[2018.09.12-23.15.42:161][  0]LogTemp: Display: Loaded TP MacTargetPlatform
[2018.09.12-23.15.42:215][  0]LogTemp: Display: Loaded TP WindowsClientTargetPlatform
[2018.09.12-23.15.42:254][  0]LogTemp: Display: Loaded TP WindowsNoEditorTargetPlatform
[2018.09.12-23.15.42:312][  0]LogTemp: Display: Loaded TP WindowsServerTargetPlatform
[2018.09.12-23.15.42:344][  0]LogTemp: Display: Loaded TP WindowsTargetPlatform
[2018.09.12-23.15.42:482][  0]LogTemp: Display: Loaded TP AndroidTargetPlatform
[2018.09.12-23.15.42:482][  0]LogTemp: Display: Loaded TP AndroidTargetPlatform
[2018.09.12-23.15.42:482][  0]LogTemp: Display: Loaded TP AndroidTargetPlatform
[2018.09.12-23.15.42:482][  0]LogTemp: Display: Loaded TP AndroidTargetPlatform
[2018.09.12-23.15.42:482][  0]LogTemp: Display: Loaded TP AndroidTargetPlatform
[2018.09.12-23.15.42:482][  0]LogTemp: Display: Loaded TP AndroidTargetPlatform
[2018.09.12-23.15.42:482][  0]LogTemp: Display: Loaded TP AndroidTargetPlatform
[2018.09.12-23.15.42:482][  0]LogTemp: Display: Loaded TP AndroidTargetPlatform
[2018.09.12-23.15.42:482][  0]LogTemp: Display: Loaded TP AndroidTargetPlatform
[2018.09.12-23.15.42:482][  0]LogTemp: Display: Loaded TP AndroidTargetPlatform
[2018.09.12-23.15.42:482][  0]LogTemp: Display: Loaded TP AndroidTargetPlatform
[2018.09.12-23.15.42:482][  0]LogTemp: Display: Loaded TP AndroidTargetPlatform
[2018.09.12-23.15.42:482][  0]LogTemp: Display: Loaded TP AndroidTargetPlatform
[2018.09.12-23.15.42:482][  0]LogTemp: Display: Loaded TP AndroidTargetPlatform
[2018.09.12-23.15.42:482][  0]LogTemp: Display: Loaded TP AndroidTargetPlatform
[2018.09.12-23.15.42:482][  0]LogTemp: Display: Loaded TP AndroidTargetPlatform
[2018.09.12-23.15.42:482][  0]LogTemp: Display: Loaded TP AndroidTargetPlatform
[2018.09.12-23.15.42:482][  0]LogTemp: Display: Loaded TP AndroidTargetPlatform
[2018.09.12-23.15.42:502][  0]LogTemp: Display: Loaded TP HTML5TargetPlatform
[2018.09.12-23.15.42:669][  0]LogTemp: Display: Loaded TP IOSTargetPlatform
[2018.09.12-23.15.42:669][  0]LogTemp: Display: Loaded TP IOSTargetPlatform
[2018.09.12-23.15.42:717][  0]LogTemp: Display: Loaded TP TVOSTargetPlatform
[2018.09.12-23.15.42:717][  0]LogTemp: Display: Loaded TP TVOSTargetPlatform
[2018.09.12-23.15.42:747][  0]LogTemp: Display: Loaded TP LinuxClientTargetPlatform
[2018.09.12-23.15.42:775][  0]LogTemp: Display: Loaded TP LinuxNoEditorTargetPlatform
[2018.09.12-23.15.42:813][  0]LogTemp: Display: Loaded TP LinuxServerTargetPlatform
[2018.09.12-23.15.42:869][  0]LogTemp: Display: Loaded TP LinuxTargetPlatform
[2018.09.12-23.15.42:896][  0]LogTemp: Display: Loaded TP LuminTargetPlatform
[2018.09.12-23.15.42:896][  0]LogTargetPlatformManager: Display: Building Assets For Windows
[2018.09.12-23.15.43:738][  0]LogXGEController: Cleaning working directory: C:/Users/aliha/AppData/Local/Temp/UnrealXGEWorkingDir/
[2018.09.12-23.15.43:738][  0]LogXGEController: Cannot use XGE Controller as Incredibuild is not installed on this machine.
[2018.09.12-23.15.43:738][  0]LogShaderCompilers: Cannot use XGE Shader Compiler as Incredibuild is not installed on this machine.
[2018.09.12-23.15.43:738][  0]LogShaderCompilers: Display: Using Local Shader Compiler.
[2018.09.12-23.15.49:703][  0]LogDerivedDataCache: Display: Max Cache Size: 512 MB
[2018.09.12-23.15.50:024][  0]LogDerivedDataCache: Loaded boot cache 0.32s 86MB C:/Users/aliha/AppData/Local/UnrealEngine/4.20/DerivedDataCache/Boot.ddc.
[2018.09.12-23.15.50:025][  0]LogDerivedDataCache: Display: Loaded Boot cache: C:/Users/aliha/AppData/Local/UnrealEngine/4.20/DerivedDataCache/Boot.ddc
[2018.09.12-23.15.50:025][  0]LogDerivedDataCache: FDerivedDataBackendGraph:  Pak pak cache file ../../../../../Github/climb-summit/TheSummit/DerivedDataCache/DDC.ddp not found, will not use a pak cache.
[2018.09.12-23.15.50:025][  0]LogDerivedDataCache: Unable to find inner node Pak for hierarchical cache Hierarchy.
[2018.09.12-23.15.50:025][  0]LogDerivedDataCache: FDerivedDataBackendGraph:  CompressedPak pak cache file ../../../../../Github/climb-summit/TheSummit/DerivedDataCache/Compressed.ddp not found, will not use a pak cache.
[2018.09.12-23.15.50:025][  0]LogDerivedDataCache: Unable to find inner node CompressedPak for hierarchical cache Hierarchy.
[2018.09.12-23.15.50:100][  0]LogDerivedDataCache: Display: Pak cache opened for reading ../../../Engine/DerivedDataCache/Compressed.ddp.
[2018.09.12-23.15.50:112][  0]LogDerivedDataCache: Using Local data cache path C:/Users/aliha/AppData/Local/UnrealEngine/Common/DerivedDataCache: Writable
[2018.09.12-23.15.50:112][  0]LogDerivedDataCache: Shared data cache path not found in *engine.ini, will not use an Shared cache.
[2018.09.12-23.15.50:112][  0]LogDerivedDataCache: Unable to find inner node Shared for hierarchical cache Hierarchy.
[2018.09.12-23.15.50:179][  0]LogMaterial: Verifying Global Shaders for PCD3D_SM5
[2018.09.12-23.15.50:272][  0]LogSlate: Using FreeType 2.6.0
[2018.09.12-23.15.50:365][  0]LogSlate: SlateFontServices - WITH_FREETYPE: 1, WITH_HARFBUZZ: 1
[2018.09.12-23.15.51:072][  0]LogAssetRegistry: FAssetRegistry took 0.0304 seconds to start up
[2018.09.12-23.15.56:822][  0]LogInit: Selected Device Profile: [Windows]
[2018.09.12-23.15.58:314][  0]LogSimplygon: Simplygon DLL not present - disabling.
[2018.09.12-23.15.58:428][  0]LogMeshReduction: Using SimplygonSwarm for distributed automatic mesh merging
[2018.09.12-23.15.58:429][  0]LogMeshReduction: Using ProxyLODMeshReduction for automatic mesh merging
[2018.09.12-23.15.58:430][  0]LogMeshReduction: Using QuadricMeshReduction for automatic static mesh reduction
[2018.09.12-23.15.58:430][  0]LogMeshReduction: No automatic skeletal mesh reduction module available
[2018.09.12-23.15.58:735][  0]LogNetVersion: TheSummit 1.0.0, NetCL: 4212847, EngineNetVer: 5, GameNetVer: 0 (Checksum: 40220121)
[2018.09.12-23.16.03:033][  0]LogPackageLocalizationCache: Processed 11 localized package path(s) for 2 prioritized culture(s) in 0.211353 seconds
[2018.09.12-23.16.03:073][  0]LogUObjectArray: 38425 objects as part of root set at end of initial load.
[2018.09.12-23.16.03:074][  0]LogUObjectAllocator: 6690864 out of 0 bytes used by permanent object pool.
[2018.09.12-23.16.03:074][  0]LogUObjectArray: CloseDisregardForGC: 0/0 objects in disregard for GC pool
[2018.09.12-23.16.21:711][  0]LogTcpMessaging: Initializing TcpMessaging bridge
[2018.09.12-23.16.21:750][  0]LogUdpMessaging: Initializing bridge on interface 0.0.0.0:0 to multicast group 230.0.0.1:6666.
[2018.09.12-23.16.23:016][  0]SourceControl: Source control is disabled
[2018.09.12-23.16.25:336][  0]LogAndroidPermission: UAndroidPermissionCallbackProxy::GetInstance
[2018.09.12-23.16.25:544][  0]LogOcInput: OculusInput pre-init called
[2018.09.12-23.16.26:201][  0]LogEngine: Initializing Engine...
[2018.09.12-23.16.31:926][  0]LogHMD: Failed to initialize OpenVR with code 108
[2018.09.12-23.16.31:945][  0]LogStats: UGameplayTagsManager::ConstructGameplayTagTree: ImportINI prefixes -  0.000 s
[2018.09.12-23.16.31:945][  0]LogStats: UGameplayTagsManager::ConstructGameplayTagTree: Construct from data asset -  0.000 s
[2018.09.12-23.16.31:945][  0]LogStats: UGameplayTagsManager::ConstructGameplayTagTree: ImportINI -  0.000 s
[2018.09.12-23.16.31:946][  0]LogStats: UGameplayTagsManager::ConstructGameplayTagTree: GameplayTagTreeChangedEvent.Broadcast -  0.000 s
[2018.09.12-23.16.32:741][  0]LogInit: Initializing FReadOnlyCVARCache
[2018.09.12-23.16.33:045][  0]LogAIModule: Creating AISystem for world Untitled
[2018.09.12-23.16.33:207][  0]LogInit: XAudio2 using 'Speakers (USB Audio Device)' : 2 channels at 48 kHz using 16 bits per sample (channel mask 0x3)
[2018.09.12-23.16.33:231][  0]LogInit: FAudioDevice initialized.
[2018.09.12-23.16.33:231][  0]LogNetVersion: Set ProjectVersion to 1.0.0.0. Version Checksum will be recalculated on next use.
[2018.09.12-23.16.33:330][  0]LogDerivedDataCache: Saved boot cache 0.10s 72MB C:/Users/aliha/AppData/Local/UnrealEngine/4.20/DerivedDataCache/Boot.ddc.
[2018.09.12-23.16.33:343][  0]LogInit: Texture streaming: Enabled
[2018.09.12-23.16.33:478][  0]LogEngineSessionManager: EngineSessionManager initialized
[2018.09.12-23.16.33:584][  0]LogInit: Transaction tracking system initialized
[2018.09.12-23.16.33:906][  0]BlueprintLog: New page: Editor Load
[2018.09.12-23.16.35:122][  0]LocalizationService: Localization service is disabled
[2018.09.12-23.16.38:054][  0]LogFileCache: Scanning file cache for directory 'D:/Github/climb-summit/TheSummit/Content/' took 0.04s
[2018.09.12-23.16.38:054][  0]LogCook: Display: Max memory allowance for cook 16384mb min free memory 0mb
[2018.09.12-23.16.38:054][  0]LogCook: Display: Mobile HDR setting 1
[2018.09.12-23.16.38:062][  0]LogGameplayTags: Display: UGameplayTagsManager::DoneAddingNativeTags. DelegateIsBound: 0
[2018.09.12-23.16.38:063][  0]LogStats: UGameplayTagsManager::ConstructGameplayTagTree: ImportINI prefixes -  0.000 s
[2018.09.12-23.16.38:063][  0]LogStats: UGameplayTagsManager::ConstructGameplayTagTree: Construct from data asset -  0.000 s
[2018.09.12-23.16.38:063][  0]LogStats: UGameplayTagsManager::ConstructGameplayTagTree: ImportINI -  0.000 s
[2018.09.12-23.16.38:063][  0]LogStats: UGameplayTagsManager::ConstructGameplayTagTree: GameplayTagTreeChangedEvent.Broadcast -  0.000 s
[2018.09.12-23.16.40:908][  0]Cmd: MAP LOAD FILE="../../../../../Github/climb-summit/TheSummit/Content/VirtualRealityBP/Maps/StartupMap.umap" TEMPLATE=0 SHOWPROGRESS=1 FEATURELEVEL=3
[2018.09.12-23.16.40:987][  0]LightingResults: New page: Lighting Build
[2018.09.12-23.16.41:097][  0]MapCheck: New page: Map Check
[2018.09.12-23.16.41:097][  0]LightingResults: New page: Lighting Build
[2018.09.12-23.16.42:322][  0]LogAIModule: Creating AISystem for world StartupMap
[2018.09.12-23.16.42:730][  0]LogEditorServer: Finished looking for orphan Actors (0.000 secs)
[2018.09.12-23.16.42:818][  0]Cmd: MAP CHECKDEP NOCLEARLOG
[2018.09.12-23.16.42:886][  0]MapCheck: Map check complete: 0 Error(s), 0 Warning(s), took 67.515ms to complete.
[2018.09.12-23.16.42:886][  0]LogFileHelpers: Loading map 'StartupMap' took 1.989
[2018.09.12-23.16.44:248][  0]LogSlate: Updating window title bar state: overlay mode, drag disabled, window buttons hidden, title bar hidden
[2018.09.12-23.16.44:302][  0]LogSlate: Updating window title bar state: overlay mode, drag disabled, window buttons hidden, title bar hidden
[2018.09.12-23.16.44:310][  0]LogSlate: Updating window title bar state: overlay mode, drag disabled, window buttons hidden, title bar hidden
[2018.09.12-23.16.44:318][  0]LogSlate: Updating window title bar state: overlay mode, drag disabled, window buttons hidden, title bar hidden
[2018.09.12-23.16.44:397][  0]LogCollectionManager: Loaded 0 collections in 0.001104 seconds
[2018.09.12-23.16.44:614][  0]LogFileCache: Scanning file cache for directory 'D:/Github/climb-summit/TheSummit/Saved/Collections/' took 0.01s
[2018.09.12-23.16.44:614][  0]LogFileCache: Scanning file cache for directory 'D:/Github/climb-summit/TheSummit/Content/Developers/aliha/Collections/' took 0.01s
[2018.09.12-23.16.44:614][  0]LogFileCache: Scanning file cache for directory 'D:/Github/climb-summit/TheSummit/Content/Collections/' took 0.01s
[2018.09.12-23.16.44:614][  0]LogCollectionManager: Rebuilt the GUID cache for 0 collections in 0.000002 seconds
[2018.09.12-23.16.44:624][  0]LogContentBrowser: Native class hierarchy populated in 0.0100 seconds. Added 2572 classes and 603 folders.
[2018.09.12-23.16.44:692][  0]LogContentBrowser: Native class hierarchy updated for 'WidgetCarousel' in 0.0003 seconds. Added 0 classes and 0 folders.
[2018.09.12-23.16.45:922][  0]LogContentBrowser: Native class hierarchy updated for 'AddContentDialog' in 0.0003 seconds. Added 0 classes and 0 folders.
[2018.09.12-23.16.45:955][  0]LogContentBrowser: Native class hierarchy updated for 'SceneOutliner' in 0.0004 seconds. Added 1 classes and 2 folders.
[2018.09.12-23.16.46:371][  0]LogSlate: Took 0.016259 seconds to synchronously load lazily loaded font '../../../Engine/Content/Slate/Fonts/Roboto-Regular.ttf' (155K)
[2018.09.12-23.16.46:431][  0]LogSlate: Took 0.047706 seconds to synchronously load lazily loaded font '../../../Engine/Content/Slate/Fonts/Roboto-Bold.ttf' (160K)
[2018.09.12-23.16.46:485][  0]LogSlate: Took 0.016212 seconds to synchronously load lazily loaded font '../../../Engine/Content/Editor/Slate/Fonts/FontAwesome.ttf' (139K)
[2018.09.12-23.16.46:883][  0]LogRenderer: Reallocating scene render targets to support 1208x576 Format 26 NumSamples 1 (Frame:1).
[2018.09.12-23.16.47:385][  0]LogContentBrowser: Native class hierarchy updated for 'HierarchicalLODOutliner' in 0.0003 seconds. Added 0 classes and 0 folders.
[2018.09.12-23.16.47:385][  0]LogLoad: (Engine Initialization) Total time: 90.31 seconds
[2018.09.12-23.16.47:385][  0]LogLoad: (Engine Initialization) Total Blueprint compile time: 0.00 seconds
[2018.09.12-23.16.47:540][  0]LogContentStreaming: Texture pool size now 3000 MB
[2018.09.12-23.16.47:630][  0]LogSlate: Took 0.029604 seconds to synchronously load lazily loaded font '../../../Engine/Content/Slate/Fonts/Roboto-Light.ttf' (167K)
[2018.09.12-23.16.47:750][  2]LogAssetRegistry: Asset discovery search completed in 56.7022 seconds
[2018.09.12-23.16.47:752][  2]LogCollectionManager: Rebuilt the object cache for 0 collections in 0.000003 seconds (found 0 objects)
[2018.09.12-23.16.47:752][  2]LogCollectionManager: Fixed up redirectors for 0 collections in 0.000085 seconds (updated 0 objects)
[2018.09.12-23.16.50:493][ 11]LogSlate: FSceneViewport::OnFocusLost() reason 0
[2018.09.12-23.16.51:463][ 89]LogUObjectGlobals: Warning: Failed to find object 'Object None.'
[2018.09.12-23.16.51:463][ 89]LogUObjectGlobals: Warning: Failed to find object 'Object None.'
[2018.09.12-23.16.53:008][266]LogSlate: Took 0.000292 seconds to synchronously load lazily loaded font '../../../Engine/Content/Slate/Fonts/Roboto-Light.ttf' (167K)
[2018.09.12-23.16.59:298][887]LogSlate: Prevented a slow task dialog from being summoned while a context menu was open
[2018.09.12-23.16.59:298][887]LogAssetEditorManager: Opening Asset editor for Blueprint /Game/VirtualRealityBP/Blueprints/BP_MotionController.BP_MotionController
[2018.09.12-23.17.00:424][887]LogContentBrowser: Native class hierarchy updated for 'BlueprintGraph' in 0.0007 seconds. Added 116 classes and 0 folders.
[2018.09.12-23.17.02:040][887]LogSlate: Took 0.016666 seconds to synchronously load lazily loaded font '../../../Engine/Content/Slate/Fonts/Roboto-BoldCondensed.ttf' (158K)
[2018.09.12-23.17.02:733][888]LogSlate: Took 0.026289 seconds to synchronously load lazily loaded font '../../../Engine/Content/Slate/Fonts/Roboto-Italic.ttf' (157K)
[2018.09.12-23.17.47:175][636]LogTemp: Executing iPhonePackager certificates Engine -bundlename com.YourCompany.TheSummit
[2018.09.12-23.17.47:175][636]LogTemp: CWD: D:\Unreal Engine\UE_4.20\Engine\Binaries\DotNET\IOS
[2018.09.12-23.17.47:175][636]LogTemp: Initial Dir: D:\Unreal Engine\UE_4.20
[2018.09.12-23.17.47:175][636]LogTemp: Env CWD: D:\Unreal Engine\UE_4.20\Engine\Binaries\DotNET\IOS
[2018.09.12-23.17.47:175][636]LogTemp: BranchPath = ALI-PC/D/Unreal Engine/UE_4.20/Engine/Binaries --- GameBranchPath = ALI-PC/D/Unreal Engine/UE_4.20/Engine/Binaries
[2018.09.12-23.17.47:175][636]LogTemp: IPP ERROR: Could not find provision directory 'C:\Users\aliha\AppData\Local/Apple Computer/MobileDevice/Provisioning Profiles/'.
[2018.09.12-23.17.47:175][636]LogSlate: Only BGRA pngs, bmps or icos are supported in by External Image Picker
[2018.09.12-23.19.11:601][293]LogSlate: Window 'Project Settings' being destroyed
[2018.09.12-23.19.11:607][293]LogSlate: Window 'Project Settings' being destroyed
[2018.09.12-23.19.13:907][507]LogSlate: Window 'BP_MotionController' being destroyed
[2018.09.12-23.19.13:913][507]LogSlate: Window 'BP_MotionController' being destroyed
[2018.09.12-23.19.20:458][268]LogSlate: FSceneViewport::OnFocusLost() reason 0
[2018.09.12-23.19.42:453][947]LogSlate: Window 'Delete Assets' being destroyed
[2018.09.12-23.19.43:856][111]LogSlate: Prevented a slow task dialog from being summoned while a context menu was open
[2018.09.12-23.19.47:368][111]LogAIModule: Creating AISystem for world Advanced_Lighting
[2018.09.12-23.19.48:969][111]LogAIModule: Creating AISystem for world Minimal_Default
[2018.09.12-23.19.56:516][111]LogAIModule: Creating AISystem for world StarterMap
[2018.09.12-23.19.58:371][111]LogAIModule: Creating AISystem for world HMDLocomotionMap
[2018.09.12-23.19.58:518][111]LogAIModule: Creating AISystem for world MotionControllerMap
[2018.09.12-23.21.15:249][111]LogSlate: Window 'Delete Assets' being destroyed
[2018.09.12-23.21.23:166][ 33]LogMaterial: Display: Missing cached shader map for material Material_0, compiling. 
[2018.09.12-23.21.23:190][ 33]LogMaterial: Warning: /Engine/Transient.Material_0 (no disk path found): Failed to compile Material for platform PCD3D_SM5, Default Material will be used in game.
[2018.09.12-23.21.23:190][ 33]LogMaterial: 	Only transparent or postprocess materials can read from scene depth.
[2018.09.12-23.21.54:388][547]LogEditorViewport: Clicking on Actor (LMB): SkeletalMeshActor (MannequinHand_Right)
[2018.09.12-23.21.58:458][  8]LogSlate: FSceneViewport::OnFocusLost() reason 2
[2018.09.12-23.22.05:257][785]LogAIModule: Creating AISystem for world TreecutTest
[2018.09.12-23.22.05:262][785]LogAssetEditorManager: Opening Asset editor for World /Game/NewLevel/TreecutTest.TreecutTest
[2018.09.12-23.22.05:301][785]Cmd: MAP LOAD FILE="../../../../../Github/climb-summit/TheSummit/Content/NewLevel/TreecutTest.umap" TEMPLATE=0 SHOWPROGRESS=1 FEATURELEVEL=3
[2018.09.12-23.22.05:301][785]LightingResults: New page: Lighting Build
[2018.09.12-23.22.05:301][785]LoadErrors: New page: Loading map: TreecutTest.umap
[2018.09.12-23.22.05:303][785]MapCheck: New page: Map Check
[2018.09.12-23.22.05:303][785]LightingResults: New page: Lighting Build
[2018.09.12-23.22.05:569][785]LogEditorServer: Finished looking for orphan Actors (0.000 secs)
[2018.09.12-23.22.05:630][785]Cmd: MAP CHECKDEP NOCLEARLOG
[2018.09.12-23.22.05:768][785]MapCheck: Map check complete: 0 Error(s), 0 Warning(s), took 137.446ms to complete.
[2018.09.12-23.22.05:769][785]LogFileHelpers: Loading map 'TreecutTest' took 0.470
[2018.09.12-23.22.12:160][544]LogEditorViewport: Clicking on Actor (LMB): SkeletalMeshActor (RightHandAnimation)
[2018.09.12-23.22.14:197][782]LogSlate: FSceneViewport::OnFocusLost() reason 0
[2018.09.12-23.22.15:607][942]LogSlate: Window 'Select Path' being destroyed
[2018.09.12-23.22.17:020][110]LogSlate: FSceneViewport::OnFocusLost() reason 0
[2018.09.12-23.22.17:097][118]LogAssetEditorManager: Opening Asset editor for Blueprint /Game/LeftHandAnimation.LeftHandAnimation
[2018.09.12-23.28.35:580][306]LogSlate: FSceneViewport::OnFocusLost() reason 2
[2018.09.12-23.28.35:614][306]Cmd: OBJ SAVEPACKAGE PACKAGE="/Game/LeftHandAnimation" FILE="../../../../../Github/climb-summit/TheSummit/Content/LeftHandAnimation.uasset" SILENT=true
[2018.09.12-23.28.35:704][306]LogSavePackage: Moving '../../../../../Github/climb-summit/TheSummit/Saved/LeftHandAnimation4A462064462CD8CD1919C8AA67575B66.tmp' to '../../../../../Github/climb-summit/TheSummit/Content/LeftHandAnimation.uasset'
[2018.09.12-23.28.37:374][480]LogSlate: FSceneViewport::OnFocusLost() reason 0
[2018.09.12-23.28.37:522][488]LogSlate: FSceneViewport::OnFocusLost() reason 2
[2018.09.12-23.28.37:530][488]Cmd: OBJ SAVEPACKAGE PACKAGE="/Game/LeftHandAnimation" FILE="../../../../../Github/climb-summit/TheSummit/Content/LeftHandAnimation.uasset" SILENT=true
[2018.09.12-23.28.37:547][488]LogSavePackage: Moving '../../../../../Github/climb-summit/TheSummit/Saved/LeftHandAnimationFF8DC1DF4898D0298F5025B052C045EC.tmp' to '../../../../../Github/climb-summit/TheSummit/Content/LeftHandAnimation.uasset'
[2018.09.12-23.28.38:558][597]LogSlate: FSceneViewport::OnFocusLost() reason 0
[2018.09.12-23.28.38:634][606]LogSlate: Window 'LeftHandAnimation' being destroyed
[2018.09.12-23.28.38:642][606]LogSlate: Window 'LeftHandAnimation' being destroyed
[2018.09.12-23.28.43:124][110]LogSlate: FSceneViewport::OnFocusLost() reason 0
[2018.09.12-23.29.57:217][916]LogEditorViewport: Clicking on Actor (LMB): StaticMeshActor (Floor)
[2018.09.12-23.29.58:133][ 12]LogEditorViewport: Clicking on Actor (LMB): StaticMeshActor (Floor)
[2018.09.12-23.29.58:544][ 59]LogEditorViewport: Clicking on Actor (LMB): BP_Sky_Sphere_C (Sky Sphere)
[2018.09.12-23.29.58:842][ 88]LogEditorViewport: Clicking on Component (LMB): StaticMeshComponent (Sky Sphere mesh)
[2018.09.12-23.29.59:216][128]LogEditorViewport: Clicking on Component (LMB): StaticMeshComponent (Sky Sphere mesh)
[2018.09.12-23.29.59:587][171]LogEditorViewport: Clicking on Component (LMB): StaticMeshComponent (Sky Sphere mesh)
[2018.09.12-23.30.00:140][236]LogEditorViewport: Clicking on Component (LMB): StaticMeshComponent (Sky Sphere mesh)
[2018.09.12-23.30.00:470][274]LogEditorViewport: Clicking on Component (context menu): StaticMeshComponent (Sky Sphere mesh)
[2018.09.12-23.30.00:498][274]LogSlate: FSceneViewport::OnFocusLost() reason 2
[2018.09.12-23.30.01:649][411]LogEditorViewport: Clicking on Component (LMB): StaticMeshComponent (Sky Sphere mesh)
[2018.09.12-23.30.02:700][532]LogSlate: FSceneViewport::OnFocusLost() reason 0
[2018.09.12-23.30.40:668][829]LogSlate: FSceneViewport::OnFocusLost() reason 0
[2018.09.12-23.31.55:726][792]Cmd: DELETE
[2018.09.12-23.31.55:726][792]Cmd: ACTOR DELETE
[2018.09.12-23.31.55:771][792]LogEditorActor: Deleted Actor: CameraActor
[2018.09.12-23.31.55:832][792]LogEditorActor: Deleted 1 Actors (0.078 secs)
[2018.09.12-23.32.00:830][390]LogSlate: FSceneViewport::OnFocusLost() reason 0
[2018.09.12-23.32.27:905][763]LogSavePackage: Moving '../../../../../Github/climb-summit/TheSummit/Saved/TreecutTest_Auto18FF0DDDB498E9A1AE1BDE38D17582FF2.tmp' to '../../../../../Github/climb-summit/TheSummit/Saved/Autosaves/Game/NewLevel/TreecutTest_Auto1.umap'
[2018.09.12-23.32.27:909][763]LogFileHelpers: Editor autosave (incl. sublevels) for '/Game/NewLevel/TreecutTest' took 0.182
[2018.09.12-23.32.27:909][763]LogFileHelpers: Editor autosave (incl. sublevels) for all levels took 0.182
[2018.09.13-00.12.37:794][569]LogSlate: FSceneViewport::OnFocusLost() reason 2
[2018.09.13-00.12.41:533][  3]LogSlate: FSceneViewport::OnFocusLost() reason 2
[2018.09.13-00.12.46:008][537]LogSlate: Window 'Source Control Login' being destroyed
[2018.09.13-00.12.50:667][ 92]LogEditorViewport: Clicking on Actor (LMB): SphereReflectionCapture (SphereReflectionCapture)
[2018.09.13-00.12.51:800][208]LogEditorViewport: Clicking on Actor (LMB): BP_Sky_Sphere_C (Sky Sphere)
[2018.09.13-00.12.52:929][339]LogSlate: FSceneViewport::OnFocusLost() reason 0
[2018.09.13-00.12.57:495][882]LogEditorViewport: Clicking on Actor (LMB): SkeletalMeshActor (RightHandAnimation)
[2018.09.13-00.13.02:731][496]LogEditorViewport: Clicking on Actor (LMB): LeftHandAnimation_C (LeftHandAnimation)
[2018.09.13-00.13.06:300][912]LogSlate: FSceneViewport::OnFocusLost() reason 0
[2018.09.13-00.13.16:419][ 85]LogSlate: Window 'Select Path' being destroyed
[2018.09.13-00.13.16:571][ 85]LogSlate: FSceneViewport::OnFocusLost() reason 2
[2018.09.13-00.13.16:578][ 85]LogAssetEditorManager: Opening Asset editor for Blueprint /Game/NewLevel/RightHandAnimationBP.RightHandAnimationBP
[2018.09.13-00.13.17:271][ 85]LogRenderer: Reallocating scene render targets to support 1208x900 Format 26 NumSamples 1 (Frame:1).
[2018.09.13-00.13.22:619][576]LogSlate: FSceneViewport::OnFocusLost() reason 0
[2018.09.13-00.14.52:586][827]LogSlate: FSceneViewport::OnFocusLost() reason 2
[2018.09.13-00.14.52:610][827]Cmd: OBJ SAVEPACKAGE PACKAGE="/Game/NewLevel/RightHandAnimationBP" FILE="../../../../../Github/climb-summit/TheSummit/Content/NewLevel/RightHandAnimationBP.uasset" SILENT=true
[2018.09.13-00.14.52:636][827]LogSavePackage: Moving '../../../../../Github/climb-summit/TheSummit/Saved/RightHandAnimationBPF304F5714BF3726C23DCA3A346507656.tmp' to '../../../../../Github/climb-summit/TheSummit/Content/NewLevel/RightHandAnimationBP.uasset'
[2018.09.13-00.14.54:996][ 44]LogSlate: Window 'RightHandAnimationBP' being destroyed
[2018.09.13-00.14.55:002][ 44]LogSlate: Window 'RightHandAnimationBP' being destroyed
[2018.09.13-00.14.56:638][225]LogSlate: FSceneViewport::OnFocusLost() reason 2
[2018.09.13-00.14.56:711][225]LogSlate: FSceneViewport::OnFocusLost() reason 2
[2018.09.13-00.14.56:720][225]Cmd: OBJ SAVEPACKAGE PACKAGE="/Game/NewLevel/TreecutTest" FILE="../../../../../Github/climb-summit/TheSummit/Content/NewLevel/TreecutTest.umap" SILENT=true AUTOSAVING=false KEEPDIRTY=false
[2018.09.13-00.14.56:805][225]LogSavePackage: Moving '../../../../../Github/climb-summit/TheSummit/Saved/TreecutTestDC208D4442733729F752C38ED522F256.tmp' to '../../../../../Github/climb-summit/TheSummit/Content/NewLevel/TreecutTest.umap'
[2018.09.13-00.14.56:934][225]Cmd: OBJ SAVEPACKAGE PACKAGE="/Game/NewLevel/TreecutTest_BuiltData" FILE="../../../../../Github/climb-summit/TheSummit/Content/NewLevel/TreecutTest_BuiltData.uasset" SILENT=true
[2018.09.13-00.14.57:011][225]LogSavePackage: Moving '../../../../../Github/climb-summit/TheSummit/Saved/TreecutTest_BuiltData2A3797074445C3C04A3E4C8CA363433B.tmp' to '../../../../../Github/climb-summit/TheSummit/Content/NewLevel/TreecutTest_BuiltData.uasset'
[2018.09.13-00.15.04:004][ 56]LogAudio: Warning: Current Audio Device with ID {0.0.0.00000000}.{faa49807-317a-4050-a74c-a63a64f8da0f} was removed. Shutting down audio device.
[2018.09.13-00.15.04:046][ 56]LogInit: No audio devices found!
[2018.09.13-00.15.04:144][ 67]LogInit: No audio devices found!
[2018.09.13-00.15.28:625][995]LogInit: XAudio2 using 'Headphones (Rift Audio)' : 2 channels at 48 kHz using 16 bits per sample (channel mask 0x3)
[2018.09.13-00.15.28:718][  0]LogInit: XAudio2 using 'Headphones (Rift Audio)' : 2 channels at 48 kHz using 16 bits per sample (channel mask 0x3)
[2018.09.13-00.15.33:870][587]Cmd: OBJ SAVEPACKAGE PACKAGE="/Game/NewLevel/TreecutTest" FILE="../../../../../Github/climb-summit/TheSummit/Content/NewLevel/TreecutTest.umap" SILENT=true AUTOSAVING=false KEEPDIRTY=false
[2018.09.13-00.15.33:937][587]LogSavePackage: Moving '../../../../../Github/climb-summit/TheSummit/Saved/TreecutTest8E42D85D47488BEF6764C98F46C541EE.tmp' to '../../../../../Github/climb-summit/TheSummit/Content/NewLevel/TreecutTest.umap'
[2018.09.13-00.15.34:031][587]Cmd: OBJ SAVEPACKAGE PACKAGE="/Game/NewLevel/TreecutTest_BuiltData" FILE="../../../../../Github/climb-summit/TheSummit/Content/NewLevel/TreecutTest_BuiltData.uasset" SILENT=true
[2018.09.13-00.15.34:067][587]LogSavePackage: Moving '../../../../../Github/climb-summit/TheSummit/Saved/TreecutTest_BuiltData9C198BE041B6D1C0C35B249E974AFF29.tmp' to '../../../../../Github/climb-summit/TheSummit/Content/NewLevel/TreecutTest_BuiltData.uasset'
[2018.09.13-00.16.14:696][393]Cmd: OBJ SAVEPACKAGE PACKAGE="/Game/NewLevel/TreecutTest" FILE="../../../../../Github/climb-summit/TheSummit/Content/NewLevel/TreecutTest.umap" SILENT=true AUTOSAVING=false KEEPDIRTY=false
[2018.09.13-00.16.14:759][393]LogSavePackage: Moving '../../../../../Github/climb-summit/TheSummit/Saved/TreecutTest44DD8B8B46581649D1CB49AC24C6B5FF.tmp' to '../../../../../Github/climb-summit/TheSummit/Content/NewLevel/TreecutTest.umap'
[2018.09.13-00.16.14:900][393]Cmd: OBJ SAVEPACKAGE PACKAGE="/Game/NewLevel/TreecutTest_BuiltData" FILE="../../../../../Github/climb-summit/TheSummit/Content/NewLevel/TreecutTest_BuiltData.uasset" SILENT=true
[2018.09.13-00.16.14:916][393]LogSavePackage: Moving '../../../../../Github/climb-summit/TheSummit/Saved/TreecutTest_BuiltDataCE87DC704FF9ADFE57404FA5D775A4AD.tmp' to '../../../../../Github/climb-summit/TheSummit/Content/NewLevel/TreecutTest_BuiltData.uasset'
[2018.09.13-00.16.23:412][379]SourceControl: fatal: D:/Unreal Engine/UE_4.20/Engine/Content: 'D:/Unreal Engine/UE_4.20/Engine/Content' is outside repository
[2018.09.13-00.16.24:245][379]LogPackageName: Error: Illegal call to DoesPackageExist: '../../../../../Github/climb-summit/TheSummit/TheSummit.uproject' is not a standard unreal filename or a long path name. Reason: Path should be no less than 4 characters long.
[2018.09.13-00.16.24:538][379]LogStats: FPlatformStackWalk::StackWalkAndDump -  0.274 s
[2018.09.13-00.16.24:539][379]LogOutputDevice: Error: === Handled ensure: ===
[2018.09.13-00.16.24:539][379]LogOutputDevice: Error: 
[2018.09.13-00.16.24:539][379]LogOutputDevice: Error: Ensure condition failed: false [File:D:\Build\++UE4\Sync\Engine\Source\Runtime\CoreUObject\Private\Misc\PackageName.cpp] [Line: 822]
[2018.09.13-00.16.24:539][379]LogOutputDevice: Error: Illegal call to DoesPackageExist: '../../../../../Github/climb-summit/TheSummit/TheSummit.uproject' is not a standard unreal filename or a long path name. Reason: Path should be no less than 4 characters long.
[2018.09.13-00.16.24:539][379]LogOutputDevice: Error: Stack: 
[2018.09.13-00.16.24:539][379]LogOutputDevice: Error: [Callstack] 0x00007ffed1d47136 UE4Editor-Core.dll!UnknownFunction []
[2018.09.13-00.16.24:539][379]LogOutputDevice: Error: [Callstack] 0x00007ffed1a80c82 UE4Editor-Core.dll!UnknownFunction []
[2018.09.13-00.16.24:539][379]LogOutputDevice: Error: [Callstack] 0x00007ffed1a9b346 UE4Editor-Core.dll!UnknownFunction []
[2018.09.13-00.16.24:539][379]LogOutputDevice: Error: [Callstack] 0x00007ffece624787 UE4Editor-CoreUObject.dll!UnknownFunction []
[2018.09.13-00.16.24:539][379]LogOutputDevice: Error: [Callstack] 0x00007ffec87f81a5 UE4Editor-SourceControl.dll!UnknownFunction []
[2018.09.13-00.16.24:539][379]LogOutputDevice: Error: [Callstack] 0x00007ffec87f8339 UE4Editor-SourceControl.dll!UnknownFunction []
[2018.09.13-00.16.24:539][379]LogOutputDevice: Error: [Callstack] 0x00007ffec4c04e8d UE4Editor-SourceControlWindows.dll!UnknownFunction []
[2018.09.13-00.16.24:539][379]LogOutputDevice: Error: [Callstack] 0x00007ffec4bb804e UE4Editor-SourceControlWindows.dll!UnknownFunction []
[2018.09.13-00.16.24:539][379]LogOutputDevice: Error: [Callstack] 0x00007ffec4bb75df UE4Editor-SourceControlWindows.dll!UnknownFunction []
[2018.09.13-00.16.24:539][379]LogOutputDevice: Error: [Callstack] 0x00007ffec4bd1f71 UE4Editor-SourceControlWindows.dll!UnknownFunction []
[2018.09.13-00.16.24:539][379]LogOutputDevice: Error: [Callstack] 0x00007ffebd59f32c UE4Editor-GitSourceControl.dll!UnknownFunction []
[2018.09.13-00.16.24:539][379]LogOutputDevice: Error: [Callstack] 0x00007ffebd5a4e51 UE4Editor-GitSourceControl.dll!UnknownFunction []
[2018.09.13-00.16.24:539][379]LogOutputDevice: Error: [Callstack] 0x00007ffec87fe737 UE4Editor-SourceControl.dll!UnknownFunction []
[2018.09.13-00.16.24:539][379]LogOutputDevice: Error: [Callstack] 0x00007ffecca17a4e UE4Editor-UnrealEd.dll!UnknownFunction []
[2018.09.13-00.16.24:539][379]LogOutputDevice: Error: [Callstack] 0x00007ffecd30f0d6 UE4Editor-UnrealEd.dll!UnknownFunction []
[2018.09.13-00.16.24:539][379]LogOutputDevice: Error: [Callstack] 0x00007ff790665cbd UE4Editor.exe!UnknownFunction []
[2018.09.13-00.16.24:539][379]LogOutputDevice: Error: [Callstack] 0x00007ff790675b3c UE4Editor.exe!UnknownFunction []
[2018.09.13-00.16.24:539][379]LogOutputDevice: Error: [Callstack] 0x00007ff790675bba UE4Editor.exe!UnknownFunction []
[2018.09.13-00.16.24:539][379]LogOutputDevice: Error: [Callstack] 0x00007ff790683dac UE4Editor.exe!UnknownFunction []
[2018.09.13-00.16.24:539][379]LogOutputDevice: Error: [Callstack] 0x00007ff790685aaa UE4Editor.exe!UnknownFunction []
[2018.09.13-00.16.24:539][379]LogOutputDevice: Error: [Callstack] 0x00007fff3b873034 KERNEL32.DLL!UnknownFunction []
[2018.09.13-00.16.24:539][379]LogOutputDevice: Error: [Callstack] 0x00007fff3e401431 ntdll.dll!UnknownFunction []
[2018.09.13-00.16.24:539][379]LogOutputDevice: Error: 
[2018.09.13-00.16.24:556][379]LogStats:                SubmitErrorReport -  0.010 s
[2018.09.13-00.16.31:536][379]LogStats:                    SendNewReport -  6.979 s
[2018.09.13-00.16.31:536][379]LogStats:             FDebug::EnsureFailed -  7.276 s
[2018.09.13-00.16.46:933][379]LogSlate: Window 'Submit Files' being destroyed
[2018.09.13-00.16.49:564][379]LogSourceControl: commit successful: [master 236f53e] handimations
[2018.09.13-00.16.49:730][379]SourceControl: [master 236f53e] handimations
[2018.09.13-00.16.49:730][379]SourceControl:  5 files changed, 1 insertion(+), 1 deletion(-)
[2018.09.13-00.16.49:730][379]SourceControl:  rewrite TheSummit/Content/LeftHandAnimation.uasset (94%)
[2018.09.13-00.16.49:730][379]SourceControl:  create mode 100644 TheSummit/Content/NewLevel/RightHandAnimationBP.uasset
[2018.09.13-00.16.49:740][379]SourceControl: Commited [master 236f53e] handimations.
[2018.09.13-00.17.01:001][715]MapCheck: New page: Map Check
[2018.09.13-00.17.01:056][715]Cmd: MAP REBUILD ALLVISIBLE
[2018.09.13-00.17.01:057][715]LogEditorServer: Rebuildmap Clear paths rebuilt
[2018.09.13-00.17.01:242][715]LogMaterial: Display: Missing cached shader map for material FDebugViewModeMaterialProxy DefaultMaterial, compiling. 
[2018.09.13-00.17.01:317][715]LogMaterial: Display: Missing cached shader map for material FDebugViewModeMaterialProxy MaterialInstanceDynamic_0, compiling. 
[2018.09.13-00.17.01:324][715]LogShaderCompilers: Display: Shaders left to compile 2
[2018.09.13-00.17.01:324][715]LogShaderCompilers: Display: Shaders left to compile 1
[2018.09.13-00.17.01:324][715]LogMaterial: Display: Missing cached shader map for material FDebugViewModeMaterialProxy M_HandMat, compiling. 
[2018.09.13-00.17.03:191][715]LogShaderCompilers: Display: Shaders left to compile 1
[2018.09.13-00.17.03:192][715]TextureStreamingBuild: Display: Compiling optional shaders took 1.966 seconds.
[2018.09.13-00.17.03:241][715]LogLevel: Display: Export Material TexCoord Scales took 0.049 seconds.
[2018.09.13-00.17.03:260][715]TextureStreamingBuild: Display: Build Texture Streaming took 0.018 seconds.
[2018.09.13-00.17.03:345][715]LightingResults: New page: Lighting Build - Sep 12, 2018, 4:17:03 PM
[2018.09.13-00.17.03:545][715]LogSwarmInterface: [OpenConnection] Registering TCP channel ...
[2018.09.13-00.17.03:732][715]LogSwarmInterface: [OpenConnection] Connecting to agent ...
[2018.09.13-00.17.03:870][715]LogSwarmInterface: [TryOpenConnection] Testing the Agent
[2018.09.13-00.17.04:406][715]LogSwarmInterface: [TryOpenConnection] Opening Connection to Agent
[2018.09.13-00.17.04:406][715]LogSwarmInterface: [TryOpenConnection] Local Process ID is 22940
[2018.09.13-00.17.09:365][715]LogStaticLightingSystem: Warning: No importance volume found, so the scene bounding box was used.  You can optimize your scene's quality and lighting build times by adding importance volumes.
[2018.09.13-00.17.09:366][715]LogStaticLightingSystem: Running Lightmass w/ ImmediateImport mode ENABLED
[2018.09.13-00.17.09:366][715]LogStaticLightingSystem: Running Lightmass w/ ImmediateProcess mode ENABLED
[2018.09.13-00.17.09:366][715]LogStaticLightingSystem: Running Lightmass w/ Sorting mode ENABLED
[2018.09.13-00.17.09:366][715]LogStaticLightingSystem: Running Lightmass w/ Mapping paddings ENABLED
[2018.09.13-00.17.09:366][715]LogStaticLightingSystem: Running Lightmass w/ Mapping debug paddings DISABLED
[2018.09.13-00.17.09:562][715]Cmd: MAP CHECK DONTDISPLAYDIALOG
[2018.09.13-00.17.09:562][715]MapCheck: New page: TreecutTest - Sep 12, 2018, 4:17:09 PM
[2018.09.13-00.17.09:921][715]MapCheck: Map check complete: 0 Error(s), 0 Warning(s), took 358.149ms to complete.
[2018.09.13-00.17.09:944][715]LogEditorBuildUtils: Build time 0:08
[2018.09.13-00.17.12:518][879]Job is a success!
[2018.09.13-00.17.15:397][201]LogVolumetricLightmapImport: Imported Volumetric Lightmap in 0.021s
[2018.09.13-00.17.15:397][201]LogVolumetricLightmapImport:      Indirection Texture 16x16x16 = 0.0Mb
[2018.09.13-00.17.15:397][201]LogVolumetricLightmapImport:      BrickData 30x5x5 = 0.0Mb
[2018.09.13-00.17.15:397][201]LogVolumetricLightmapImport:      Bricks at Level
[2018.09.13-00.17.15:397][201]LogVolumetricLightmapImport:          0: 16.7% covering 100.0% of volume
[2018.09.13-00.17.15:397][201]LogVolumetricLightmapImport:          1: 16.7% covering 1.6% of volume
[2018.09.13-00.17.15:397][201]LogVolumetricLightmapImport:          2: 66.7% covering 0.1% of volume
[2018.09.13-00.17.15:518][201]LogTexture: Display: Building textures: LQ_Lightmap_0_1 (DXT1, 256X256)
[2018.09.13-00.17.15:518][201]LogTexture: Display: Building textures: HQ_Lightmap0_2 (AutoDXT, 64X64)
[2018.09.13-00.17.15:518][201]LogTexture: Display: Building textures: LQ_Lightmap_0_2 (DXT1, 64X64)
[2018.09.13-00.17.15:518][201]LogTexture: Display: Building textures: HQ_Lightmap0_1 (AutoDXT, 256X256)
[2018.09.13-00.17.15:518][201]LogTexture: Display: Building textures: ShadowMapTexture2D_1 (G8, 32X32)
[2018.09.13-00.17.15:518][201]LogTexture: Display: Building textures: ShadowMapTexture2D_0 (G8, 128X128)
[2018.09.13-00.17.15:556][201]Lightmass on ALI-PC: 4.67 sec total, 139 ms importing, 17 ms setup, 1.01 sec photons, 3.46 sec processing, 0 ms extra exporting [2/2 mappings]. Threads: 50.9 sec total, 125 ms processing.
[2018.09.13-00.17.15:615][201]LogStaticLightingSystem: Illumination: 9.46 sec (51 ms encoding lightmaps, 12 ms encoding shadowmaps)
[2018.09.13-00.17.15:615][201]LogStaticLightingSystem: Lightmap texture memory:  0.1 MB (0.1 MB streaming, 0.0 MB non-streaming), 4 textures
[2018.09.13-00.17.15:615][201]LogStaticLightingSystem: Shadowmap texture memory: 0.0 MB (0.0 MB streaming, 0.0 MB non-streaming), 2 textures
[2018.09.13-00.17.16:371][201]DumpUnbuiltLightIteractions
[2018.09.13-00.17.16:371][201]Lights with unbuilt interactions: 0
[2018.09.13-00.17.16:371][201]
[2018.09.13-00.17.16:371][201]Primitives with unbuilt interactions: 0
[2018.09.13-00.17.16:444][202]Cmd: MAP CHECK NOTIFYRESULTS
[2018.09.13-00.17.16:444][202]MapCheck: New page: TreecutTest - Sep 12, 2018, 4:17:16 PM
[2018.09.13-00.17.16:585][202]MapCheck: Map check complete: 0 Error(s), 0 Warning(s), took 141.075ms to complete.
[2018.09.13-00.17.26:481][364]Cmd: OBJ SAVEPACKAGE PACKAGE="/Game/NewLevel/TreecutTest" FILE="../../../../../Github/climb-summit/TheSummit/Content/NewLevel/TreecutTest.umap" SILENT=true AUTOSAVING=false KEEPDIRTY=false
[2018.09.13-00.17.26:566][364]LogSavePackage: Moving '../../../../../Github/climb-summit/TheSummit/Saved/TreecutTestB1619D544E30C49DE0FD02BD325E47F9.tmp' to '../../../../../Github/climb-summit/TheSummit/Content/NewLevel/TreecutTest.umap'
[2018.09.13-00.17.26:660][364]Cmd: OBJ SAVEPACKAGE PACKAGE="/Game/NewLevel/TreecutTest_BuiltData" FILE="../../../../../Github/climb-summit/TheSummit/Content/NewLevel/TreecutTest_BuiltData.uasset" SILENT=true
[2018.09.13-00.17.26:676][364]LogSavePackage: Moving '../../../../../Github/climb-summit/TheSummit/Saved/TreecutTest_BuiltData1ABC6F444B946C9F5A300C9849C06AEC.tmp' to '../../../../../Github/climb-summit/TheSummit/Content/NewLevel/TreecutTest_BuiltData.uasset'
[2018.09.13-00.17.32:866][ 71]Cmd: MAP LOAD FILE="../../../../../Github/climb-summit/TheSummit/Content/NewLevel/TreecutTest.umap" TEMPLATE=0 SHOWPROGRESS=1 FEATURELEVEL=3
[2018.09.13-00.17.32:881][ 71]LightingResults: New page: Lighting Build
[2018.09.13-00.17.32:882][ 71]LoadErrors: New page: Loading map: TreecutTest.umap
[2018.09.13-00.17.32:883][ 71]MapCheck: New page: Map Check
[2018.09.13-00.17.32:883][ 71]LightingResults: New page: Lighting Build
[2018.09.13-00.17.32:971][ 71]LogAIModule: Creating AISystem for world TreecutTest
[2018.09.13-00.17.32:978][ 71]LogEditorServer: Finished looking for orphan Actors (0.000 secs)
[2018.09.13-00.17.33:048][ 71]Cmd: MAP CHECKDEP NOCLEARLOG
[2018.09.13-00.17.33:182][ 71]MapCheck: Map check complete: 0 Error(s), 0 Warning(s), took 133.847ms to complete.
[2018.09.13-00.17.33:182][ 71]LogFileHelpers: Loading map 'TreecutTest' took 0.317
[2018.09.13-00.17.33:184][ 71]LogSlate: Window 'Open Level' being destroyed
[2018.09.13-00.17.35:510][322]LogSlate: Window 'TheSummit - Unreal Editor' being destroyed
[2018.09.13-00.17.35:511][322]LogWindowsTextInputMethodSystem: Display: IME system now deactivated.
[2018.09.13-00.17.35:807][323]Cmd: QUIT_EDITOR
[2018.09.13-00.17.36:108][323]LogExit: Preparing to exit.
[2018.09.13-00.17.37:102][323]LogExit: Editor shut down
[2018.09.13-00.17.37:102][323]LogExit: Transaction tracking system shut down
[2018.09.13-00.17.39:098][323]LogExit: Object subsystem successfully closed.
[2018.09.13-00.17.39:245][323]LogShaderCompilers: Display: Shaders left to compile 0
[2018.09.13-00.17.39:273][323]LogD3D11RHI: Shutdown
[2018.09.13-00.17.39:273][323]LogD3D11RHI: CleanupD3DDevice
[2018.09.13-00.17.39:312][323]LogD3D11RHI: ~FD3D11DynamicRHI
[2018.09.13-00.17.40:259][323]LogModuleManager: Shutting down and abandoning module HierarchicalLODUtilities (616)
[2018.09.13-00.17.40:259][323]LogModuleManager: Shutting down and abandoning module ExternalImagePicker (614)
[2018.09.13-00.17.40:259][323]LogModuleManager: Shutting down and abandoning module BlueprintGraph (612)
[2018.09.13-00.17.40:259][323]LogModuleManager: Shutting down and abandoning module HierarchicalLODOutliner (610)
[2018.09.13-00.17.40:259][323]LogModuleManager: Shutting down and abandoning module SceneOutliner (608)
[2018.09.13-00.17.40:259][323]LogModuleManager: Shutting down and abandoning module AddContentDialog (606)
[2018.09.13-00.17.40:287][323]LogModuleManager: Shutting down and abandoning module WidgetCarousel (605)
[2018.09.13-00.17.40:287][323]LogModuleManager: Shutting down and abandoning module EditorWidgets (602)
[2018.09.13-00.17.40:287][323]LogModuleManager: Shutting down and abandoning module CollectionManager (600)
[2018.09.13-00.17.40:306][323]LogModuleManager: Shutting down and abandoning module StatsViewer (598)
[2018.09.13-00.17.40:307][323]LogModuleManager: Shutting down and abandoning module FoliageEdit (596)
[2018.09.13-00.17.40:311][323]LogModuleManager: Shutting down and abandoning module LandscapeEditor (594)
[2018.09.13-00.17.40:343][323]LogModuleManager: Shutting down and abandoning module MeshPaintMode (592)
[2018.09.13-00.17.40:344][323]LogModuleManager: Shutting down and abandoning module SceneDepthPickerMode (590)
[2018.09.13-00.17.40:344][323]LogModuleManager: Shutting down and abandoning module ActorPickerMode (588)
[2018.09.13-00.17.40:344][323]LogModuleManager: Shutting down and abandoning module GeometryMode (586)
[2018.09.13-00.17.40:344][323]LogModuleManager: Shutting down and abandoning module TextureAlignMode (584)
[2018.09.13-00.17.40:344][323]LogModuleManager: Shutting down and abandoning module BspMode (582)
[2018.09.13-00.17.40:344][323]LogModuleManager: Shutting down and abandoning module PIEPreviewDeviceProfileSelector (580)
[2018.09.13-00.17.40:355][323]LogModuleManager: Shutting down and abandoning module SequenceRecorderSections (578)
[2018.09.13-00.17.40:355][323]LogModuleManager: Shutting down and abandoning module AutomationWorker (576)
[2018.09.13-00.17.40:355][323]LogModuleManager: Shutting down and abandoning module AudioCaptureEditor (574)
[2018.09.13-00.17.40:355][323]LogModuleManager: Shutting down and abandoning module SequenceRecorder (573)
[2018.09.13-00.17.40:363][323]LogModuleManager: Shutting down and abandoning module MatineeToLevelSequence (570)
[2018.09.13-00.17.40:376][323]LogModuleManager: Shutting down and abandoning module LevelSequenceEditor (568)
[2018.09.13-00.17.40:396][323]LogModuleManager: Shutting down and abandoning module PlacementMode (567)
[2018.09.13-00.17.40:396][323]LogModuleManager: Shutting down and abandoning module MaterialEditor (566)
[2018.09.13-00.17.40:431][323]LogModuleManager: Shutting down and abandoning module WmfMediaFactory (562)
[2018.09.13-00.17.40:431][323]LogModuleManager: Shutting down and abandoning module WmfMediaEditor (560)
[2018.09.13-00.17.40:431][323]LogModuleManager: Shutting down and abandoning module MediaPlayerEditor (558)
[2018.09.13-00.17.40:451][323]LogModuleManager: Shutting down and abandoning module OpenExrWrapper (556)
[2018.09.13-00.17.40:451][323]LogModuleManager: Shutting down and abandoning module ImgMediaFactory (554)
[2018.09.13-00.17.40:451][323]LogModuleManager: Shutting down and abandoning module ImgMediaEditor (552)
[2018.09.13-00.17.40:451][323]LogModuleManager: Shutting down and abandoning module AvfMediaFactory (550)
[2018.09.13-00.17.40:451][323]LogModuleManager: Shutting down and abandoning module AvfMediaEditor (548)
[2018.09.13-00.17.40:451][323]LogModuleManager: Shutting down and abandoning module AndroidMediaFactory (546)
[2018.09.13-00.17.40:451][323]LogModuleManager: Shutting down and abandoning module AndroidMediaEditor (544)
[2018.09.13-00.17.40:451][323]LogModuleManager: Shutting down and abandoning module MagicLeapCameraPreviewFactory (542)
[2018.09.13-00.17.40:451][323]LogModuleManager: Shutting down and abandoning module MagicLeapMediaFactory (540)
[2018.09.13-00.17.40:451][323]LogModuleManager: Shutting down and abandoning module MagicLeapMediaEditor (538)
[2018.09.13-00.17.40:451][323]LogModuleManager: Shutting down and abandoning module CharacterAI (536)
[2018.09.13-00.17.40:451][323]LogModuleManager: Shutting down and abandoning module SmartSnapping (534)
[2018.09.13-00.17.40:451][323]LogModuleManager: Shutting down and abandoning module SessionServices (532)
[2018.09.13-00.17.40:451][323]LogModuleManager: Shutting down and abandoning module ViewportSnapping (530)
[2018.09.13-00.17.40:451][323]LogModuleManager: Shutting down and abandoning module ViewportInteraction (528)
[2018.09.13-00.17.40:451][323]LogModuleManager: Shutting down and abandoning module ClothPainter (526)
[2018.09.13-00.17.40:471][323]LogModuleManager: Shutting down and abandoning module SkeletalMeshEditor (525)
[2018.09.13-00.17.40:493][323]LogModuleManager: Shutting down and abandoning module LogVisualizer (522)
[2018.09.13-00.17.40:516][323]LogModuleManager: Shutting down and abandoning module IntroTutorials (520)
[2018.09.13-00.17.40:537][323]LogModuleManager: Shutting down and abandoning module GameProjectGeneration (519)
[2018.09.13-00.17.40:560][323]LogModuleManager: Shutting down and abandoning module LuminPlatformEditor (516)
[2018.09.13-00.17.40:560][323]LogModuleManager: Shutting down and abandoning module IOSPlatformEditor (514)
[2018.09.13-00.17.40:560][323]LogModuleManager: Shutting down and abandoning module HTML5PlatformEditor (512)
[2018.09.13-00.17.40:560][323]LogModuleManager: Shutting down and abandoning module AndroidPlatformEditor (510)
[2018.09.13-00.17.40:560][323]LogModuleManager: Shutting down and abandoning module AndroidDeviceDetection (509)
[2018.09.13-00.17.42:440][323]LogModuleManager: Shutting down and abandoning module WindowsPlatformEditor (506)
[2018.09.13-00.17.42:440][323]LogModuleManager: Shutting down and abandoning module LuminRuntimeSettings (504)
[2018.09.13-00.17.42:440][323]LogModuleManager: Shutting down and abandoning module IOSRuntimeSettings (502)
[2018.09.13-00.17.42:440][323]LogModuleManager: Shutting down and abandoning module AndroidRuntimeSettings (500)
[2018.09.13-00.17.42:440][323]LogModuleManager: Shutting down and abandoning module InputBindingEditor (498)
[2018.09.13-00.17.42:468][323]LogModuleManager: Shutting down and abandoning module MergeActors (496)
[2018.09.13-00.17.42:476][323]LogModuleManager: Shutting down and abandoning module LocalizationDashboard (494)
[2018.09.13-00.17.42:492][323]LogModuleManager: Shutting down and abandoning module LocalizationService (493)
[2018.09.13-00.17.42:506][323]LogModuleManager: Shutting down and abandoning module HardwareTargeting (490)
[2018.09.13-00.17.42:506][323]LogModuleManager: Shutting down and abandoning module DeviceProfileEditor (488)
[2018.09.13-00.17.42:506][323]LogModuleManager: Shutting down and abandoning module UndoHistory (486)
[2018.09.13-00.17.42:515][323]LogModuleManager: Shutting down and abandoning module XmlParser (484)
[2018.09.13-00.17.42:516][323]LogModuleManager: Shutting down and abandoning module Blutility (482)
[2018.09.13-00.17.42:522][323]LogModuleManager: Shutting down and abandoning module ProjectSettingsViewer (480)
[2018.09.13-00.17.42:522][323]LogModuleManager: Shutting down and abandoning module ProjectTargetPlatformEditor (479)
[2018.09.13-00.17.42:523][323]LogModuleManager: Shutting down and abandoning module EditorSettingsViewer (476)
[2018.09.13-00.17.42:523][323]LogModuleManager: Shutting down and abandoning module SettingsEditor (474)
[2018.09.13-00.17.42:536][323]LogModuleManager: Shutting down and abandoning module ProjectLauncher (472)
[2018.09.13-00.17.42:546][323]LogModuleManager: Shutting down and abandoning module SessionFrontend (470)
[2018.09.13-00.17.42:554][323]LogModuleManager: Shutting down and abandoning module ProfilerClient (468)
[2018.09.13-00.17.42:558][323]LogModuleManager: Shutting down and abandoning module DeviceManager (466)
[2018.09.13-00.17.42:578][323]LogModuleManager: Shutting down and abandoning module TargetDeviceServices (465)
[2018.09.13-00.17.42:644][323]LogModuleManager: Shutting down and abandoning module AutomationController (462)
[2018.09.13-00.17.42:667][323]LogModuleManager: Shutting down and abandoning module AutomationWindow (460)
[2018.09.13-00.17.42:676][323]LogModuleManager: Shutting down and abandoning module Layers (458)
[2018.09.13-00.17.42:702][323]LogModuleManager: Shutting down and abandoning module ComponentVisualizers (456)
[2018.09.13-00.17.42:702][323]LogModuleManager: Shutting down and abandoning module DetailCustomizations (454)
[2018.09.13-00.17.42:715][323]LogModuleManager: Shutting down and abandoning module PackagesDialog (452)
[2018.09.13-00.17.42:716][323]LogModuleManager: Shutting down and abandoning module Persona (450)
[2018.09.13-00.17.42:756][323]LogModuleManager: Shutting down and abandoning module AdvancedPreviewScene (449)
[2018.09.13-00.17.42:756][323]LogModuleManager: Shutting down and abandoning module AnimGraph (447)
[2018.09.13-00.17.42:769][323]LogModuleManager: Shutting down and abandoning module Kismet (444)
[2018.09.13-00.17.42:777][323]LogModuleManager: Shutting down and abandoning module GraphEditor (442)
[2018.09.13-00.17.42:778][323]LogModuleManager: Shutting down and abandoning module ClassViewer (440)
[2018.09.13-00.17.42:779][323]LogModuleManager: Shutting down and abandoning module Toolbox (438)
[2018.09.13-00.17.42:779][323]LogModuleManager: Shutting down and abandoning module ModuleUI (436)
[2018.09.13-00.17.42:790][323]LogModuleManager: Shutting down and abandoning module MovieSceneTools (434)
[2018.09.13-00.17.42:801][323]LogModuleManager: Shutting down and abandoning module OutputLog (432)
[2018.09.13-00.17.42:801][323]LogModuleManager: Shutting down and abandoning module GammaUI (430)
[2018.09.13-00.17.42:805][323]LogModuleManager: Shutting down and abandoning module Documentation (428)
[2018.09.13-00.17.42:806][323]LogModuleManager: Shutting down and abandoning module MovieSceneTracks (426)
[2018.09.13-00.17.42:806][323]LogModuleManager: Shutting down and abandoning module MovieScene (424)
[2018.09.13-00.17.42:810][323]LogModuleManager: Shutting down and abandoning module StreamingPauseRendering (422)
[2018.09.13-00.17.42:810][323]LogModuleManager: Shutting down and abandoning module LauncherPlatform (420)
[2018.09.13-00.17.42:810][323]LogModuleManager: Shutting down and abandoning module AnalyticsET (418)
[2018.09.13-00.17.42:810][323]LogModuleManager: Shutting down and abandoning module PortalServices (416)
[2018.09.13-00.17.42:810][323]LogModuleManager: Shutting down and abandoning module PortalRpc (414)
[2018.09.13-00.17.42:810][323]LogModuleManager: Shutting down and abandoning module MessagingRpc (412)
[2018.09.13-00.17.42:810][323]LogModuleManager: Shutting down and abandoning module AIModule (410)
[2018.09.13-00.17.42:823][323]LogModuleManager: Shutting down and abandoning module GameplayDebugger (409)
[2018.09.13-00.17.42:833][323]LogModuleManager: Shutting down and abandoning module AITestSuite (407)
[2018.09.13-00.17.42:844][323]LogModuleManager: Shutting down and abandoning module NavigationSystem (405)
[2018.09.13-00.17.42:844][323]LogModuleManager: Shutting down and abandoning module DesktopPlatform (402)
[2018.09.13-00.17.42:844][323]LogModuleManager: Shutting down and abandoning module ProfilerService (400)
[2018.09.13-00.17.42:952][323]LogModuleManager: Shutting down and abandoning module TaskGraph (398)
[2018.09.13-00.17.42:977][323]LogModuleManager: Shutting down and abandoning module SteamVRController (396)
[2018.09.13-00.17.42:977][323]LogModuleManager: Shutting down and abandoning module ProceduralMeshComponentEditor (394)
[2018.09.13-00.17.42:977][323]LogModuleManager: Shutting down and abandoning module ProceduralMeshComponent (392)
[2018.09.13-00.17.42:986][323]LogModuleManager: Shutting down and abandoning module OculusInput (390)
[2018.09.13-00.17.42:986][323]LogModuleManager: Shutting down and abandoning module MobilePatchingUtils (388)
[2018.09.13-00.17.42:986][323]LogModuleManager: Shutting down and abandoning module EditableMesh (386)
[2018.09.13-00.17.42:991][323]LogModuleManager: Shutting down and abandoning module CustomMeshComponent (384)
[2018.09.13-00.17.42:992][323]LogModuleManager: Shutting down and abandoning module CableComponent (382)
[2018.09.13-00.17.42:992][323]LogModuleManager: Shutting down and abandoning module AudioCapture (380)
[2018.09.13-00.17.42:992][323]LogModuleManager: Shutting down and abandoning module ArchVisCharacter (378)
[2018.09.13-00.17.42:992][323]LogModuleManager: Shutting down and abandoning module AndroidPermission (376)
[2018.09.13-00.17.42:992][323]LogModuleManager: Shutting down and abandoning module NUTUnrealEngine4 (374)
[2018.09.13-00.17.42:992][323]LogModuleManager: Shutting down and abandoning module NetcodeUnitTest (372)
[2018.09.13-00.17.43:014][323]LogModuleManager: Shutting down and abandoning module MediaCompositingEditor (370)
[2018.09.13-00.17.43:014][323]LogModuleManager: Shutting down and abandoning module MediaCompositing (368)
[2018.09.13-00.17.43:014][323]LogModuleManager: Shutting down and abandoning module LinearTimecode (366)
[2018.09.13-00.17.43:014][323]LogModuleManager: Shutting down and abandoning module ImgMedia (364)
[2018.09.13-00.17.43:029][323]LogModuleManager: Shutting down and abandoning module HTML5Networking (362)
[2018.09.13-00.17.43:029][323]LogModuleManager: Shutting down and abandoning module GeometryCacheTracks (360)
[2018.09.13-00.17.43:030][323]LogModuleManager: Shutting down and abandoning module GeometryCacheSequencer (358)
[2018.09.13-00.17.43:030][323]LogModuleManager: Shutting down and abandoning module BackChannel (356)
[2018.09.13-00.17.43:035][323]LogModuleManager: Shutting down and abandoning module AppleVision (354)
[2018.09.13-00.17.43:035][323]LogModuleManager: Shutting down and abandoning module AppleImageUtils (352)
[2018.09.13-00.17.43:035][323]LogModuleManager: Shutting down and abandoning module AlembicImporter (350)
[2018.09.13-00.17.43:035][323]LogModuleManager: Shutting down and abandoning module AlembicLibrary (349)
[2018.09.13-00.17.43:035][323]LogModuleManager: Shutting down and abandoning module GeometryCache (348)
[2018.09.13-00.17.43:035][323]LogModuleManager: Shutting down and abandoning module GeometryCacheEd (347)
[2018.09.13-00.17.43:035][323]LogModuleManager: Shutting down and abandoning module DatasmithContentEditor (342)
[2018.09.13-00.17.43:035][323]LogModuleManager: Shutting down and abandoning module DatasmithContent (340)
[2018.09.13-00.17.43:036][323]LogModuleManager: Shutting down and abandoning module SpeedTreeImporter (338)
[2018.09.13-00.17.43:036][323]LogModuleManager: Shutting down and abandoning module PluginBrowser (336)
[2018.09.13-00.17.43:066][323]LogModuleManager: Shutting down and abandoning module MobileLauncherProfileWizard (334)
[2018.09.13-00.17.43:076][323]LogModuleManager: Shutting down and abandoning module PolygonModeling (332)
[2018.09.13-00.17.43:076][323]LogModuleManager: Shutting down and abandoning module MeshEditor (330)
[2018.09.13-00.17.43:077][323]LogModuleManager: Shutting down and abandoning module CryptoKeysOpenSSL (328)
[2018.09.13-00.17.43:084][323]LogModuleManager: Shutting down and abandoning module CryptoKeys (326)
[2018.09.13-00.17.43:084][323]LogModuleManager: Shutting down and abandoning module VisualStudioSourceCodeAccess (324)
[2018.09.13-00.17.43:084][323]LogModuleManager: Shutting down and abandoning module VisualStudioCodeSourceCodeAccess (322)
[2018.09.13-00.17.43:084][323]LogModuleManager: Shutting down and abandoning module UObjectPlugin (320)
[2018.09.13-00.17.43:084][323]LogModuleManager: Shutting down and abandoning module SubversionSourceControl (318)
[2018.09.13-00.17.43:091][323]LogModuleManager: Shutting down and abandoning module PerforceSourceControl (316)
[2018.09.13-00.17.43:103][323]LogModuleManager: Shutting down and abandoning module GitSourceControl (314)
[2018.09.13-00.17.43:104][323]LogModuleManager: Shutting down and abandoning module SourceControl (313)
[2018.09.13-00.17.43:104][323]LogModuleManager: Shutting down and abandoning module CLionSourceCodeAccess (310)
[2018.09.13-00.17.43:104][323]LogModuleManager: Shutting down and abandoning module LightPropagationVolumeEditor (308)
[2018.09.13-00.17.43:104][323]LogModuleManager: Shutting down and abandoning module PaperTiledImporter (306)
[2018.09.13-00.17.43:104][323]LogModuleManager: Shutting down and abandoning module PaperSpriteSheetImporter (304)
[2018.09.13-00.17.43:104][323]LogModuleManager: Shutting down and abandoning module Paper2DEditor (302)
[2018.09.13-00.17.43:115][323]LogModuleManager: Shutting down and abandoning module MeshPaint (301)
[2018.09.13-00.17.43:132][323]LogModuleManager: Shutting down and abandoning module RuntimePhysXCooking (298)
[2018.09.13-00.17.43:132][323]LogModuleManager: Shutting down and abandoning module PhysXVehiclesEditor (296)
[2018.09.13-00.17.43:132][323]LogModuleManager: Shutting down and abandoning module PhysXVehicles (294)
[2018.09.13-00.17.43:132][323]LogModuleManager: Shutting down and abandoning module OculusEditor (292)
[2018.09.13-00.17.43:138][323]LogModuleManager: Shutting down and abandoning module LocationServicesBPLibrary (290)
[2018.09.13-00.17.43:138][323]LogModuleManager: Shutting down and abandoning module ImmediatePhysicsEditor (288)
[2018.09.13-00.17.43:138][323]LogModuleManager: Shutting down and abandoning module ImmediatePhysics (286)
[2018.09.13-00.17.43:150][323]LogModuleManager: Shutting down and abandoning module ActorSequence (284)
[2018.09.13-00.17.43:150][323]LogModuleManager: Shutting down and abandoning module UdpMessaging (282)
[2018.09.13-00.17.43:251][323]LogModuleManager: Shutting down and abandoning module TcpMessaging (280)
[2018.09.13-00.17.43:370][323]LogModuleManager: Shutting down and abandoning module MagicLeapAudio (278)
[2018.09.13-00.17.43:370][323]LogModuleManager: Shutting down and abandoning module GameplayTagsEditor (276)
[2018.09.13-00.17.43:378][323]LogModuleManager: Shutting down and abandoning module FacialAnimationEditor (274)
[2018.09.13-00.17.43:378][323]LogModuleManager: Shutting down and abandoning module FacialAnimation (272)
[2018.09.13-00.17.43:378][323]LogModuleManager: Shutting down and abandoning module DataValidation (270)
[2018.09.13-00.17.43:378][323]LogModuleManager: Shutting down and abandoning module AssetManagerEditor (268)
[2018.09.13-00.17.43:392][323]LogModuleManager: Shutting down and abandoning module LevelEditor (267)
[2018.09.13-00.17.43:411][323]LogModuleManager: Shutting down and abandoning module PixelInspectorModule (266)
[2018.09.13-00.17.43:423][323]LogModuleManager: Shutting down and abandoning module CommonMenuExtensions (264)
[2018.09.13-00.17.43:423][323]LogModuleManager: Shutting down and abandoning module MainFrame (262)
[2018.09.13-00.17.43:423][323]LogModuleManager: Shutting down and abandoning module HotReload (261)
[2018.09.13-00.17.43:438][323]LogModuleManager: Shutting down and abandoning module ContentBrowser (257)
[2018.09.13-00.17.43:441][323]LogModuleManager: Shutting down and abandoning module TreeMap (255)
[2018.09.13-00.17.43:452][323]LogModuleManager: Shutting down and abandoning module LightPropagationVolumeRuntime (252)
[2018.09.13-00.17.43:452][323]LogModuleManager: Shutting down and abandoning module AISupportModule (250)
[2018.09.13-00.17.43:452][323]LogModuleManager: Shutting down and abandoning module Paper2D (248)
[2018.09.13-00.17.43:464][323]LogModuleManager: Shutting down and abandoning module WindowsMoviePlayer (246)
[2018.09.13-00.17.43:495][323]LogModuleManager: Shutting down and abandoning module WmfMedia (244)
[2018.09.13-00.17.43:509][323]LogModuleManager: Shutting down and abandoning module Media (243)
[2018.09.13-00.17.43:516][323]LogModuleManager: Shutting down and abandoning module PacketHandler (240)
[2018.09.13-00.17.43:516][323]LogModuleManager: Shutting down and abandoning module ClothingSystemEditor (238)
[2018.09.13-00.17.43:516][323]LogModuleManager: Shutting down and abandoning module ClothingSystemRuntime (236)
[2018.09.13-00.17.43:537][323]LogModuleManager: Shutting down and abandoning module MediaAssets (234)
[2018.09.13-00.17.43:537][323]LogModuleManager: Shutting down and abandoning module Overlay (232)
[2018.09.13-00.17.43:537][323]LogModuleManager: Shutting down and abandoning module OverlayEditor (231)
[2018.09.13-00.17.43:537][323]LogModuleManager: Shutting down and abandoning module VREditor (228)
[2018.09.13-00.17.43:548][323]LogModuleManager: Shutting down and abandoning module StringTableEditor (226)
[2018.09.13-00.17.43:566][323]LogModuleManager: Shutting down and abandoning module GameplayTasksEditor (224)
[2018.09.13-00.17.43:566][323]LogModuleManager: Shutting down and abandoning module BehaviorTreeEditor (222)
[2018.09.13-00.17.43:590][323]LogModuleManager: Shutting down and abandoning module FunctionalTesting (220)
[2018.09.13-00.17.43:599][323]LogModuleManager: Shutting down and abandoning module CollisionAnalyzer (218)
[2018.09.13-00.17.43:617][323]LogModuleManager: Shutting down and abandoning module WorkspaceMenuStructure (217)
[2018.09.13-00.17.43:617][323]LogModuleManager: Shutting down and abandoning module UMG (214)
[2018.09.13-00.17.43:626][323]LogModuleManager: Shutting down and abandoning module UMGEditor (213)
[2018.09.13-00.17.43:659][323]LogModuleManager: Shutting down and abandoning module Sequencer (212)
[2018.09.13-00.17.43:683][323]LogModuleManager: Shutting down and abandoning module MessageLog (209)
[2018.09.13-00.17.43:683][323]LogModuleManager: Shutting down and abandoning module SlateReflector (204)
[2018.09.13-00.17.43:696][323]LogModuleManager: Shutting down and abandoning module Slate (202)
[2018.09.13-00.17.43:696][323]LogModuleManager: Shutting down and abandoning module EditorStyle (200)
[2018.09.13-00.17.43:698][323]LogModuleManager: Shutting down and abandoning module MRMesh (198)
[2018.09.13-00.17.43:698][323]LogModuleManager: Shutting down and abandoning module SourceCodeAccess (196)
[2018.09.13-00.17.43:699][323]LogModuleManager: Shutting down and abandoning module HeadMountedDisplay (194)
[2018.09.13-00.17.43:699][323]LogModuleManager: Shutting down and abandoning module XAudio2 (192)
[2018.09.13-00.17.43:699][323]LogModuleManager: Shutting down and abandoning module Networking (190)
[2018.09.13-00.17.43:699][323]LogModuleManager: Shutting down and abandoning module Core (188)
[2018.09.13-00.17.43:699][323]LogModuleManager: Shutting down and abandoning module LevelSequence (186)
[2018.09.13-00.17.43:699][323]LogModuleManager: Shutting down and abandoning module KismetCompiler (184)
[2018.09.13-00.17.43:699][323]LogModuleManager: Shutting down and abandoning module MeshUtilities (182)
[2018.09.13-00.17.43:709][323]LogModuleManager: Shutting down and abandoning module MeshMergeUtilities (181)
[2018.09.13-00.17.43:718][323]LogModuleManager: Shutting down and abandoning module MeshReductionInterface (180)
[2018.09.13-00.17.43:718][323]LogModuleManager: Shutting down and abandoning module SimplygonSwarm (179)
[2018.09.13-00.17.43:726][323]LogModuleManager: Shutting down and abandoning module ProxyLODMeshReduction (177)
[2018.09.13-00.17.43:745][323]LogModuleManager: Shutting down and abandoning module SimplygonMeshReduction (175)
[2018.09.13-00.17.43:745][323]LogModuleManager: Shutting down and abandoning module QuadricMeshReduction (173)
[2018.09.13-00.17.43:760][323]LogModuleManager: Shutting down and abandoning module MaterialBaking (169)
[2018.09.13-00.17.43:775][323]LogModuleManager: Shutting down and abandoning module DirectoryWatcher (165)
[2018.09.13-00.17.43:776][323]LogModuleManager: Shutting down and abandoning module DerivedDataCache (162)
[2018.09.13-00.17.43:785][323]LogDerivedDataCache: Shutdown
[2018.09.13-00.17.43:786][323]LogModuleManager: Shutting down and abandoning module XGEController (160)
[2018.09.13-00.17.43:786][323]LogXGEController: Cleaning working directory: C:/Users/aliha/AppData/Local/Temp/UnrealXGEWorkingDir/
[2018.09.13-00.17.43:786][323]LogModuleManager: Shutting down and abandoning module TargetPlatform (158)
[2018.09.13-00.17.43:786][323]LogModuleManager: Shutting down and abandoning module VulkanShaderFormat (157)
[2018.09.13-00.17.43:800][323]LogModuleManager: Shutting down and abandoning module ShaderFormatVectorVM (155)
[2018.09.13-00.17.43:800][323]LogModuleManager: Shutting down and abandoning module ShaderFormatOpenGL (153)
[2018.09.13-00.17.43:808][323]LogModuleManager: Shutting down and abandoning module ShaderFormatD3D (151)
[2018.09.13-00.17.43:808][323]LogModuleManager: Shutting down and abandoning module MetalShaderFormat (149)
[2018.09.13-00.17.43:823][323]LogModuleManager: Shutting down and abandoning module TextureFormatUncompressed (147)
[2018.09.13-00.17.43:823][323]LogModuleManager: Shutting down and abandoning module TextureFormatPVR (145)
[2018.09.13-00.17.43:823][323]LogModuleManager: Shutting down and abandoning module TextureFormatDXT (143)
[2018.09.13-00.17.43:823][323]LogModuleManager: Shutting down and abandoning module TextureFormatIntelISPCTexComp (141)
[2018.09.13-00.17.43:823][323]LogModuleManager: Shutting down and abandoning module TextureFormatASTC (139)
[2018.09.13-00.17.43:823][323]LogModuleManager: Shutting down and abandoning module ImageWrapper (138)
[2018.09.13-00.17.43:823][323]LogModuleManager: Shutting down and abandoning module TextureFormatAndroid (135)
[2018.09.13-00.17.43:823][323]LogModuleManager: Shutting down and abandoning module AudioFormatOpus (133)
[2018.09.13-00.17.43:823][323]LogModuleManager: Shutting down and abandoning module AudioFormatOgg (131)
[2018.09.13-00.17.43:823][323]LogModuleManager: Shutting down and abandoning module AudioFormatADPCM (129)
[2018.09.13-00.17.43:823][323]LogModuleManager: Shutting down and abandoning module LuminTargetPlatform (127)
[2018.09.13-00.17.43:823][323]LogModuleManager: Shutting down and abandoning module LinuxTargetPlatform (125)
[2018.09.13-00.17.43:823][323]LogModuleManager: Shutting down and abandoning module LinuxServerTargetPlatform (123)
[2018.09.13-00.17.43:823][323]LogModuleManager: Shutting down and abandoning module LinuxNoEditorTargetPlatform (121)
[2018.09.13-00.17.43:823][323]LogModuleManager: Shutting down and abandoning module LinuxClientTargetPlatform (119)
[2018.09.13-00.17.43:823][323]LogModuleManager: Shutting down and abandoning module TVOSTargetPlatform (117)
[2018.09.13-00.17.43:827][323]LogModuleManager: Shutting down and abandoning module Messaging (115)
[2018.09.13-00.17.43:827][323]LogModuleManager: Shutting down and abandoning module IOSTargetPlatform (113)
[2018.09.13-00.17.43:831][323]LogModuleManager: Shutting down and abandoning module HTML5TargetPlatform (111)
[2018.09.13-00.17.43:831][323]LogModuleManager: Shutting down and abandoning module AndroidTargetPlatform (109)
[2018.09.13-00.17.43:864][323]LogModuleManager: Shutting down and abandoning module WindowsTargetPlatform (107)
[2018.09.13-00.17.43:864][323]LogModuleManager: Shutting down and abandoning module WindowsServerTargetPlatform (105)
[2018.09.13-00.17.43:864][323]LogModuleManager: Shutting down and abandoning module WindowsNoEditorTargetPlatform (103)
[2018.09.13-00.17.43:864][323]LogModuleManager: Shutting down and abandoning module WindowsClientTargetPlatform (101)
[2018.09.13-00.17.43:864][323]LogModuleManager: Shutting down and abandoning module MacTargetPlatform (99)
[2018.09.13-00.17.43:864][323]LogModuleManager: Shutting down and abandoning module MacServerTargetPlatform (97)
[2018.09.13-00.17.43:864][323]LogModuleManager: Shutting down and abandoning module MacNoEditorTargetPlatform (95)
[2018.09.13-00.17.43:864][323]LogModuleManager: Shutting down and abandoning module MacClientTargetPlatform (93)
[2018.09.13-00.17.43:864][323]LogModuleManager: Shutting down and abandoning module AllDesktopTargetPlatform (91)
[2018.09.13-00.17.43:864][323]LogModuleManager: Shutting down and abandoning module InputCore (88)
[2018.09.13-00.17.43:864][323]LogModuleManager: Shutting down and abandoning module Settings (86)
[2018.09.13-00.17.43:865][323]LogModuleManager: Shutting down and abandoning module PhysXCooking (84)
[2018.09.13-00.17.43:865][323]LogModuleManager: Shutting down and abandoning module SteamVR (82)
[2018.09.13-00.17.43:883][323]LogModuleManager: Shutting down and abandoning module OculusHMD (80)
[2018.09.13-00.17.43:888][323]LogModuleManager: Shutting down and abandoning module ExampleDeviceProfileSelector (78)
[2018.09.13-00.17.43:888][323]LogModuleManager: Shutting down and abandoning module LauncherChunkInstaller (76)
[2018.09.13-00.17.43:888][323]LogModuleManager: Shutting down and abandoning module OnlineBlueprintSupport (74)
[2018.09.13-00.17.43:888][323]LogModuleManager: Shutting down and abandoning module OnlineSubsystem (70)
[2018.09.13-00.17.43:915][323]LogModuleManager: Shutting down and abandoning module XMPP (65)
[2018.09.13-00.17.43:944][323]LogModuleManager: Shutting down and abandoning module WebSockets (64)
[2018.09.13-00.17.43:969][323]LogModuleManager: Shutting down and abandoning module HTTP (61)
[2018.09.13-00.17.43:975][323]LogHttp: Display: Http module shutting down, but needs to wait on 1 outstanding Http requests:
[2018.09.13-00.17.43:975][323]LogHttp: Display: 	verb=[POST] url=[https://datarouter.ol.epicgames.com/datarouter/api/v1/public/data?SessionID=%7B838EEE7D-4FF2-3B09-DCEB-F9AB8ECB3E7A%7D&AppID=UEEditor.Rocket.Release&AppVersion=4.20.1-4233996%2B%2B%2BUE4%2BRelease-4.20&UserID=23b803834a6e21c2335149ab046191d9%7C6a37eeab3d4f4c15b78733ca7c7e556d%7C902a0952-3a11-4de2-b10f-3626945c9d73&AppEnvironment=datacollector-binary&UploadType=eteventstream] status=Processing
[2018.09.13-00.17.43:982][323]LogModuleManager: Shutting down and abandoning module SSL (60)
[2018.09.13-00.17.44:003][323]LogModuleManager: Shutting down and abandoning module MagicLeapEmulator (56)
[2018.09.13-00.17.44:003][323]LogModuleManager: Shutting down and abandoning module MagicLeapPrivileges (54)
[2018.09.13-00.17.44:003][323]LogModuleManager: Shutting down and abandoning module MagicLeapIdentity (52)
[2018.09.13-00.17.44:003][323]LogModuleManager: Shutting down and abandoning module MagicLeapHelperVulkan (50)
[2018.09.13-00.17.44:003][323]LogModuleManager: Shutting down and abandoning module MagicLeapHelperOpenGL (48)
[2018.09.13-00.17.44:003][323]LogModuleManager: Shutting down and abandoning module MagicLeapSecureStorage (46)
[2018.09.13-00.17.44:003][323]LogModuleManager: Shutting down and abandoning module MagicLeapGestures (44)
[2018.09.13-00.17.44:003][323]LogModuleManager: Shutting down and abandoning module MagicLeapEyeTracker (42)
[2018.09.13-00.17.44:003][323]LogModuleManager: Shutting down and abandoning module MagicLeapController (40)
[2018.09.13-00.17.44:013][323]LogSlate: Slate User Destroyed.  User Index 0, Is Virtual User: 0
[2018.09.13-00.17.44:013][323]LogModuleManager: Shutting down and abandoning module MagicLeap (38)
[2018.09.13-00.17.44:013][323]LogModuleManager: Shutting down and abandoning module AnimationModifiers (36)
[2018.09.13-00.17.44:028][323]LogModuleManager: Shutting down and abandoning module PropertyEditor (35)
[2018.09.13-00.17.44:028][323]LogModuleManager: Shutting down and abandoning module AudioEditor (32)
[2018.09.13-00.17.44:038][323]LogModuleManager: Shutting down and abandoning module TextureCompressor (30)
[2018.09.13-00.17.44:038][323]LogModuleManager: Shutting down and abandoning module ShaderCore (28)
[2018.09.13-00.17.44:038][323]LogModuleManager: Shutting down and abandoning module Landscape (26)
[2018.09.13-00.17.44:038][323]LogModuleManager: Shutting down and abandoning module SlateRHIRenderer (24)
[2018.09.13-00.17.44:062][323]LogModuleManager: Shutting down and abandoning module OpenGLDrv (22)
[2018.09.13-00.17.44:076][323]LogModuleManager: Shutting down and abandoning module D3D11RHI (20)
[2018.09.13-00.17.44:076][323]LogModuleManager: Shutting down and abandoning module AnimGraphRuntime (18)
[2018.09.13-00.17.44:094][323]LogModuleManager: Shutting down and abandoning module Renderer (16)
[2018.09.13-00.17.44:094][323]LogModuleManager: Shutting down and abandoning module Engine (14)
[2018.09.13-00.17.44:094][323]LogModuleManager: Shutting down and abandoning module CoreUObject (12)
[2018.09.13-00.17.44:108][323]LogModuleManager: Shutting down and abandoning module NetworkFile (10)
[2018.09.13-00.17.44:108][323]LogModuleManager: Shutting down and abandoning module CookedIterativeFile (8)
[2018.09.13-00.17.44:108][323]LogModuleManager: Shutting down and abandoning module StreamingFile (6)
[2018.09.13-00.17.44:108][323]LogModuleManager: Shutting down and abandoning module SandboxFile (4)
[2018.09.13-00.17.44:108][323]LogModuleManager: Shutting down and abandoning module PakFile (2)
[2018.09.13-00.17.44:135][323]LogExit: Exiting.
[2018.09.13-00.17.44:163][323]Log file closed, 09/12/18 20:17:44
