Log file open, 11/04/18 13:56:58
LogWindows: Failed to load 'aqProf.dll' (GetLastError=126)
LogWindows: File 'aqProf.dll' does not exist
LogWindows: Failed to load 'VSPerf140.dll' (GetLastError=126)
LogWindows: File 'VSPerf140.dll' does not exist
LogWindows: Failed to load 'VtuneApi.dll' (GetLastError=126)
LogWindows: File 'VtuneApi.dll' does not exist
LogWindows: Failed to load 'VtuneApi32e.dll' (GetLastError=126)
LogWindows: File 'VtuneApi32e.dll' does not exist
LogInit: Display: Running engine for game: TheSummit
LogPlatformFile: Not using cached read wrapper
LogTaskGraph: Started task graph with 5 named threads and 47 total threads with 3 sets of task threads.
LogStats: Stats thread started at 0.550521
LogD3D11RHI: Loaded GFSDK_Aftermath_Lib.x64.dll
LogICUInternationalization: Display: ICU TimeZone Detection - Raw Offset: -5:00, Platform Override: ''
LogPluginManager: Mounting plugin Paper2D
LogPluginManager: Mounting plugin AISupport
LogPluginManager: Mounting plugin LightPropagationVolume
LogPluginManager: Mounting plugin CLionSourceCodeAccess
LogPluginManager: Mounting plugin CodeLiteSourceCodeAccess
LogPluginManager: Mounting plugin GitSourceControl
LogPluginManager: Mounting plugin KDevelopSourceCodeAccess
LogPluginManager: Mounting plugin NullSourceCodeAccess
LogPluginManager: Mounting plugin PerforceSourceControl
LogPluginManager: Mounting plugin SubversionSourceControl
LogPluginManager: Mounting plugin UObjectPlugin
LogPluginManager: Mounting plugin VisualStudioCodeSourceCodeAccess
LogPluginManager: Mounting plugin VisualStudioSourceCodeAccess
LogPluginManager: Mounting plugin XCodeSourceCodeAccess
LogPluginManager: Mounting plugin AssetManagerEditor
LogPluginManager: Mounting plugin CryptoKeys
LogPluginManager: Mounting plugin DataValidation
LogPluginManager: Mounting plugin FacialAnimation
LogPluginManager: Mounting plugin GameplayTagsEditor
LogPluginManager: Mounting plugin MacGraphicsSwitching
LogPluginManager: Mounting plugin MeshEditor
LogPluginManager: Mounting plugin MobileLauncherProfileWizard
LogPluginManager: Mounting plugin PluginBrowser
LogPluginManager: Mounting plugin SpeedTreeImporter
LogPluginManager: Mounting plugin DatasmithContent
LogPluginManager: Mounting plugin AlembicImporter
LogPluginManager: Mounting plugin AppleImageUtils
LogPluginManager: Mounting plugin AppleVision
LogPluginManager: Mounting plugin BackChannel
LogPluginManager: Mounting plugin CharacterAI
LogPluginManager: Mounting plugin GeometryCache
LogPluginManager: Mounting plugin HTML5Networking
LogPluginManager: Mounting plugin ProxyLODPlugin
LogPluginManager: Mounting plugin MagicLeap
LogPluginManager: Mounting plugin MagicLeapEmulator
LogPluginManager: Mounting plugin MagicLeapMedia
LogPluginManager: Mounting plugin AndroidMedia
LogPluginManager: Mounting plugin AvfMedia
LogPluginManager: Mounting plugin ImgMedia
LogPluginManager: Mounting plugin LinearTimecode
LogPluginManager: Mounting plugin MediaCompositing
LogPluginManager: Mounting plugin MediaPlayerEditor
LogPluginManager: Mounting plugin WmfMedia
LogPluginManager: Mounting plugin TcpMessaging
LogPluginManager: Mounting plugin UdpMessaging
LogPluginManager: Mounting plugin ActorSequence
LogPluginManager: Mounting plugin LevelSequenceEditor
LogPluginManager: Mounting plugin MatineeToLevelSequence
LogPluginManager: Mounting plugin NetcodeUnitTest
LogPluginManager: Mounting plugin NUTUnrealEngine4
LogPluginManager: Mounting plugin OnlineSubsystemGooglePlay
LogPluginManager: Mounting plugin OnlineSubsystemIOS
LogPluginManager: Mounting plugin OnlineSubsystem
LogPluginManager: Mounting plugin OnlineSubsystemNull
LogPluginManager: Mounting plugin OnlineSubsystemUtils
LogPluginManager: Mounting plugin LauncherChunkInstaller
LogPluginManager: Mounting plugin AndroidDeviceProfileSelector
LogPluginManager: Mounting plugin AndroidMoviePlayer
LogPluginManager: Mounting plugin AndroidPermission
LogPluginManager: Mounting plugin AppleMoviePlayer
LogPluginManager: Mounting plugin ArchVisCharacter
LogPluginManager: Mounting plugin AudioCapture
LogPluginManager: Mounting plugin CableComponent
LogPluginManager: Mounting plugin CustomMeshComponent
LogPluginManager: Mounting plugin EditableMesh
LogPluginManager: Mounting plugin ExampleDeviceProfileSelector
LogPluginManager: Mounting plugin GoogleCloudMessaging
LogPluginManager: Mounting plugin ImmediatePhysics
LogPluginManager: Mounting plugin IOSDeviceProfileSelector
LogPluginManager: Mounting plugin LinuxDeviceProfileSelector
LogPluginManager: Mounting plugin LocationServicesBPLibrary
LogPluginManager: Mounting plugin MobilePatchingUtils
LogPluginManager: Mounting plugin OculusVR
LogPluginManager: Plugin shader directory ../../../Engine/Plugins/Runtime/Oculus/OculusVR/Shaders found
LogPluginManager: Mapping shader source directory ../../../Engine/Plugins/Runtime/Oculus/OculusVR/Shaders to virtual directory /Plugin/OculusVR
LogPluginManager: Mounting plugin PhysXVehicles
LogPluginManager: Mounting plugin ProceduralMeshComponent
LogPluginManager: Mounting plugin RuntimePhysXCooking
LogPluginManager: Mounting plugin SteamVR
LogPluginManager: Mounting plugin WindowsMoviePlayer
LogStreaming: Display: Took  0.291s to configure plugins.
LogInit: Using libcurl 7.55.1-DEV
LogInit:  - built for x86_64-pc-win32
LogInit:  - supports SSL with OpenSSL/1.0.2h
LogInit:  - supports HTTP deflate (compression) using libz 1.2.8
LogInit:  - other features:
LogInit:      CURL_VERSION_SSL
LogInit:      CURL_VERSION_LIBZ
LogInit:      CURL_VERSION_IPV6
LogInit:      CURL_VERSION_ASYNCHDNS
LogInit:      CURL_VERSION_LARGEFILE
LogInit:      CURL_VERSION_IDN
LogInit:  CurlRequestOptions (configurable via config and command line):
LogInit:  - bVerifyPeer = false  - Libcurl will NOT verify peer certificate
LogInit:  - bUseHttpProxy = false  - Libcurl will NOT use HTTP proxy
LogInit:  - bDontReuseConnections = false  - Libcurl will reuse connections
LogInit:  - CertBundlePath = nullptr  - Libcurl will use whatever was configured at build time.
LogInit:  - MaxHostConnections = 16  - Libcurl will limit the number of connections to a host
LogInit:  - LocalHostAddr = Default
LogInit:  - BufferSize = 65536
LogInit: WinSock: version 1.1 (2.2), MaxSocks=32767, MaxUdp=65467
LogHMD: Failed initializing OVRPlugin 1.25.0
LogInit: Build: ++UE4+Release-4.20-CL-4233996
LogInit: Engine Version: 4.20.1-4233996+++UE4+Release-4.20
LogInit: Compatible Engine Version: 4.20.0-4212847+++UE4+Release-4.20
LogInit: Net CL: 4212847
LogInit: OS: Windows 10 (), CPU: AMD Ryzen 7 1700 Eight-Core Processor          , GPU: NVIDIA GeForce GTX 1080
LogInit: Compiled (64-bit): Jul 26 2018 10:07:30
LogInit: Compiled with Visual C++: 19.13.26129.00
LogInit: Build Configuration: Development
LogInit: Branch Name: ++UE4+Release-4.20
LogInit: Command Line: 
LogInit: Base Directory: D:/Unreal Engine/UE_4.20/Engine/Binaries/Win64/
LogInit: Installed Engine Build: 1
LogDevObjectVersion: Number of dev versions registered: 20
LogDevObjectVersion:   Dev-Blueprints (B0D832E4-1F89-4F0D-ACCF-7EB736FD4AA2): 10
LogDevObjectVersion:   Dev-Build (E1C64328-A22C-4D53-A36C-8E866417BD8C): 0
LogDevObjectVersion:   Dev-Core (375EC13C-06E4-48FB-B500-84F0262A717E): 2
LogDevObjectVersion:   Dev-Editor (E4B068ED-F494-42E9-A231-DA0B2E46BB41): 24
LogDevObjectVersion:   Dev-Framework (CFFC743F-43B0-4480-9391-14DF171D2073): 34
LogDevObjectVersion:   Dev-Mobile (B02B49B5-BB20-44E9-A304-32B752E40360): 2
LogDevObjectVersion:   Dev-Networking (A4E4105C-59A1-49B5-A7C5-40C4547EDFEE): 0
LogDevObjectVersion:   Dev-Online (39C831C9-5AE6-47DC-9A44-9C173E1C8E7C): 0
LogDevObjectVersion:   Dev-Physics (78F01B33-EBEA-4F98-B9B4-84EACCB95AA2): 0
LogDevObjectVersion:   Dev-Platform (6631380F-2D4D-43E0-8009-CF276956A95A): 0
LogDevObjectVersion:   Dev-Rendering (12F88B9F-8875-4AFC-A67C-D90C383ABD29): 26
LogDevObjectVersion:   Dev-Sequencer (7B5AE74C-D270-4C10-A958-57980B212A5A): 9
LogDevObjectVersion:   Dev-VR (D7296918-1DD6-4BDD-9DE2-64A83CC13884): 2
LogDevObjectVersion:   Dev-LoadTimes (C2A15278-BFE7-4AFE-6C17-90FF531DF755): 1
LogDevObjectVersion:   Private-Geometry (6EACA3D4-40EC-4CC1-B786-8BED09428FC5): 3
LogDevObjectVersion:   Dev-AnimPhys (29E575DD-E0A3-4627-9D10-D276232CDCEA): 17
LogDevObjectVersion:   Dev-ReflectionCapture (6B266CEC-1EC7-4B8F-A30B-E4D90942FC07): 1
LogDevObjectVersion:   Dev-Automation (0DF73D61-A23F-47EA-B727-89E90C41499A): 1
LogDevObjectVersion:   FortniteMain (601D1886-AC64-4F84-AA16-D3DE0DEAC7D6): 12
LogDevObjectVersion:   Dev-Enterprise (9DFFBCD6-494F-0158-E221-12823C92A888): 1
LogStreaming: Display: Took  0.363s to delete old logs.
LogInit: Presizing for max 8388607 objects, including 0 objects not considered by GC, pre-allocating 0 bytes for permanent pool.
LogInit: Object subsystem initialized
[2018.11.04-18.57.00:123][  0]LogInit: Selected Device Profile: [Windows]
[2018.11.04-18.57.00:123][  0]LogInit: Applying CVar settings loaded from the selected device profile: [Windows]
[2018.11.04-18.57.00:138][  0]LogHAL: Display: Platform has ~ 16 GB [17109286912 / 17179869184 / 16], which maps to Larger [LargestMinGB=32, LargerMinGB=12, DefaultMinGB=8, SmallerMinGB=6, SmallestMinGB=0)
[2018.11.04-18.57.00:138][  0]LogInit: Setting Device Profile CVar: [[r.Vulkan.UseRealUBs:1]]
[2018.11.04-18.57.00:138][  0]LogInit: Going up to parent DeviceProfile []
[2018.11.04-18.57.00:138][  0]LogInit: Computer: ALI-PC
[2018.11.04-18.57.00:138][  0]LogInit: User: aliha
[2018.11.04-18.57.00:138][  0]LogInit: CPU Page size=4096, Cores=8
[2018.11.04-18.57.00:138][  0]LogInit: High frequency timer resolution =2.929930 MHz
[2018.11.04-18.57.00:138][  0]LogMemory: Memory total: Physical=15.9GB (16GB approx)
[2018.11.04-18.57.00:138][  0]LogMemory: Platform Memory Stats for Windows
[2018.11.04-18.57.00:138][  0]LogMemory: Process Physical Memory: 104.20 MB used, 104.20 MB peak
[2018.11.04-18.57.00:138][  0]LogMemory: Process Virtual Memory: 101.68 MB used, 101.68 MB peak
[2018.11.04-18.57.00:138][  0]LogMemory: Physical Memory: 6991.46 MB used,  9325.23 MB free, 16316.69 MB total
[2018.11.04-18.57.00:139][  0]LogMemory: Virtual Memory: 4695.24 MB used,  9325.23 MB free, 134217728.00 MB total
[2018.11.04-18.57.00:158][  0]LogInit: Using OS detected language (en-US).
[2018.11.04-18.57.00:158][  0]LogInit: Using OS detected locale (en-US).
[2018.11.04-18.57.00:159][  0]LogTextLocalizationManager: No specific localization for 'en-US' exists, so the 'en' localization will be used.
[2018.11.04-18.57.00:546][  0]LogStreaming: Display: Took  0.388s to InitEngineTextLocalization.
[2018.11.04-18.57.00:546][  0]LogInit: Setting process to per monitor DPI aware
[2018.11.04-18.57.00:578][  0]LogSlate: New Slate User Created.  User Index 0, Is Virtual User: 0
[2018.11.04-18.57.00:578][  0]LogSlate: Slate User Registered.  User Index 0, Is Virtual User: 0
[2018.11.04-18.57.06:605][  0]LogHMD: Failed to initialize OpenVR with code 108
[2018.11.04-18.57.06:605][  0]LogD3D11RHI: D3D11 adapters:
[2018.11.04-18.57.06:677][  0]LogD3D11RHI:    0. 'NVIDIA GeForce GTX 1080' (Feature Level 11_0)
[2018.11.04-18.57.06:677][  0]LogD3D11RHI:       8079/0/8158 MB DedicatedVideo/DedicatedSystem/SharedSystem, Outputs:1, VendorId:0x10de
[2018.11.04-18.57.06:679][  0]LogD3D11RHI:    1. 'Microsoft Basic Render Driver' (Feature Level 11_0)
[2018.11.04-18.57.06:679][  0]LogD3D11RHI:       0/0/8158 MB DedicatedVideo/DedicatedSystem/SharedSystem, Outputs:0, VendorId:0x1414
[2018.11.04-18.57.06:679][  0]LogD3D11RHI: Chosen D3D11 Adapter: 0
[2018.11.04-18.57.06:697][  0]LogD3D11RHI: Creating new Direct3DDevice
[2018.11.04-18.57.06:697][  0]LogD3D11RHI:     GPU DeviceId: 0x1b80 (for the marketing name, search the web for "GPU Device Id")
[2018.11.04-18.57.06:697][  0]LogWindows: EnumDisplayDevices:
[2018.11.04-18.57.06:697][  0]LogWindows:    0. 'NVIDIA GeForce GTX 1080' (P:1 D:1)
[2018.11.04-18.57.06:697][  0]LogWindows:    1. 'NVIDIA GeForce GTX 1080' (P:0 D:0)
[2018.11.04-18.57.06:698][  0]LogWindows:    2. 'NVIDIA GeForce GTX 1080' (P:0 D:0)
[2018.11.04-18.57.06:698][  0]LogWindows:    3. 'NVIDIA GeForce GTX 1080' (P:0 D:0)
[2018.11.04-18.57.06:698][  0]LogWindows: DebugString: FoundDriverCount:4 
[2018.11.04-18.57.06:698][  0]LogD3D11RHI:     Adapter Name: NVIDIA GeForce GTX 1080
[2018.11.04-18.57.06:698][  0]LogD3D11RHI:   Driver Version: 416.34 (internal:25.21.14.1634, unified:416.34)
[2018.11.04-18.57.06:698][  0]LogD3D11RHI:      Driver Date: 10-10-2018
[2018.11.04-18.57.06:698][  0]LogRHI: Texture pool is 5655 MB (70% of 8079 MB)
[2018.11.04-18.57.06:751][  0]LogD3D11RHI: Async texture creation enabled
[2018.11.04-18.57.06:791][  0]LogD3D11RHI: GPU Timing Frequency: 1000.000000 (Debug: 2 2)
[2018.11.04-18.57.06:836][  0]LogShaderCompilers: Guid format shader working directory is 1 characters bigger than the processId version (../../../../../Github/climb-summit/TheSummit/Intermediate/Shaders/WorkingDirectory/19720/).
[2018.11.04-18.57.06:836][  0]LogShaderCompilers: Cleaned the shader compiler working directory 'C:/Users/aliha/AppData/Local/Temp/UnrealShaderWorkingDir/192D68AC48C85D85D1184481DEBF8A79/'.
[2018.11.04-18.57.07:102][  0]LogTemp: Display: Loaded TP AllDesktopTargetPlatform
[2018.11.04-18.57.07:117][  0]LogTemp: Display: Loaded TP MacClientTargetPlatform
[2018.11.04-18.57.07:132][  0]LogTemp: Display: Loaded TP MacNoEditorTargetPlatform
[2018.11.04-18.57.07:147][  0]LogTemp: Display: Loaded TP MacServerTargetPlatform
[2018.11.04-18.57.07:162][  0]LogTemp: Display: Loaded TP MacTargetPlatform
[2018.11.04-18.57.07:178][  0]LogTemp: Display: Loaded TP WindowsClientTargetPlatform
[2018.11.04-18.57.07:192][  0]LogTemp: Display: Loaded TP WindowsNoEditorTargetPlatform
[2018.11.04-18.57.07:208][  0]LogTemp: Display: Loaded TP WindowsServerTargetPlatform
[2018.11.04-18.57.07:214][  0]LogTemp: Display: Loaded TP WindowsTargetPlatform
[2018.11.04-18.57.07:303][  0]LogTemp: Display: Loaded TP AndroidTargetPlatform
[2018.11.04-18.57.07:303][  0]LogTemp: Display: Loaded TP AndroidTargetPlatform
[2018.11.04-18.57.07:303][  0]LogTemp: Display: Loaded TP AndroidTargetPlatform
[2018.11.04-18.57.07:303][  0]LogTemp: Display: Loaded TP AndroidTargetPlatform
[2018.11.04-18.57.07:303][  0]LogTemp: Display: Loaded TP AndroidTargetPlatform
[2018.11.04-18.57.07:303][  0]LogTemp: Display: Loaded TP AndroidTargetPlatform
[2018.11.04-18.57.07:303][  0]LogTemp: Display: Loaded TP AndroidTargetPlatform
[2018.11.04-18.57.07:303][  0]LogTemp: Display: Loaded TP AndroidTargetPlatform
[2018.11.04-18.57.07:303][  0]LogTemp: Display: Loaded TP AndroidTargetPlatform
[2018.11.04-18.57.07:303][  0]LogTemp: Display: Loaded TP AndroidTargetPlatform
[2018.11.04-18.57.07:303][  0]LogTemp: Display: Loaded TP AndroidTargetPlatform
[2018.11.04-18.57.07:303][  0]LogTemp: Display: Loaded TP AndroidTargetPlatform
[2018.11.04-18.57.07:303][  0]LogTemp: Display: Loaded TP AndroidTargetPlatform
[2018.11.04-18.57.07:303][  0]LogTemp: Display: Loaded TP AndroidTargetPlatform
[2018.11.04-18.57.07:303][  0]LogTemp: Display: Loaded TP AndroidTargetPlatform
[2018.11.04-18.57.07:303][  0]LogTemp: Display: Loaded TP AndroidTargetPlatform
[2018.11.04-18.57.07:303][  0]LogTemp: Display: Loaded TP AndroidTargetPlatform
[2018.11.04-18.57.07:303][  0]LogTemp: Display: Loaded TP AndroidTargetPlatform
[2018.11.04-18.57.07:305][  0]LogTemp: Display: Loaded TP HTML5TargetPlatform
[2018.11.04-18.57.07:369][  0]LogTemp: Display: Loaded TP IOSTargetPlatform
[2018.11.04-18.57.07:369][  0]LogTemp: Display: Loaded TP IOSTargetPlatform
[2018.11.04-18.57.07:399][  0]LogTemp: Display: Loaded TP TVOSTargetPlatform
[2018.11.04-18.57.07:399][  0]LogTemp: Display: Loaded TP TVOSTargetPlatform
[2018.11.04-18.57.07:413][  0]LogTemp: Display: Loaded TP LinuxClientTargetPlatform
[2018.11.04-18.57.07:429][  0]LogTemp: Display: Loaded TP LinuxNoEditorTargetPlatform
[2018.11.04-18.57.07:443][  0]LogTemp: Display: Loaded TP LinuxServerTargetPlatform
[2018.11.04-18.57.07:459][  0]LogTemp: Display: Loaded TP LinuxTargetPlatform
[2018.11.04-18.57.07:471][  0]LogTemp: Display: Loaded TP LuminTargetPlatform
[2018.11.04-18.57.07:471][  0]LogTargetPlatformManager: Display: Building Assets For Windows
[2018.11.04-18.57.07:519][  0]LogXGEController: Cleaning working directory: C:/Users/aliha/AppData/Local/Temp/UnrealXGEWorkingDir/
[2018.11.04-18.57.07:519][  0]LogXGEController: Cannot use XGE Controller as Incredibuild is not installed on this machine.
[2018.11.04-18.57.07:519][  0]LogShaderCompilers: Cannot use XGE Shader Compiler as Incredibuild is not installed on this machine.
[2018.11.04-18.57.07:519][  0]LogShaderCompilers: Display: Using Local Shader Compiler.
[2018.11.04-18.57.08:437][  0]LogDerivedDataCache: Display: Max Cache Size: 512 MB
[2018.11.04-18.57.08:490][  0]LogDerivedDataCache: Loaded boot cache 0.05s 75MB C:/Users/aliha/AppData/Local/UnrealEngine/4.20/DerivedDataCache/Boot.ddc.
[2018.11.04-18.57.08:490][  0]LogDerivedDataCache: Display: Loaded Boot cache: C:/Users/aliha/AppData/Local/UnrealEngine/4.20/DerivedDataCache/Boot.ddc
[2018.11.04-18.57.08:490][  0]LogDerivedDataCache: FDerivedDataBackendGraph:  Pak pak cache file ../../../../../Github/climb-summit/TheSummit/DerivedDataCache/DDC.ddp not found, will not use a pak cache.
[2018.11.04-18.57.08:490][  0]LogDerivedDataCache: Unable to find inner node Pak for hierarchical cache Hierarchy.
[2018.11.04-18.57.08:490][  0]LogDerivedDataCache: FDerivedDataBackendGraph:  CompressedPak pak cache file ../../../../../Github/climb-summit/TheSummit/DerivedDataCache/Compressed.ddp not found, will not use a pak cache.
[2018.11.04-18.57.08:490][  0]LogDerivedDataCache: Unable to find inner node CompressedPak for hierarchical cache Hierarchy.
[2018.11.04-18.57.08:503][  0]LogDerivedDataCache: Display: Pak cache opened for reading ../../../Engine/DerivedDataCache/Compressed.ddp.
[2018.11.04-18.57.08:516][  0]LogDerivedDataCache: Using Local data cache path C:/Users/aliha/AppData/Local/UnrealEngine/Common/DerivedDataCache: Writable
[2018.11.04-18.57.08:516][  0]LogDerivedDataCache: Shared data cache path not found in *engine.ini, will not use an Shared cache.
[2018.11.04-18.57.08:516][  0]LogDerivedDataCache: Unable to find inner node Shared for hierarchical cache Hierarchy.
[2018.11.04-18.57.08:534][  0]LogMaterial: Verifying Global Shaders for PCD3D_SM5
[2018.11.04-18.57.08:536][  0]LogSlate: Using FreeType 2.6.0
[2018.11.04-18.57.08:537][  0]LogSlate: SlateFontServices - WITH_FREETYPE: 1, WITH_HARFBUZZ: 1
[2018.11.04-18.57.08:623][  0]LogAssetRegistry: FAssetRegistry took 0.0269 seconds to start up
[2018.11.04-18.57.08:973][  0]LogInit: Selected Device Profile: [Windows]
[2018.11.04-18.57.09:119][  0]LogSimplygon: Simplygon DLL not present - disabling.
[2018.11.04-18.57.09:122][  0]LogMeshReduction: Using SimplygonSwarm for distributed automatic mesh merging
[2018.11.04-18.57.09:122][  0]LogMeshReduction: Using ProxyLODMeshReduction for automatic mesh merging
[2018.11.04-18.57.09:122][  0]LogMeshReduction: Using QuadricMeshReduction for automatic static mesh reduction
[2018.11.04-18.57.09:122][  0]LogMeshReduction: No automatic skeletal mesh reduction module available
[2018.11.04-18.57.09:142][  0]LogNetVersion: TheSummit 1.0.0, NetCL: 4212847, EngineNetVer: 5, GameNetVer: 0 (Checksum: 40220121)
[2018.11.04-18.57.09:748][  0]LogPackageLocalizationCache: Processed 11 localized package path(s) for 2 prioritized culture(s) in 0.117703 seconds
[2018.11.04-18.57.09:756][  0]LogUObjectArray: 38425 objects as part of root set at end of initial load.
[2018.11.04-18.57.09:756][  0]LogUObjectAllocator: 6690864 out of 0 bytes used by permanent object pool.
[2018.11.04-18.57.09:756][  0]LogUObjectArray: CloseDisregardForGC: 0/0 objects in disregard for GC pool
[2018.11.04-18.57.10:558][  0]LogMaterial: Display: Missing cached shader map for material BaseColor, compiling. 
[2018.11.04-18.57.10:559][  0]LogMaterial: Warning: D:\Unreal Engine\UE_4.20\Engine\Content\BufferVisualization\BaseColor.uasset: Failed to compile Material for platform PCD3D_SM5, Default Material will be used in game.
[2018.11.04-18.57.10:559][  0]LogMaterial: 	(Node SceneTexture) GBuffer scene textures not available with forward shading.
[2018.11.04-18.57.10:599][  0]LogMaterial: Display: Missing cached shader map for material LightingModel, compiling. 
[2018.11.04-18.57.10:599][  0]LogMaterial: Warning: D:\Unreal Engine\UE_4.20\Engine\Content\BufferVisualization\LightingModel.uasset: Failed to compile Material for platform PCD3D_SM5, Default Material will be used in game.
[2018.11.04-18.57.10:599][  0]LogMaterial: 	(Node SceneTexture) GBuffer scene textures not available with forward shading.
[2018.11.04-18.57.10:603][  0]LogMaterial: Display: Missing cached shader map for material MaterialAO, compiling. 
[2018.11.04-18.57.10:603][  0]LogMaterial: Warning: D:\Unreal Engine\UE_4.20\Engine\Content\BufferVisualization\MaterialAO.uasset: Failed to compile Material for platform PCD3D_SM5, Default Material will be used in game.
[2018.11.04-18.57.10:603][  0]LogMaterial: 	(Node SceneTexture) GBuffer scene textures not available with forward shading.
[2018.11.04-18.57.10:607][  0]LogMaterial: Display: Missing cached shader map for material Metallic, compiling. 
[2018.11.04-18.57.10:608][  0]LogMaterial: Warning: D:\Unreal Engine\UE_4.20\Engine\Content\BufferVisualization\Metallic.uasset: Failed to compile Material for platform PCD3D_SM5, Default Material will be used in game.
[2018.11.04-18.57.10:608][  0]LogMaterial: 	(Node SceneTexture) GBuffer scene textures not available with forward shading.
[2018.11.04-18.57.10:611][  0]LogMaterial: Display: Missing cached shader map for material Opacity, compiling. 
[2018.11.04-18.57.10:612][  0]LogMaterial: Warning: D:\Unreal Engine\UE_4.20\Engine\Content\BufferVisualization\Opacity.uasset: Failed to compile Material for platform PCD3D_SM5, Default Material will be used in game.
[2018.11.04-18.57.10:612][  0]LogMaterial: 	(Node SceneTexture) GBuffer scene textures not available with forward shading.
[2018.11.04-18.57.10:615][  0]LogMaterial: Display: Missing cached shader map for material Roughness, compiling. 
[2018.11.04-18.57.10:616][  0]LogMaterial: Warning: D:\Unreal Engine\UE_4.20\Engine\Content\BufferVisualization\Roughness.uasset: Failed to compile Material for platform PCD3D_SM5, Default Material will be used in game.
[2018.11.04-18.57.10:616][  0]LogMaterial: 	(Node SceneTexture) GBuffer scene textures not available with forward shading.
[2018.11.04-18.57.10:641][  0]LogMaterial: Display: Missing cached shader map for material Specular, compiling. 
[2018.11.04-18.57.10:641][  0]LogMaterial: Warning: D:\Unreal Engine\UE_4.20\Engine\Content\BufferVisualization\Specular.uasset: Failed to compile Material for platform PCD3D_SM5, Default Material will be used in game.
[2018.11.04-18.57.10:641][  0]LogMaterial: 	(Node SceneTexture) GBuffer scene textures not available with forward shading.
[2018.11.04-18.57.10:645][  0]LogMaterial: Display: Missing cached shader map for material SubsurfaceColor, compiling. 
[2018.11.04-18.57.10:645][  0]LogMaterial: Warning: D:\Unreal Engine\UE_4.20\Engine\Content\BufferVisualization\SubsurfaceColor.uasset: Failed to compile Material for platform PCD3D_SM5, Default Material will be used in game.
[2018.11.04-18.57.10:645][  0]LogMaterial: 	(Node SceneTexture) GBuffer scene textures not available with forward shading.
[2018.11.04-18.57.10:649][  0]LogMaterial: Display: Missing cached shader map for material WorldNormal, compiling. 
[2018.11.04-18.57.10:650][  0]LogMaterial: Warning: D:\Unreal Engine\UE_4.20\Engine\Content\BufferVisualization\WorldNormal.uasset: Failed to compile Material for platform PCD3D_SM5, Default Material will be used in game.
[2018.11.04-18.57.10:650][  0]LogMaterial: 	(Node SceneTexture) GBuffer scene textures not available with forward shading.
[2018.11.04-18.57.10:717][  0]LogTcpMessaging: Initializing TcpMessaging bridge
[2018.11.04-18.57.10:731][  0]LogUdpMessaging: Initializing bridge on interface 0.0.0.0:0 to multicast group 230.0.0.1:6666.
[2018.11.04-18.57.10:895][  0]SourceControl: Source control is disabled
[2018.11.04-18.57.11:385][  0]LogAndroidPermission: UAndroidPermissionCallbackProxy::GetInstance
[2018.11.04-18.57.11:443][  0]LogOcInput: OculusInput pre-init called
[2018.11.04-18.57.11:515][  0]LogEngine: Initializing Engine...
[2018.11.04-18.57.11:559][  0]LogHMD: Failed to initialize OpenVR with code 108
[2018.11.04-18.57.11:561][  0]LogStats: UGameplayTagsManager::ConstructGameplayTagTree: ImportINI prefixes -  0.000 s
[2018.11.04-18.57.11:561][  0]LogStats: UGameplayTagsManager::ConstructGameplayTagTree: Construct from data asset -  0.000 s
[2018.11.04-18.57.11:562][  0]LogStats: UGameplayTagsManager::ConstructGameplayTagTree: ImportINI -  0.000 s
[2018.11.04-18.57.11:562][  0]LogStats: UGameplayTagsManager::ConstructGameplayTagTree: GameplayTagTreeChangedEvent.Broadcast -  0.000 s
[2018.11.04-18.57.11:798][  0]LogInit: Initializing FReadOnlyCVARCache
[2018.11.04-18.57.11:811][  0]LogAIModule: Creating AISystem for world Untitled
[2018.11.04-18.57.11:823][  0]LogInit: XAudio2 using 'Speakers (USB Audio Device)' : 2 channels at 48 kHz using 16 bits per sample (channel mask 0x3)
[2018.11.04-18.57.11:839][  0]LogInit: FAudioDevice initialized.
[2018.11.04-18.57.11:839][  0]LogNetVersion: Set ProjectVersion to 1.0.0.0. Version Checksum will be recalculated on next use.
[2018.11.04-18.57.11:949][  0]LogDerivedDataCache: Saved boot cache 0.11s 75MB C:/Users/aliha/AppData/Local/UnrealEngine/4.20/DerivedDataCache/Boot.ddc.
[2018.11.04-18.57.11:953][  0]LogInit: Texture streaming: Enabled
[2018.11.04-18.57.11:967][  0]LogEngineSessionManager: EngineSessionManager initialized
[2018.11.04-18.57.11:991][  0]LogEngineSessionManager: EngineSessionManager sent abnormal shutdown report. Type=Crashed, SessionId={F19407E6-4151-5EEA-51C6-28807A9B1BA7}
[2018.11.04-18.57.12:007][  0]LogInit: Transaction tracking system initialized
[2018.11.04-18.57.12:024][  0]BlueprintLog: New page: Editor Load
[2018.11.04-18.57.12:108][  0]LocalizationService: Localization service is disabled
[2018.11.04-18.57.12:494][  0]LogCook: Display: Max memory allowance for cook 16384mb min free memory 0mb
[2018.11.04-18.57.12:494][  0]LogCook: Display: Mobile HDR setting 1
[2018.11.04-18.57.12:494][  0]LogGameplayTags: Display: UGameplayTagsManager::DoneAddingNativeTags. DelegateIsBound: 0
[2018.11.04-18.57.12:494][  0]LogStats: UGameplayTagsManager::ConstructGameplayTagTree: ImportINI prefixes -  0.000 s
[2018.11.04-18.57.12:494][  0]LogStats: UGameplayTagsManager::ConstructGameplayTagTree: Construct from data asset -  0.000 s
[2018.11.04-18.57.12:494][  0]LogStats: UGameplayTagsManager::ConstructGameplayTagTree: ImportINI -  0.000 s
[2018.11.04-18.57.12:494][  0]LogStats: UGameplayTagsManager::ConstructGameplayTagTree: GameplayTagTreeChangedEvent.Broadcast -  0.000 s
[2018.11.04-18.57.12:609][  0]LogFileCache: Scanning file cache for directory 'D:/Github/climb-summit/TheSummit/Content/' took 0.01s
[2018.11.04-18.57.12:710][  0]LogSlate: Updating window title bar state: overlay mode, drag disabled, window buttons hidden, title bar hidden
[2018.11.04-18.57.12:719][  0]LogSlate: Updating window title bar state: overlay mode, drag disabled, window buttons hidden, title bar hidden
[2018.11.04-18.57.12:729][  0]LogSlate: Updating window title bar state: overlay mode, drag disabled, window buttons hidden, title bar hidden
[2018.11.04-18.57.12:738][  0]LogSlate: Updating window title bar state: overlay mode, drag disabled, window buttons hidden, title bar hidden
[2018.11.04-18.57.12:744][  0]LogCollectionManager: Loaded 0 collections in 0.001283 seconds
[2018.11.04-18.57.12:787][  0]LogFileCache: Scanning file cache for directory 'D:/Github/climb-summit/TheSummit/Saved/Collections/' took 0.01s
[2018.11.04-18.57.12:787][  0]LogFileCache: Scanning file cache for directory 'D:/Github/climb-summit/TheSummit/Content/Developers/aliha/Collections/' took 0.01s
[2018.11.04-18.57.12:787][  0]LogFileCache: Scanning file cache for directory 'D:/Github/climb-summit/TheSummit/Content/Collections/' took 0.01s
[2018.11.04-18.57.12:787][  0]LogCollectionManager: Rebuilt the GUID cache for 0 collections in 0.000001 seconds
[2018.11.04-18.57.12:798][  0]LogContentBrowser: Native class hierarchy populated in 0.0107 seconds. Added 2572 classes and 603 folders.
[2018.11.04-18.57.12:804][  0]LogContentBrowser: Native class hierarchy updated for 'WidgetCarousel' in 0.0003 seconds. Added 0 classes and 0 folders.
[2018.11.04-18.57.12:874][  0]LogContentBrowser: Native class hierarchy updated for 'AddContentDialog' in 0.0003 seconds. Added 0 classes and 0 folders.
[2018.11.04-18.57.12:879][  0]LogContentBrowser: Native class hierarchy updated for 'SceneOutliner' in 0.0004 seconds. Added 1 classes and 2 folders.
[2018.11.04-18.57.12:899][  0]LogSlate: Took 0.000337 seconds to synchronously load lazily loaded font '../../../Engine/Content/Slate/Fonts/Roboto-Regular.ttf' (155K)
[2018.11.04-18.57.12:901][  0]LogSlate: Took 0.000279 seconds to synchronously load lazily loaded font '../../../Engine/Content/Slate/Fonts/Roboto-Bold.ttf' (160K)
[2018.11.04-18.57.12:907][  0]LogSlate: Took 0.000325 seconds to synchronously load lazily loaded font '../../../Engine/Content/Editor/Slate/Fonts/FontAwesome.ttf' (139K)
[2018.11.04-18.57.12:991][  0]LogRenderer: Reallocating scene render targets to support 1208x576 Format 10 NumSamples 1 (Frame:1).
[2018.11.04-18.57.13:083][  0]LogContentBrowser: Native class hierarchy updated for 'HierarchicalLODOutliner' in 0.0003 seconds. Added 0 classes and 0 folders.
[2018.11.04-18.57.13:083][  0]LogLoad: (Engine Initialization) Total time: 17.58 seconds
[2018.11.04-18.57.13:083][  0]LogLoad: (Engine Initialization) Total Blueprint compile time: 0.00 seconds
[2018.11.04-18.57.13:120][  0]LogContentStreaming: Texture pool size now 3000 MB
[2018.11.04-18.57.13:167][  1]LogAssetRegistry: Asset discovery search completed in 4.5661 seconds
[2018.11.04-18.57.13:169][  1]LogCollectionManager: Rebuilt the object cache for 0 collections in 0.000002 seconds (found 0 objects)
[2018.11.04-18.57.13:169][  1]LogCollectionManager: Fixed up redirectors for 0 collections in 0.000071 seconds (updated 0 objects)
[2018.11.04-18.57.14:498][  5]LogSlate: Took 0.000273 seconds to synchronously load lazily loaded font '../../../Engine/Content/Slate/Fonts/Roboto-Light.ttf' (167K)
[2018.11.04-18.57.42:487][219]LogSlate: FSceneViewport::OnFocusLost() reason 0
[2018.11.04-18.57.42:918][219]LogAssetEditorManager: Opening Asset editor for Blueprint /Game/AliTesting/Blueprints/ClimbingWall_Blueprint.ClimbingWall_Blueprint
[2018.11.04-18.57.43:535][219]LogContentBrowser: Native class hierarchy updated for 'BlueprintGraph' in 0.0008 seconds. Added 116 classes and 0 folders.
[2018.11.04-18.57.44:489][219]LogAssetEditorManager: Opening Asset editor for Blueprint /Game/AliTesting/Blueprints/Tree_Blueprint.Tree_Blueprint
[2018.11.04-18.57.44:872][219]LogAssetEditorManager: Opening Asset editor for Blueprint /Game/AliTesting/Blueprints/WoodItem_Blueprint.WoodItem_Blueprint
[2018.11.04-18.57.45:263][219]LogAssetEditorManager: Opening Asset editor for Blueprint /Game/AliTesting/Blueprints/Character_Blueprint.Character_Blueprint
[2018.11.04-18.57.45:675][219]LogSlate: Took 0.000318 seconds to synchronously load lazily loaded font '../../../Engine/Content/Slate/Fonts/Roboto-BoldCondensed.ttf' (158K)
[2018.11.04-18.57.45:977][220]LogSlate: Took 0.000296 seconds to synchronously load lazily loaded font '../../../Engine/Content/Slate/Fonts/Roboto-Italic.ttf' (157K)
[2018.11.04-19.01.04:262][801]LogEditorTransaction: Undo Paste clipboard contents
[2018.11.04-19.01.07:315][  2]LogUObjectHash: Warning: Ambiguous search, could be K2Node_InputKey /Game/AliTesting/Blueprints/Character_Blueprint.Character_Blueprint:EventGraph.K2Node_InputKey_2 or K2Node_InputKey /Game/AliTesting/Blueprints/Character_Blueprint.Character_Blueprint:EventGraph.K2Node_InputKey_2
[2018.11.04-19.01.07:315][  2]LogUObjectHash: Warning: Ambiguous search, could be K2Node_CallFunction /Game/AliTesting/Blueprints/Character_Blueprint.Character_Blueprint:EventGraph.K2Node_CallFunction_5 or K2Node_CallFunction /Game/AliTesting/Blueprints/Character_Blueprint.Character_Blueprint:EventGraph.K2Node_CallFunction_5
[2018.11.04-19.01.07:316][  2]LogUObjectHash: Warning: Ambiguous search, could be K2Node_VariableGet /Game/AliTesting/Blueprints/Character_Blueprint.Character_Blueprint:EventGraph.K2Node_VariableGet_5 or K2Node_VariableGet /Game/AliTesting/Blueprints/Character_Blueprint.Character_Blueprint:EventGraph.K2Node_VariableGet_5
[2018.11.04-19.01.07:316][  2]LogUObjectHash: Warning: Ambiguous search, could be K2Node_CallFunction /Game/AliTesting/Blueprints/Character_Blueprint.Character_Blueprint:EventGraph.K2Node_CallFunction_6 or K2Node_CallFunction /Game/AliTesting/Blueprints/Character_Blueprint.Character_Blueprint:EventGraph.K2Node_CallFunction_6
[2018.11.04-19.01.07:316][  2]LogUObjectHash: Warning: Ambiguous search, could be K2Node_VariableGet /Game/AliTesting/Blueprints/Character_Blueprint.Character_Blueprint:EventGraph.K2Node_VariableGet_6 or K2Node_VariableGet /Game/AliTesting/Blueprints/Character_Blueprint.Character_Blueprint:EventGraph.K2Node_VariableGet_6
[2018.11.04-19.01.07:316][  2]LogUObjectHash: Warning: Ambiguous search, could be K2Node_VariableGet /Game/AliTesting/Blueprints/Character_Blueprint.Character_Blueprint:EventGraph.K2Node_VariableGet_6 or K2Node_VariableGet /Game/AliTesting/Blueprints/Character_Blueprint.Character_Blueprint:EventGraph.K2Node_VariableGet_6
[2018.11.04-19.01.07:316][  2]LogUObjectHash: Warning: Ambiguous search, could be K2Node_IfThenElse /Game/AliTesting/Blueprints/Character_Blueprint.Character_Blueprint:EventGraph.K2Node_IfThenElse_1 or K2Node_IfThenElse /Game/AliTesting/Blueprints/Character_Blueprint.Character_Blueprint:EventGraph.K2Node_IfThenElse_1
[2018.11.04-19.01.07:316][  2]LogUObjectHash: Warning: Ambiguous search, could be K2Node_CallFunction /Game/AliTesting/Blueprints/Character_Blueprint.Character_Blueprint:EventGraph.K2Node_CallFunction_7 or K2Node_CallFunction /Game/AliTesting/Blueprints/Character_Blueprint.Character_Blueprint:EventGraph.K2Node_CallFunction_7
[2018.11.04-19.01.07:317][  2]LogUObjectHash: Warning: Ambiguous search, could be K2Node_CallFunction /Game/AliTesting/Blueprints/Character_Blueprint.Character_Blueprint:EventGraph.K2Node_CallFunction_8 or K2Node_CallFunction /Game/AliTesting/Blueprints/Character_Blueprint.Character_Blueprint:EventGraph.K2Node_CallFunction_8
[2018.11.04-19.01.07:317][  2]LogUObjectHash: Warning: Ambiguous search, could be K2Node_CallFunction /Game/AliTesting/Blueprints/Character_Blueprint.Character_Blueprint:EventGraph.K2Node_CallFunction_9 or K2Node_CallFunction /Game/AliTesting/Blueprints/Character_Blueprint.Character_Blueprint:EventGraph.K2Node_CallFunction_9
[2018.11.04-19.01.07:317][  2]LogUObjectHash: Warning: Ambiguous search, could be K2Node_VariableGet /Game/AliTesting/Blueprints/Character_Blueprint.Character_Blueprint:EventGraph.K2Node_VariableGet_13 or K2Node_VariableGet /Game/AliTesting/Blueprints/Character_Blueprint.Character_Blueprint:EventGraph.K2Node_VariableGet_13
[2018.11.04-19.01.07:317][  2]LogUObjectHash: Warning: Ambiguous search, could be K2Node_VariableGet /Game/AliTesting/Blueprints/Character_Blueprint.Character_Blueprint:EventGraph.K2Node_VariableGet_13 or K2Node_VariableGet /Game/AliTesting/Blueprints/Character_Blueprint.Character_Blueprint:EventGraph.K2Node_VariableGet_13
[2018.11.04-19.01.07:318][  2]LogUObjectHash: Warning: Ambiguous search, could be K2Node_CallFunction /Game/AliTesting/Blueprints/Character_Blueprint.Character_Blueprint:EventGraph.K2Node_CallFunction_11 or K2Node_CallFunction /Game/AliTesting/Blueprints/Character_Blueprint.Character_Blueprint:EventGraph.K2Node_CallFunction_11
[2018.11.04-19.01.07:318][  2]LogUObjectHash: Warning: Ambiguous search, could be K2Node_CallFunction /Game/AliTesting/Blueprints/Character_Blueprint.Character_Blueprint:EventGraph.K2Node_CallFunction_21 or K2Node_CallFunction /Game/AliTesting/Blueprints/Character_Blueprint.Character_Blueprint:EventGraph.K2Node_CallFunction_21
[2018.11.04-19.01.07:318][  2]LogUObjectHash: Warning: Ambiguous search, could be K2Node_Knot /Game/AliTesting/Blueprints/Character_Blueprint.Character_Blueprint:EventGraph.K2Node_Knot_0 or K2Node_Knot /Game/AliTesting/Blueprints/Character_Blueprint.Character_Blueprint:EventGraph.K2Node_Knot_0
[2018.11.04-19.01.07:319][  2]LogUObjectHash: Warning: Ambiguous search, could be K2Node_Knot /Game/AliTesting/Blueprints/Character_Blueprint.Character_Blueprint:EventGraph.K2Node_Knot_1 or K2Node_Knot /Game/AliTesting/Blueprints/Character_Blueprint.Character_Blueprint:EventGraph.K2Node_Knot_1
[2018.11.04-19.01.18:773][644]BlueprintLog: New page: Compile Character_Blueprint
[2018.11.04-19.01.18:896][644]LogBlueprint: Warning: [Compiler Character_Blueprint] Could not find a variable named "GrabPoint" in 'Character_Blueprint_C'.
Make sure 'Character_Blueprint_C' has been compiled for  Get GrabPoint
[2018.11.04-19.01.18:897][644]LogBlueprint: Warning: [Compiler Character_Blueprint] Could not find a variable named "holdSphere" in 'Character_Blueprint_C'.
Make sure 'Character_Blueprint_C' has been compiled for  Get holdSphere
[2018.11.04-19.01.18:902][644]LogBlueprint: Error: [Compiler Character_Blueprint] The property associated with  Hold Sphere  could not be found in '/Game/AliTesting/Blueprints/Character_Blueprint.Character_Blueprint_C'
[2018.11.04-19.01.18:902][644]LogBlueprint: Error: [Compiler Character_Blueprint] The property associated with  Grab Point  could not be found in '/Game/AliTesting/Blueprints/Character_Blueprint.Character_Blueprint_C'
[2018.11.04-19.01.19:155][644]LogBlueprint: Warning: [Compiler Character_Blueprint] [0263.65] Compile of Character_Blueprint failed. 2 Fatal Issue(s) 2 Warning(s) [in 382 ms] (/Game/AliTesting/Blueprints/Character_Blueprint.Character_Blueprint)
[2018.11.04-19.02.44:055][124]BlueprintLog: New page: Compile Character_Blueprint
[2018.11.04-19.02.44:174][124]LogBlueprint: Error: [Compiler Character_Blueprint] This blueprint (self) is not a ActorComponent, therefore ' Target ' must have a connection.
[2018.11.04-19.02.44:174][124]LogBlueprint: Error: [Compiler Character_Blueprint] The type of  Object  is undetermined.  Connect something to  Cast To ClimbingWall_Blueprint  to imply a specific type.
[2018.11.04-19.02.44:175][124]LogBlueprint: Error: [Compiler Character_Blueprint] The current value of the ' Object ' pin is invalid: Unsupported type Object Wildcard on pin Object
[2018.11.04-19.02.44:416][124]LogBlueprint: Warning: [Compiler Character_Blueprint] [0348.91] Compile of Character_Blueprint failed. 3 Fatal Issue(s) 0 Warning(s) [in 360 ms] (/Game/AliTesting/Blueprints/Character_Blueprint.Character_Blueprint)
[2018.11.04-19.03.40:200][312]BlueprintLog: New page: Compile Character_Blueprint
[2018.11.04-19.03.40:284][312]LogBlueprint: Error: [Compiler Character_Blueprint] This blueprint (self) is not a SceneComponent, therefore ' Target ' must have a connection.
[2018.11.04-19.03.40:284][312]LogBlueprint: Error: [Compiler Character_Blueprint] This blueprint (self) is not a SceneComponent, therefore ' Target ' must have a connection.
[2018.11.04-19.03.40:284][312]LogBlueprint: Error: [Compiler Character_Blueprint] This blueprint (self) is not a PrimitiveComponent, therefore ' Target ' must have a connection.
[2018.11.04-19.03.40:285][312]LogBlueprint: Error: [Compiler Character_Blueprint] The type of  Object  is undetermined.  Connect something to  Cast To ClimbingWall_Blueprint  to imply a specific type.
[2018.11.04-19.03.40:286][312]LogBlueprint: Error: [Compiler Character_Blueprint] The current value of the ' Object ' pin is invalid: Unsupported type Object Wildcard on pin Object
[2018.11.04-19.03.40:519][312]LogBlueprint: Warning: [Compiler Character_Blueprint] [0405.01] Compile of Character_Blueprint failed. 5 Fatal Issue(s) 0 Warning(s) [in 318 ms] (/Game/AliTesting/Blueprints/Character_Blueprint.Character_Blueprint)
[2018.11.04-19.04.24:425][146]LogSlate: FSceneViewport::OnFocusLost() reason 2
[2018.11.04-19.07.13:856][497]LogFileHelpers: Editor autosave (incl. sublevels) for '/Temp/Untitled_0' took 0.045
[2018.11.04-19.07.13:924][497]OBJ SavePackage: Generating thumbnails for [1] asset(s) in package [/Game/AliTesting/Blueprints/Character_Blueprint] ([1] browsable assets)...
[2018.11.04-19.07.13:960][497]OBJ SavePackage:     Rendered thumbnail for [Blueprint /Game/AliTesting/Blueprints/Character_Blueprint.Character_Blueprint]
[2018.11.04-19.07.13:960][497]OBJ SavePackage: Finished generating thumbnails for package [/Game/AliTesting/Blueprints/Character_Blueprint]
[2018.11.04-19.07.14:745][497]LogSavePackage: Moving '../../../../../Github/climb-summit/TheSummit/Saved/Character_Blueprint_Auto1C64A035A453A5ED233E4168B02DD8685.tmp' to '../../../../../Github/climb-summit/TheSummit/Saved/Autosaves/Game/AliTesting/Blueprints/Character_Blueprint_Auto1.uasset'
[2018.11.04-19.07.14:765][497]LogFileHelpers: Auto-saving content packages took 0.907
[2018.11.04-19.09.35:224][294]BlueprintLog: New page: Compile ClimbingWall_Blueprint
[2018.11.04-19.09.35:274][294]LogBlueprint: Error: [Compiler ClimbingWall_Blueprint] This blueprint (self) is not a SceneComponent, therefore ' Target ' must have a connection.
[2018.11.04-19.09.35:274][294]LogBlueprint: Error: [Compiler ClimbingWall_Blueprint] This blueprint (self) is not a SceneComponent, therefore ' Target ' must have a connection.
[2018.11.04-19.09.35:527][294]LogBlueprint: Warning: [Compiler ClimbingWall_Blueprint] [0760.02] Compile of ClimbingWall_Blueprint failed. 2 Fatal Issue(s) 0 Warning(s) [in 302 ms] (/Game/AliTesting/Blueprints/ClimbingWall_Blueprint.ClimbingWall_Blueprint)
[2018.11.04-19.09.50:577][274]BlueprintLog: New page: Compile ClimbingWall_Blueprint
[2018.11.04-19.09.50:605][274]LogBlueprint: Error: [Compiler ClimbingWall_Blueprint] This blueprint (self) is not a SceneComponent, therefore ' Target ' must have a connection.
[2018.11.04-19.09.50:836][274]LogBlueprint: Warning: [Compiler ClimbingWall_Blueprint] [0775.33] Compile of ClimbingWall_Blueprint failed. 1 Fatal Issue(s) 0 Warning(s) [in 258 ms] (/Game/AliTesting/Blueprints/ClimbingWall_Blueprint.ClimbingWall_Blueprint)
[2018.11.04-19.17.18:574][629]LogFileHelpers: Editor autosave (incl. sublevels) for '/Temp/Untitled_0' took 0.043
[2018.11.04-19.17.18:576][629]OBJ SavePackage: Generating thumbnails for [1] asset(s) in package [/Game/AliTesting/Blueprints/ClimbingWall_Blueprint] ([1] browsable assets)...
[2018.11.04-19.17.18:591][629]OBJ SavePackage:     Rendered thumbnail for [Blueprint /Game/AliTesting/Blueprints/ClimbingWall_Blueprint.ClimbingWall_Blueprint]
[2018.11.04-19.17.18:591][629]OBJ SavePackage: Finished generating thumbnails for package [/Game/AliTesting/Blueprints/ClimbingWall_Blueprint]
[2018.11.04-19.17.18:702][629]LogSavePackage: Moving '../../../../../Github/climb-summit/TheSummit/Saved/ClimbingWall_Blueprint_Auto2E532C7A14BA1E507959985BD5E5BA5D2.tmp' to '../../../../../Github/climb-summit/TheSummit/Saved/Autosaves/Game/AliTesting/Blueprints/ClimbingWall_Blueprint_Auto2.uasset'
[2018.11.04-19.17.18:705][629]OBJ SavePackage: Generating thumbnails for [1] asset(s) in package [/Game/AliTesting/Blueprints/Character_Blueprint] ([1] browsable assets)...
[2018.11.04-19.17.18:721][629]OBJ SavePackage:     Rendered thumbnail for [Blueprint /Game/AliTesting/Blueprints/Character_Blueprint.Character_Blueprint]
[2018.11.04-19.17.18:721][629]OBJ SavePackage: Finished generating thumbnails for package [/Game/AliTesting/Blueprints/Character_Blueprint]
[2018.11.04-19.17.18:885][629]LogSavePackage: Moving '../../../../../Github/climb-summit/TheSummit/Saved/Character_Blueprint_Auto2A1B4218F417D99E7F1D49A83A1B1290C.tmp' to '../../../../../Github/climb-summit/TheSummit/Saved/Autosaves/Game/AliTesting/Blueprints/Character_Blueprint_Auto2.uasset'
[2018.11.04-19.17.18:887][629]LogFileHelpers: Auto-saving content packages took 0.312
[2018.11.04-19.23.07:312][ 22]BlueprintLog: New page: Compile Character_Blueprint
[2018.11.04-19.23.07:401][ 22]LogBlueprint: Error: [Compiler Character_Blueprint] This blueprint (self) is not a SceneComponent, therefore ' Target ' must have a connection.
[2018.11.04-19.23.07:401][ 22]LogBlueprint: Error: [Compiler Character_Blueprint] This blueprint (self) is not a SceneComponent, therefore ' Target ' must have a connection.
[2018.11.04-19.23.07:401][ 22]LogBlueprint: Error: [Compiler Character_Blueprint] This blueprint (self) is not a PrimitiveComponent, therefore ' Target ' must have a connection.
[2018.11.04-19.23.07:608][ 22]LogBlueprint: Warning: [Compiler Character_Blueprint] [1572.10] Compile of Character_Blueprint failed. 3 Fatal Issue(s) 0 Warning(s) [in 296 ms] (/Game/AliTesting/Blueprints/Character_Blueprint.Character_Blueprint)
[2018.11.04-19.24.30:668][796]BlueprintLog: New page: Compile Character_Blueprint
[2018.11.04-19.24.30:759][796]LogBlueprint: Error: [Compiler Character_Blueprint] This blueprint (self) is not a SceneComponent, therefore ' Target ' must have a connection.
[2018.11.04-19.24.30:970][796]LogBlueprint: Warning: [Compiler Character_Blueprint] [1655.46] Compile of Character_Blueprint failed. 1 Fatal Issue(s) 0 Warning(s) [in 301 ms] (/Game/AliTesting/Blueprints/Character_Blueprint.Character_Blueprint)
[2018.11.04-19.24.48:616][216]BlueprintLog: New page: Compile Character_Blueprint
[2018.11.04-19.24.49:091][216]Cmd: OBJ SAVEPACKAGE PACKAGE="/Game/AliTesting/Blueprints/Character_Blueprint" FILE="../../../../../Github/climb-summit/TheSummit/Content/AliTesting/Blueprints/Character_Blueprint.uasset" SILENT=true
[2018.11.04-19.24.49:305][216]LogSavePackage: Moving '../../../../../Github/climb-summit/TheSummit/Saved/Character_BlueprintEA5BF8F84B9E7568F5B5B48D906F2C7D.tmp' to '../../../../../Github/climb-summit/TheSummit/Content/AliTesting/Blueprints/Character_Blueprint.uasset'
[2018.11.04-19.25.03:717][464]BlueprintLog: New page: Compile Character_Blueprint
[2018.11.04-19.25.04:122][464]Cmd: OBJ SAVEPACKAGE PACKAGE="/Game/AliTesting/Blueprints/Character_Blueprint" FILE="../../../../../Github/climb-summit/TheSummit/Content/AliTesting/Blueprints/Character_Blueprint.uasset" SILENT=true
[2018.11.04-19.25.04:258][464]LogSavePackage: Moving '../../../../../Github/climb-summit/TheSummit/Saved/Character_Blueprint3B3A3482448C6BEB41BF94B835D4660F.tmp' to '../../../../../Github/climb-summit/TheSummit/Content/AliTesting/Blueprints/Character_Blueprint.uasset'
[2018.11.04-19.26.48:184][396]BlueprintLog: New page: Compile Character_Blueprint
[2018.11.04-19.26.48:575][396]Cmd: OBJ SAVEPACKAGE PACKAGE="/Game/AliTesting/Blueprints/Character_Blueprint" FILE="../../../../../Github/climb-summit/TheSummit/Content/AliTesting/Blueprints/Character_Blueprint.uasset" SILENT=true
[2018.11.04-19.26.48:701][396]LogSavePackage: Moving '../../../../../Github/climb-summit/TheSummit/Saved/Character_BlueprintE4C13E1A460509C0B6245F8366AEAFDC.tmp' to '../../../../../Github/climb-summit/TheSummit/Content/AliTesting/Blueprints/Character_Blueprint.uasset'
[2018.11.04-19.27.12:485][402]BlueprintLog: New page: Compile Character_Blueprint
[2018.11.04-19.27.12:881][402]Cmd: OBJ SAVEPACKAGE PACKAGE="/Game/AliTesting/Blueprints/Character_Blueprint" FILE="../../../../../Github/climb-summit/TheSummit/Content/AliTesting/Blueprints/Character_Blueprint.uasset" SILENT=true
[2018.11.04-19.27.13:010][402]LogSavePackage: Moving '../../../../../Github/climb-summit/TheSummit/Saved/Character_Blueprint85A5F5F44465B7045979CDBD9F591432.tmp' to '../../../../../Github/climb-summit/TheSummit/Content/AliTesting/Blueprints/Character_Blueprint.uasset'
[2018.11.04-19.27.37:290][527]LogFileHelpers: Editor autosave (incl. sublevels) for '/Temp/Untitled_0' took 0.036
[2018.11.04-19.27.37:292][527]OBJ SavePackage: Generating thumbnails for [1] asset(s) in package [/Game/AliTesting/Blueprints/ClimbingWall_Blueprint] ([1] browsable assets)...
[2018.11.04-19.27.37:300][527]OBJ SavePackage:     Rendered thumbnail for [Blueprint /Game/AliTesting/Blueprints/ClimbingWall_Blueprint.ClimbingWall_Blueprint]
[2018.11.04-19.27.37:300][527]OBJ SavePackage: Finished generating thumbnails for package [/Game/AliTesting/Blueprints/ClimbingWall_Blueprint]
[2018.11.04-19.27.37:390][527]LogSavePackage: Moving '../../../../../Github/climb-summit/TheSummit/Saved/ClimbingWall_Blueprint_Auto3E0F2822A4422BD2B86F20E93D127508A.tmp' to '../../../../../Github/climb-summit/TheSummit/Saved/Autosaves/Game/AliTesting/Blueprints/ClimbingWall_Blueprint_Auto3.uasset'
[2018.11.04-19.27.37:391][527]LogFileHelpers: Auto-saving content packages took 0.100
[2018.11.04-19.29.25:522][665]BlueprintLog: New page: Compile ClimbingWall_Blueprint
[2018.11.04-19.29.25:564][665]LogBlueprint: Error: [Compiler ClimbingWall_Blueprint] This blueprint (self) is not a SceneComponent, therefore ' Target ' must have a connection.
[2018.11.04-19.29.25:564][665]LogBlueprint: Error: [Compiler ClimbingWall_Blueprint] This blueprint (self) is not a SceneComponent, therefore ' Target ' must have a connection.
[2018.11.04-19.29.25:753][665]LogBlueprint: Warning: [Compiler ClimbingWall_Blueprint] [1950.25] Compile of ClimbingWall_Blueprint failed. 2 Fatal Issue(s) 0 Warning(s) [in 230 ms] (/Game/AliTesting/Blueprints/ClimbingWall_Blueprint.ClimbingWall_Blueprint)
[2018.11.04-19.29.40:286][934]BlueprintLog: New page: Compile ClimbingWall_Blueprint
[2018.11.04-19.29.40:310][934]LogBlueprint: Error: [Compiler ClimbingWall_Blueprint] This blueprint (self) is not a SceneComponent, therefore ' Target ' must have a connection.
[2018.11.04-19.29.40:500][934]LogBlueprint: Warning: [Compiler ClimbingWall_Blueprint] [1964.99] Compile of ClimbingWall_Blueprint failed. 1 Fatal Issue(s) 0 Warning(s) [in 214 ms] (/Game/AliTesting/Blueprints/ClimbingWall_Blueprint.ClimbingWall_Blueprint)
[2018.11.04-19.29.46:707][531]BlueprintLog: New page: Compile ClimbingWall_Blueprint
[2018.11.04-19.29.47:096][531]LogSavePackage: Moving '../../../../../Github/climb-summit/TheSummit/Saved/ClimbingWall_Blueprint8A10267F443C4436193BC5A8A2A70395.tmp' to '../../../../../Github/climb-summit/TheSummit/Content/AliTesting/Blueprints/ClimbingWall_Blueprint.uasset'
[2018.11.04-19.29.50:123][744]LogActorComponent: UnregisterComponent: (/Engine/Transient.EditorFloorComp) Not registered. Aborting.
[2018.11.04-19.29.50:188][744]LogActorComponent: UnregisterComponent: (/Engine/Transient.EditorFloorComp) Not registered. Aborting.
[2018.11.04-19.29.50:244][744]LogSlate: Window 'Character_Blueprint' being destroyed
[2018.11.04-19.29.50:248][744]LogActorComponent: UnregisterComponent: (/Engine/Transient.EditorFloorComp) Not registered. Aborting.
[2018.11.04-19.29.50:304][744]LogSlate: Window 'TheSummit - Unreal Editor' being destroyed
[2018.11.04-19.29.50:305][744]LogWindowsTextInputMethodSystem: Display: IME system now deactivated.
[2018.11.04-19.29.50:779][745]Cmd: QUIT_EDITOR
[2018.11.04-19.29.51:233][745]LogExit: Preparing to exit.
[2018.11.04-19.29.52:832][745]LogExit: Editor shut down
[2018.11.04-19.29.52:947][745]LogExit: Transaction tracking system shut down
[2018.11.04-19.29.55:696][745]LogExit: Object subsystem successfully closed.
[2018.11.04-19.29.55:931][745]LogShaderCompilers: Display: Shaders left to compile 0
[2018.11.04-19.29.55:951][745]LogD3D11RHI: Shutdown
[2018.11.04-19.29.55:951][745]LogD3D11RHI: CleanupD3DDevice
[2018.11.04-19.29.56:043][745]LogD3D11RHI: ~FD3D11DynamicRHI
[2018.11.04-19.29.57:653][745]LogModuleManager: Shutting down and abandoning module BlueprintGraph (610)
[2018.11.04-19.29.57:663][745]LogModuleManager: Shutting down and abandoning module HierarchicalLODOutliner (608)
[2018.11.04-19.29.57:663][745]LogModuleManager: Shutting down and abandoning module SceneOutliner (606)
[2018.11.04-19.29.57:663][745]LogModuleManager: Shutting down and abandoning module AddContentDialog (604)
[2018.11.04-19.29.57:695][745]LogModuleManager: Shutting down and abandoning module WidgetCarousel (603)
[2018.11.04-19.29.57:695][745]LogModuleManager: Shutting down and abandoning module EditorWidgets (600)
[2018.11.04-19.29.57:695][745]LogModuleManager: Shutting down and abandoning module CollectionManager (598)
[2018.11.04-19.29.57:723][745]LogModuleManager: Shutting down and abandoning module FoliageEdit (596)
[2018.11.04-19.29.57:728][745]LogModuleManager: Shutting down and abandoning module LandscapeEditor (594)
[2018.11.04-19.29.57:785][745]LogModuleManager: Shutting down and abandoning module MeshPaintMode (592)
[2018.11.04-19.29.57:785][745]LogModuleManager: Shutting down and abandoning module SceneDepthPickerMode (590)
[2018.11.04-19.29.57:785][745]LogModuleManager: Shutting down and abandoning module ActorPickerMode (588)
[2018.11.04-19.29.57:785][745]LogModuleManager: Shutting down and abandoning module GeometryMode (586)
[2018.11.04-19.29.57:785][745]LogModuleManager: Shutting down and abandoning module TextureAlignMode (584)
[2018.11.04-19.29.57:785][745]LogModuleManager: Shutting down and abandoning module BspMode (582)
[2018.11.04-19.29.57:786][745]LogModuleManager: Shutting down and abandoning module PIEPreviewDeviceProfileSelector (580)
[2018.11.04-19.29.57:796][745]LogModuleManager: Shutting down and abandoning module SequenceRecorderSections (578)
[2018.11.04-19.29.57:799][745]LogModuleManager: Shutting down and abandoning module AutomationWorker (576)
[2018.11.04-19.29.57:799][745]LogModuleManager: Shutting down and abandoning module AudioCaptureEditor (574)
[2018.11.04-19.29.57:799][745]LogModuleManager: Shutting down and abandoning module SequenceRecorder (573)
[2018.11.04-19.29.57:804][745]LogModuleManager: Shutting down and abandoning module MatineeToLevelSequence (570)
[2018.11.04-19.29.57:818][745]LogModuleManager: Shutting down and abandoning module LevelSequenceEditor (568)
[2018.11.04-19.29.57:846][745]LogModuleManager: Shutting down and abandoning module PlacementMode (567)
[2018.11.04-19.29.57:846][745]LogModuleManager: Shutting down and abandoning module MaterialEditor (566)
[2018.11.04-19.29.57:881][745]LogModuleManager: Shutting down and abandoning module WmfMediaFactory (562)
[2018.11.04-19.29.57:881][745]LogModuleManager: Shutting down and abandoning module WmfMediaEditor (560)
[2018.11.04-19.29.57:881][745]LogModuleManager: Shutting down and abandoning module MediaPlayerEditor (558)
[2018.11.04-19.29.57:911][745]LogModuleManager: Shutting down and abandoning module OpenExrWrapper (556)
[2018.11.04-19.29.57:911][745]LogModuleManager: Shutting down and abandoning module ImgMediaFactory (554)
[2018.11.04-19.29.57:911][745]LogModuleManager: Shutting down and abandoning module ImgMediaEditor (552)
[2018.11.04-19.29.57:911][745]LogModuleManager: Shutting down and abandoning module AvfMediaFactory (550)
[2018.11.04-19.29.57:911][745]LogModuleManager: Shutting down and abandoning module AvfMediaEditor (548)
[2018.11.04-19.29.57:912][745]LogModuleManager: Shutting down and abandoning module AndroidMediaFactory (546)
[2018.11.04-19.29.57:912][745]LogModuleManager: Shutting down and abandoning module AndroidMediaEditor (544)
[2018.11.04-19.29.57:912][745]LogModuleManager: Shutting down and abandoning module MagicLeapCameraPreviewFactory (542)
[2018.11.04-19.29.57:912][745]LogModuleManager: Shutting down and abandoning module MagicLeapMediaFactory (540)
[2018.11.04-19.29.57:912][745]LogModuleManager: Shutting down and abandoning module MagicLeapMediaEditor (538)
[2018.11.04-19.29.57:912][745]LogModuleManager: Shutting down and abandoning module CharacterAI (536)
[2018.11.04-19.29.57:912][745]LogModuleManager: Shutting down and abandoning module SmartSnapping (534)
[2018.11.04-19.29.57:912][745]LogModuleManager: Shutting down and abandoning module SessionServices (532)
[2018.11.04-19.29.57:912][745]LogModuleManager: Shutting down and abandoning module ViewportSnapping (530)
[2018.11.04-19.29.57:912][745]LogModuleManager: Shutting down and abandoning module ViewportInteraction (528)
[2018.11.04-19.29.57:912][745]LogModuleManager: Shutting down and abandoning module ClothPainter (526)
[2018.11.04-19.29.57:988][745]LogModuleManager: Shutting down and abandoning module SkeletalMeshEditor (525)
[2018.11.04-19.29.58:042][745]LogModuleManager: Shutting down and abandoning module LogVisualizer (522)
[2018.11.04-19.29.58:065][745]LogModuleManager: Shutting down and abandoning module IntroTutorials (520)
[2018.11.04-19.29.58:095][745]LogModuleManager: Shutting down and abandoning module GameProjectGeneration (519)
[2018.11.04-19.29.58:118][745]LogModuleManager: Shutting down and abandoning module LuminPlatformEditor (516)
[2018.11.04-19.29.58:118][745]LogModuleManager: Shutting down and abandoning module IOSPlatformEditor (514)
[2018.11.04-19.29.58:170][745]LogModuleManager: Shutting down and abandoning module HTML5PlatformEditor (512)
[2018.11.04-19.29.58:170][745]LogModuleManager: Shutting down and abandoning module AndroidPlatformEditor (510)
[2018.11.04-19.29.58:170][745]LogModuleManager: Shutting down and abandoning module AndroidDeviceDetection (509)
[2018.11.04-19.29.58:433][745]LogModuleManager: Shutting down and abandoning module WindowsPlatformEditor (506)
[2018.11.04-19.29.58:433][745]LogModuleManager: Shutting down and abandoning module LuminRuntimeSettings (504)
[2018.11.04-19.29.58:433][745]LogModuleManager: Shutting down and abandoning module IOSRuntimeSettings (502)
[2018.11.04-19.29.58:433][745]LogModuleManager: Shutting down and abandoning module AndroidRuntimeSettings (500)
[2018.11.04-19.29.58:433][745]LogModuleManager: Shutting down and abandoning module InputBindingEditor (498)
[2018.11.04-19.29.58:461][745]LogModuleManager: Shutting down and abandoning module MergeActors (496)
[2018.11.04-19.29.58:468][745]LogModuleManager: Shutting down and abandoning module LocalizationDashboard (494)
[2018.11.04-19.29.58:493][745]LogModuleManager: Shutting down and abandoning module LocalizationService (493)
[2018.11.04-19.29.58:507][745]LogModuleManager: Shutting down and abandoning module HardwareTargeting (490)
[2018.11.04-19.29.58:507][745]LogModuleManager: Shutting down and abandoning module DeviceProfileEditor (488)
[2018.11.04-19.29.58:507][745]LogModuleManager: Shutting down and abandoning module UndoHistory (486)
[2018.11.04-19.29.58:525][745]LogModuleManager: Shutting down and abandoning module XmlParser (484)
[2018.11.04-19.29.58:525][745]LogModuleManager: Shutting down and abandoning module Blutility (482)
[2018.11.04-19.29.58:540][745]LogModuleManager: Shutting down and abandoning module ProjectSettingsViewer (480)
[2018.11.04-19.29.58:540][745]LogModuleManager: Shutting down and abandoning module ProjectTargetPlatformEditor (479)
[2018.11.04-19.29.58:540][745]LogModuleManager: Shutting down and abandoning module EditorSettingsViewer (476)
[2018.11.04-19.29.58:540][745]LogModuleManager: Shutting down and abandoning module SettingsEditor (474)
[2018.11.04-19.29.58:580][745]LogModuleManager: Shutting down and abandoning module ProjectLauncher (472)
[2018.11.04-19.29.58:589][745]LogModuleManager: Shutting down and abandoning module SessionFrontend (470)
[2018.11.04-19.29.58:596][745]LogModuleManager: Shutting down and abandoning module ProfilerClient (468)
[2018.11.04-19.29.58:600][745]LogModuleManager: Shutting down and abandoning module DeviceManager (466)
[2018.11.04-19.29.58:629][745]LogModuleManager: Shutting down and abandoning module TargetDeviceServices (465)
[2018.11.04-19.29.58:721][745]LogModuleManager: Shutting down and abandoning module AutomationController (462)
[2018.11.04-19.29.58:743][745]LogModuleManager: Shutting down and abandoning module AutomationWindow (460)
[2018.11.04-19.29.58:751][745]LogModuleManager: Shutting down and abandoning module Layers (458)
[2018.11.04-19.29.58:777][745]LogModuleManager: Shutting down and abandoning module ComponentVisualizers (456)
[2018.11.04-19.29.58:778][745]LogModuleManager: Shutting down and abandoning module DetailCustomizations (454)
[2018.11.04-19.29.58:798][745]LogModuleManager: Shutting down and abandoning module PackagesDialog (452)
[2018.11.04-19.29.58:799][745]LogModuleManager: Shutting down and abandoning module Persona (450)
[2018.11.04-19.29.58:822][745]LogModuleManager: Shutting down and abandoning module AdvancedPreviewScene (449)
[2018.11.04-19.29.58:822][745]LogModuleManager: Shutting down and abandoning module AnimGraph (447)
[2018.11.04-19.29.58:835][745]LogModuleManager: Shutting down and abandoning module Kismet (444)
[2018.11.04-19.29.58:840][745]LogModuleManager: Shutting down and abandoning module GraphEditor (442)
[2018.11.04-19.29.58:841][745]LogModuleManager: Shutting down and abandoning module ClassViewer (440)
[2018.11.04-19.29.58:842][745]LogModuleManager: Shutting down and abandoning module Toolbox (438)
[2018.11.04-19.29.58:842][745]LogModuleManager: Shutting down and abandoning module ModuleUI (436)
[2018.11.04-19.29.58:856][745]LogModuleManager: Shutting down and abandoning module MovieSceneTools (434)
[2018.11.04-19.29.58:868][745]LogModuleManager: Shutting down and abandoning module OutputLog (432)
[2018.11.04-19.29.58:868][745]LogModuleManager: Shutting down and abandoning module GammaUI (430)
[2018.11.04-19.29.58:879][745]LogModuleManager: Shutting down and abandoning module Documentation (428)
[2018.11.04-19.29.58:879][745]LogModuleManager: Shutting down and abandoning module MovieSceneTracks (426)
[2018.11.04-19.29.58:879][745]LogModuleManager: Shutting down and abandoning module MovieScene (424)
[2018.11.04-19.29.58:885][745]LogModuleManager: Shutting down and abandoning module StreamingPauseRendering (422)
[2018.11.04-19.29.58:894][745]LogModuleManager: Shutting down and abandoning module LauncherPlatform (420)
[2018.11.04-19.29.58:894][745]LogModuleManager: Shutting down and abandoning module AnalyticsET (418)
[2018.11.04-19.29.58:894][745]LogModuleManager: Shutting down and abandoning module PortalServices (416)
[2018.11.04-19.29.58:894][745]LogModuleManager: Shutting down and abandoning module PortalRpc (414)
[2018.11.04-19.29.58:894][745]LogModuleManager: Shutting down and abandoning module MessagingRpc (412)
[2018.11.04-19.29.58:894][745]LogModuleManager: Shutting down and abandoning module AIModule (410)
[2018.11.04-19.29.58:924][745]LogModuleManager: Shutting down and abandoning module GameplayDebugger (409)
[2018.11.04-19.29.58:925][745]LogModuleManager: Shutting down and abandoning module AITestSuite (407)
[2018.11.04-19.29.58:936][745]LogModuleManager: Shutting down and abandoning module NavigationSystem (405)
[2018.11.04-19.29.58:960][745]LogModuleManager: Shutting down and abandoning module DesktopPlatform (402)
[2018.11.04-19.29.58:960][745]LogModuleManager: Shutting down and abandoning module ProfilerService (400)
[2018.11.04-19.29.59:182][745]LogModuleManager: Shutting down and abandoning module TaskGraph (398)
[2018.11.04-19.29.59:260][745]LogModuleManager: Shutting down and abandoning module SteamVRController (396)
[2018.11.04-19.29.59:260][745]LogModuleManager: Shutting down and abandoning module ProceduralMeshComponentEditor (394)
[2018.11.04-19.29.59:260][745]LogModuleManager: Shutting down and abandoning module ProceduralMeshComponent (392)
[2018.11.04-19.29.59:277][745]LogModuleManager: Shutting down and abandoning module OculusInput (390)
[2018.11.04-19.29.59:277][745]LogModuleManager: Shutting down and abandoning module MobilePatchingUtils (388)
[2018.11.04-19.29.59:277][745]LogModuleManager: Shutting down and abandoning module EditableMesh (386)
[2018.11.04-19.29.59:283][745]LogModuleManager: Shutting down and abandoning module CustomMeshComponent (384)
[2018.11.04-19.29.59:283][745]LogModuleManager: Shutting down and abandoning module CableComponent (382)
[2018.11.04-19.29.59:283][745]LogModuleManager: Shutting down and abandoning module AudioCapture (380)
[2018.11.04-19.29.59:283][745]LogModuleManager: Shutting down and abandoning module ArchVisCharacter (378)
[2018.11.04-19.29.59:283][745]LogModuleManager: Shutting down and abandoning module AndroidPermission (376)
[2018.11.04-19.29.59:283][745]LogModuleManager: Shutting down and abandoning module NUTUnrealEngine4 (374)
[2018.11.04-19.29.59:283][745]LogModuleManager: Shutting down and abandoning module NetcodeUnitTest (372)
[2018.11.04-19.29.59:313][745]LogModuleManager: Shutting down and abandoning module MediaCompositingEditor (370)
[2018.11.04-19.29.59:313][745]LogModuleManager: Shutting down and abandoning module MediaCompositing (368)
[2018.11.04-19.29.59:313][745]LogModuleManager: Shutting down and abandoning module LinearTimecode (366)
[2018.11.04-19.29.59:313][745]LogModuleManager: Shutting down and abandoning module ImgMedia (364)
[2018.11.04-19.29.59:324][745]LogModuleManager: Shutting down and abandoning module HTML5Networking (362)
[2018.11.04-19.29.59:324][745]LogModuleManager: Shutting down and abandoning module GeometryCacheTracks (360)
[2018.11.04-19.29.59:324][745]LogModuleManager: Shutting down and abandoning module GeometryCacheSequencer (358)
[2018.11.04-19.29.59:324][745]LogModuleManager: Shutting down and abandoning module BackChannel (356)
[2018.11.04-19.29.59:335][745]LogModuleManager: Shutting down and abandoning module AppleVision (354)
[2018.11.04-19.29.59:335][745]LogModuleManager: Shutting down and abandoning module AppleImageUtils (352)
[2018.11.04-19.29.59:335][745]LogModuleManager: Shutting down and abandoning module AlembicImporter (350)
[2018.11.04-19.29.59:335][745]LogModuleManager: Shutting down and abandoning module AlembicLibrary (349)
[2018.11.04-19.29.59:335][745]LogModuleManager: Shutting down and abandoning module GeometryCache (348)
[2018.11.04-19.29.59:335][745]LogModuleManager: Shutting down and abandoning module GeometryCacheEd (347)
[2018.11.04-19.29.59:335][745]LogModuleManager: Shutting down and abandoning module DatasmithContentEditor (342)
[2018.11.04-19.29.59:344][745]LogModuleManager: Shutting down and abandoning module DatasmithContent (340)
[2018.11.04-19.29.59:344][745]LogModuleManager: Shutting down and abandoning module SpeedTreeImporter (338)
[2018.11.04-19.29.59:344][745]LogModuleManager: Shutting down and abandoning module PluginBrowser (336)
[2018.11.04-19.29.59:365][745]LogModuleManager: Shutting down and abandoning module MobileLauncherProfileWizard (334)
[2018.11.04-19.29.59:377][745]LogModuleManager: Shutting down and abandoning module PolygonModeling (332)
[2018.11.04-19.29.59:377][745]LogModuleManager: Shutting down and abandoning module MeshEditor (330)
[2018.11.04-19.29.59:387][745]LogModuleManager: Shutting down and abandoning module CryptoKeysOpenSSL (328)
[2018.11.04-19.29.59:393][745]LogModuleManager: Shutting down and abandoning module CryptoKeys (326)
[2018.11.04-19.29.59:393][745]LogModuleManager: Shutting down and abandoning module VisualStudioSourceCodeAccess (324)
[2018.11.04-19.29.59:393][745]LogModuleManager: Shutting down and abandoning module VisualStudioCodeSourceCodeAccess (322)
[2018.11.04-19.29.59:393][745]LogModuleManager: Shutting down and abandoning module UObjectPlugin (320)
[2018.11.04-19.29.59:393][745]LogModuleManager: Shutting down and abandoning module SubversionSourceControl (318)
[2018.11.04-19.29.59:400][745]LogModuleManager: Shutting down and abandoning module PerforceSourceControl (316)
[2018.11.04-19.29.59:412][745]LogModuleManager: Shutting down and abandoning module GitSourceControl (314)
[2018.11.04-19.29.59:412][745]LogModuleManager: Shutting down and abandoning module SourceControl (313)
[2018.11.04-19.29.59:425][745]LogModuleManager: Shutting down and abandoning module CLionSourceCodeAccess (310)
[2018.11.04-19.29.59:425][745]LogModuleManager: Shutting down and abandoning module LightPropagationVolumeEditor (308)
[2018.11.04-19.29.59:425][745]LogModuleManager: Shutting down and abandoning module PaperTiledImporter (306)
[2018.11.04-19.29.59:425][745]LogModuleManager: Shutting down and abandoning module PaperSpriteSheetImporter (304)
[2018.11.04-19.29.59:425][745]LogModuleManager: Shutting down and abandoning module Paper2DEditor (302)
[2018.11.04-19.29.59:440][745]LogModuleManager: Shutting down and abandoning module MeshPaint (301)
[2018.11.04-19.29.59:457][745]LogModuleManager: Shutting down and abandoning module RuntimePhysXCooking (298)
[2018.11.04-19.29.59:457][745]LogModuleManager: Shutting down and abandoning module PhysXVehiclesEditor (296)
[2018.11.04-19.29.59:457][745]LogModuleManager: Shutting down and abandoning module PhysXVehicles (294)
[2018.11.04-19.29.59:457][745]LogModuleManager: Shutting down and abandoning module OculusEditor (292)
[2018.11.04-19.29.59:464][745]LogModuleManager: Shutting down and abandoning module LocationServicesBPLibrary (290)
[2018.11.04-19.29.59:464][745]LogModuleManager: Shutting down and abandoning module ImmediatePhysicsEditor (288)
[2018.11.04-19.29.59:464][745]LogModuleManager: Shutting down and abandoning module ImmediatePhysics (286)
[2018.11.04-19.29.59:475][745]LogModuleManager: Shutting down and abandoning module ActorSequence (284)
[2018.11.04-19.29.59:475][745]LogModuleManager: Shutting down and abandoning module UdpMessaging (282)
[2018.11.04-19.29.59:576][745]LogModuleManager: Shutting down and abandoning module TcpMessaging (280)
[2018.11.04-19.29.59:696][745]LogModuleManager: Shutting down and abandoning module MagicLeapAudio (278)
[2018.11.04-19.29.59:696][745]LogModuleManager: Shutting down and abandoning module GameplayTagsEditor (276)
[2018.11.04-19.29.59:712][745]LogModuleManager: Shutting down and abandoning module FacialAnimationEditor (274)
[2018.11.04-19.29.59:712][745]LogModuleManager: Shutting down and abandoning module FacialAnimation (272)
[2018.11.04-19.29.59:712][745]LogModuleManager: Shutting down and abandoning module DataValidation (270)
[2018.11.04-19.29.59:712][745]LogModuleManager: Shutting down and abandoning module AssetManagerEditor (268)
[2018.11.04-19.29.59:726][745]LogModuleManager: Shutting down and abandoning module LevelEditor (267)
[2018.11.04-19.29.59:753][745]LogModuleManager: Shutting down and abandoning module PixelInspectorModule (266)
[2018.11.04-19.29.59:782][745]LogModuleManager: Shutting down and abandoning module CommonMenuExtensions (264)
[2018.11.04-19.29.59:798][745]LogModuleManager: Shutting down and abandoning module MainFrame (262)
[2018.11.04-19.29.59:810][745]LogModuleManager: Shutting down and abandoning module HotReload (261)
[2018.11.05-02.41.08:665][745]LogModuleManager: Shutting down and abandoning module ContentBrowser (257)
[2018.11.05-02.41.08:665][745]LogModuleManager: Shutting down and abandoning module TreeMap (255)
[2018.11.05-02.41.08:708][745]LogModuleManager: Shutting down and abandoning module LightPropagationVolumeRuntime (252)
[2018.11.05-02.41.08:708][745]LogModuleManager: Shutting down and abandoning module AISupportModule (250)
[2018.11.05-02.41.08:708][745]LogModuleManager: Shutting down and abandoning module Paper2D (248)
[2018.11.05-02.41.08:777][745]LogModuleManager: Shutting down and abandoning module WindowsMoviePlayer (246)
[2018.11.05-02.41.08:942][745]LogModuleManager: Shutting down and abandoning module WmfMedia (244)
[2018.11.05-02.41.09:032][745]LogModuleManager: Shutting down and abandoning module Media (243)
[2018.11.05-02.41.09:039][745]LogModuleManager: Shutting down and abandoning module PacketHandler (240)
[2018.11.05-02.41.09:039][745]LogModuleManager: Shutting down and abandoning module ClothingSystemEditor (238)
[2018.11.05-02.41.09:039][745]LogModuleManager: Shutting down and abandoning module ClothingSystemRuntime (236)
[2018.11.05-02.41.09:926][745]LogModuleManager: Shutting down and abandoning module MediaAssets (234)
[2018.11.05-02.41.09:926][745]LogModuleManager: Shutting down and abandoning module Overlay (232)
[2018.11.05-02.41.09:926][745]LogModuleManager: Shutting down and abandoning module OverlayEditor (231)
[2018.11.05-02.41.09:926][745]LogModuleManager: Shutting down and abandoning module VREditor (228)
[2018.11.05-02.41.10:312][745]LogModuleManager: Shutting down and abandoning module StringTableEditor (226)
[2018.11.05-02.41.10:528][745]LogModuleManager: Shutting down and abandoning module GameplayTasksEditor (224)
[2018.11.05-02.41.10:528][745]LogModuleManager: Shutting down and abandoning module BehaviorTreeEditor (222)
[2018.11.05-02.41.10:557][745]LogModuleManager: Shutting down and abandoning module FunctionalTesting (220)
[2018.11.05-02.41.10:622][745]LogModuleManager: Shutting down and abandoning module CollisionAnalyzer (218)
[2018.11.05-02.41.10:914][745]LogModuleManager: Shutting down and abandoning module WorkspaceMenuStructure (217)
[2018.11.05-02.41.10:915][745]LogModuleManager: Shutting down and abandoning module UMG (214)
[2018.11.05-02.41.10:940][745]LogModuleManager: Shutting down and abandoning module UMGEditor (213)
[2018.11.05-02.41.11:165][745]LogModuleManager: Shutting down and abandoning module Sequencer (212)
[2018.11.05-02.41.11:434][745]LogModuleManager: Shutting down and abandoning module MessageLog (209)
[2018.11.05-02.41.11:434][745]LogModuleManager: Shutting down and abandoning module SlateReflector (204)
[2018.11.05-02.41.11:879][745]LogModuleManager: Shutting down and abandoning module Slate (202)
[2018.11.05-02.41.11:879][745]LogModuleManager: Shutting down and abandoning module EditorStyle (200)
[2018.11.05-02.41.11:903][745]LogModuleManager: Shutting down and abandoning module MRMesh (198)
[2018.11.05-02.41.11:958][745]LogModuleManager: Shutting down and abandoning module SourceCodeAccess (196)
[2018.11.05-02.41.11:958][745]LogModuleManager: Shutting down and abandoning module HeadMountedDisplay (194)
[2018.11.05-02.41.11:958][745]LogModuleManager: Shutting down and abandoning module XAudio2 (192)
[2018.11.05-02.41.11:958][745]LogModuleManager: Shutting down and abandoning module Networking (190)
[2018.11.05-02.41.11:958][745]LogModuleManager: Shutting down and abandoning module Core (188)
[2018.11.05-02.41.11:958][745]LogModuleManager: Shutting down and abandoning module LevelSequence (186)
[2018.11.05-02.41.11:958][745]LogModuleManager: Shutting down and abandoning module KismetCompiler (184)
[2018.11.05-02.41.11:958][745]LogModuleManager: Shutting down and abandoning module MeshUtilities (182)
[2018.11.05-02.41.12:714][745]LogModuleManager: Shutting down and abandoning module MeshMergeUtilities (181)
[2018.11.05-02.41.12:724][745]LogModuleManager: Shutting down and abandoning module MeshReductionInterface (180)
[2018.11.05-02.41.12:724][745]LogModuleManager: Shutting down and abandoning module SimplygonSwarm (179)
[2018.11.05-02.41.12:749][745]LogModuleManager: Shutting down and abandoning module ProxyLODMeshReduction (177)
[2018.11.05-02.41.12:762][745]LogModuleManager: Shutting down and abandoning module SimplygonMeshReduction (175)
[2018.11.05-02.41.12:762][745]LogModuleManager: Shutting down and abandoning module QuadricMeshReduction (173)
[2018.11.05-02.41.12:875][745]LogModuleManager: Shutting down and abandoning module MaterialBaking (169)
[2018.11.05-02.41.12:906][745]LogModuleManager: Shutting down and abandoning module DirectoryWatcher (165)
[2018.11.05-02.41.12:906][745]LogModuleManager: Shutting down and abandoning module DerivedDataCache (162)
[2018.11.05-02.41.12:983][745]LogDerivedDataCache: Shutdown
[2018.11.05-02.41.12:983][745]LogModuleManager: Shutting down and abandoning module XGEController (160)
[2018.11.05-02.41.12:983][745]LogXGEController: Cleaning working directory: C:/Users/aliha/AppData/Local/Temp/UnrealXGEWorkingDir/
[2018.11.05-02.41.12:996][745]LogModuleManager: Shutting down and abandoning module TargetPlatform (158)
[2018.11.05-02.41.12:997][745]LogModuleManager: Shutting down and abandoning module VulkanShaderFormat (157)
[2018.11.05-02.41.13:107][745]LogModuleManager: Shutting down and abandoning module ShaderFormatVectorVM (155)
[2018.11.05-02.41.13:226][745]LogModuleManager: Shutting down and abandoning module ShaderFormatOpenGL (153)
[2018.11.05-02.41.13:231][745]LogModuleManager: Shutting down and abandoning module ShaderFormatD3D (151)
[2018.11.05-02.41.13:231][745]LogModuleManager: Shutting down and abandoning module MetalShaderFormat (149)
[2018.11.05-02.41.13:396][745]LogModuleManager: Shutting down and abandoning module TextureFormatUncompressed (147)
[2018.11.05-02.41.13:396][745]LogModuleManager: Shutting down and abandoning module TextureFormatPVR (145)
[2018.11.05-02.41.13:396][745]LogModuleManager: Shutting down and abandoning module TextureFormatDXT (143)
[2018.11.05-02.41.13:524][745]LogModuleManager: Shutting down and abandoning module TextureFormatIntelISPCTexComp (141)
[2018.11.05-02.41.13:524][745]LogModuleManager: Shutting down and abandoning module TextureFormatASTC (139)
[2018.11.05-02.41.13:524][745]LogModuleManager: Shutting down and abandoning module ImageWrapper (138)
[2018.11.05-02.41.13:524][745]LogModuleManager: Shutting down and abandoning module TextureFormatAndroid (135)
[2018.11.05-02.41.13:524][745]LogModuleManager: Shutting down and abandoning module AudioFormatOpus (133)
[2018.11.05-02.41.13:524][745]LogModuleManager: Shutting down and abandoning module AudioFormatOgg (131)
[2018.11.05-02.41.13:524][745]LogModuleManager: Shutting down and abandoning module AudioFormatADPCM (129)
[2018.11.05-02.41.13:524][745]LogModuleManager: Shutting down and abandoning module LuminTargetPlatform (127)
[2018.11.05-02.41.13:524][745]LogModuleManager: Shutting down and abandoning module LinuxTargetPlatform (125)
[2018.11.05-02.41.13:524][745]LogModuleManager: Shutting down and abandoning module LinuxServerTargetPlatform (123)
[2018.11.05-02.41.13:524][745]LogModuleManager: Shutting down and abandoning module LinuxNoEditorTargetPlatform (121)
[2018.11.05-02.41.13:540][745]LogModuleManager: Shutting down and abandoning module LinuxClientTargetPlatform (119)
[2018.11.05-02.41.13:546][745]LogModuleManager: Shutting down and abandoning module TVOSTargetPlatform (117)
[2018.11.05-02.41.13:547][745]LogModuleManager: Shutting down and abandoning module Messaging (115)
[2018.11.05-02.41.13:547][745]LogModuleManager: Shutting down and abandoning module IOSTargetPlatform (113)
[2018.11.05-02.41.13:548][745]LogModuleManager: Shutting down and abandoning module HTML5TargetPlatform (111)
[2018.11.05-02.41.13:548][745]LogModuleManager: Shutting down and abandoning module AndroidTargetPlatform (109)
[2018.11.05-02.41.13:731][745]LogModuleManager: Shutting down and abandoning module WindowsTargetPlatform (107)
[2018.11.05-02.41.13:732][745]LogModuleManager: Shutting down and abandoning module WindowsServerTargetPlatform (105)
[2018.11.05-02.41.13:732][745]LogModuleManager: Shutting down and abandoning module WindowsNoEditorTargetPlatform (103)
[2018.11.05-02.41.13:732][745]LogModuleManager: Shutting down and abandoning module WindowsClientTargetPlatform (101)
[2018.11.05-02.41.13:732][745]LogModuleManager: Shutting down and abandoning module MacTargetPlatform (99)
[2018.11.05-02.41.13:732][745]LogModuleManager: Shutting down and abandoning module MacServerTargetPlatform (97)
[2018.11.05-02.41.13:732][745]LogModuleManager: Shutting down and abandoning module MacNoEditorTargetPlatform (95)
[2018.11.05-02.41.14:576][745]LogModuleManager: Shutting down and abandoning module MacClientTargetPlatform (93)
[2018.11.05-02.41.14:576][745]LogModuleManager: Shutting down and abandoning module AllDesktopTargetPlatform (91)
[2018.11.05-02.41.14:576][745]LogModuleManager: Shutting down and abandoning module InputCore (88)
[2018.11.05-02.41.14:576][745]LogModuleManager: Shutting down and abandoning module Settings (86)
[2018.11.05-02.41.14:576][745]LogModuleManager: Shutting down and abandoning module PhysXCooking (84)
[2018.11.05-02.41.14:576][745]LogModuleManager: Shutting down and abandoning module SteamVR (82)
[2018.11.05-02.41.14:576][745]LogModuleManager: Shutting down and abandoning module OculusHMD (80)
[2018.11.05-02.41.14:603][745]LogModuleManager: Shutting down and abandoning module ExampleDeviceProfileSelector (78)
[2018.11.05-02.41.14:603][745]LogModuleManager: Shutting down and abandoning module LauncherChunkInstaller (76)
[2018.11.05-02.41.14:603][745]LogModuleManager: Shutting down and abandoning module OnlineBlueprintSupport (74)
[2018.11.05-02.41.14:603][745]LogModuleManager: Shutting down and abandoning module OnlineSubsystem (70)
[2018.11.05-02.41.14:905][745]LogModuleManager: Shutting down and abandoning module XMPP (65)
[2018.11.05-02.41.15:100][745]LogModuleManager: Shutting down and abandoning module WebSockets (64)
[2018.11.05-02.41.15:324][745]LogModuleManager: Shutting down and abandoning module HTTP (61)
[2018.11.05-02.41.15:330][745]LogHttp: Display: Http module shutting down, but needs to wait on 2 outstanding Http requests:
[2018.11.05-02.41.15:330][745]LogHttp: Display: 	verb=[POST] url=[https://datarouter.ol.epicgames.com/datarouter/api/v1/public/data?SessionID=%7B7B87A342-4CDD-712B-82D4-79B4EB0C3EE8%7D&AppID=UEEditor.Rocket.Release&AppVersion=4.20.1-4233996%2B%2B%2BUE4%2BRelease-4.20&UserID=23b803834a6e21c2335149ab046191d9%7C6a37eeab3d4f4c15b78733ca7c7e556d%7C902a0952-3a11-4de2-b10f-3626945c9d73&AppEnvironment=datacollector-binary&UploadType=eteventstream] status=Processing
[2018.11.05-02.41.15:330][745]LogHttp: Display: 	verb=[POST] url=[https://datarouter.ol.epicgames.com/datarouter/api/v1/public/data?SessionID=%7B7B87A342-4CDD-712B-82D4-79B4EB0C3EE8%7D&AppID=UEEditor.Rocket.Release&AppVersion=4.20.1-4233996%2B%2B%2BUE4%2BRelease-4.20&UserID=23b803834a6e21c2335149ab046191d9%7C6a37eeab3d4f4c15b78733ca7c7e556d%7C902a0952-3a11-4de2-b10f-3626945c9d73&AppEnvironment=datacollector-binary&UploadType=eteventstream] status=Processing
[2018.11.05-02.41.15:358][745]LogModuleManager: Shutting down and abandoning module SSL (60)
[2018.11.05-02.41.15:417][745]LogModuleManager: Shutting down and abandoning module MagicLeapEmulator (56)
[2018.11.05-02.41.15:417][745]LogModuleManager: Shutting down and abandoning module MagicLeapPrivileges (54)
[2018.11.05-02.41.15:417][745]LogModuleManager: Shutting down and abandoning module MagicLeapIdentity (52)
[2018.11.05-02.41.15:417][745]LogModuleManager: Shutting down and abandoning module MagicLeapHelperVulkan (50)
[2018.11.05-02.41.15:417][745]LogModuleManager: Shutting down and abandoning module MagicLeapHelperOpenGL (48)
[2018.11.05-02.41.15:417][745]LogModuleManager: Shutting down and abandoning module MagicLeapSecureStorage (46)
[2018.11.05-02.41.15:417][745]LogModuleManager: Shutting down and abandoning module MagicLeapGestures (44)
[2018.11.05-02.41.15:417][745]LogModuleManager: Shutting down and abandoning module MagicLeapEyeTracker (42)
[2018.11.05-02.41.15:417][745]LogModuleManager: Shutting down and abandoning module MagicLeapController (40)
[2018.11.05-02.41.15:452][745]LogSlate: Slate User Destroyed.  User Index 0, Is Virtual User: 0
[2018.11.05-02.41.15:452][745]LogModuleManager: Shutting down and abandoning module MagicLeap (38)
[2018.11.05-02.41.15:453][745]LogModuleManager: Shutting down and abandoning module AnimationModifiers (36)
[2018.11.05-02.41.15:477][745]LogModuleManager: Shutting down and abandoning module PropertyEditor (35)
[2018.11.05-02.41.15:507][745]LogModuleManager: Shutting down and abandoning module AudioEditor (32)
[2018.11.05-02.41.15:566][745]LogModuleManager: Shutting down and abandoning module TextureCompressor (30)
[2018.11.05-02.41.15:588][745]LogModuleManager: Shutting down and abandoning module ShaderCore (28)
[2018.11.05-02.41.15:588][745]LogModuleManager: Shutting down and abandoning module Landscape (26)
[2018.11.05-02.41.15:588][745]LogModuleManager: Shutting down and abandoning module SlateRHIRenderer (24)
[2018.11.05-02.41.15:659][745]LogModuleManager: Shutting down and abandoning module OpenGLDrv (22)
[2018.11.05-02.41.15:824][745]LogModuleManager: Shutting down and abandoning module D3D11RHI (20)
[2018.11.05-02.41.15:824][745]LogModuleManager: Shutting down and abandoning module AnimGraphRuntime (18)
[2018.11.05-02.41.15:833][745]LogModuleManager: Shutting down and abandoning module Renderer (16)
[2018.11.05-02.41.15:833][745]LogModuleManager: Shutting down and abandoning module Engine (14)
[2018.11.05-02.41.15:833][745]LogModuleManager: Shutting down and abandoning module CoreUObject (12)
[2018.11.05-02.41.15:898][745]LogModuleManager: Shutting down and abandoning module NetworkFile (10)
[2018.11.05-02.41.15:908][745]LogModuleManager: Shutting down and abandoning module CookedIterativeFile (8)
[2018.11.05-02.41.15:908][745]LogModuleManager: Shutting down and abandoning module StreamingFile (6)
[2018.11.05-02.41.15:918][745]LogModuleManager: Shutting down and abandoning module SandboxFile (4)
[2018.11.05-02.41.15:918][745]LogModuleManager: Shutting down and abandoning module PakFile (2)
[2018.11.05-02.41.15:983][745]LogExit: Exiting.
[2018.11.05-02.41.16:005][745]Log file closed, 11/04/18 21:41:16
