Log file open, 10/07/18 13:24:37
LogWindows: Failed to load 'aqProf.dll' (GetLastError=126)
LogWindows: File 'aqProf.dll' does not exist
LogWindows: Failed to load 'VSPerf140.dll' (GetLastError=126)
LogWindows: File 'VSPerf140.dll' does not exist
LogWindows: Failed to load 'VtuneApi.dll' (GetLastError=126)
LogWindows: File 'VtuneApi.dll' does not exist
LogWindows: Failed to load 'VtuneApi32e.dll' (GetLastError=126)
LogWindows: File 'VtuneApi32e.dll' does not exist
LogInit: Display: Running engine for game: TheSummit
LogPlatformFile: Not using cached read wrapper
LogTaskGraph: Started task graph with 5 named threads and 47 total threads with 3 sets of task threads.
LogStats: Stats thread started at 0.547877
LogD3D11RHI: Loaded GFSDK_Aftermath_Lib.x64.dll
LogICUInternationalization: Display: ICU TimeZone Detection - Raw Offset: -5:00, Platform Override: ''
LogPluginManager: Mounting plugin Paper2D
LogPluginManager: Mounting plugin AISupport
LogPluginManager: Mounting plugin LightPropagationVolume
LogPluginManager: Mounting plugin CLionSourceCodeAccess
LogPluginManager: Mounting plugin CodeLiteSourceCodeAccess
LogPluginManager: Mounting plugin GitSourceControl
LogPluginManager: Mounting plugin KDevelopSourceCodeAccess
LogPluginManager: Mounting plugin NullSourceCodeAccess
LogPluginManager: Mounting plugin PerforceSourceControl
LogPluginManager: Mounting plugin SubversionSourceControl
LogPluginManager: Mounting plugin UObjectPlugin
LogPluginManager: Mounting plugin VisualStudioCodeSourceCodeAccess
LogPluginManager: Mounting plugin VisualStudioSourceCodeAccess
LogPluginManager: Mounting plugin XCodeSourceCodeAccess
LogPluginManager: Mounting plugin AssetManagerEditor
LogPluginManager: Mounting plugin CryptoKeys
LogPluginManager: Mounting plugin DataValidation
LogPluginManager: Mounting plugin FacialAnimation
LogPluginManager: Mounting plugin GameplayTagsEditor
LogPluginManager: Mounting plugin MacGraphicsSwitching
LogPluginManager: Mounting plugin MeshEditor
LogPluginManager: Mounting plugin MobileLauncherProfileWizard
LogPluginManager: Mounting plugin PluginBrowser
LogPluginManager: Mounting plugin SpeedTreeImporter
LogPluginManager: Mounting plugin DatasmithContent
LogPluginManager: Mounting plugin AlembicImporter
LogPluginManager: Mounting plugin AppleImageUtils
LogPluginManager: Mounting plugin AppleVision
LogPluginManager: Mounting plugin BackChannel
LogPluginManager: Mounting plugin CharacterAI
LogPluginManager: Mounting plugin GeometryCache
LogPluginManager: Mounting plugin HTML5Networking
LogPluginManager: Mounting plugin ProxyLODPlugin
LogPluginManager: Mounting plugin MagicLeap
LogPluginManager: Mounting plugin MagicLeapEmulator
LogPluginManager: Mounting plugin MagicLeapMedia
LogPluginManager: Mounting plugin AndroidMedia
LogPluginManager: Mounting plugin AvfMedia
LogPluginManager: Mounting plugin ImgMedia
LogPluginManager: Mounting plugin LinearTimecode
LogPluginManager: Mounting plugin MediaCompositing
LogPluginManager: Mounting plugin MediaPlayerEditor
LogPluginManager: Mounting plugin WmfMedia
LogPluginManager: Mounting plugin TcpMessaging
LogPluginManager: Mounting plugin UdpMessaging
LogPluginManager: Mounting plugin ActorSequence
LogPluginManager: Mounting plugin LevelSequenceEditor
LogPluginManager: Mounting plugin MatineeToLevelSequence
LogPluginManager: Mounting plugin NetcodeUnitTest
LogPluginManager: Mounting plugin NUTUnrealEngine4
LogPluginManager: Mounting plugin OnlineSubsystemGooglePlay
LogPluginManager: Mounting plugin OnlineSubsystemIOS
LogPluginManager: Mounting plugin OnlineSubsystem
LogPluginManager: Mounting plugin OnlineSubsystemNull
LogPluginManager: Mounting plugin OnlineSubsystemUtils
LogPluginManager: Mounting plugin LauncherChunkInstaller
LogPluginManager: Mounting plugin AndroidDeviceProfileSelector
LogPluginManager: Mounting plugin AndroidMoviePlayer
LogPluginManager: Mounting plugin AndroidPermission
LogPluginManager: Mounting plugin AppleMoviePlayer
LogPluginManager: Mounting plugin ArchVisCharacter
LogPluginManager: Mounting plugin AudioCapture
LogPluginManager: Mounting plugin CableComponent
LogPluginManager: Mounting plugin CustomMeshComponent
LogPluginManager: Mounting plugin EditableMesh
LogPluginManager: Mounting plugin ExampleDeviceProfileSelector
LogPluginManager: Mounting plugin GoogleCloudMessaging
LogPluginManager: Mounting plugin ImmediatePhysics
LogPluginManager: Mounting plugin IOSDeviceProfileSelector
LogPluginManager: Mounting plugin LinuxDeviceProfileSelector
LogPluginManager: Mounting plugin LocationServicesBPLibrary
LogPluginManager: Mounting plugin MobilePatchingUtils
LogPluginManager: Mounting plugin OculusVR
LogPluginManager: Plugin shader directory ../../../Engine/Plugins/Runtime/Oculus/OculusVR/Shaders found
LogPluginManager: Mapping shader source directory ../../../Engine/Plugins/Runtime/Oculus/OculusVR/Shaders to virtual directory /Plugin/OculusVR
LogPluginManager: Mounting plugin PhysXVehicles
LogPluginManager: Mounting plugin ProceduralMeshComponent
LogPluginManager: Mounting plugin RuntimePhysXCooking
LogPluginManager: Mounting plugin SteamVR
LogPluginManager: Mounting plugin WindowsMoviePlayer
LogStreaming: Display: Took  0.119s to configure plugins.
LogInit: Using libcurl 7.55.1-DEV
LogInit:  - built for x86_64-pc-win32
LogInit:  - supports SSL with OpenSSL/1.0.2h
LogInit:  - supports HTTP deflate (compression) using libz 1.2.8
LogInit:  - other features:
LogInit:      CURL_VERSION_SSL
LogInit:      CURL_VERSION_LIBZ
LogInit:      CURL_VERSION_IPV6
LogInit:      CURL_VERSION_ASYNCHDNS
LogInit:      CURL_VERSION_LARGEFILE
LogInit:      CURL_VERSION_IDN
LogInit:  CurlRequestOptions (configurable via config and command line):
LogInit:  - bVerifyPeer = false  - Libcurl will NOT verify peer certificate
LogInit:  - bUseHttpProxy = false  - Libcurl will NOT use HTTP proxy
LogInit:  - bDontReuseConnections = false  - Libcurl will reuse connections
LogInit:  - CertBundlePath = nullptr  - Libcurl will use whatever was configured at build time.
LogInit:  - MaxHostConnections = 16  - Libcurl will limit the number of connections to a host
LogInit:  - LocalHostAddr = Default
LogInit:  - BufferSize = 65536
LogInit: WinSock: version 1.1 (2.2), MaxSocks=32767, MaxUdp=65467
LogHMD: Failed initializing OVRPlugin 1.25.0
LogInit: Build: ++UE4+Release-4.20-CL-4233996
LogInit: Engine Version: 4.20.1-4233996+++UE4+Release-4.20
LogInit: Compatible Engine Version: 4.20.0-4212847+++UE4+Release-4.20
LogInit: Net CL: 4212847
LogInit: OS: Windows 10 (), CPU: AMD Ryzen 7 1700 Eight-Core Processor          , GPU: NVIDIA GeForce GTX 1080
LogInit: Compiled (64-bit): Jul 26 2018 10:07:30
LogInit: Compiled with Visual C++: 19.13.26129.00
LogInit: Build Configuration: Development
LogInit: Branch Name: ++UE4+Release-4.20
LogInit: Command Line:  
LogInit: Base Directory: D:/Unreal Engine/UE_4.20/Engine/Binaries/Win64/
LogInit: Installed Engine Build: 1
LogDevObjectVersion: Number of dev versions registered: 20
LogDevObjectVersion:   Dev-Blueprints (B0D832E4-1F89-4F0D-ACCF-7EB736FD4AA2): 10
LogDevObjectVersion:   Dev-Build (E1C64328-A22C-4D53-A36C-8E866417BD8C): 0
LogDevObjectVersion:   Dev-Core (375EC13C-06E4-48FB-B500-84F0262A717E): 2
LogDevObjectVersion:   Dev-Editor (E4B068ED-F494-42E9-A231-DA0B2E46BB41): 24
LogDevObjectVersion:   Dev-Framework (CFFC743F-43B0-4480-9391-14DF171D2073): 34
LogDevObjectVersion:   Dev-Mobile (B02B49B5-BB20-44E9-A304-32B752E40360): 2
LogDevObjectVersion:   Dev-Networking (A4E4105C-59A1-49B5-A7C5-40C4547EDFEE): 0
LogDevObjectVersion:   Dev-Online (39C831C9-5AE6-47DC-9A44-9C173E1C8E7C): 0
LogDevObjectVersion:   Dev-Physics (78F01B33-EBEA-4F98-B9B4-84EACCB95AA2): 0
LogDevObjectVersion:   Dev-Platform (6631380F-2D4D-43E0-8009-CF276956A95A): 0
LogDevObjectVersion:   Dev-Rendering (12F88B9F-8875-4AFC-A67C-D90C383ABD29): 26
LogDevObjectVersion:   Dev-Sequencer (7B5AE74C-D270-4C10-A958-57980B212A5A): 9
LogDevObjectVersion:   Dev-VR (D7296918-1DD6-4BDD-9DE2-64A83CC13884): 2
LogDevObjectVersion:   Dev-LoadTimes (C2A15278-BFE7-4AFE-6C17-90FF531DF755): 1
LogDevObjectVersion:   Private-Geometry (6EACA3D4-40EC-4CC1-B786-8BED09428FC5): 3
LogDevObjectVersion:   Dev-AnimPhys (29E575DD-E0A3-4627-9D10-D276232CDCEA): 17
LogDevObjectVersion:   Dev-ReflectionCapture (6B266CEC-1EC7-4B8F-A30B-E4D90942FC07): 1
LogDevObjectVersion:   Dev-Automation (0DF73D61-A23F-47EA-B727-89E90C41499A): 1
LogDevObjectVersion:   FortniteMain (601D1886-AC64-4F84-AA16-D3DE0DEAC7D6): 12
LogDevObjectVersion:   Dev-Enterprise (9DFFBCD6-494F-0158-E221-12823C92A888): 1
LogStreaming: Display: Took  0.000s to delete old logs.
LogInit: Presizing for max 8388607 objects, including 0 objects not considered by GC, pre-allocating 0 bytes for permanent pool.
LogInit: Object subsystem initialized
[2018.10.07-17.24.38:085][  0]LogInit: Selected Device Profile: [Windows]
[2018.10.07-17.24.38:085][  0]LogInit: Applying CVar settings loaded from the selected device profile: [Windows]
[2018.10.07-17.24.38:098][  0]LogHAL: Display: Platform has ~ 16 GB [17109286912 / 17179869184 / 16], which maps to Larger [LargestMinGB=32, LargerMinGB=12, DefaultMinGB=8, SmallerMinGB=6, SmallestMinGB=0)
[2018.10.07-17.24.38:098][  0]LogInit: Setting Device Profile CVar: [[r.Vulkan.UseRealUBs:1]]
[2018.10.07-17.24.38:098][  0]LogInit: Going up to parent DeviceProfile []
[2018.10.07-17.24.38:099][  0]LogInit: Computer: ALI-PC
[2018.10.07-17.24.38:099][  0]LogInit: User: aliha
[2018.10.07-17.24.38:099][  0]LogInit: CPU Page size=4096, Cores=8
[2018.10.07-17.24.38:099][  0]LogInit: High frequency timer resolution =2.929943 MHz
[2018.10.07-17.24.38:099][  0]LogMemory: Memory total: Physical=15.9GB (16GB approx)
[2018.10.07-17.24.38:099][  0]LogMemory: Platform Memory Stats for Windows
[2018.10.07-17.24.38:099][  0]LogMemory: Process Physical Memory: 104.56 MB used, 104.56 MB peak
[2018.10.07-17.24.38:099][  0]LogMemory: Process Virtual Memory: 91.29 MB used, 91.29 MB peak
[2018.10.07-17.24.38:099][  0]LogMemory: Physical Memory: 7013.83 MB used,  9302.86 MB free, 16316.69 MB total
[2018.10.07-17.24.38:099][  0]LogMemory: Virtual Memory: 4684.80 MB used,  9302.86 MB free, 134217728.00 MB total
[2018.10.07-17.24.38:118][  0]LogInit: Using OS detected language (en-US).
[2018.10.07-17.24.38:118][  0]LogInit: Using OS detected locale (en-US).
[2018.10.07-17.24.38:119][  0]LogTextLocalizationManager: No specific localization for 'en-US' exists, so the 'en' localization will be used.
[2018.10.07-17.24.38:487][  0]LogStreaming: Display: Took  0.370s to InitEngineTextLocalization.
[2018.10.07-17.24.38:488][  0]LogInit: Setting process to per monitor DPI aware
[2018.10.07-17.24.38:516][  0]LogSlate: New Slate User Created.  User Index 0, Is Virtual User: 0
[2018.10.07-17.24.38:516][  0]LogSlate: Slate User Registered.  User Index 0, Is Virtual User: 0
[2018.10.07-17.24.44:524][  0]LogHMD: Failed to initialize OpenVR with code 108
[2018.10.07-17.24.44:524][  0]LogD3D11RHI: D3D11 adapters:
[2018.10.07-17.24.44:624][  0]LogD3D11RHI:    0. 'NVIDIA GeForce GTX 1080' (Feature Level 11_0)
[2018.10.07-17.24.44:624][  0]LogD3D11RHI:       8079/0/8158 MB DedicatedVideo/DedicatedSystem/SharedSystem, Outputs:1, VendorId:0x10de
[2018.10.07-17.24.44:626][  0]LogD3D11RHI:    1. 'Microsoft Basic Render Driver' (Feature Level 11_0)
[2018.10.07-17.24.44:626][  0]LogD3D11RHI:       0/0/8158 MB DedicatedVideo/DedicatedSystem/SharedSystem, Outputs:0, VendorId:0x1414
[2018.10.07-17.24.44:626][  0]LogD3D11RHI: Chosen D3D11 Adapter: 0
[2018.10.07-17.24.44:639][  0]LogD3D11RHI: Creating new Direct3DDevice
[2018.10.07-17.24.44:639][  0]LogD3D11RHI:     GPU DeviceId: 0x1b80 (for the marketing name, search the web for "GPU Device Id")
[2018.10.07-17.24.44:639][  0]LogWindows: EnumDisplayDevices:
[2018.10.07-17.24.44:639][  0]LogWindows:    0. 'NVIDIA GeForce GTX 1080' (P:1 D:1)
[2018.10.07-17.24.44:640][  0]LogWindows:    1. 'NVIDIA GeForce GTX 1080' (P:0 D:0)
[2018.10.07-17.24.44:640][  0]LogWindows:    2. 'NVIDIA GeForce GTX 1080' (P:0 D:0)
[2018.10.07-17.24.44:640][  0]LogWindows:    3. 'NVIDIA GeForce GTX 1080' (P:0 D:0)
[2018.10.07-17.24.44:640][  0]LogWindows: DebugString: FoundDriverCount:4 
[2018.10.07-17.24.44:640][  0]LogD3D11RHI:     Adapter Name: NVIDIA GeForce GTX 1080
[2018.10.07-17.24.44:640][  0]LogD3D11RHI:   Driver Version: 411.70 (internal:24.21.14.1170, unified:411.70)
[2018.10.07-17.24.44:640][  0]LogD3D11RHI:      Driver Date: 9-25-2018
[2018.10.07-17.24.44:640][  0]LogRHI: Texture pool is 5655 MB (70% of 8079 MB)
[2018.10.07-17.24.44:699][  0]LogD3D11RHI: Async texture creation enabled
[2018.10.07-17.24.44:825][  0]LogD3D11RHI: GPU Timing Frequency: 1000.000000 (Debug: 2 2)
[2018.10.07-17.24.44:869][  0]LogShaderCompilers: Guid format shader working directory is 1 characters bigger than the processId version (../../../../../Github/climb-summit/TheSummit/Intermediate/Shaders/WorkingDirectory/15900/).
[2018.10.07-17.24.44:869][  0]LogShaderCompilers: Cleaned the shader compiler working directory 'C:/Users/aliha/AppData/Local/Temp/UnrealShaderWorkingDir/FC91315740F3B5B3C8ACDE8AB1796A65/'.
[2018.10.07-17.24.45:177][  0]LogTemp: Display: Loaded TP AllDesktopTargetPlatform
[2018.10.07-17.24.45:193][  0]LogTemp: Display: Loaded TP MacClientTargetPlatform
[2018.10.07-17.24.45:208][  0]LogTemp: Display: Loaded TP MacNoEditorTargetPlatform
[2018.10.07-17.24.45:223][  0]LogTemp: Display: Loaded TP MacServerTargetPlatform
[2018.10.07-17.24.45:237][  0]LogTemp: Display: Loaded TP MacTargetPlatform
[2018.10.07-17.24.45:252][  0]LogTemp: Display: Loaded TP WindowsClientTargetPlatform
[2018.10.07-17.24.45:267][  0]LogTemp: Display: Loaded TP WindowsNoEditorTargetPlatform
[2018.10.07-17.24.45:281][  0]LogTemp: Display: Loaded TP WindowsServerTargetPlatform
[2018.10.07-17.24.45:287][  0]LogTemp: Display: Loaded TP WindowsTargetPlatform
[2018.10.07-17.24.45:393][  0]LogTemp: Display: Loaded TP AndroidTargetPlatform
[2018.10.07-17.24.45:393][  0]LogTemp: Display: Loaded TP AndroidTargetPlatform
[2018.10.07-17.24.45:393][  0]LogTemp: Display: Loaded TP AndroidTargetPlatform
[2018.10.07-17.24.45:393][  0]LogTemp: Display: Loaded TP AndroidTargetPlatform
[2018.10.07-17.24.45:393][  0]LogTemp: Display: Loaded TP AndroidTargetPlatform
[2018.10.07-17.24.45:393][  0]LogTemp: Display: Loaded TP AndroidTargetPlatform
[2018.10.07-17.24.45:393][  0]LogTemp: Display: Loaded TP AndroidTargetPlatform
[2018.10.07-17.24.45:393][  0]LogTemp: Display: Loaded TP AndroidTargetPlatform
[2018.10.07-17.24.45:393][  0]LogTemp: Display: Loaded TP AndroidTargetPlatform
[2018.10.07-17.24.45:393][  0]LogTemp: Display: Loaded TP AndroidTargetPlatform
[2018.10.07-17.24.45:393][  0]LogTemp: Display: Loaded TP AndroidTargetPlatform
[2018.10.07-17.24.45:393][  0]LogTemp: Display: Loaded TP AndroidTargetPlatform
[2018.10.07-17.24.45:393][  0]LogTemp: Display: Loaded TP AndroidTargetPlatform
[2018.10.07-17.24.45:393][  0]LogTemp: Display: Loaded TP AndroidTargetPlatform
[2018.10.07-17.24.45:393][  0]LogTemp: Display: Loaded TP AndroidTargetPlatform
[2018.10.07-17.24.45:393][  0]LogTemp: Display: Loaded TP AndroidTargetPlatform
[2018.10.07-17.24.45:394][  0]LogTemp: Display: Loaded TP AndroidTargetPlatform
[2018.10.07-17.24.45:394][  0]LogTemp: Display: Loaded TP AndroidTargetPlatform
[2018.10.07-17.24.45:395][  0]LogTemp: Display: Loaded TP HTML5TargetPlatform
[2018.10.07-17.24.45:463][  0]LogTemp: Display: Loaded TP IOSTargetPlatform
[2018.10.07-17.24.45:463][  0]LogTemp: Display: Loaded TP IOSTargetPlatform
[2018.10.07-17.24.45:494][  0]LogTemp: Display: Loaded TP TVOSTargetPlatform
[2018.10.07-17.24.45:494][  0]LogTemp: Display: Loaded TP TVOSTargetPlatform
[2018.10.07-17.24.45:510][  0]LogTemp: Display: Loaded TP LinuxClientTargetPlatform
[2018.10.07-17.24.45:527][  0]LogTemp: Display: Loaded TP LinuxNoEditorTargetPlatform
[2018.10.07-17.24.45:542][  0]LogTemp: Display: Loaded TP LinuxServerTargetPlatform
[2018.10.07-17.24.45:559][  0]LogTemp: Display: Loaded TP LinuxTargetPlatform
[2018.10.07-17.24.45:570][  0]LogTemp: Display: Loaded TP LuminTargetPlatform
[2018.10.07-17.24.45:570][  0]LogTargetPlatformManager: Display: Building Assets For Windows
[2018.10.07-17.24.45:622][  0]LogXGEController: Cleaning working directory: C:/Users/aliha/AppData/Local/Temp/UnrealXGEWorkingDir/
[2018.10.07-17.24.45:623][  0]LogXGEController: Cannot use XGE Controller as Incredibuild is not installed on this machine.
[2018.10.07-17.24.45:623][  0]LogShaderCompilers: Cannot use XGE Shader Compiler as Incredibuild is not installed on this machine.
[2018.10.07-17.24.45:623][  0]LogShaderCompilers: Display: Using Local Shader Compiler.
[2018.10.07-17.24.46:570][  0]LogDerivedDataCache: Display: Max Cache Size: 512 MB
[2018.10.07-17.24.46:624][  0]LogDerivedDataCache: Loaded boot cache 0.05s 71MB C:/Users/aliha/AppData/Local/UnrealEngine/4.20/DerivedDataCache/Boot.ddc.
[2018.10.07-17.24.46:624][  0]LogDerivedDataCache: Display: Loaded Boot cache: C:/Users/aliha/AppData/Local/UnrealEngine/4.20/DerivedDataCache/Boot.ddc
[2018.10.07-17.24.46:624][  0]LogDerivedDataCache: FDerivedDataBackendGraph:  Pak pak cache file ../../../../../Github/climb-summit/TheSummit/DerivedDataCache/DDC.ddp not found, will not use a pak cache.
[2018.10.07-17.24.46:624][  0]LogDerivedDataCache: Unable to find inner node Pak for hierarchical cache Hierarchy.
[2018.10.07-17.24.46:624][  0]LogDerivedDataCache: FDerivedDataBackendGraph:  CompressedPak pak cache file ../../../../../Github/climb-summit/TheSummit/DerivedDataCache/Compressed.ddp not found, will not use a pak cache.
[2018.10.07-17.24.46:624][  0]LogDerivedDataCache: Unable to find inner node CompressedPak for hierarchical cache Hierarchy.
[2018.10.07-17.24.46:637][  0]LogDerivedDataCache: Display: Pak cache opened for reading ../../../Engine/DerivedDataCache/Compressed.ddp.
[2018.10.07-17.24.46:649][  0]LogDerivedDataCache: Using Local data cache path C:/Users/aliha/AppData/Local/UnrealEngine/Common/DerivedDataCache: Writable
[2018.10.07-17.24.46:649][  0]LogDerivedDataCache: Shared data cache path not found in *engine.ini, will not use an Shared cache.
[2018.10.07-17.24.46:649][  0]LogDerivedDataCache: Unable to find inner node Shared for hierarchical cache Hierarchy.
[2018.10.07-17.24.46:668][  0]LogMaterial: Verifying Global Shaders for PCD3D_SM5
[2018.10.07-17.24.46:669][  0]LogSlate: Using FreeType 2.6.0
[2018.10.07-17.24.46:670][  0]LogSlate: SlateFontServices - WITH_FREETYPE: 1, WITH_HARFBUZZ: 1
[2018.10.07-17.24.46:763][  0]LogAssetRegistry: FAssetRegistry took 0.0270 seconds to start up
[2018.10.07-17.24.47:114][  0]LogInit: Selected Device Profile: [Windows]
[2018.10.07-17.24.47:252][  0]LogSimplygon: Simplygon DLL not present - disabling.
[2018.10.07-17.24.47:255][  0]LogMeshReduction: Using SimplygonSwarm for distributed automatic mesh merging
[2018.10.07-17.24.47:255][  0]LogMeshReduction: Using ProxyLODMeshReduction for automatic mesh merging
[2018.10.07-17.24.47:255][  0]LogMeshReduction: Using QuadricMeshReduction for automatic static mesh reduction
[2018.10.07-17.24.47:255][  0]LogMeshReduction: No automatic skeletal mesh reduction module available
[2018.10.07-17.24.47:278][  0]LogNetVersion: TheSummit 1.0.0, NetCL: 4212847, EngineNetVer: 5, GameNetVer: 0 (Checksum: 40220121)
[2018.10.07-17.24.47:944][  0]LogPackageLocalizationCache: Processed 11 localized package path(s) for 2 prioritized culture(s) in 0.126474 seconds
[2018.10.07-17.24.47:952][  0]LogUObjectArray: 38425 objects as part of root set at end of initial load.
[2018.10.07-17.24.47:952][  0]LogUObjectAllocator: 6690872 out of 0 bytes used by permanent object pool.
[2018.10.07-17.24.47:952][  0]LogUObjectArray: CloseDisregardForGC: 0/0 objects in disregard for GC pool
[2018.10.07-17.24.48:891][  0]LogTcpMessaging: Initializing TcpMessaging bridge
[2018.10.07-17.24.48:904][  0]LogUdpMessaging: Initializing bridge on interface 0.0.0.0:0 to multicast group 230.0.0.1:6666.
[2018.10.07-17.24.49:066][  0]SourceControl: Source control is disabled
[2018.10.07-17.24.49:576][  0]LogAndroidPermission: UAndroidPermissionCallbackProxy::GetInstance
[2018.10.07-17.24.49:630][  0]LogOcInput: OculusInput pre-init called
[2018.10.07-17.24.49:698][  0]LogEngine: Initializing Engine...
[2018.10.07-17.24.49:746][  0]LogHMD: Failed to initialize OpenVR with code 108
[2018.10.07-17.24.49:748][  0]LogStats: UGameplayTagsManager::ConstructGameplayTagTree: ImportINI prefixes -  0.000 s
[2018.10.07-17.24.49:748][  0]LogStats: UGameplayTagsManager::ConstructGameplayTagTree: Construct from data asset -  0.000 s
[2018.10.07-17.24.49:748][  0]LogStats: UGameplayTagsManager::ConstructGameplayTagTree: ImportINI -  0.000 s
[2018.10.07-17.24.49:748][  0]LogStats: UGameplayTagsManager::ConstructGameplayTagTree: GameplayTagTreeChangedEvent.Broadcast -  0.000 s
[2018.10.07-17.24.49:976][  0]LogInit: Initializing FReadOnlyCVARCache
[2018.10.07-17.24.49:989][  0]LogAIModule: Creating AISystem for world Untitled
[2018.10.07-17.24.50:068][  0]LogInit: XAudio2 using 'Speakers (USB Audio Device)' : 2 channels at 48 kHz using 16 bits per sample (channel mask 0x3)
[2018.10.07-17.24.50:084][  0]LogInit: FAudioDevice initialized.
[2018.10.07-17.24.50:085][  0]LogNetVersion: Set ProjectVersion to 1.0.0.0. Version Checksum will be recalculated on next use.
[2018.10.07-17.24.50:166][  0]LogDerivedDataCache: Saved boot cache 0.08s 71MB C:/Users/aliha/AppData/Local/UnrealEngine/4.20/DerivedDataCache/Boot.ddc.
[2018.10.07-17.24.50:175][  0]LogInit: Texture streaming: Enabled
[2018.10.07-17.24.50:191][  0]LogEngineSessionManager: EngineSessionManager initialized
[2018.10.07-17.24.50:206][  0]LogEngineSessionManager: EngineSessionManager sent abnormal shutdown report. Type=Crashed, SessionId={B59617DF-41BE-679C-319C-B49AC6AF4AAF}
[2018.10.07-17.24.50:221][  0]LogInit: Transaction tracking system initialized
[2018.10.07-17.24.50:236][  0]BlueprintLog: New page: Editor Load
[2018.10.07-17.24.50:295][  0]LocalizationService: Localization service is disabled
[2018.10.07-17.24.50:571][  0]LogCook: Display: Max memory allowance for cook 16384mb min free memory 0mb
[2018.10.07-17.24.50:571][  0]LogCook: Display: Mobile HDR setting 1
[2018.10.07-17.24.50:571][  0]LogGameplayTags: Display: UGameplayTagsManager::DoneAddingNativeTags. DelegateIsBound: 0
[2018.10.07-17.24.50:571][  0]LogStats: UGameplayTagsManager::ConstructGameplayTagTree: ImportINI prefixes -  0.000 s
[2018.10.07-17.24.50:571][  0]LogStats: UGameplayTagsManager::ConstructGameplayTagTree: Construct from data asset -  0.000 s
[2018.10.07-17.24.50:571][  0]LogStats: UGameplayTagsManager::ConstructGameplayTagTree: ImportINI -  0.000 s
[2018.10.07-17.24.50:571][  0]LogStats: UGameplayTagsManager::ConstructGameplayTagTree: GameplayTagTreeChangedEvent.Broadcast -  0.000 s
[2018.10.07-17.24.50:689][  0]LogFileCache: Scanning file cache for directory 'D:/Github/climb-summit/TheSummit/Content/' took 0.01s
[2018.10.07-17.24.50:690][  0]Cmd: MAP LOAD FILE="../../../../../Github/climb-summit/TheSummit/Content/TreeCutTesting/TreeCutTestMap.umap" TEMPLATE=0 SHOWPROGRESS=1 FEATURELEVEL=3
[2018.10.07-17.24.50:710][  0]LogSlate: Took 0.000263 seconds to synchronously load lazily loaded font '../../../Engine/Content/Slate/Fonts/Roboto-Regular.ttf' (155K)
[2018.10.07-17.28.17:295][  0]LogSlate: Window 'Message' being destroyed
[2018.10.07-17.28.17:295][  0]LogWindowsTextInputMethodSystem: Display: IME system now deactivated.
[2018.10.07-17.28.17:302][  0]LightingResults: New page: Lighting Build
[2018.10.07-17.28.17:304][  0]MapCheck: New page: Map Check
[2018.10.07-17.28.17:304][  0]LightingResults: New page: Lighting Build
[2018.10.07-17.28.17:335][  0]LogAIModule: Creating AISystem for world Untitled
[2018.10.07-17.28.17:338][  0]LoadErrors: New page: New Map
[2018.10.07-17.28.17:399][  0]LogWindowsTextInputMethodSystem: Display: IME system now deactivated.
[2018.10.07-17.28.17:427][  0]LogSlate: Updating window title bar state: overlay mode, drag disabled, window buttons hidden, title bar hidden
[2018.10.07-17.28.17:435][  0]LogSlate: Updating window title bar state: overlay mode, drag disabled, window buttons hidden, title bar hidden
[2018.10.07-17.28.17:443][  0]LogSlate: Updating window title bar state: overlay mode, drag disabled, window buttons hidden, title bar hidden
[2018.10.07-17.28.17:451][  0]LogSlate: Updating window title bar state: overlay mode, drag disabled, window buttons hidden, title bar hidden
[2018.10.07-17.28.17:456][  0]LogCollectionManager: Loaded 0 collections in 0.001112 seconds
[2018.10.07-17.28.17:497][  0]LogFileCache: Scanning file cache for directory 'D:/Github/climb-summit/TheSummit/Saved/Collections/' took 0.01s
[2018.10.07-17.28.17:498][  0]LogFileCache: Scanning file cache for directory 'D:/Github/climb-summit/TheSummit/Content/Developers/aliha/Collections/' took 0.01s
[2018.10.07-17.28.17:498][  0]LogFileCache: Scanning file cache for directory 'D:/Github/climb-summit/TheSummit/Content/Collections/' took 0.01s
[2018.10.07-17.28.17:498][  0]LogCollectionManager: Rebuilt the GUID cache for 0 collections in 0.000003 seconds
[2018.10.07-17.28.17:508][  0]LogContentBrowser: Native class hierarchy populated in 0.0101 seconds. Added 2572 classes and 603 folders.
[2018.10.07-17.28.17:513][  0]LogContentBrowser: Native class hierarchy updated for 'WidgetCarousel' in 0.0003 seconds. Added 0 classes and 0 folders.
[2018.10.07-17.28.17:580][  0]LogContentBrowser: Native class hierarchy updated for 'AddContentDialog' in 0.0004 seconds. Added 0 classes and 0 folders.
[2018.10.07-17.28.17:585][  0]LogContentBrowser: Native class hierarchy updated for 'SceneOutliner' in 0.0003 seconds. Added 1 classes and 2 folders.
[2018.10.07-17.28.17:649][  0]LogSlate: Took 0.000239 seconds to synchronously load lazily loaded font '../../../Engine/Content/Slate/Fonts/Roboto-Bold.ttf' (160K)
[2018.10.07-17.28.17:654][  0]LogSlate: Took 0.000235 seconds to synchronously load lazily loaded font '../../../Engine/Content/Editor/Slate/Fonts/FontAwesome.ttf' (139K)
[2018.10.07-17.28.17:711][  0]LogRenderer: Reallocating scene render targets to support 1208x576 Format 10 NumSamples 1 (Frame:1).
[2018.10.07-17.28.17:807][  0]LogContentBrowser: Native class hierarchy updated for 'HierarchicalLODOutliner' in 0.0003 seconds. Added 0 classes and 0 folders.
[2018.10.07-17.28.17:807][  0]LogLoad: (Engine Initialization) Total time: 222.47 seconds
[2018.10.07-17.28.17:807][  0]LogLoad: (Engine Initialization) Total Blueprint compile time: 0.00 seconds
[2018.10.07-17.28.17:840][  0]LogContentStreaming: Texture pool size now 3000 MB
[2018.10.07-17.28.17:887][  1]LogAssetRegistry: Asset discovery search completed in 211.1468 seconds
[2018.10.07-17.28.17:889][  1]LogCollectionManager: Rebuilt the object cache for 0 collections in 0.000003 seconds (found 0 objects)
[2018.10.07-17.28.17:889][  1]LogCollectionManager: Fixed up redirectors for 0 collections in 0.000062 seconds (updated 0 objects)
[2018.10.07-17.28.19:949][245]LogSlate: FSceneViewport::OnFocusLost() reason 0
[2018.10.07-17.28.20:031][254]LogSlate: Took 0.000180 seconds to synchronously load lazily loaded font '../../../Engine/Content/Slate/Fonts/Roboto-Light.ttf' (167K)
[2018.10.07-17.28.21:264][401]LogSlate: Took 0.000276 seconds to synchronously load lazily loaded font '../../../Engine/Content/Slate/Fonts/Roboto-Light.ttf' (167K)
[2018.10.07-17.28.21:599][401]LogAIModule: Creating AISystem for world TreeCutTestMap
[2018.10.07-17.28.21:610][401]LogAssetEditorManager: Opening Asset editor for World /Game/AliTesting/TreeCutTestMap.TreeCutTestMap
[2018.10.07-17.28.21:712][401]Cmd: MAP LOAD FILE="../../../../../Github/climb-summit/TheSummit/Content/AliTesting/TreeCutTestMap.umap" TEMPLATE=0 SHOWPROGRESS=1 FEATURELEVEL=3
[2018.10.07-17.28.21:712][401]LightingResults: New page: Lighting Build
[2018.10.07-17.28.21:713][401]LoadErrors: New page: Loading map: TreeCutTestMap.umap
[2018.10.07-17.28.21:733][401]MapCheck: New page: Map Check
[2018.10.07-17.28.21:733][401]LightingResults: New page: Lighting Build
[2018.10.07-17.28.22:332][401]LogEditorServer: Finished looking for orphan Actors (0.001 secs)
[2018.10.07-17.28.22:475][401]Cmd: MAP CHECKDEP NOCLEARLOG
[2018.10.07-17.28.22:546][401]MapCheck: Map check complete: 0 Error(s), 0 Warning(s), took 70.127ms to complete.
[2018.10.07-17.28.22:550][401]LogFileHelpers: Loading map 'TreeCutTestMap' took 0.904
[2018.10.07-17.28.25:111][634]LogSlate: FSceneViewport::OnFocusLost() reason 0
[2018.10.07-17.28.30:771][308]LogSlate: Prevented a slow task dialog from being summoned while a context menu was open
[2018.10.07-17.28.30:778][308]LogLinker: Warning: Can't find file '/Game/AlisTesting/TreeCutTestMap_BuiltData'
[2018.10.07-17.28.30:778][308]LogLinker: Warning: Can't find file for asset '/Game/AlisTesting/TreeCutTestMap_BuiltData' while loading ../../../../../Github/climb-summit/TheSummit/Content/AlisTesting/TreeCutTestMap.umap.
[2018.10.07-17.28.30:779][308]LoadErrors: Error: /Game/AlisTesting/TreeCutTestMap : Can't find file for asset. /Game/AlisTesting/TreeCutTestMap_BuiltData
[2018.10.07-17.28.30:780][308]LogLinker: Warning: Can't find file '/Game/AlisTesting/TreeCutTestMap_BuiltData'
[2018.10.07-17.28.30:780][308]LogLinker: Warning: Can't find file for asset '/Game/AlisTesting/TreeCutTestMap_BuiltData' while loading ../../../../../Github/climb-summit/TheSummit/Content/AlisTesting/TreeCutTestMap.umap.
[2018.10.07-17.28.30:783][308]LogLinker: Warning: Can't find file '/Game/AlisTesting/TreeCutTestMap_BuiltData'
[2018.10.07-17.28.30:783][308]LogLinker: Warning: Can't find file for asset '/Game/AlisTesting/TreeCutTestMap_BuiltData' while loading NULL.
[2018.10.07-17.28.30:783][308]LogLinker: Warning: Can't find file '/Game/AlisTesting/TreeCutTestMap_BuiltData'
[2018.10.07-17.28.30:783][308]LogLinker: Warning: Can't find file for asset '/Game/AlisTesting/TreeCutTestMap_BuiltData' while loading NULL.
[2018.10.07-17.28.30:790][308]LogLinker: Warning: Can't find file '/Game/AlisTesting/TreeCutTestMap_BuiltData'
[2018.10.07-17.28.30:790][308]LoadErrors: Failed to load /Game/AlisTesting/TreeCutTestMap_BuiltData.TreeCutTestMap_BuiltData Referenced by PersistentLevel
[2018.10.07-17.28.30:790][308]LogLinker: Warning: Can't find file for asset '/Game/AlisTesting/TreeCutTestMap_BuiltData' while loading NULL.
[2018.10.07-17.28.30:813][308]LogAIModule: Creating AISystem for world TreeCutTestMap
[2018.10.07-17.28.33:236][308]LogSlate: Window 'Delete Assets' being destroyed
[2018.10.07-17.28.39:033][308]LogSlate: Window 'Message' being destroyed
[2018.10.07-17.28.43:432][784]LogDirectoryWatcher: Warning: Failed to begin reading directory changes for ../../../../../Github/climb-summit/TheSummit/Plugins/. Error: The system cannot find the file specified. (0x00000002)
[2018.10.07-17.28.47:595][928]LogTemp: Executing iPhonePackager certificates Engine -bundlename com.YourCompany.TheSummit
[2018.10.07-17.28.47:595][928]LogTemp: CWD: D:\Unreal Engine\UE_4.20\Engine\Binaries\DotNET\IOS
[2018.10.07-17.28.47:595][928]LogTemp: Initial Dir: D:\Unreal Engine\UE_4.20
[2018.10.07-17.28.47:595][928]LogTemp: Env CWD: D:\Unreal Engine\UE_4.20\Engine\Binaries\DotNET\IOS
[2018.10.07-17.28.47:595][928]LogTemp: BranchPath = ALI-PC/D/Unreal Engine/UE_4.20/Engine/Binaries --- GameBranchPath = ALI-PC/D/Unreal Engine/UE_4.20/Engine/Binaries
[2018.10.07-17.28.47:595][928]LogTemp: IPP ERROR: Could not find provision directory 'C:\Users\aliha\AppData\Local/Apple Computer/MobileDevice/Provisioning Profiles/'.
[2018.10.07-17.28.47:595][928]LogSlate: Only BGRA pngs, bmps or icos are supported in by External Image Picker
[2018.10.07-17.28.53:974][495]LogDirectoryWatcher: A directory notification for '../../../Engine/Plugins/' was aborted.
[2018.10.07-17.29.03:549][551]SourceControl: fatal: /Script: '/Script' is outside repository
[2018.10.07-17.29.06:800][929]LogSlate: Window 'Project Settings' being destroyed
[2018.10.07-17.29.06:807][929]LogSlate: Window 'Project Settings' being destroyed
[2018.10.07-17.29.14:395][382]LogSlate: Window 'Delete Assets' being destroyed
[2018.10.07-17.29.16:202][382]LogSlate: Window 'Message' being destroyed
[2018.10.07-17.29.30:643][ 55]LogSlate: FSceneViewport::OnFocusLost() reason 0
[2018.10.07-17.29.40:332][133]LogMetaData: Removing '/Game/Blueprints/Tree_Blueprint.Tree_Blueprint:UserConstructionScript.K2Node_FunctionEntry_0' ref from Metadata '/Game/Tree_Blueprint.PackageMetaData'
[2018.10.07-17.29.40:332][133]LogMetaData: Removing '/Game/Blueprints/Tree_Blueprint.Tree_Blueprint_C' ref from Metadata '/Game/Tree_Blueprint.PackageMetaData'
[2018.10.07-17.29.40:332][133]LogMetaData: Removing '/Game/Blueprints/Tree_Blueprint.SKEL_Tree_Blueprint_C:ReceiveAnyDamage' ref from Metadata '/Game/Tree_Blueprint.PackageMetaData'
[2018.10.07-17.29.40:332][133]LogMetaData: Removing '/Game/Blueprints/Tree_Blueprint.SKEL_Tree_Blueprint_C:health' ref from Metadata '/Game/Tree_Blueprint.PackageMetaData'
[2018.10.07-17.29.40:332][133]LogMetaData: Removing '/Game/Blueprints/Tree_Blueprint.SKEL_Tree_Blueprint_C:UserConstructionScript' ref from Metadata '/Game/Tree_Blueprint.PackageMetaData'
[2018.10.07-17.29.40:332][133]LogMetaData: Removing '/Game/Blueprints/Tree_Blueprint.SKEL_Tree_Blueprint_C' ref from Metadata '/Game/Tree_Blueprint.PackageMetaData'
[2018.10.07-17.29.40:332][133]LogMetaData: Removing '/Game/Blueprints/Tree_Blueprint.Tree_Blueprint_C:health' ref from Metadata '/Game/Tree_Blueprint.PackageMetaData'
[2018.10.07-17.29.40:332][133]LogMetaData: Removing '/Game/Blueprints/Tree_Blueprint.Tree_Blueprint_C:ReceiveAnyDamage' ref from Metadata '/Game/Tree_Blueprint.PackageMetaData'
[2018.10.07-17.29.40:332][133]LogMetaData: Removing '/Game/Blueprints/Tree_Blueprint.Tree_Blueprint_C:UserConstructionScript' ref from Metadata '/Game/Tree_Blueprint.PackageMetaData'
[2018.10.07-17.29.40:379][133]LogMetaData: Removing '/Game/Blueprints/Character_Blueprint.Character_Blueprint:UserConstructionScript.K2Node_FunctionEntry_0' ref from Metadata '/Game/Character_Blueprint.PackageMetaData'
[2018.10.07-17.29.40:379][133]LogMetaData: Removing '/Game/Blueprints/Character_Blueprint.Character_Blueprint_C' ref from Metadata '/Game/Character_Blueprint.PackageMetaData'
[2018.10.07-17.29.40:379][133]LogMetaData: Removing '/Game/Blueprints/Character_Blueprint.Character_Blueprint:VibrateMC.K2Node_FunctionEntry_0' ref from Metadata '/Game/Character_Blueprint.PackageMetaData'
[2018.10.07-17.29.40:379][133]LogMetaData: Removing '/Game/Blueprints/Character_Blueprint.SKEL_Character_Blueprint_C:BndEvt__GrabSphere_K2Node_ComponentBoundEvent_0_ComponentEndOverlapSignature__DelegateSignature' ref from Metadata '/Game/Character_Blueprint.PackageMetaData'
[2018.10.07-17.29.40:379][133]LogMetaData: Removing '/Game/Blueprints/Character_Blueprint.SKEL_Character_Blueprint_C:ReceiveBeginPlay' ref from Metadata '/Game/Character_Blueprint.PackageMetaData'
[2018.10.07-17.29.40:379][133]LogMetaData: Removing '/Game/Blueprints/Character_Blueprint.SKEL_Character_Blueprint_C:BndEvt__GrabSphereR_K2Node_ComponentBoundEvent_1_ComponentBeginOverlapSignature__DelegateSignature' ref from Metadata '/Game/Character_Blueprint.PackageMetaData'
[2018.10.07-17.29.40:379][133]LogMetaData: Removing '/Game/Blueprints/Character_Blueprint.SKEL_Character_Blueprint_C:BndEvt__GrabSphereL_K2Node_ComponentBoundEvent_6_ComponentBeginOverlapSignature__DelegateSignature' ref from Metadata '/Game/Character_Blueprint.PackageMetaData'
[2018.10.07-17.29.40:379][133]LogMetaData: Removing '/Game/Blueprints/Character_Blueprint.SKEL_Character_Blueprint_C:BndEvt__GrabSphereL_K2Node_ComponentBoundEvent_7_ComponentEndOverlapSignature__DelegateSignature' ref from Metadata '/Game/Character_Blueprint.PackageMetaData'
[2018.10.07-17.29.40:379][133]LogMetaData: Removing '/Game/Blueprints/Character_Blueprint.SKEL_Character_Blueprint_C:BndEvt__BeltCollision_K2Node_ComponentBoundEvent_1_ComponentBeginOverlapSignature__DelegateSignature' ref from Metadata '/Game/Character_Blueprint.PackageMetaData'
[2018.10.07-17.29.40:379][133]LogMetaData: Removing '/Game/Blueprints/Character_Blueprint.SKEL_Character_Blueprint_C:HeldR' ref from Metadata '/Game/Character_Blueprint.PackageMetaData'
[2018.10.07-17.29.40:379][133]LogMetaData: Removing '/Game/Blueprints/Character_Blueprint.SKEL_Character_Blueprint_C:HeldL' ref from Metadata '/Game/Character_Blueprint.PackageMetaData'
[2018.10.07-17.29.40:379][133]LogMetaData: Removing '/Game/Blueprints/Character_Blueprint.SKEL_Character_Blueprint_C:oldLocation' ref from Metadata '/Game/Character_Blueprint.PackageMetaData'
[2018.10.07-17.29.40:379][133]LogMetaData: Removing '/Game/Blueprints/Character_Blueprint.SKEL_Character_Blueprint_C:temp4loop' ref from Metadata '/Game/Character_Blueprint.PackageMetaData'
[2018.10.07-17.29.40:379][133]LogMetaData: Removing '/Game/Blueprints/Character_Blueprint.SKEL_Character_Blueprint_C:PickTheseUpL' ref from Metadata '/Game/Character_Blueprint.PackageMetaData'
[2018.10.07-17.29.40:379][133]LogMetaData: Removing '/Game/Blueprints/Character_Blueprint.SKEL_Character_Blueprint_C:PickTheseUpR' ref from Metadata '/Game/Character_Blueprint.PackageMetaData'
[2018.10.07-17.29.40:379][133]LogMetaData: Removing '/Game/Blueprints/Character_Blueprint.SKEL_Character_Blueprint_C:MC_Right' ref from Metadata '/Game/Character_Blueprint.PackageMetaData'
[2018.10.07-17.29.40:379][133]LogMetaData: Removing '/Game/Blueprints/Character_Blueprint.SKEL_Character_Blueprint_C:HandSMRight' ref from Metadata '/Game/Character_Blueprint.PackageMetaData'
[2018.10.07-17.29.40:379][133]LogMetaData: Removing '/Game/Blueprints/Character_Blueprint.SKEL_Character_Blueprint_C:HandSMLeft' ref from Metadata '/Game/Character_Blueprint.PackageMetaData'
[2018.10.07-17.29.40:379][133]LogMetaData: Removing '/Game/Blueprints/Character_Blueprint.SKEL_Character_Blueprint_C:MC_Left' ref from Metadata '/Game/Character_Blueprint.PackageMetaData'
[2018.10.07-17.29.40:379][133]LogMetaData: Removing '/Game/Blueprints/Character_Blueprint.SKEL_Character_Blueprint_C:Camera' ref from Metadata '/Game/Character_Blueprint.PackageMetaData'
[2018.10.07-17.29.40:379][133]LogMetaData: Removing '/Game/Blueprints/Character_Blueprint.SKEL_Character_Blueprint_C:GrabSphereR' ref from Metadata '/Game/Character_Blueprint.PackageMetaData'
[2018.10.07-17.29.40:379][133]LogMetaData: Removing '/Game/Blueprints/Character_Blueprint.SKEL_Character_Blueprint_C:GrabSphereL' ref from Metadata '/Game/Character_Blueprint.PackageMetaData'
[2018.10.07-17.29.40:379][133]LogMetaData: Removing '/Game/Blueprints/Character_Blueprint.SKEL_Character_Blueprint_C:Belt' ref from Metadata '/Game/Character_Blueprint.PackageMetaData'
[2018.10.07-17.29.40:379][133]LogMetaData: Removing '/Game/Blueprints/Character_Blueprint.SKEL_Character_Blueprint_C:BeltCollision' ref from Metadata '/Game/Character_Blueprint.PackageMetaData'
[2018.10.07-17.29.40:379][133]LogMetaData: Removing '/Game/Blueprints/Character_Blueprint.SKEL_Character_Blueprint_C:UserConstructionScript' ref from Metadata '/Game/Character_Blueprint.PackageMetaData'
[2018.10.07-17.29.40:379][133]LogMetaData: Removing '/Game/Blueprints/Character_Blueprint.SKEL_Character_Blueprint_C:VibrateMC' ref from Metadata '/Game/Character_Blueprint.PackageMetaData'
[2018.10.07-17.29.40:379][133]LogMetaData: Removing '/Game/Blueprints/Character_Blueprint.SKEL_Character_Blueprint_C' ref from Metadata '/Game/Character_Blueprint.PackageMetaData'
[2018.10.07-17.29.40:379][133]LogMetaData: Removing '/Game/Blueprints/Character_Blueprint.Character_Blueprint_C:HeldR' ref from Metadata '/Game/Character_Blueprint.PackageMetaData'
[2018.10.07-17.29.40:380][133]LogMetaData: Removing '/Game/Blueprints/Character_Blueprint.Character_Blueprint_C:HeldL' ref from Metadata '/Game/Character_Blueprint.PackageMetaData'
[2018.10.07-17.29.40:380][133]LogMetaData: Removing '/Game/Blueprints/Character_Blueprint.Character_Blueprint_C:oldLocation' ref from Metadata '/Game/Character_Blueprint.PackageMetaData'
[2018.10.07-17.29.40:380][133]LogMetaData: Removing '/Game/Blueprints/Character_Blueprint.Character_Blueprint_C:temp4loop' ref from Metadata '/Game/Character_Blueprint.PackageMetaData'
[2018.10.07-17.29.40:380][133]LogMetaData: Removing '/Game/Blueprints/Character_Blueprint.Character_Blueprint_C:PickTheseUpL' ref from Metadata '/Game/Character_Blueprint.PackageMetaData'
[2018.10.07-17.29.40:380][133]LogMetaData: Removing '/Game/Blueprints/Character_Blueprint.Character_Blueprint_C:PickTheseUpR' ref from Metadata '/Game/Character_Blueprint.PackageMetaData'
[2018.10.07-17.29.40:380][133]LogMetaData: Removing '/Game/Blueprints/Character_Blueprint.Character_Blueprint_C:MC_Right' ref from Metadata '/Game/Character_Blueprint.PackageMetaData'
[2018.10.07-17.29.40:380][133]LogMetaData: Removing '/Game/Blueprints/Character_Blueprint.Character_Blueprint_C:HandSMRight' ref from Metadata '/Game/Character_Blueprint.PackageMetaData'
[2018.10.07-17.29.40:380][133]LogMetaData: Removing '/Game/Blueprints/Character_Blueprint.Character_Blueprint_C:HandSMLeft' ref from Metadata '/Game/Character_Blueprint.PackageMetaData'
[2018.10.07-17.29.40:380][133]LogMetaData: Removing '/Game/Blueprints/Character_Blueprint.Character_Blueprint_C:MC_Left' ref from Metadata '/Game/Character_Blueprint.PackageMetaData'
[2018.10.07-17.29.40:380][133]LogMetaData: Removing '/Game/Blueprints/Character_Blueprint.Character_Blueprint_C:Camera' ref from Metadata '/Game/Character_Blueprint.PackageMetaData'
[2018.10.07-17.29.40:380][133]LogMetaData: Removing '/Game/Blueprints/Character_Blueprint.Character_Blueprint_C:GrabSphereR' ref from Metadata '/Game/Character_Blueprint.PackageMetaData'
[2018.10.07-17.29.40:380][133]LogMetaData: Removing '/Game/Blueprints/Character_Blueprint.Character_Blueprint_C:GrabSphereL' ref from Metadata '/Game/Character_Blueprint.PackageMetaData'
[2018.10.07-17.29.40:380][133]LogMetaData: Removing '/Game/Blueprints/Character_Blueprint.Character_Blueprint_C:Belt' ref from Metadata '/Game/Character_Blueprint.PackageMetaData'
[2018.10.07-17.29.40:380][133]LogMetaData: Removing '/Game/Blueprints/Character_Blueprint.Character_Blueprint_C:BeltCollision' ref from Metadata '/Game/Character_Blueprint.PackageMetaData'
[2018.10.07-17.29.40:380][133]LogMetaData: Removing '/Game/Blueprints/Character_Blueprint.Character_Blueprint_C:ReceiveBeginPlay' ref from Metadata '/Game/Character_Blueprint.PackageMetaData'
[2018.10.07-17.29.40:380][133]LogMetaData: Removing '/Game/Blueprints/Character_Blueprint.Character_Blueprint_C:UserConstructionScript' ref from Metadata '/Game/Character_Blueprint.PackageMetaData'
[2018.10.07-17.29.40:380][133]LogMetaData: Removing '/Game/Blueprints/Character_Blueprint.Character_Blueprint_C:VibrateMC' ref from Metadata '/Game/Character_Blueprint.PackageMetaData'
[2018.10.07-17.29.40:446][133]Cmd: OBJ SAVEPACKAGE PACKAGE="/Game/Blueprints/Tree_Blueprint" FILE="../../../../../Github/climb-summit/TheSummit/Content/Blueprints/Tree_Blueprint.uasset" SILENT=true
[2018.10.07-17.29.40:615][133]LogSavePackage: Moving '../../../../../Github/climb-summit/TheSummit/Saved/Tree_Blueprint7ABFF60A49AC5B56CC03A8848F18F952.tmp' to '../../../../../Github/climb-summit/TheSummit/Content/Blueprints/Tree_Blueprint.uasset'
[2018.10.07-17.29.40:902][133]Cmd: OBJ SAVEPACKAGE PACKAGE="/Game/Tree_Blueprint" FILE="../../../../../Github/climb-summit/TheSummit/Content/Tree_Blueprint.uasset" SILENT=true
[2018.10.07-17.29.40:938][133]LogSavePackage: Moving '../../../../../Github/climb-summit/TheSummit/Saved/Tree_BlueprintF2A42AB14DBFE1A5FFA167B3685019B0.tmp' to '../../../../../Github/climb-summit/TheSummit/Content/Tree_Blueprint.uasset'
[2018.10.07-17.29.40:963][133]Cmd: OBJ SAVEPACKAGE PACKAGE="/Game/Blueprints/Character_Blueprint" FILE="../../../../../Github/climb-summit/TheSummit/Content/Blueprints/Character_Blueprint.uasset" SILENT=true
[2018.10.07-17.29.41:070][133]LogSavePackage: Moving '../../../../../Github/climb-summit/TheSummit/Saved/Character_Blueprint39E75B71465818B24EA4CB9D6BFCEFDC.tmp' to '../../../../../Github/climb-summit/TheSummit/Content/Blueprints/Character_Blueprint.uasset'
[2018.10.07-17.29.41:292][133]Cmd: OBJ SAVEPACKAGE PACKAGE="/Game/Character_Blueprint" FILE="../../../../../Github/climb-summit/TheSummit/Content/Character_Blueprint.uasset" SILENT=true
[2018.10.07-17.29.41:351][133]LogSavePackage: Moving '../../../../../Github/climb-summit/TheSummit/Saved/Character_BlueprintA46FC34D4B0662F5F37390855D5461F4.tmp' to '../../../../../Github/climb-summit/TheSummit/Content/Character_Blueprint.uasset'
[2018.10.07-17.29.45:335][521]Cmd: OBJ SAVEPACKAGE PACKAGE="/Game/Blueprints/Tree_Blueprint" FILE="../../../../../Github/climb-summit/TheSummit/Content/Blueprints/Tree_Blueprint.uasset" SILENT=true
[2018.10.07-17.29.45:372][521]LogSavePackage: Moving '../../../../../Github/climb-summit/TheSummit/Saved/Tree_BlueprintFD4A7D77467F10951009E08B6C05B264.tmp' to '../../../../../Github/climb-summit/TheSummit/Content/Blueprints/Tree_Blueprint.uasset'
[2018.10.07-17.29.45:378][521]Cmd: OBJ SAVEPACKAGE PACKAGE="/Game/Blueprints/TestGameMode" FILE="../../../../../Github/climb-summit/TheSummit/Content/Blueprints/TestGameMode.uasset" SILENT=true
[2018.10.07-17.29.45:410][521]LogSavePackage: Moving '../../../../../Github/climb-summit/TheSummit/Saved/TestGameMode47837C904FF0F7F272BE81A6C368AABC.tmp' to '../../../../../Github/climb-summit/TheSummit/Content/Blueprints/TestGameMode.uasset'
[2018.10.07-17.29.45:416][521]Cmd: OBJ SAVEPACKAGE PACKAGE="/Game/Blueprints/Character_Blueprint" FILE="../../../../../Github/climb-summit/TheSummit/Content/Blueprints/Character_Blueprint.uasset" SILENT=true
[2018.10.07-17.29.45:493][521]LogSavePackage: Moving '../../../../../Github/climb-summit/TheSummit/Saved/Character_Blueprint5FDE9833448E705C851C809E0C167854.tmp' to '../../../../../Github/climb-summit/TheSummit/Content/Blueprints/Character_Blueprint.uasset'
[2018.10.07-17.29.48:357][852]LogAssetEditorManager: Opening Asset editor for Blueprint /Game/Blueprints/Character_Blueprint.Character_Blueprint
[2018.10.07-17.29.49:673][852]LogContentBrowser: Native class hierarchy updated for 'BlueprintGraph' in 0.0007 seconds. Added 116 classes and 0 folders.
[2018.10.07-17.29.51:621][852]LogSlate: Took 0.008766 seconds to synchronously load lazily loaded font '../../../Engine/Content/Slate/Fonts/Roboto-BoldCondensed.ttf' (158K)
[2018.10.07-17.29.52:100][853]LogSlate: Took 0.000284 seconds to synchronously load lazily loaded font '../../../Engine/Content/Slate/Fonts/Roboto-Italic.ttf' (157K)
[2018.10.07-17.30.13:042][871]BlueprintLog: New page: Compile Character_Blueprint
[2018.10.07-17.30.13:840][871]LogWindows: Error: === Critical error: ===
[2018.10.07-17.30.13:840][871]LogWindows: Error: 
[2018.10.07-17.30.13:840][871]LogWindows: Error: Fatal error!
[2018.10.07-17.30.13:840][871]LogWindows: Error: 
[2018.10.07-17.30.13:840][871]LogWindows: Error: Unhandled Exception: EXCEPTION_ACCESS_VIOLATION reading address 0x000001c8
[2018.10.07-17.30.13:840][871]LogWindows: Error: 
[2018.10.07-17.30.13:840][871]LogWindows: Error: [Callstack] 0x00007ff8c11bdfad UE4Editor-Engine.dll!UnknownFunction []
[2018.10.07-17.30.13:840][871]LogWindows: Error: [Callstack] 0x00007ff8c11bfaf7 UE4Editor-Engine.dll!UnknownFunction []
[2018.10.07-17.30.13:840][871]LogWindows: Error: [Callstack] 0x00007ff8f1a18edc UE4Editor-UnrealEd.dll!UnknownFunction []
[2018.10.07-17.30.13:840][871]LogWindows: Error: [Callstack] 0x00007ff8f1a1b37c UE4Editor-UnrealEd.dll!UnknownFunction []
[2018.10.07-17.30.13:840][871]LogWindows: Error: [Callstack] 0x00007ff8f19d5302 UE4Editor-UnrealEd.dll!UnknownFunction []
[2018.10.07-17.30.13:840][871]LogWindows: Error: [Callstack] 0x00007ff8f927dace UE4Editor-Kismet.dll!UnknownFunction []
[2018.10.07-17.30.13:840][871]LogWindows: Error: [Callstack] 0x00007ff8f920fee9 UE4Editor-Kismet.dll!UnknownFunction []
[2018.10.07-17.30.13:840][871]LogWindows: Error: [Callstack] 0x00007ff8f19dd9dc UE4Editor-UnrealEd.dll!UnknownFunction []
[2018.10.07-17.30.13:840][871]LogWindows: Error: [Callstack] 0x00007ff8f920f8ff UE4Editor-Kismet.dll!UnknownFunction []
[2018.10.07-17.30.13:840][871]LogWindows: Error: [Callstack] 0x00007ff8f92705b8 UE4Editor-Kismet.dll!UnknownFunction []
[2018.10.07-17.30.13:840][871]LogWindows: Error: [Callstack] 0x00007ff8f9b029fe UE4Editor-Slate.dll!UnknownFunction []
[2018.10.07-17.30.13:840][871]LogWindows: Error: [Callstack] 0x00007ff8f9c05872 UE4Editor-Slate.dll!UnknownFunction []
[2018.10.07-17.30.13:840][871]LogWindows: Error: [Callstack] 0x00007ff8f9be24bf UE4Editor-Slate.dll!UnknownFunction []
[2018.10.07-17.30.13:840][871]LogWindows: Error: [Callstack] 0x00007ff8f9cc9c3b UE4Editor-Slate.dll!UnknownFunction []
[2018.10.07-17.30.13:840][871]LogWindows: Error: [Callstack] 0x00007ff8f9ab94c5 UE4Editor-Slate.dll!UnknownFunction []
[2018.10.07-17.30.13:840][871]LogWindows: Error: [Callstack] 0x00007ff8f9b51db2 UE4Editor-Slate.dll!UnknownFunction []
[2018.10.07-17.30.13:840][871]LogWindows: Error: [Callstack] 0x00007ff8f9b37c7a UE4Editor-Slate.dll!UnknownFunction []
[2018.10.07-17.30.13:840][871]LogWindows: Error: [Callstack] 0x00007ff8f9b2b25c UE4Editor-Slate.dll!UnknownFunction []
[2018.10.07-17.30.13:840][871]LogWindows: Error: [Callstack] 0x00007ff91a10d1c7 UE4Editor-ApplicationCore.dll!UnknownFunction []
[2018.10.07-17.30.13:840][871]LogWindows: Error: [Callstack] 0x00007ff91a100270 UE4Editor-ApplicationCore.dll!UnknownFunction []
[2018.10.07-17.30.13:840][871]LogWindows: Error: [Callstack] 0x00007ff91a10f4c5 UE4Editor-ApplicationCore.dll!UnknownFunction []
[2018.10.07-17.30.13:840][871]LogWindows: Error: [Callstack] 0x00007ff91a0fc209 UE4Editor-ApplicationCore.dll!UnknownFunction []
[2018.10.07-17.30.13:840][871]LogWindows: Error: [Callstack] 0x00007ff9380b6cc1 USER32.dll!UnknownFunction []
[2018.10.07-17.30.13:840][871]LogWindows: Error: [Callstack] 0x00007ff9380b6693 USER32.dll!UnknownFunction []
[2018.10.07-17.30.13:840][871]LogWindows: Error: [Callstack] 0x00007ff91a110646 UE4Editor-ApplicationCore.dll!UnknownFunction []
[2018.10.07-17.30.13:840][871]LogWindows: Error: [Callstack] 0x00007ff7b76154e5 UE4Editor.exe!UnknownFunction []
[2018.10.07-17.30.13:840][871]LogWindows: Error: [Callstack] 0x00007ff7b7625b3c UE4Editor.exe!UnknownFunction []
[2018.10.07-17.30.13:840][871]LogWindows: Error: [Callstack] 0x00007ff7b7625bba UE4Editor.exe!UnknownFunction []
[2018.10.07-17.30.13:841][871]LogWindows: Error: [Callstack] 0x00007ff7b7633dac UE4Editor.exe!UnknownFunction []
[2018.10.07-17.30.13:841][871]LogWindows: Error: [Callstack] 0x00007ff7b7635aaa UE4Editor.exe!UnknownFunction []
[2018.10.07-17.30.13:841][871]LogWindows: Error: [Callstack] 0x00007ff938243034 KERNEL32.DLL!UnknownFunction []
[2018.10.07-17.30.13:841][871]LogWindows: Error: [Callstack] 0x00007ff9398a1461 ntdll.dll!UnknownFunction []
[2018.10.07-17.30.13:841][871]LogWindows: Error: 
[2018.10.07-17.30.13:859][871]LogExit: Executing StaticShutdownAfterError
[2018.10.07-17.30.13:862][871]LogWindows: FPlatformMisc::RequestExit(1)
[2018.10.07-17.30.13:871][871]Log file closed, 10/07/18 13:30:13
