Log file open, 10/10/18 09:45:37
LogWindows: Failed to load 'aqProf.dll' (GetLastError=126)
LogWindows: File 'aqProf.dll' does not exist
LogWindows: Failed to load 'VSPerf140.dll' (GetLastError=126)
LogWindows: File 'VSPerf140.dll' does not exist
LogWindows: Failed to load 'VtuneApi.dll' (GetLastError=126)
LogWindows: File 'VtuneApi.dll' does not exist
LogWindows: Failed to load 'VtuneApi32e.dll' (GetLastError=126)
LogWindows: File 'VtuneApi32e.dll' does not exist
LogInit: Display: Running engine for game: TheSummit
LogPlatformFile: Not using cached read wrapper
LogTaskGraph: Started task graph with 5 named threads and 47 total threads with 3 sets of task threads.
LogStats: Stats thread started at 0.757508
LogD3D11RHI: Loaded GFSDK_Aftermath_Lib.x64.dll
LogICUInternationalization: Display: ICU TimeZone Detection - Raw Offset: -5:00, Platform Override: ''
LogPluginManager: Mounting plugin Paper2D
LogPluginManager: Mounting plugin AISupport
LogPluginManager: Mounting plugin LightPropagationVolume
LogPluginManager: Mounting plugin CLionSourceCodeAccess
LogPluginManager: Mounting plugin CodeLiteSourceCodeAccess
LogPluginManager: Mounting plugin GitSourceControl
LogPluginManager: Mounting plugin KDevelopSourceCodeAccess
LogPluginManager: Mounting plugin NullSourceCodeAccess
LogPluginManager: Mounting plugin PerforceSourceControl
LogPluginManager: Mounting plugin SubversionSourceControl
LogPluginManager: Mounting plugin UObjectPlugin
LogPluginManager: Mounting plugin VisualStudioCodeSourceCodeAccess
LogPluginManager: Mounting plugin VisualStudioSourceCodeAccess
LogPluginManager: Mounting plugin XCodeSourceCodeAccess
LogPluginManager: Mounting plugin AssetManagerEditor
LogPluginManager: Mounting plugin CryptoKeys
LogPluginManager: Mounting plugin DataValidation
LogPluginManager: Mounting plugin FacialAnimation
LogPluginManager: Mounting plugin GameplayTagsEditor
LogPluginManager: Mounting plugin MacGraphicsSwitching
LogPluginManager: Mounting plugin MeshEditor
LogPluginManager: Mounting plugin MobileLauncherProfileWizard
LogPluginManager: Mounting plugin PluginBrowser
LogPluginManager: Mounting plugin SpeedTreeImporter
LogPluginManager: Mounting plugin DatasmithContent
LogPluginManager: Mounting plugin AlembicImporter
LogPluginManager: Mounting plugin AppleImageUtils
LogPluginManager: Mounting plugin AppleVision
LogPluginManager: Mounting plugin BackChannel
LogPluginManager: Mounting plugin CharacterAI
LogPluginManager: Mounting plugin GeometryCache
LogPluginManager: Mounting plugin HTML5Networking
LogPluginManager: Mounting plugin ProxyLODPlugin
LogPluginManager: Mounting plugin MagicLeap
LogPluginManager: Mounting plugin MagicLeapEmulator
LogPluginManager: Mounting plugin MagicLeapMedia
LogPluginManager: Mounting plugin AndroidMedia
LogPluginManager: Mounting plugin AvfMedia
LogPluginManager: Mounting plugin ImgMedia
LogPluginManager: Mounting plugin LinearTimecode
LogPluginManager: Mounting plugin MediaCompositing
LogPluginManager: Mounting plugin MediaPlayerEditor
LogPluginManager: Mounting plugin WmfMedia
LogPluginManager: Mounting plugin TcpMessaging
LogPluginManager: Mounting plugin UdpMessaging
LogPluginManager: Mounting plugin ActorSequence
LogPluginManager: Mounting plugin LevelSequenceEditor
LogPluginManager: Mounting plugin MatineeToLevelSequence
LogPluginManager: Mounting plugin NetcodeUnitTest
LogPluginManager: Mounting plugin NUTUnrealEngine4
LogPluginManager: Mounting plugin OnlineSubsystemGooglePlay
LogPluginManager: Mounting plugin OnlineSubsystemIOS
LogPluginManager: Mounting plugin OnlineSubsystem
LogPluginManager: Mounting plugin OnlineSubsystemNull
LogPluginManager: Mounting plugin OnlineSubsystemUtils
LogPluginManager: Mounting plugin LauncherChunkInstaller
LogPluginManager: Mounting plugin AndroidDeviceProfileSelector
LogPluginManager: Mounting plugin AndroidMoviePlayer
LogPluginManager: Mounting plugin AndroidPermission
LogPluginManager: Mounting plugin AppleMoviePlayer
LogPluginManager: Mounting plugin ArchVisCharacter
LogPluginManager: Mounting plugin AudioCapture
LogPluginManager: Mounting plugin CableComponent
LogPluginManager: Mounting plugin CustomMeshComponent
LogPluginManager: Mounting plugin EditableMesh
LogPluginManager: Mounting plugin ExampleDeviceProfileSelector
LogPluginManager: Mounting plugin GoogleCloudMessaging
LogPluginManager: Mounting plugin ImmediatePhysics
LogPluginManager: Mounting plugin IOSDeviceProfileSelector
LogPluginManager: Mounting plugin LinuxDeviceProfileSelector
LogPluginManager: Mounting plugin LocationServicesBPLibrary
LogPluginManager: Mounting plugin MobilePatchingUtils
LogPluginManager: Mounting plugin OculusVR
LogPluginManager: Plugin shader directory ../../../Engine/Plugins/Runtime/Oculus/OculusVR/Shaders found
LogPluginManager: Mapping shader source directory ../../../Engine/Plugins/Runtime/Oculus/OculusVR/Shaders to virtual directory /Plugin/OculusVR
LogPluginManager: Mounting plugin PhysXVehicles
LogPluginManager: Mounting plugin ProceduralMeshComponent
LogPluginManager: Mounting plugin RuntimePhysXCooking
LogPluginManager: Mounting plugin SteamVR
LogPluginManager: Mounting plugin WindowsMoviePlayer
LogStreaming: Display: Took  0.440s to configure plugins.
LogInit: Using libcurl 7.55.1-DEV
LogInit:  - built for x86_64-pc-win32
LogInit:  - supports SSL with OpenSSL/1.0.2h
LogInit:  - supports HTTP deflate (compression) using libz 1.2.8
LogInit:  - other features:
LogInit:      CURL_VERSION_SSL
LogInit:      CURL_VERSION_LIBZ
LogInit:      CURL_VERSION_IPV6
LogInit:      CURL_VERSION_ASYNCHDNS
LogInit:      CURL_VERSION_LARGEFILE
LogInit:      CURL_VERSION_IDN
LogInit:  CurlRequestOptions (configurable via config and command line):
LogInit:  - bVerifyPeer = false  - Libcurl will NOT verify peer certificate
LogInit:  - bUseHttpProxy = false  - Libcurl will NOT use HTTP proxy
LogInit:  - bDontReuseConnections = false  - Libcurl will reuse connections
LogInit:  - CertBundlePath = nullptr  - Libcurl will use whatever was configured at build time.
LogInit:  - MaxHostConnections = 16  - Libcurl will limit the number of connections to a host
LogInit:  - LocalHostAddr = Default
LogInit:  - BufferSize = 65536
LogInit: WinSock: version 1.1 (2.2), MaxSocks=32767, MaxUdp=65467
LogHMD: Failed initializing OVRPlugin 1.25.0
LogInit: Build: ++UE4+Release-4.20-CL-4233996
LogInit: Engine Version: 4.20.1-4233996+++UE4+Release-4.20
LogInit: Compatible Engine Version: 4.20.0-4212847+++UE4+Release-4.20
LogInit: Net CL: 4212847
LogInit: OS: Windows 10 (), CPU: AMD Ryzen 7 1700 Eight-Core Processor          , GPU: NVIDIA GeForce GTX 1080
LogInit: Compiled (64-bit): Jul 26 2018 10:07:30
LogInit: Compiled with Visual C++: 19.13.26129.00
LogInit: Build Configuration: Development
LogInit: Branch Name: ++UE4+Release-4.20
LogInit: Command Line:  
LogInit: Base Directory: D:/Unreal Engine/UE_4.20/Engine/Binaries/Win64/
LogInit: Installed Engine Build: 1
LogDevObjectVersion: Number of dev versions registered: 20
LogDevObjectVersion:   Dev-Blueprints (B0D832E4-1F89-4F0D-ACCF-7EB736FD4AA2): 10
LogDevObjectVersion:   Dev-Build (E1C64328-A22C-4D53-A36C-8E866417BD8C): 0
LogDevObjectVersion:   Dev-Core (375EC13C-06E4-48FB-B500-84F0262A717E): 2
LogDevObjectVersion:   Dev-Editor (E4B068ED-F494-42E9-A231-DA0B2E46BB41): 24
LogDevObjectVersion:   Dev-Framework (CFFC743F-43B0-4480-9391-14DF171D2073): 34
LogDevObjectVersion:   Dev-Mobile (B02B49B5-BB20-44E9-A304-32B752E40360): 2
LogDevObjectVersion:   Dev-Networking (A4E4105C-59A1-49B5-A7C5-40C4547EDFEE): 0
LogDevObjectVersion:   Dev-Online (39C831C9-5AE6-47DC-9A44-9C173E1C8E7C): 0
LogDevObjectVersion:   Dev-Physics (78F01B33-EBEA-4F98-B9B4-84EACCB95AA2): 0
LogDevObjectVersion:   Dev-Platform (6631380F-2D4D-43E0-8009-CF276956A95A): 0
LogDevObjectVersion:   Dev-Rendering (12F88B9F-8875-4AFC-A67C-D90C383ABD29): 26
LogDevObjectVersion:   Dev-Sequencer (7B5AE74C-D270-4C10-A958-57980B212A5A): 9
LogDevObjectVersion:   Dev-VR (D7296918-1DD6-4BDD-9DE2-64A83CC13884): 2
LogDevObjectVersion:   Dev-LoadTimes (C2A15278-BFE7-4AFE-6C17-90FF531DF755): 1
LogDevObjectVersion:   Private-Geometry (6EACA3D4-40EC-4CC1-B786-8BED09428FC5): 3
LogDevObjectVersion:   Dev-AnimPhys (29E575DD-E0A3-4627-9D10-D276232CDCEA): 17
LogDevObjectVersion:   Dev-ReflectionCapture (6B266CEC-1EC7-4B8F-A30B-E4D90942FC07): 1
LogDevObjectVersion:   Dev-Automation (0DF73D61-A23F-47EA-B727-89E90C41499A): 1
LogDevObjectVersion:   FortniteMain (601D1886-AC64-4F84-AA16-D3DE0DEAC7D6): 12
LogDevObjectVersion:   Dev-Enterprise (9DFFBCD6-494F-0158-E221-12823C92A888): 1
LogStreaming: Display: Took  0.099s to delete old logs.
LogInit: Presizing for max 8388607 objects, including 0 objects not considered by GC, pre-allocating 0 bytes for permanent pool.
LogInit: Object subsystem initialized
[2018.10.10-13.45.41:499][  0]LogInit: Selected Device Profile: [Windows]
[2018.10.10-13.45.41:499][  0]LogInit: Applying CVar settings loaded from the selected device profile: [Windows]
[2018.10.10-13.45.41:554][  0]LogHAL: Display: Platform has ~ 16 GB [17109286912 / 17179869184 / 16], which maps to Larger [LargestMinGB=32, LargerMinGB=12, DefaultMinGB=8, SmallerMinGB=6, SmallestMinGB=0)
[2018.10.10-13.45.41:569][  0]LogInit: Setting Device Profile CVar: [[r.Vulkan.UseRealUBs:1]]
[2018.10.10-13.45.41:569][  0]LogInit: Going up to parent DeviceProfile []
[2018.10.10-13.45.41:609][  0]LogInit: Computer: ALI-PC
[2018.10.10-13.45.41:609][  0]LogInit: User: aliha
[2018.10.10-13.45.41:609][  0]LogInit: CPU Page size=4096, Cores=8
[2018.10.10-13.45.41:609][  0]LogInit: High frequency timer resolution =2.929934 MHz
[2018.10.10-13.45.41:610][  0]LogMemory: Memory total: Physical=15.9GB (16GB approx)
[2018.10.10-13.45.41:610][  0]LogMemory: Platform Memory Stats for Windows
[2018.10.10-13.45.41:610][  0]LogMemory: Process Physical Memory: 104.88 MB used, 104.88 MB peak
[2018.10.10-13.45.41:610][  0]LogMemory: Process Virtual Memory: 102.97 MB used, 102.97 MB peak
[2018.10.10-13.45.41:610][  0]LogMemory: Physical Memory: 5110.13 MB used,  11206.56 MB free, 16316.69 MB total
[2018.10.10-13.45.41:610][  0]LogMemory: Virtual Memory: 4696.80 MB used,  11206.56 MB free, 134217728.00 MB total
[2018.10.10-13.45.51:937][  0]LogInit: Using OS detected language (en-US).
[2018.10.10-13.45.51:937][  0]LogInit: Using OS detected locale (en-US).
[2018.10.10-13.45.52:228][  0]LogTextLocalizationManager: No specific localization for 'en-US' exists, so the 'en' localization will be used.
[2018.10.10-13.45.57:440][  0]LogStreaming: Display: Took  5.493s to InitEngineTextLocalization.
[2018.10.10-13.45.57:456][  0]LogInit: Setting process to per monitor DPI aware
[2018.10.10-13.45.58:956][  0]LogSlate: New Slate User Created.  User Index 0, Is Virtual User: 0
[2018.10.10-13.45.58:956][  0]LogSlate: Slate User Registered.  User Index 0, Is Virtual User: 0
[2018.10.10-13.46.08:998][  0]LogHMD: Failed to initialize OpenVR with code 108
[2018.10.10-13.46.08:998][  0]LogD3D11RHI: D3D11 adapters:
[2018.10.10-13.46.09:078][  0]LogD3D11RHI:    0. 'NVIDIA GeForce GTX 1080' (Feature Level 11_0)
[2018.10.10-13.46.09:078][  0]LogD3D11RHI:       8079/0/8158 MB DedicatedVideo/DedicatedSystem/SharedSystem, Outputs:1, VendorId:0x10de
[2018.10.10-13.46.09:081][  0]LogD3D11RHI:    1. 'Microsoft Basic Render Driver' (Feature Level 11_0)
[2018.10.10-13.46.09:081][  0]LogD3D11RHI:       0/0/8158 MB DedicatedVideo/DedicatedSystem/SharedSystem, Outputs:0, VendorId:0x1414
[2018.10.10-13.46.09:081][  0]LogD3D11RHI: Chosen D3D11 Adapter: 0
[2018.10.10-13.46.09:131][  0]LogD3D11RHI: Creating new Direct3DDevice
[2018.10.10-13.46.09:131][  0]LogD3D11RHI:     GPU DeviceId: 0x1b80 (for the marketing name, search the web for "GPU Device Id")
[2018.10.10-13.46.09:152][  0]LogWindows: EnumDisplayDevices:
[2018.10.10-13.46.09:152][  0]LogWindows:    0. 'NVIDIA GeForce GTX 1080' (P:1 D:1)
[2018.10.10-13.46.09:152][  0]LogWindows:    1. 'NVIDIA GeForce GTX 1080' (P:0 D:0)
[2018.10.10-13.46.09:152][  0]LogWindows:    2. 'NVIDIA GeForce GTX 1080' (P:0 D:0)
[2018.10.10-13.46.09:153][  0]LogWindows:    3. 'NVIDIA GeForce GTX 1080' (P:0 D:0)
[2018.10.10-13.46.09:153][  0]LogWindows: DebugString: FoundDriverCount:4 
[2018.10.10-13.46.09:153][  0]LogD3D11RHI:     Adapter Name: NVIDIA GeForce GTX 1080
[2018.10.10-13.46.09:165][  0]LogD3D11RHI:   Driver Version: 411.70 (internal:24.21.14.1170, unified:411.70)
[2018.10.10-13.46.09:166][  0]LogD3D11RHI:      Driver Date: 9-25-2018
[2018.10.10-13.46.09:166][  0]LogRHI: Texture pool is 5655 MB (70% of 8079 MB)
[2018.10.10-13.46.09:231][  0]LogD3D11RHI: Async texture creation enabled
[2018.10.10-13.46.09:484][  0]LogD3D11RHI: GPU Timing Frequency: 1000.000000 (Debug: 2 2)
[2018.10.10-13.46.09:634][  0]LogShaderCompilers: Guid format shader working directory is 1 characters bigger than the processId version (../../../../../Github/climb-summit/TheSummit/Intermediate/Shaders/WorkingDirectory/11172/).
[2018.10.10-13.46.09:635][  0]LogShaderCompilers: Cleaned the shader compiler working directory 'C:/Users/aliha/AppData/Local/Temp/UnrealShaderWorkingDir/3ACEF4C949B8E8B78381FA890CC299F6/'.
[2018.10.10-13.46.10:556][  0]LogTemp: Display: Loaded TP AllDesktopTargetPlatform
[2018.10.10-13.46.10:611][  0]LogTemp: Display: Loaded TP MacClientTargetPlatform
[2018.10.10-13.46.10:658][  0]LogTemp: Display: Loaded TP MacNoEditorTargetPlatform
[2018.10.10-13.46.10:742][  0]LogTemp: Display: Loaded TP MacServerTargetPlatform
[2018.10.10-13.46.10:813][  0]LogTemp: Display: Loaded TP MacTargetPlatform
[2018.10.10-13.46.10:873][  0]LogTemp: Display: Loaded TP WindowsClientTargetPlatform
[2018.10.10-13.46.10:917][  0]LogTemp: Display: Loaded TP WindowsNoEditorTargetPlatform
[2018.10.10-13.46.10:969][  0]LogTemp: Display: Loaded TP WindowsServerTargetPlatform
[2018.10.10-13.46.11:002][  0]LogTemp: Display: Loaded TP WindowsTargetPlatform
[2018.10.10-13.46.11:187][  0]LogTemp: Display: Loaded TP AndroidTargetPlatform
[2018.10.10-13.46.11:187][  0]LogTemp: Display: Loaded TP AndroidTargetPlatform
[2018.10.10-13.46.11:187][  0]LogTemp: Display: Loaded TP AndroidTargetPlatform
[2018.10.10-13.46.11:187][  0]LogTemp: Display: Loaded TP AndroidTargetPlatform
[2018.10.10-13.46.11:187][  0]LogTemp: Display: Loaded TP AndroidTargetPlatform
[2018.10.10-13.46.11:187][  0]LogTemp: Display: Loaded TP AndroidTargetPlatform
[2018.10.10-13.46.11:187][  0]LogTemp: Display: Loaded TP AndroidTargetPlatform
[2018.10.10-13.46.11:187][  0]LogTemp: Display: Loaded TP AndroidTargetPlatform
[2018.10.10-13.46.11:187][  0]LogTemp: Display: Loaded TP AndroidTargetPlatform
[2018.10.10-13.46.11:187][  0]LogTemp: Display: Loaded TP AndroidTargetPlatform
[2018.10.10-13.46.11:187][  0]LogTemp: Display: Loaded TP AndroidTargetPlatform
[2018.10.10-13.46.11:187][  0]LogTemp: Display: Loaded TP AndroidTargetPlatform
[2018.10.10-13.46.11:187][  0]LogTemp: Display: Loaded TP AndroidTargetPlatform
[2018.10.10-13.46.11:187][  0]LogTemp: Display: Loaded TP AndroidTargetPlatform
[2018.10.10-13.46.11:187][  0]LogTemp: Display: Loaded TP AndroidTargetPlatform
[2018.10.10-13.46.11:187][  0]LogTemp: Display: Loaded TP AndroidTargetPlatform
[2018.10.10-13.46.11:187][  0]LogTemp: Display: Loaded TP AndroidTargetPlatform
[2018.10.10-13.46.11:187][  0]LogTemp: Display: Loaded TP AndroidTargetPlatform
[2018.10.10-13.46.11:211][  0]LogTemp: Display: Loaded TP HTML5TargetPlatform
[2018.10.10-13.46.11:420][  0]LogTemp: Display: Loaded TP IOSTargetPlatform
[2018.10.10-13.46.11:420][  0]LogTemp: Display: Loaded TP IOSTargetPlatform
[2018.10.10-13.46.11:480][  0]LogTemp: Display: Loaded TP TVOSTargetPlatform
[2018.10.10-13.46.11:480][  0]LogTemp: Display: Loaded TP TVOSTargetPlatform
[2018.10.10-13.46.11:524][  0]LogTemp: Display: Loaded TP LinuxClientTargetPlatform
[2018.10.10-13.46.11:567][  0]LogTemp: Display: Loaded TP LinuxNoEditorTargetPlatform
[2018.10.10-13.46.11:624][  0]LogTemp: Display: Loaded TP LinuxServerTargetPlatform
[2018.10.10-13.46.11:695][  0]LogTemp: Display: Loaded TP LinuxTargetPlatform
[2018.10.10-13.46.11:917][  0]LogTemp: Display: Loaded TP LuminTargetPlatform
[2018.10.10-13.46.11:917][  0]LogTargetPlatformManager: Display: Building Assets For Windows
[2018.10.10-13.46.12:803][  0]LogXGEController: Cleaning working directory: C:/Users/aliha/AppData/Local/Temp/UnrealXGEWorkingDir/
[2018.10.10-13.46.12:803][  0]LogXGEController: Cannot use XGE Controller as Incredibuild is not installed on this machine.
[2018.10.10-13.46.12:803][  0]LogShaderCompilers: Cannot use XGE Shader Compiler as Incredibuild is not installed on this machine.
[2018.10.10-13.46.12:803][  0]LogShaderCompilers: Display: Using Local Shader Compiler.
[2018.10.10-13.46.19:813][  0]LogDerivedDataCache: Display: Max Cache Size: 512 MB
[2018.10.10-13.46.20:106][  0]LogDerivedDataCache: Loaded boot cache 0.29s 71MB C:/Users/aliha/AppData/Local/UnrealEngine/4.20/DerivedDataCache/Boot.ddc.
[2018.10.10-13.46.20:106][  0]LogDerivedDataCache: Display: Loaded Boot cache: C:/Users/aliha/AppData/Local/UnrealEngine/4.20/DerivedDataCache/Boot.ddc
[2018.10.10-13.46.20:106][  0]LogDerivedDataCache: FDerivedDataBackendGraph:  Pak pak cache file ../../../../../Github/climb-summit/TheSummit/DerivedDataCache/DDC.ddp not found, will not use a pak cache.
[2018.10.10-13.46.20:106][  0]LogDerivedDataCache: Unable to find inner node Pak for hierarchical cache Hierarchy.
[2018.10.10-13.46.20:106][  0]LogDerivedDataCache: FDerivedDataBackendGraph:  CompressedPak pak cache file ../../../../../Github/climb-summit/TheSummit/DerivedDataCache/Compressed.ddp not found, will not use a pak cache.
[2018.10.10-13.46.20:106][  0]LogDerivedDataCache: Unable to find inner node CompressedPak for hierarchical cache Hierarchy.
[2018.10.10-13.46.20:183][  0]LogDerivedDataCache: Display: Pak cache opened for reading ../../../Engine/DerivedDataCache/Compressed.ddp.
[2018.10.10-13.46.20:196][  0]LogDerivedDataCache: Using Local data cache path C:/Users/aliha/AppData/Local/UnrealEngine/Common/DerivedDataCache: Writable
[2018.10.10-13.46.20:196][  0]LogDerivedDataCache: Shared data cache path not found in *engine.ini, will not use an Shared cache.
[2018.10.10-13.46.20:196][  0]LogDerivedDataCache: Unable to find inner node Shared for hierarchical cache Hierarchy.
[2018.10.10-13.46.20:277][  0]LogMaterial: Verifying Global Shaders for PCD3D_SM5
[2018.10.10-13.46.20:337][  0]LogSlate: Using FreeType 2.6.0
[2018.10.10-13.46.20:444][  0]LogSlate: SlateFontServices - WITH_FREETYPE: 1, WITH_HARFBUZZ: 1
[2018.10.10-13.46.21:235][  0]LogAssetRegistry: FAssetRegistry took 0.0306 seconds to start up
[2018.10.10-13.46.28:823][  0]LogInit: Selected Device Profile: [Windows]
[2018.10.10-13.46.30:340][  0]LogSimplygon: Simplygon DLL not present - disabling.
[2018.10.10-13.46.30:454][  0]LogMeshReduction: Using SimplygonSwarm for distributed automatic mesh merging
[2018.10.10-13.46.30:455][  0]LogMeshReduction: Using ProxyLODMeshReduction for automatic mesh merging
[2018.10.10-13.46.30:456][  0]LogMeshReduction: Using QuadricMeshReduction for automatic static mesh reduction
[2018.10.10-13.46.30:456][  0]LogMeshReduction: No automatic skeletal mesh reduction module available
[2018.10.10-13.46.30:793][  0]LogNetVersion: TheSummit 1.0.0, NetCL: 4212847, EngineNetVer: 5, GameNetVer: 0 (Checksum: 40220121)
[2018.10.10-13.46.35:257][  0]LogPackageLocalizationCache: Processed 11 localized package path(s) for 2 prioritized culture(s) in 0.244611 seconds
[2018.10.10-13.46.35:298][  0]LogUObjectArray: 38425 objects as part of root set at end of initial load.
[2018.10.10-13.46.35:298][  0]LogUObjectAllocator: 6690864 out of 0 bytes used by permanent object pool.
[2018.10.10-13.46.35:298][  0]LogUObjectArray: CloseDisregardForGC: 0/0 objects in disregard for GC pool
[2018.10.10-13.46.53:361][  0]LogTcpMessaging: Initializing TcpMessaging bridge
[2018.10.10-13.46.53:402][  0]LogUdpMessaging: Initializing bridge on interface 0.0.0.0:0 to multicast group 230.0.0.1:6666.
[2018.10.10-13.46.54:666][  0]SourceControl: Source control is disabled
[2018.10.10-13.46.57:394][  0]LogAndroidPermission: UAndroidPermissionCallbackProxy::GetInstance
[2018.10.10-13.46.57:619][  0]LogOcInput: OculusInput pre-init called
[2018.10.10-13.46.58:300][  0]LogEngine: Initializing Engine...
[2018.10.10-13.47.04:027][  0]LogHMD: Failed to initialize OpenVR with code 108
[2018.10.10-13.47.04:045][  0]LogStats: UGameplayTagsManager::ConstructGameplayTagTree: ImportINI prefixes -  0.000 s
[2018.10.10-13.47.04:045][  0]LogStats: UGameplayTagsManager::ConstructGameplayTagTree: Construct from data asset -  0.000 s
[2018.10.10-13.47.04:046][  0]LogStats: UGameplayTagsManager::ConstructGameplayTagTree: ImportINI -  0.001 s
[2018.10.10-13.47.04:046][  0]LogStats: UGameplayTagsManager::ConstructGameplayTagTree: GameplayTagTreeChangedEvent.Broadcast -  0.000 s
[2018.10.10-13.47.04:841][  0]LogInit: Initializing FReadOnlyCVARCache
[2018.10.10-13.47.05:129][  0]LogAIModule: Creating AISystem for world Untitled
[2018.10.10-13.47.05:269][  0]LogInit: XAudio2 using 'Speakers (USB Audio Device)' : 2 channels at 48 kHz using 16 bits per sample (channel mask 0x3)
[2018.10.10-13.47.05:321][  0]LogInit: FAudioDevice initialized.
[2018.10.10-13.47.05:321][  0]LogNetVersion: Set ProjectVersion to 1.0.0.0. Version Checksum will be recalculated on next use.
[2018.10.10-13.47.05:400][  0]LogDerivedDataCache: Saved boot cache 0.08s 71MB C:/Users/aliha/AppData/Local/UnrealEngine/4.20/DerivedDataCache/Boot.ddc.
[2018.10.10-13.47.05:410][  0]LogInit: Texture streaming: Enabled
[2018.10.10-13.47.05:552][  0]LogEngineSessionManager: EngineSessionManager initialized
[2018.10.10-13.47.05:667][  0]LogInit: Transaction tracking system initialized
[2018.10.10-13.47.05:915][  0]BlueprintLog: New page: Editor Load
[2018.10.10-13.47.07:099][  0]LocalizationService: Localization service is disabled
[2018.10.10-13.47.10:554][  0]LogFileCache: Scanning file cache for directory 'D:/Github/climb-summit/TheSummit/Content/' took 0.07s
[2018.10.10-13.47.10:554][  0]LogCook: Display: Max memory allowance for cook 16384mb min free memory 0mb
[2018.10.10-13.47.10:554][  0]LogCook: Display: Mobile HDR setting 1
[2018.10.10-13.47.10:562][  0]LogGameplayTags: Display: UGameplayTagsManager::DoneAddingNativeTags. DelegateIsBound: 0
[2018.10.10-13.47.10:562][  0]LogStats: UGameplayTagsManager::ConstructGameplayTagTree: ImportINI prefixes -  0.000 s
[2018.10.10-13.47.10:562][  0]LogStats: UGameplayTagsManager::ConstructGameplayTagTree: Construct from data asset -  0.000 s
[2018.10.10-13.47.10:562][  0]LogStats: UGameplayTagsManager::ConstructGameplayTagTree: ImportINI -  0.000 s
[2018.10.10-13.47.10:562][  0]LogStats: UGameplayTagsManager::ConstructGameplayTagTree: GameplayTagTreeChangedEvent.Broadcast -  0.000 s
[2018.10.10-13.47.14:522][  0]LogSlate: Updating window title bar state: overlay mode, drag disabled, window buttons hidden, title bar hidden
[2018.10.10-13.47.14:547][  0]LogSlate: Updating window title bar state: overlay mode, drag disabled, window buttons hidden, title bar hidden
[2018.10.10-13.47.14:557][  0]LogSlate: Updating window title bar state: overlay mode, drag disabled, window buttons hidden, title bar hidden
[2018.10.10-13.47.14:566][  0]LogSlate: Updating window title bar state: overlay mode, drag disabled, window buttons hidden, title bar hidden
[2018.10.10-13.47.14:630][  0]LogCollectionManager: Loaded 0 collections in 0.001305 seconds
[2018.10.10-13.47.14:730][  0]LogFileCache: Scanning file cache for directory 'D:/Github/climb-summit/TheSummit/Saved/Collections/' took 0.01s
[2018.10.10-13.47.14:730][  0]LogFileCache: Scanning file cache for directory 'D:/Github/climb-summit/TheSummit/Content/Developers/aliha/Collections/' took 0.01s
[2018.10.10-13.47.14:730][  0]LogFileCache: Scanning file cache for directory 'D:/Github/climb-summit/TheSummit/Content/Collections/' took 0.01s
[2018.10.10-13.47.14:730][  0]LogCollectionManager: Rebuilt the GUID cache for 0 collections in 0.000002 seconds
[2018.10.10-13.47.14:741][  0]LogContentBrowser: Native class hierarchy populated in 0.0109 seconds. Added 2572 classes and 603 folders.
[2018.10.10-13.47.14:808][  0]LogContentBrowser: Native class hierarchy updated for 'WidgetCarousel' in 0.0003 seconds. Added 0 classes and 0 folders.
[2018.10.10-13.47.15:771][  0]LogContentBrowser: Native class hierarchy updated for 'AddContentDialog' in 0.0004 seconds. Added 0 classes and 0 folders.
[2018.10.10-13.47.15:847][  0]LogContentBrowser: Native class hierarchy updated for 'SceneOutliner' in 0.0004 seconds. Added 1 classes and 2 folders.
[2018.10.10-13.47.18:247][  0]LogSlate: Took 0.017643 seconds to synchronously load lazily loaded font '../../../Engine/Content/Slate/Fonts/Roboto-Regular.ttf' (155K)
[2018.10.10-13.47.18:290][  0]LogSlate: Took 0.031625 seconds to synchronously load lazily loaded font '../../../Engine/Content/Slate/Fonts/Roboto-Bold.ttf' (160K)
[2018.10.10-13.47.18:360][  0]LogSlate: Took 0.016287 seconds to synchronously load lazily loaded font '../../../Engine/Content/Editor/Slate/Fonts/FontAwesome.ttf' (139K)
[2018.10.10-13.47.18:858][  0]LogRenderer: Reallocating scene render targets to support 1208x576 Format 10 NumSamples 1 (Frame:1).
[2018.10.10-13.47.19:486][  0]LogContentBrowser: Native class hierarchy updated for 'HierarchicalLODOutliner' in 0.0004 seconds. Added 0 classes and 0 folders.
[2018.10.10-13.47.19:486][  0]LogLoad: (Engine Initialization) Total time: 131.07 seconds
[2018.10.10-13.47.19:486][  0]LogLoad: (Engine Initialization) Total Blueprint compile time: 0.00 seconds
[2018.10.10-13.47.19:673][  0]LogContentStreaming: Texture pool size now 3000 MB
[2018.10.10-13.47.19:906][  1]LogSlate: Took 0.024218 seconds to synchronously load lazily loaded font '../../../Engine/Content/Slate/Fonts/Roboto-Light.ttf' (167K)
[2018.10.10-13.47.19:996][  2]LogAssetRegistry: Asset discovery search completed in 58.7849 seconds
[2018.10.10-13.47.19:998][  2]LogCollectionManager: Rebuilt the object cache for 0 collections in 0.000003 seconds (found 0 objects)
[2018.10.10-13.47.19:998][  2]LogCollectionManager: Fixed up redirectors for 0 collections in 0.000133 seconds (updated 0 objects)
[2018.10.10-13.47.46:790][393]LogSlate: FSceneViewport::OnFocusLost() reason 0
[2018.10.10-13.47.47:472][473]LogSlate: Took 0.000311 seconds to synchronously load lazily loaded font '../../../Engine/Content/Slate/Fonts/Roboto-Light.ttf' (167K)
[2018.10.10-13.47.48:528][473]LogAIModule: Creating AISystem for world TreeCutTestMap
[2018.10.10-13.47.48:628][473]LogAssetEditorManager: Opening Asset editor for World /Game/AliTesting/TreeCutTestMap.TreeCutTestMap
[2018.10.10-13.47.48:670][473]Cmd: MAP LOAD FILE="../../../../../Github/climb-summit/TheSummit/Content/AliTesting/TreeCutTestMap.umap" TEMPLATE=0 SHOWPROGRESS=1 FEATURELEVEL=3
[2018.10.10-13.47.48:670][473]LightingResults: New page: Lighting Build
[2018.10.10-13.47.48:672][473]LogContentBrowser: Native class hierarchy updated for 'StatsViewer' in 0.0003 seconds. Added 5 classes and 0 folders.
[2018.10.10-13.47.48:673][473]LoadErrors: New page: Loading map: TreeCutTestMap.umap
[2018.10.10-13.47.48:673][473]MapCheck: New page: Map Check
[2018.10.10-13.47.48:674][473]LightingResults: New page: Lighting Build
[2018.10.10-13.47.48:780][473]LogEditorServer: Finished looking for orphan Actors (0.000 secs)
[2018.10.10-13.47.48:866][473]Cmd: MAP CHECKDEP NOCLEARLOG
[2018.10.10-13.47.48:947][473]MapCheck: Map check complete: 0 Error(s), 0 Warning(s), took 81.404ms to complete.
[2018.10.10-13.47.48:947][473]LogFileHelpers: Loading map 'TreeCutTestMap' took 0.279
[2018.10.10-13.48.11:730][188]LogAssetEditorManager: Opening Asset editor for Blueprint /Game/Blueprints/Character_Blueprint.Character_Blueprint
[2018.10.10-13.48.12:783][188]LogContentBrowser: Native class hierarchy updated for 'BlueprintGraph' in 0.0007 seconds. Added 116 classes and 0 folders.
[2018.10.10-13.48.13:996][188]LogSlate: Took 0.014628 seconds to synchronously load lazily loaded font '../../../Engine/Content/Slate/Fonts/Roboto-BoldCondensed.ttf' (158K)
[2018.10.10-13.48.14:522][189]LogSlate: Took 0.035777 seconds to synchronously load lazily loaded font '../../../Engine/Content/Slate/Fonts/Roboto-Italic.ttf' (157K)
[2018.10.10-13.48.18:009][368]LogClass: Warning: In asset 'None', there is an enum property of type 'EAutoPossessAI' with an invalid value of ''
[2018.10.10-13.48.18:010][368]LogClass: Warning: In asset 'None', there is an enum property of type 'EAutoPossessAI' with an invalid value of ''
[2018.10.10-13.48.33:976][226]LogClass: Warning: In asset 'None', there is an enum property of type 'EAutoReceiveInput' with an invalid value of ''
[2018.10.10-13.48.33:976][226]LogClass: Warning: In asset 'None', there is an enum property of type 'EAutoReceiveInput' with an invalid value of ''
[2018.10.10-13.48.37:253][407]BlueprintLog: New page: Compile Character_Blueprint
[2018.10.10-13.48.37:774][407]Cmd: OBJ SAVEPACKAGE PACKAGE="/Game/Blueprints/Character_Blueprint" FILE="../../../../../Github/climb-summit/TheSummit/Content/Blueprints/Character_Blueprint.uasset" SILENT=true
[2018.10.10-13.48.38:612][407]LogSavePackage: Moving '../../../../../Github/climb-summit/TheSummit/Saved/Character_Blueprint4E5B24674B461B8CB723CDA8435CB22D.tmp' to '../../../../../Github/climb-summit/TheSummit/Content/Blueprints/Character_Blueprint.uasset'
[2018.10.10-13.48.41:813][574]LogClass: Warning: In asset 'None', there is an enum property of type 'EAutoReceiveInput' with an invalid value of ''
[2018.10.10-13.48.41:813][574]LogClass: Warning: In asset 'None', there is an enum property of type 'EAutoReceiveInput' with an invalid value of ''
[2018.10.10-13.48.41:813][574]LogClass: Warning: In asset 'None', there is an enum property of type 'EAutoReceiveInput' with an invalid value of ''
[2018.10.10-13.48.43:379][661]BlueprintLog: New page: Compile Character_Blueprint
[2018.10.10-13.48.43:780][661]Cmd: OBJ SAVEPACKAGE PACKAGE="/Game/Blueprints/Character_Blueprint" FILE="../../../../../Github/climb-summit/TheSummit/Content/Blueprints/Character_Blueprint.uasset" SILENT=true
[2018.10.10-13.48.43:924][661]LogSavePackage: Moving '../../../../../Github/climb-summit/TheSummit/Saved/Character_Blueprint1EC8B5CC4F52C689A84AF9B67E348F96.tmp' to '../../../../../Github/climb-summit/TheSummit/Content/Blueprints/Character_Blueprint.uasset'
[2018.10.10-13.48.47:109][946]LogAssetEditorManager: Opening Asset editor for Blueprint /Game/Blueprints/Hatchet_Blueprint.Hatchet_Blueprint
[2018.10.10-13.48.56:709][738]LogSlate: Window 'Hatchet_Blueprint' being destroyed
[2018.10.10-13.48.56:714][738]LogSlate: Window 'Hatchet_Blueprint' being destroyed
[2018.10.10-13.48.56:802][738]LogActorComponent: UnregisterComponent: (/Engine/Transient.EditorFloorComp) Not registered. Aborting.
[2018.10.10-13.49.06:857][910]LogAssetEditorManager: Opening Asset editor for Blueprint /Game/Blueprints/Tree_Blueprint.Tree_Blueprint
[2018.10.10-13.49.23:237][173]LogSlate: Window 'Tree_Blueprint' being destroyed
[2018.10.10-13.49.25:476][418]Cmd: OBJ SAVEPACKAGE PACKAGE="/Game/AliTesting/TreeCutTestMap" FILE="../../../../../Github/climb-summit/TheSummit/Content/AliTesting/TreeCutTestMap.umap" SILENT=true AUTOSAVING=false KEEPDIRTY=false
[2018.10.10-13.49.25:706][418]LogSavePackage: Moving '../../../../../Github/climb-summit/TheSummit/Saved/TreeCutTestMap0F0675A54D591696481FDEA00B24124C.tmp' to '../../../../../Github/climb-summit/TheSummit/Content/AliTesting/TreeCutTestMap.umap'
[2018.10.10-13.49.25:834][418]Cmd: OBJ SAVEPACKAGE PACKAGE="/Game/AliTesting/TreeCutTestMap_BuiltData" FILE="../../../../../Github/climb-summit/TheSummit/Content/AliTesting/TreeCutTestMap_BuiltData.uasset" SILENT=true
[2018.10.10-13.49.25:880][418]LogSavePackage: Moving '../../../../../Github/climb-summit/TheSummit/Saved/TreeCutTestMap_BuiltDataCDA3F94F4BA74C471FB0B09ACB8359B3.tmp' to '../../../../../Github/climb-summit/TheSummit/Content/AliTesting/TreeCutTestMap_BuiltData.uasset'
[2018.10.10-13.49.38:082][879]LogAssetEditorManager: Opening Asset editor for Blueprint /Game/Blueprints/Character_Blueprint.Character_Blueprint
[2018.10.10-13.49.49:041][483]LogSlate: Window 'Character_Blueprint' being destroyed
[2018.10.10-13.50.01:549][744]LogSlate: Only BGRA pngs, bmps or icos are supported in by External Image Picker
[2018.10.10-13.50.01:654][745]LogTemp: Executing iPhonePackager certificates Engine -bundlename com.YourCompany.TheSummit
[2018.10.10-13.50.01:654][745]LogTemp: CWD: D:\Unreal Engine\UE_4.20\Engine\Binaries\DotNET\IOS
[2018.10.10-13.50.01:654][745]LogTemp: Initial Dir: D:\Unreal Engine\UE_4.20
[2018.10.10-13.50.01:654][745]LogTemp: Env CWD: D:\Unreal Engine\UE_4.20\Engine\Binaries\DotNET\IOS
[2018.10.10-13.50.01:654][745]LogTemp: BranchPath = ALI-PC/D/Unreal Engine/UE_4.20/Engine/Binaries --- GameBranchPath = ALI-PC/D/Unreal Engine/UE_4.20/Engine/Binaries
[2018.10.10-13.50.01:654][745]LogTemp: IPP ERROR: Could not find provision directory 'C:\Users\aliha\AppData\Local/Apple Computer/MobileDevice/Provisioning Profiles/'.
[2018.10.10-13.50.08:042][460]SourceControl: fatal: /Script: '/Script' is outside repository
[2018.10.10-13.52.19:711][347]SourceControl: fatal: /Script: '/Script' is outside repository
[2018.10.10-13.54.47:810][334]LogInit: Warning: CVar named 'r.ForwardShading' marked up in RendererSettings was not found or is set to read-only
[2018.10.10-13.54.51:511][726]Cmd: CLOSE_SLATE_MAINFRAME
[2018.10.10-13.54.51:713][726]LogSlate: Window 'Project Settings' being destroyed
[2018.10.10-13.54.51:791][726]LogSlate: Window 'TheSummit - Unreal Editor' being destroyed
[2018.10.10-13.54.52:011][727]Cmd: QUIT_EDITOR
[2018.10.10-13.54.52:137][727]LogWindowsTextInputMethodSystem: Display: IME system now deactivated.
[2018.10.10-13.54.52:160][727]LogExit: Preparing to exit.
[2018.10.10-13.54.52:968][727]LogExit: Editor shut down
[2018.10.10-13.54.52:968][727]LogExit: Transaction tracking system shut down
[2018.10.10-13.54.54:138][727]LogExit: Object subsystem successfully closed.
[2018.10.10-13.54.54:258][727]LogShaderCompilers: Display: Shaders left to compile 0
[2018.10.10-13.54.54:276][727]LogD3D11RHI: Shutdown
[2018.10.10-13.54.54:276][727]LogD3D11RHI: CleanupD3DDevice
[2018.10.10-13.54.54:278][727]LogD3D11RHI: ~FD3D11DynamicRHI
[2018.10.10-13.54.54:954][727]LogModuleManager: Shutting down and abandoning module ExternalImagePicker (614)
[2018.10.10-13.54.54:954][727]LogModuleManager: Shutting down and abandoning module BlueprintGraph (612)
[2018.10.10-13.54.54:954][727]LogModuleManager: Shutting down and abandoning module StatsViewer (610)
[2018.10.10-13.54.54:961][727]LogModuleManager: Shutting down and abandoning module HierarchicalLODOutliner (608)
[2018.10.10-13.54.54:962][727]LogModuleManager: Shutting down and abandoning module SceneOutliner (606)
[2018.10.10-13.54.54:962][727]LogModuleManager: Shutting down and abandoning module AddContentDialog (604)
[2018.10.10-13.54.54:962][727]LogModuleManager: Shutting down and abandoning module WidgetCarousel (603)
[2018.10.10-13.54.54:962][727]LogModuleManager: Shutting down and abandoning module EditorWidgets (600)
[2018.10.10-13.54.54:962][727]LogModuleManager: Shutting down and abandoning module CollectionManager (598)
[2018.10.10-13.54.54:962][727]LogModuleManager: Shutting down and abandoning module FoliageEdit (596)
[2018.10.10-13.54.54:962][727]LogModuleManager: Shutting down and abandoning module LandscapeEditor (594)
[2018.10.10-13.54.54:980][727]LogModuleManager: Shutting down and abandoning module MeshPaintMode (592)
[2018.10.10-13.54.54:980][727]LogModuleManager: Shutting down and abandoning module SceneDepthPickerMode (590)
[2018.10.10-13.54.54:980][727]LogModuleManager: Shutting down and abandoning module ActorPickerMode (588)
[2018.10.10-13.54.54:980][727]LogModuleManager: Shutting down and abandoning module GeometryMode (586)
[2018.10.10-13.54.54:980][727]LogModuleManager: Shutting down and abandoning module TextureAlignMode (584)
[2018.10.10-13.54.54:980][727]LogModuleManager: Shutting down and abandoning module BspMode (582)
[2018.10.10-13.54.54:980][727]LogModuleManager: Shutting down and abandoning module PIEPreviewDeviceProfileSelector (580)
[2018.10.10-13.54.54:980][727]LogModuleManager: Shutting down and abandoning module SequenceRecorderSections (578)
[2018.10.10-13.54.54:992][727]LogModuleManager: Shutting down and abandoning module AutomationWorker (576)
[2018.10.10-13.54.54:992][727]LogModuleManager: Shutting down and abandoning module AudioCaptureEditor (574)
[2018.10.10-13.54.54:992][727]LogModuleManager: Shutting down and abandoning module SequenceRecorder (573)
[2018.10.10-13.54.54:992][727]LogModuleManager: Shutting down and abandoning module MatineeToLevelSequence (570)
[2018.10.10-13.54.55:002][727]LogModuleManager: Shutting down and abandoning module LevelSequenceEditor (568)
[2018.10.10-13.54.55:012][727]LogModuleManager: Shutting down and abandoning module PlacementMode (567)
[2018.10.10-13.54.55:012][727]LogModuleManager: Shutting down and abandoning module MaterialEditor (566)
[2018.10.10-13.54.55:030][727]LogModuleManager: Shutting down and abandoning module WmfMediaFactory (562)
[2018.10.10-13.54.55:030][727]LogModuleManager: Shutting down and abandoning module WmfMediaEditor (560)
[2018.10.10-13.54.55:030][727]LogModuleManager: Shutting down and abandoning module MediaPlayerEditor (558)
[2018.10.10-13.54.55:031][727]LogModuleManager: Shutting down and abandoning module OpenExrWrapper (556)
[2018.10.10-13.54.55:031][727]LogModuleManager: Shutting down and abandoning module ImgMediaFactory (554)
[2018.10.10-13.54.55:031][727]LogModuleManager: Shutting down and abandoning module ImgMediaEditor (552)
[2018.10.10-13.54.55:031][727]LogModuleManager: Shutting down and abandoning module AvfMediaFactory (550)
[2018.10.10-13.54.55:031][727]LogModuleManager: Shutting down and abandoning module AvfMediaEditor (548)
[2018.10.10-13.54.55:031][727]LogModuleManager: Shutting down and abandoning module AndroidMediaFactory (546)
[2018.10.10-13.54.55:031][727]LogModuleManager: Shutting down and abandoning module AndroidMediaEditor (544)
[2018.10.10-13.54.55:031][727]LogModuleManager: Shutting down and abandoning module MagicLeapCameraPreviewFactory (542)
[2018.10.10-13.54.55:031][727]LogModuleManager: Shutting down and abandoning module MagicLeapMediaFactory (540)
[2018.10.10-13.54.55:031][727]LogModuleManager: Shutting down and abandoning module MagicLeapMediaEditor (538)
[2018.10.10-13.54.55:031][727]LogModuleManager: Shutting down and abandoning module CharacterAI (536)
[2018.10.10-13.54.55:031][727]LogModuleManager: Shutting down and abandoning module SmartSnapping (534)
[2018.10.10-13.54.55:031][727]LogModuleManager: Shutting down and abandoning module SessionServices (532)
[2018.10.10-13.54.55:031][727]LogModuleManager: Shutting down and abandoning module ViewportSnapping (530)
[2018.10.10-13.54.55:031][727]LogModuleManager: Shutting down and abandoning module ViewportInteraction (528)
[2018.10.10-13.54.55:039][727]LogModuleManager: Shutting down and abandoning module ClothPainter (526)
[2018.10.10-13.54.55:039][727]LogModuleManager: Shutting down and abandoning module SkeletalMeshEditor (525)
[2018.10.10-13.54.55:052][727]LogModuleManager: Shutting down and abandoning module LogVisualizer (522)
[2018.10.10-13.54.55:066][727]LogModuleManager: Shutting down and abandoning module IntroTutorials (520)
[2018.10.10-13.54.55:066][727]LogModuleManager: Shutting down and abandoning module GameProjectGeneration (519)
[2018.10.10-13.54.55:069][727]LogModuleManager: Shutting down and abandoning module LuminPlatformEditor (516)
[2018.10.10-13.54.55:069][727]LogModuleManager: Shutting down and abandoning module IOSPlatformEditor (514)
[2018.10.10-13.54.55:069][727]LogModuleManager: Shutting down and abandoning module HTML5PlatformEditor (512)
[2018.10.10-13.54.55:069][727]LogModuleManager: Shutting down and abandoning module AndroidPlatformEditor (510)
[2018.10.10-13.54.55:069][727]LogModuleManager: Shutting down and abandoning module AndroidDeviceDetection (509)
[2018.10.10-13.54.55:836][727]LogModuleManager: Shutting down and abandoning module WindowsPlatformEditor (506)
[2018.10.10-13.54.55:836][727]LogModuleManager: Shutting down and abandoning module LuminRuntimeSettings (504)
[2018.10.10-13.54.55:836][727]LogModuleManager: Shutting down and abandoning module IOSRuntimeSettings (502)
[2018.10.10-13.54.55:836][727]LogModuleManager: Shutting down and abandoning module AndroidRuntimeSettings (500)
[2018.10.10-13.54.55:836][727]LogModuleManager: Shutting down and abandoning module InputBindingEditor (498)
[2018.10.10-13.54.55:853][727]LogModuleManager: Shutting down and abandoning module MergeActors (496)
[2018.10.10-13.54.55:853][727]LogModuleManager: Shutting down and abandoning module LocalizationDashboard (494)
[2018.10.10-13.54.55:853][727]LogModuleManager: Shutting down and abandoning module LocalizationService (493)
[2018.10.10-13.54.55:853][727]LogModuleManager: Shutting down and abandoning module HardwareTargeting (490)
[2018.10.10-13.54.55:853][727]LogModuleManager: Shutting down and abandoning module DeviceProfileEditor (488)
[2018.10.10-13.54.55:854][727]LogModuleManager: Shutting down and abandoning module UndoHistory (486)
[2018.10.10-13.54.55:854][727]LogModuleManager: Shutting down and abandoning module XmlParser (484)
[2018.10.10-13.54.55:854][727]LogModuleManager: Shutting down and abandoning module Blutility (482)
[2018.10.10-13.54.55:854][727]LogModuleManager: Shutting down and abandoning module ProjectSettingsViewer (480)
[2018.10.10-13.54.55:854][727]LogModuleManager: Shutting down and abandoning module ProjectTargetPlatformEditor (479)
[2018.10.10-13.54.55:854][727]LogModuleManager: Shutting down and abandoning module EditorSettingsViewer (476)
[2018.10.10-13.54.55:854][727]LogModuleManager: Shutting down and abandoning module SettingsEditor (474)
[2018.10.10-13.54.55:854][727]LogModuleManager: Shutting down and abandoning module ProjectLauncher (472)
[2018.10.10-13.54.55:865][727]LogModuleManager: Shutting down and abandoning module SessionFrontend (470)
[2018.10.10-13.54.55:865][727]LogModuleManager: Shutting down and abandoning module ProfilerClient (468)
[2018.10.10-13.54.55:876][727]LogModuleManager: Shutting down and abandoning module DeviceManager (466)
[2018.10.10-13.54.55:876][727]LogModuleManager: Shutting down and abandoning module TargetDeviceServices (465)
[2018.10.10-13.54.55:943][727]LogModuleManager: Shutting down and abandoning module AutomationController (462)
[2018.10.10-13.54.55:943][727]LogModuleManager: Shutting down and abandoning module AutomationWindow (460)
[2018.10.10-13.54.55:967][727]LogModuleManager: Shutting down and abandoning module Layers (458)
[2018.10.10-13.54.55:987][727]LogModuleManager: Shutting down and abandoning module ComponentVisualizers (456)
[2018.10.10-13.54.55:987][727]LogModuleManager: Shutting down and abandoning module DetailCustomizations (454)
[2018.10.10-13.54.55:987][727]LogModuleManager: Shutting down and abandoning module PackagesDialog (452)
[2018.10.10-13.54.55:987][727]LogModuleManager: Shutting down and abandoning module Persona (450)
[2018.10.10-13.54.56:009][727]LogModuleManager: Shutting down and abandoning module AdvancedPreviewScene (449)
[2018.10.10-13.54.56:009][727]LogModuleManager: Shutting down and abandoning module AnimGraph (447)
[2018.10.10-13.54.56:009][727]LogModuleManager: Shutting down and abandoning module Kismet (444)
[2018.10.10-13.54.56:014][727]LogModuleManager: Shutting down and abandoning module GraphEditor (442)
[2018.10.10-13.54.56:014][727]LogModuleManager: Shutting down and abandoning module ClassViewer (440)
[2018.10.10-13.54.56:015][727]LogModuleManager: Shutting down and abandoning module Toolbox (438)
[2018.10.10-13.54.56:015][727]LogModuleManager: Shutting down and abandoning module ModuleUI (436)
[2018.10.10-13.54.56:024][727]LogModuleManager: Shutting down and abandoning module MovieSceneTools (434)
[2018.10.10-13.54.56:024][727]LogModuleManager: Shutting down and abandoning module OutputLog (432)
[2018.10.10-13.54.56:024][727]LogModuleManager: Shutting down and abandoning module GammaUI (430)
[2018.10.10-13.54.56:031][727]LogModuleManager: Shutting down and abandoning module Documentation (428)
[2018.10.10-13.54.56:031][727]LogModuleManager: Shutting down and abandoning module MovieSceneTracks (426)
[2018.10.10-13.54.56:031][727]LogModuleManager: Shutting down and abandoning module MovieScene (424)
[2018.10.10-13.54.56:031][727]LogModuleManager: Shutting down and abandoning module StreamingPauseRendering (422)
[2018.10.10-13.54.56:037][727]LogModuleManager: Shutting down and abandoning module LauncherPlatform (420)
[2018.10.10-13.54.56:037][727]LogModuleManager: Shutting down and abandoning module AnalyticsET (418)
[2018.10.10-13.54.56:037][727]LogModuleManager: Shutting down and abandoning module PortalServices (416)
[2018.10.10-13.54.56:037][727]LogModuleManager: Shutting down and abandoning module PortalRpc (414)
[2018.10.10-13.54.56:037][727]LogModuleManager: Shutting down and abandoning module MessagingRpc (412)
[2018.10.10-13.54.56:037][727]LogModuleManager: Shutting down and abandoning module AIModule (410)
[2018.10.10-13.54.56:037][727]LogModuleManager: Shutting down and abandoning module GameplayDebugger (409)
[2018.10.10-13.54.56:037][727]LogModuleManager: Shutting down and abandoning module AITestSuite (407)
[2018.10.10-13.54.56:037][727]LogModuleManager: Shutting down and abandoning module NavigationSystem (405)
[2018.10.10-13.54.56:037][727]LogModuleManager: Shutting down and abandoning module DesktopPlatform (402)
[2018.10.10-13.54.56:037][727]LogModuleManager: Shutting down and abandoning module ProfilerService (400)
[2018.10.10-13.54.56:120][727]LogModuleManager: Shutting down and abandoning module TaskGraph (398)
[2018.10.10-13.54.56:120][727]LogModuleManager: Shutting down and abandoning module SteamVRController (396)
[2018.10.10-13.54.56:120][727]LogModuleManager: Shutting down and abandoning module ProceduralMeshComponentEditor (394)
[2018.10.10-13.54.56:120][727]LogModuleManager: Shutting down and abandoning module ProceduralMeshComponent (392)
[2018.10.10-13.54.56:120][727]LogModuleManager: Shutting down and abandoning module OculusInput (390)
[2018.10.10-13.54.56:120][727]LogModuleManager: Shutting down and abandoning module MobilePatchingUtils (388)
[2018.10.10-13.54.56:120][727]LogModuleManager: Shutting down and abandoning module EditableMesh (386)
[2018.10.10-13.54.56:134][727]LogModuleManager: Shutting down and abandoning module CustomMeshComponent (384)
[2018.10.10-13.54.56:134][727]LogModuleManager: Shutting down and abandoning module CableComponent (382)
[2018.10.10-13.54.56:134][727]LogModuleManager: Shutting down and abandoning module AudioCapture (380)
[2018.10.10-13.54.56:134][727]LogModuleManager: Shutting down and abandoning module ArchVisCharacter (378)
[2018.10.10-13.54.56:134][727]LogModuleManager: Shutting down and abandoning module AndroidPermission (376)
[2018.10.10-13.54.56:134][727]LogModuleManager: Shutting down and abandoning module NUTUnrealEngine4 (374)
[2018.10.10-13.54.56:134][727]LogModuleManager: Shutting down and abandoning module NetcodeUnitTest (372)
[2018.10.10-13.54.56:146][727]LogModuleManager: Shutting down and abandoning module MediaCompositingEditor (370)
[2018.10.10-13.54.56:146][727]LogModuleManager: Shutting down and abandoning module MediaCompositing (368)
[2018.10.10-13.54.56:146][727]LogModuleManager: Shutting down and abandoning module LinearTimecode (366)
[2018.10.10-13.54.56:146][727]LogModuleManager: Shutting down and abandoning module ImgMedia (364)
[2018.10.10-13.54.56:154][727]LogModuleManager: Shutting down and abandoning module HTML5Networking (362)
[2018.10.10-13.54.56:154][727]LogModuleManager: Shutting down and abandoning module GeometryCacheTracks (360)
[2018.10.10-13.54.56:154][727]LogModuleManager: Shutting down and abandoning module GeometryCacheSequencer (358)
[2018.10.10-13.54.56:154][727]LogModuleManager: Shutting down and abandoning module BackChannel (356)
[2018.10.10-13.54.56:161][727]LogModuleManager: Shutting down and abandoning module AppleVision (354)
[2018.10.10-13.54.56:161][727]LogModuleManager: Shutting down and abandoning module AppleImageUtils (352)
[2018.10.10-13.54.56:161][727]LogModuleManager: Shutting down and abandoning module AlembicImporter (350)
[2018.10.10-13.54.56:161][727]LogModuleManager: Shutting down and abandoning module AlembicLibrary (349)
[2018.10.10-13.54.56:161][727]LogModuleManager: Shutting down and abandoning module GeometryCache (348)
[2018.10.10-13.54.56:161][727]LogModuleManager: Shutting down and abandoning module GeometryCacheEd (347)
[2018.10.10-13.54.56:161][727]LogModuleManager: Shutting down and abandoning module DatasmithContentEditor (342)
[2018.10.10-13.54.56:170][727]LogModuleManager: Shutting down and abandoning module DatasmithContent (340)
[2018.10.10-13.54.56:171][727]LogModuleManager: Shutting down and abandoning module SpeedTreeImporter (338)
[2018.10.10-13.54.56:171][727]LogModuleManager: Shutting down and abandoning module PluginBrowser (336)
[2018.10.10-13.54.56:179][727]LogModuleManager: Shutting down and abandoning module MobileLauncherProfileWizard (334)
[2018.10.10-13.54.56:185][727]LogModuleManager: Shutting down and abandoning module PolygonModeling (332)
[2018.10.10-13.54.56:185][727]LogModuleManager: Shutting down and abandoning module MeshEditor (330)
[2018.10.10-13.54.56:185][727]LogModuleManager: Shutting down and abandoning module CryptoKeysOpenSSL (328)
[2018.10.10-13.54.56:185][727]LogModuleManager: Shutting down and abandoning module CryptoKeys (326)
[2018.10.10-13.54.56:185][727]LogModuleManager: Shutting down and abandoning module VisualStudioSourceCodeAccess (324)
[2018.10.10-13.54.56:185][727]LogModuleManager: Shutting down and abandoning module VisualStudioCodeSourceCodeAccess (322)
[2018.10.10-13.54.56:185][727]LogModuleManager: Shutting down and abandoning module UObjectPlugin (320)
[2018.10.10-13.54.56:185][727]LogModuleManager: Shutting down and abandoning module SubversionSourceControl (318)
[2018.10.10-13.54.56:185][727]LogModuleManager: Shutting down and abandoning module PerforceSourceControl (316)
[2018.10.10-13.54.56:194][727]LogModuleManager: Shutting down and abandoning module GitSourceControl (314)
[2018.10.10-13.54.56:194][727]LogModuleManager: Shutting down and abandoning module SourceControl (313)
[2018.10.10-13.54.56:201][727]LogModuleManager: Shutting down and abandoning module CLionSourceCodeAccess (310)
[2018.10.10-13.54.56:201][727]LogModuleManager: Shutting down and abandoning module LightPropagationVolumeEditor (308)
[2018.10.10-13.54.56:201][727]LogModuleManager: Shutting down and abandoning module PaperTiledImporter (306)
[2018.10.10-13.54.56:201][727]LogModuleManager: Shutting down and abandoning module PaperSpriteSheetImporter (304)
[2018.10.10-13.54.56:201][727]LogModuleManager: Shutting down and abandoning module Paper2DEditor (302)
[2018.10.10-13.54.56:215][727]LogModuleManager: Shutting down and abandoning module MeshPaint (301)
[2018.10.10-13.54.56:233][727]LogModuleManager: Shutting down and abandoning module RuntimePhysXCooking (298)
[2018.10.10-13.54.56:233][727]LogModuleManager: Shutting down and abandoning module PhysXVehiclesEditor (296)
[2018.10.10-13.54.56:233][727]LogModuleManager: Shutting down and abandoning module PhysXVehicles (294)
[2018.10.10-13.54.56:233][727]LogModuleManager: Shutting down and abandoning module OculusEditor (292)
[2018.10.10-13.54.56:233][727]LogModuleManager: Shutting down and abandoning module LocationServicesBPLibrary (290)
[2018.10.10-13.54.56:233][727]LogModuleManager: Shutting down and abandoning module ImmediatePhysicsEditor (288)
[2018.10.10-13.54.56:233][727]LogModuleManager: Shutting down and abandoning module ImmediatePhysics (286)
[2018.10.10-13.54.56:241][727]LogModuleManager: Shutting down and abandoning module ActorSequence (284)
[2018.10.10-13.54.56:242][727]LogModuleManager: Shutting down and abandoning module UdpMessaging (282)
[2018.10.10-13.54.56:343][727]LogModuleManager: Shutting down and abandoning module TcpMessaging (280)
[2018.10.10-13.54.56:444][727]LogModuleManager: Shutting down and abandoning module MagicLeapAudio (278)
[2018.10.10-13.54.56:444][727]LogModuleManager: Shutting down and abandoning module GameplayTagsEditor (276)
[2018.10.10-13.54.56:444][727]LogModuleManager: Shutting down and abandoning module FacialAnimationEditor (274)
[2018.10.10-13.54.56:444][727]LogModuleManager: Shutting down and abandoning module FacialAnimation (272)
[2018.10.10-13.54.56:444][727]LogModuleManager: Shutting down and abandoning module DataValidation (270)
[2018.10.10-13.54.56:444][727]LogModuleManager: Shutting down and abandoning module AssetManagerEditor (268)
[2018.10.10-13.54.56:459][727]LogModuleManager: Shutting down and abandoning module LevelEditor (267)
[2018.10.10-13.54.56:460][727]LogModuleManager: Shutting down and abandoning module PixelInspectorModule (266)
[2018.10.10-13.54.56:460][727]LogModuleManager: Shutting down and abandoning module CommonMenuExtensions (264)
[2018.10.10-13.54.56:460][727]LogModuleManager: Shutting down and abandoning module MainFrame (262)
[2018.10.10-13.54.56:460][727]LogModuleManager: Shutting down and abandoning module HotReload (261)
[2018.10.10-13.54.56:469][727]LogModuleManager: Shutting down and abandoning module ContentBrowser (257)
[2018.10.10-13.54.56:470][727]LogModuleManager: Shutting down and abandoning module TreeMap (255)
[2018.10.10-13.54.56:470][727]LogModuleManager: Shutting down and abandoning module LightPropagationVolumeRuntime (252)
[2018.10.10-13.54.56:470][727]LogModuleManager: Shutting down and abandoning module AISupportModule (250)
[2018.10.10-13.54.56:470][727]LogModuleManager: Shutting down and abandoning module Paper2D (248)
[2018.10.10-13.54.56:470][727]LogModuleManager: Shutting down and abandoning module WindowsMoviePlayer (246)
[2018.10.10-13.54.56:479][727]LogModuleManager: Shutting down and abandoning module WmfMedia (244)
[2018.10.10-13.54.56:494][727]LogModuleManager: Shutting down and abandoning module Media (243)
[2018.10.10-13.54.56:500][727]LogModuleManager: Shutting down and abandoning module PacketHandler (240)
[2018.10.10-13.54.56:500][727]LogModuleManager: Shutting down and abandoning module ClothingSystemEditor (238)
[2018.10.10-13.54.56:500][727]LogModuleManager: Shutting down and abandoning module ClothingSystemRuntime (236)
[2018.10.10-13.54.56:521][727]LogModuleManager: Shutting down and abandoning module MediaAssets (234)
[2018.10.10-13.54.56:521][727]LogModuleManager: Shutting down and abandoning module Overlay (232)
[2018.10.10-13.54.56:521][727]LogModuleManager: Shutting down and abandoning module OverlayEditor (231)
[2018.10.10-13.54.56:521][727]LogModuleManager: Shutting down and abandoning module VREditor (228)
[2018.10.10-13.54.56:532][727]LogModuleManager: Shutting down and abandoning module StringTableEditor (226)
[2018.10.10-13.54.56:540][727]LogModuleManager: Shutting down and abandoning module GameplayTasksEditor (224)
[2018.10.10-13.54.56:540][727]LogModuleManager: Shutting down and abandoning module BehaviorTreeEditor (222)
[2018.10.10-13.54.56:549][727]LogModuleManager: Shutting down and abandoning module FunctionalTesting (220)
[2018.10.10-13.54.56:549][727]LogModuleManager: Shutting down and abandoning module CollisionAnalyzer (218)
[2018.10.10-13.54.56:549][727]LogModuleManager: Shutting down and abandoning module WorkspaceMenuStructure (217)
[2018.10.10-13.54.56:549][727]LogModuleManager: Shutting down and abandoning module UMG (214)
[2018.10.10-13.54.56:560][727]LogModuleManager: Shutting down and abandoning module UMGEditor (213)
[2018.10.10-13.54.56:581][727]LogModuleManager: Shutting down and abandoning module Sequencer (212)
[2018.10.10-13.54.56:599][727]LogModuleManager: Shutting down and abandoning module MessageLog (209)
[2018.10.10-13.54.56:599][727]LogModuleManager: Shutting down and abandoning module SlateReflector (204)
[2018.10.10-13.54.56:610][727]LogModuleManager: Shutting down and abandoning module Slate (202)
[2018.10.10-13.54.56:610][727]LogModuleManager: Shutting down and abandoning module EditorStyle (200)
[2018.10.10-13.54.56:611][727]LogModuleManager: Shutting down and abandoning module MRMesh (198)
[2018.10.10-13.54.56:620][727]LogModuleManager: Shutting down and abandoning module SourceCodeAccess (196)
[2018.10.10-13.54.56:620][727]LogModuleManager: Shutting down and abandoning module HeadMountedDisplay (194)
[2018.10.10-13.54.56:620][727]LogModuleManager: Shutting down and abandoning module XAudio2 (192)
[2018.10.10-13.54.56:620][727]LogModuleManager: Shutting down and abandoning module Networking (190)
[2018.10.10-13.54.56:620][727]LogModuleManager: Shutting down and abandoning module Core (188)
[2018.10.10-13.54.56:620][727]LogModuleManager: Shutting down and abandoning module LevelSequence (186)
[2018.10.10-13.54.56:620][727]LogModuleManager: Shutting down and abandoning module KismetCompiler (184)
[2018.10.10-13.54.56:620][727]LogModuleManager: Shutting down and abandoning module MeshUtilities (182)
[2018.10.10-13.54.56:620][727]LogModuleManager: Shutting down and abandoning module MeshMergeUtilities (181)
[2018.10.10-13.54.56:620][727]LogModuleManager: Shutting down and abandoning module MeshReductionInterface (180)
[2018.10.10-13.54.56:620][727]LogModuleManager: Shutting down and abandoning module SimplygonSwarm (179)
[2018.10.10-13.54.56:628][727]LogModuleManager: Shutting down and abandoning module ProxyLODMeshReduction (177)
[2018.10.10-13.54.56:642][727]LogModuleManager: Shutting down and abandoning module SimplygonMeshReduction (175)
[2018.10.10-13.54.56:642][727]LogModuleManager: Shutting down and abandoning module QuadricMeshReduction (173)
[2018.10.10-13.54.56:662][727]LogModuleManager: Shutting down and abandoning module MaterialBaking (169)
[2018.10.10-13.54.56:677][727]LogModuleManager: Shutting down and abandoning module DirectoryWatcher (165)
[2018.10.10-13.54.56:677][727]LogModuleManager: Shutting down and abandoning module DerivedDataCache (162)
[2018.10.10-13.54.56:769][727]LogDerivedDataCache: Shutdown
[2018.10.10-13.54.56:769][727]LogModuleManager: Shutting down and abandoning module XGEController (160)
[2018.10.10-13.54.56:769][727]LogXGEController: Cleaning working directory: C:/Users/aliha/AppData/Local/Temp/UnrealXGEWorkingDir/
[2018.10.10-13.54.56:783][727]LogModuleManager: Shutting down and abandoning module TargetPlatform (158)
[2018.10.10-13.54.56:783][727]LogModuleManager: Shutting down and abandoning module VulkanShaderFormat (157)
[2018.10.10-13.54.56:784][727]LogModuleManager: Shutting down and abandoning module ShaderFormatVectorVM (155)
[2018.10.10-13.54.56:788][727]LogModuleManager: Shutting down and abandoning module ShaderFormatOpenGL (153)
[2018.10.10-13.54.56:793][727]LogModuleManager: Shutting down and abandoning module ShaderFormatD3D (151)
[2018.10.10-13.54.56:793][727]LogModuleManager: Shutting down and abandoning module MetalShaderFormat (149)
[2018.10.10-13.54.56:800][727]LogModuleManager: Shutting down and abandoning module TextureFormatUncompressed (147)
[2018.10.10-13.54.56:800][727]LogModuleManager: Shutting down and abandoning module TextureFormatPVR (145)
[2018.10.10-13.54.56:800][727]LogModuleManager: Shutting down and abandoning module TextureFormatDXT (143)
[2018.10.10-13.54.56:811][727]LogModuleManager: Shutting down and abandoning module TextureFormatIntelISPCTexComp (141)
[2018.10.10-13.54.56:812][727]LogModuleManager: Shutting down and abandoning module TextureFormatASTC (139)
[2018.10.10-13.54.56:812][727]LogModuleManager: Shutting down and abandoning module ImageWrapper (138)
[2018.10.10-13.54.56:812][727]LogModuleManager: Shutting down and abandoning module TextureFormatAndroid (135)
[2018.10.10-13.54.56:812][727]LogModuleManager: Shutting down and abandoning module AudioFormatOpus (133)
[2018.10.10-13.54.56:812][727]LogModuleManager: Shutting down and abandoning module AudioFormatOgg (131)
[2018.10.10-13.54.56:812][727]LogModuleManager: Shutting down and abandoning module AudioFormatADPCM (129)
[2018.10.10-13.54.56:812][727]LogModuleManager: Shutting down and abandoning module LuminTargetPlatform (127)
[2018.10.10-13.54.56:812][727]LogModuleManager: Shutting down and abandoning module LinuxTargetPlatform (125)
[2018.10.10-13.54.56:812][727]LogModuleManager: Shutting down and abandoning module LinuxServerTargetPlatform (123)
[2018.10.10-13.54.56:812][727]LogModuleManager: Shutting down and abandoning module LinuxNoEditorTargetPlatform (121)
[2018.10.10-13.54.56:812][727]LogModuleManager: Shutting down and abandoning module LinuxClientTargetPlatform (119)
[2018.10.10-13.54.56:812][727]LogModuleManager: Shutting down and abandoning module TVOSTargetPlatform (117)
[2018.10.10-13.54.56:812][727]LogModuleManager: Shutting down and abandoning module Messaging (115)
[2018.10.10-13.54.56:812][727]LogModuleManager: Shutting down and abandoning module IOSTargetPlatform (113)
[2018.10.10-13.54.56:813][727]LogModuleManager: Shutting down and abandoning module HTML5TargetPlatform (111)
[2018.10.10-13.54.56:813][727]LogModuleManager: Shutting down and abandoning module AndroidTargetPlatform (109)
[2018.10.10-13.54.56:818][727]LogModuleManager: Shutting down and abandoning module WindowsTargetPlatform (107)
[2018.10.10-13.54.56:818][727]LogModuleManager: Shutting down and abandoning module WindowsServerTargetPlatform (105)
[2018.10.10-13.54.56:818][727]LogModuleManager: Shutting down and abandoning module WindowsNoEditorTargetPlatform (103)
[2018.10.10-13.54.56:818][727]LogModuleManager: Shutting down and abandoning module WindowsClientTargetPlatform (101)
[2018.10.10-13.54.56:818][727]LogModuleManager: Shutting down and abandoning module MacTargetPlatform (99)
[2018.10.10-13.54.56:818][727]LogModuleManager: Shutting down and abandoning module MacServerTargetPlatform (97)
[2018.10.10-13.54.56:818][727]LogModuleManager: Shutting down and abandoning module MacNoEditorTargetPlatform (95)
[2018.10.10-13.54.56:818][727]LogModuleManager: Shutting down and abandoning module MacClientTargetPlatform (93)
[2018.10.10-13.54.56:818][727]LogModuleManager: Shutting down and abandoning module AllDesktopTargetPlatform (91)
[2018.10.10-13.54.56:818][727]LogModuleManager: Shutting down and abandoning module InputCore (88)
[2018.10.10-13.54.56:818][727]LogModuleManager: Shutting down and abandoning module Settings (86)
[2018.10.10-13.54.56:818][727]LogModuleManager: Shutting down and abandoning module PhysXCooking (84)
[2018.10.10-13.54.56:818][727]LogModuleManager: Shutting down and abandoning module SteamVR (82)
[2018.10.10-13.54.56:818][727]LogModuleManager: Shutting down and abandoning module OculusHMD (80)
[2018.10.10-13.54.56:818][727]LogModuleManager: Shutting down and abandoning module ExampleDeviceProfileSelector (78)
[2018.10.10-13.54.56:818][727]LogModuleManager: Shutting down and abandoning module LauncherChunkInstaller (76)
[2018.10.10-13.54.56:818][727]LogModuleManager: Shutting down and abandoning module OnlineBlueprintSupport (74)
[2018.10.10-13.54.56:818][727]LogModuleManager: Shutting down and abandoning module OnlineSubsystem (70)
[2018.10.10-13.54.56:839][727]LogModuleManager: Shutting down and abandoning module XMPP (65)
[2018.10.10-13.54.56:861][727]LogModuleManager: Shutting down and abandoning module WebSockets (64)
[2018.10.10-13.54.56:911][727]LogModuleManager: Shutting down and abandoning module HTTP (61)
[2018.10.10-13.54.56:911][727]LogHttp: Display: Http module shutting down, but needs to wait on 1 outstanding Http requests:
[2018.10.10-13.54.56:911][727]LogHttp: Display: 	verb=[POST] url=[https://datarouter.ol.epicgames.com/datarouter/api/v1/public/data?SessionID=%7B8F01390D-476E-8D81-FC90-4B9BC7595901%7D&AppID=UEEditor.Rocket.Release&AppVersion=4.20.1-4233996%2B%2B%2BUE4%2BRelease-4.20&UserID=23b803834a6e21c2335149ab046191d9%7C6a37eeab3d4f4c15b78733ca7c7e556d%7C902a0952-3a11-4de2-b10f-3626945c9d73&AppEnvironment=datacollector-binary&UploadType=eteventstream] status=Processing
[2018.10.10-13.54.56:934][727]LogModuleManager: Shutting down and abandoning module SSL (60)
[2018.10.10-13.54.56:935][727]LogModuleManager: Shutting down and abandoning module MagicLeapEmulator (56)
[2018.10.10-13.54.56:935][727]LogModuleManager: Shutting down and abandoning module MagicLeapPrivileges (54)
[2018.10.10-13.54.56:935][727]LogModuleManager: Shutting down and abandoning module MagicLeapIdentity (52)
[2018.10.10-13.54.56:935][727]LogModuleManager: Shutting down and abandoning module MagicLeapHelperVulkan (50)
[2018.10.10-13.54.56:935][727]LogModuleManager: Shutting down and abandoning module MagicLeapHelperOpenGL (48)
[2018.10.10-13.54.56:935][727]LogModuleManager: Shutting down and abandoning module MagicLeapSecureStorage (46)
[2018.10.10-13.54.56:935][727]LogModuleManager: Shutting down and abandoning module MagicLeapGestures (44)
[2018.10.10-13.54.56:935][727]LogModuleManager: Shutting down and abandoning module MagicLeapEyeTracker (42)
[2018.10.10-13.54.56:935][727]LogModuleManager: Shutting down and abandoning module MagicLeapController (40)
[2018.10.10-13.54.56:935][727]LogSlate: Slate User Destroyed.  User Index 0, Is Virtual User: 0
[2018.10.10-13.54.56:935][727]LogModuleManager: Shutting down and abandoning module MagicLeap (38)
[2018.10.10-13.54.56:935][727]LogModuleManager: Shutting down and abandoning module AnimationModifiers (36)
[2018.10.10-13.54.56:946][727]LogModuleManager: Shutting down and abandoning module PropertyEditor (35)
[2018.10.10-13.54.56:946][727]LogModuleManager: Shutting down and abandoning module AudioEditor (32)
[2018.10.10-13.54.56:953][727]LogModuleManager: Shutting down and abandoning module TextureCompressor (30)
[2018.10.10-13.54.56:966][727]LogModuleManager: Shutting down and abandoning module ShaderCore (28)
[2018.10.10-13.54.56:966][727]LogModuleManager: Shutting down and abandoning module Landscape (26)
[2018.10.10-13.54.56:966][727]LogModuleManager: Shutting down and abandoning module SlateRHIRenderer (24)
[2018.10.10-13.54.56:979][727]LogModuleManager: Shutting down and abandoning module OpenGLDrv (22)
[2018.10.10-13.54.56:994][727]LogModuleManager: Shutting down and abandoning module D3D11RHI (20)
[2018.10.10-13.54.56:994][727]LogModuleManager: Shutting down and abandoning module AnimGraphRuntime (18)
[2018.10.10-13.54.56:994][727]LogModuleManager: Shutting down and abandoning module Renderer (16)
[2018.10.10-13.54.56:994][727]LogModuleManager: Shutting down and abandoning module Engine (14)
[2018.10.10-13.54.56:994][727]LogModuleManager: Shutting down and abandoning module CoreUObject (12)
[2018.10.10-13.54.56:994][727]LogModuleManager: Shutting down and abandoning module NetworkFile (10)
[2018.10.10-13.54.57:003][727]LogModuleManager: Shutting down and abandoning module CookedIterativeFile (8)
[2018.10.10-13.54.57:003][727]LogModuleManager: Shutting down and abandoning module StreamingFile (6)
[2018.10.10-13.54.57:013][727]LogModuleManager: Shutting down and abandoning module SandboxFile (4)
[2018.10.10-13.54.57:013][727]LogModuleManager: Shutting down and abandoning module PakFile (2)
[2018.10.10-13.54.57:025][727]LogExit: Exiting.
[2018.10.10-13.54.57:036][727]Log file closed, 10/10/18 09:54:57
