Log file open, 09/23/18 12:38:55
LogWindows: Failed to load 'aqProf.dll' (GetLastError=126)
LogWindows: File 'aqProf.dll' does not exist
LogWindows: Failed to load 'VSPerf140.dll' (GetLastError=126)
LogWindows: File 'VSPerf140.dll' does not exist
LogWindows: Failed to load 'VtuneApi.dll' (GetLastError=126)
LogWindows: File 'VtuneApi.dll' does not exist
LogWindows: Failed to load 'VtuneApi32e.dll' (GetLastError=126)
LogWindows: File 'VtuneApi32e.dll' does not exist
LogInit: Display: Running engine for game: TheSummit
LogPlatformFile: Not using cached read wrapper
LogTaskGraph: Started task graph with 5 named threads and 47 total threads with 3 sets of task threads.
LogStats: Stats thread started at 3.525842
LogD3D11RHI: Loaded GFSDK_Aftermath_Lib.x64.dll
LogICUInternationalization: Display: ICU TimeZone Detection - Raw Offset: -5:00, Platform Override: ''
LogPluginManager: Mounting plugin Paper2D
LogPluginManager: Mounting plugin AISupport
LogPluginManager: Mounting plugin LightPropagationVolume
LogPluginManager: Mounting plugin CLionSourceCodeAccess
LogPluginManager: Mounting plugin CodeLiteSourceCodeAccess
LogPluginManager: Mounting plugin GitSourceControl
LogPluginManager: Mounting plugin KDevelopSourceCodeAccess
LogPluginManager: Mounting plugin NullSourceCodeAccess
LogPluginManager: Mounting plugin PerforceSourceControl
LogPluginManager: Mounting plugin SubversionSourceControl
LogPluginManager: Mounting plugin UObjectPlugin
LogPluginManager: Mounting plugin VisualStudioCodeSourceCodeAccess
LogPluginManager: Mounting plugin VisualStudioSourceCodeAccess
LogPluginManager: Mounting plugin XCodeSourceCodeAccess
LogPluginManager: Mounting plugin AssetManagerEditor
LogPluginManager: Mounting plugin CryptoKeys
LogPluginManager: Mounting plugin DataValidation
LogPluginManager: Mounting plugin FacialAnimation
LogPluginManager: Mounting plugin GameplayTagsEditor
LogPluginManager: Mounting plugin MacGraphicsSwitching
LogPluginManager: Mounting plugin MeshEditor
LogPluginManager: Mounting plugin MobileLauncherProfileWizard
LogPluginManager: Mounting plugin PluginBrowser
LogPluginManager: Mounting plugin SpeedTreeImporter
LogPluginManager: Mounting plugin DatasmithContent
LogPluginManager: Mounting plugin AlembicImporter
LogPluginManager: Mounting plugin AppleImageUtils
LogPluginManager: Mounting plugin AppleVision
LogPluginManager: Mounting plugin BackChannel
LogPluginManager: Mounting plugin CharacterAI
LogPluginManager: Mounting plugin GeometryCache
LogPluginManager: Mounting plugin HTML5Networking
LogPluginManager: Mounting plugin ProxyLODPlugin
LogPluginManager: Mounting plugin MagicLeap
LogPluginManager: Mounting plugin MagicLeapEmulator
LogPluginManager: Mounting plugin MagicLeapMedia
LogPluginManager: Mounting plugin AndroidMedia
LogPluginManager: Mounting plugin AvfMedia
LogPluginManager: Mounting plugin ImgMedia
LogPluginManager: Mounting plugin LinearTimecode
LogPluginManager: Mounting plugin MediaCompositing
LogPluginManager: Mounting plugin MediaPlayerEditor
LogPluginManager: Mounting plugin WmfMedia
LogPluginManager: Mounting plugin TcpMessaging
LogPluginManager: Mounting plugin UdpMessaging
LogPluginManager: Mounting plugin ActorSequence
LogPluginManager: Mounting plugin LevelSequenceEditor
LogPluginManager: Mounting plugin MatineeToLevelSequence
LogPluginManager: Mounting plugin NetcodeUnitTest
LogPluginManager: Mounting plugin NUTUnrealEngine4
LogPluginManager: Mounting plugin OnlineSubsystemGooglePlay
LogPluginManager: Mounting plugin OnlineSubsystemIOS
LogPluginManager: Mounting plugin OnlineSubsystem
LogPluginManager: Mounting plugin OnlineSubsystemNull
LogPluginManager: Mounting plugin OnlineSubsystemUtils
LogPluginManager: Mounting plugin LauncherChunkInstaller
LogPluginManager: Mounting plugin AndroidDeviceProfileSelector
LogPluginManager: Mounting plugin AndroidMoviePlayer
LogPluginManager: Mounting plugin AndroidPermission
LogPluginManager: Mounting plugin AppleMoviePlayer
LogPluginManager: Mounting plugin ArchVisCharacter
LogPluginManager: Mounting plugin AudioCapture
LogPluginManager: Mounting plugin CableComponent
LogPluginManager: Mounting plugin CustomMeshComponent
LogPluginManager: Mounting plugin EditableMesh
LogPluginManager: Mounting plugin ExampleDeviceProfileSelector
LogPluginManager: Mounting plugin GoogleCloudMessaging
LogPluginManager: Mounting plugin ImmediatePhysics
LogPluginManager: Mounting plugin IOSDeviceProfileSelector
LogPluginManager: Mounting plugin LinuxDeviceProfileSelector
LogPluginManager: Mounting plugin LocationServicesBPLibrary
LogPluginManager: Mounting plugin MobilePatchingUtils
LogPluginManager: Mounting plugin OculusVR
LogPluginManager: Plugin shader directory ../../../Engine/Plugins/Runtime/Oculus/OculusVR/Shaders found
LogPluginManager: Mapping shader source directory ../../../Engine/Plugins/Runtime/Oculus/OculusVR/Shaders to virtual directory /Plugin/OculusVR
LogPluginManager: Mounting plugin PhysXVehicles
LogPluginManager: Mounting plugin ProceduralMeshComponent
LogPluginManager: Mounting plugin RuntimePhysXCooking
LogPluginManager: Mounting plugin SteamVR
LogPluginManager: Mounting plugin WindowsMoviePlayer
LogStreaming: Display: Took  0.381s to configure plugins.
LogInit: Using libcurl 7.55.1-DEV
LogInit:  - built for x86_64-pc-win32
LogInit:  - supports SSL with OpenSSL/1.0.2h
LogInit:  - supports HTTP deflate (compression) using libz 1.2.8
LogInit:  - other features:
LogInit:      CURL_VERSION_SSL
LogInit:      CURL_VERSION_LIBZ
LogInit:      CURL_VERSION_IPV6
LogInit:      CURL_VERSION_ASYNCHDNS
LogInit:      CURL_VERSION_LARGEFILE
LogInit:      CURL_VERSION_IDN
LogInit:  CurlRequestOptions (configurable via config and command line):
LogInit:  - bVerifyPeer = false  - Libcurl will NOT verify peer certificate
LogInit:  - bUseHttpProxy = false  - Libcurl will NOT use HTTP proxy
LogInit:  - bDontReuseConnections = false  - Libcurl will reuse connections
LogInit:  - CertBundlePath = nullptr  - Libcurl will use whatever was configured at build time.
LogInit:  - MaxHostConnections = 16  - Libcurl will limit the number of connections to a host
LogInit:  - LocalHostAddr = Default
LogInit:  - BufferSize = 65536
LogInit: WinSock: version 1.1 (2.2), MaxSocks=32767, MaxUdp=65467
LogHMD: Failed initializing OVRPlugin 1.25.0
LogInit: Build: ++UE4+Release-4.20-CL-4233996
LogInit: Engine Version: 4.20.1-4233996+++UE4+Release-4.20
LogInit: Compatible Engine Version: 4.20.0-4212847+++UE4+Release-4.20
LogInit: Net CL: 4212847
LogInit: OS: Windows 10 (), CPU: AMD Ryzen 7 1700 Eight-Core Processor          , GPU: NVIDIA GeForce GTX 1080
LogInit: Compiled (64-bit): Jul 26 2018 10:07:30
LogInit: Compiled with Visual C++: 19.13.26129.00
LogInit: Build Configuration: Development
LogInit: Branch Name: ++UE4+Release-4.20
LogInit: Command Line:  
LogInit: Base Directory: D:/Unreal Engine/UE_4.20/Engine/Binaries/Win64/
LogInit: Installed Engine Build: 1
LogDevObjectVersion: Number of dev versions registered: 20
LogDevObjectVersion:   Dev-Blueprints (B0D832E4-1F89-4F0D-ACCF-7EB736FD4AA2): 10
LogDevObjectVersion:   Dev-Build (E1C64328-A22C-4D53-A36C-8E866417BD8C): 0
LogDevObjectVersion:   Dev-Core (375EC13C-06E4-48FB-B500-84F0262A717E): 2
LogDevObjectVersion:   Dev-Editor (E4B068ED-F494-42E9-A231-DA0B2E46BB41): 24
LogDevObjectVersion:   Dev-Framework (CFFC743F-43B0-4480-9391-14DF171D2073): 34
LogDevObjectVersion:   Dev-Mobile (B02B49B5-BB20-44E9-A304-32B752E40360): 2
LogDevObjectVersion:   Dev-Networking (A4E4105C-59A1-49B5-A7C5-40C4547EDFEE): 0
LogDevObjectVersion:   Dev-Online (39C831C9-5AE6-47DC-9A44-9C173E1C8E7C): 0
LogDevObjectVersion:   Dev-Physics (78F01B33-EBEA-4F98-B9B4-84EACCB95AA2): 0
LogDevObjectVersion:   Dev-Platform (6631380F-2D4D-43E0-8009-CF276956A95A): 0
LogDevObjectVersion:   Dev-Rendering (12F88B9F-8875-4AFC-A67C-D90C383ABD29): 26
LogDevObjectVersion:   Dev-Sequencer (7B5AE74C-D270-4C10-A958-57980B212A5A): 9
LogDevObjectVersion:   Dev-VR (D7296918-1DD6-4BDD-9DE2-64A83CC13884): 2
LogDevObjectVersion:   Dev-LoadTimes (C2A15278-BFE7-4AFE-6C17-90FF531DF755): 1
LogDevObjectVersion:   Private-Geometry (6EACA3D4-40EC-4CC1-B786-8BED09428FC5): 3
LogDevObjectVersion:   Dev-AnimPhys (29E575DD-E0A3-4627-9D10-D276232CDCEA): 17
LogDevObjectVersion:   Dev-ReflectionCapture (6B266CEC-1EC7-4B8F-A30B-E4D90942FC07): 1
LogDevObjectVersion:   Dev-Automation (0DF73D61-A23F-47EA-B727-89E90C41499A): 1
LogDevObjectVersion:   FortniteMain (601D1886-AC64-4F84-AA16-D3DE0DEAC7D6): 12
LogDevObjectVersion:   Dev-Enterprise (9DFFBCD6-494F-0158-E221-12823C92A888): 1
LogStreaming: Display: Took  0.097s to delete old logs.
LogInit: Presizing for max 8388607 objects, including 0 objects not considered by GC, pre-allocating 0 bytes for permanent pool.
LogInit: Object subsystem initialized
[2018.09.23-16.38.58:749][  0]LogInit: Selected Device Profile: [Windows]
[2018.09.23-16.38.58:750][  0]LogInit: Applying CVar settings loaded from the selected device profile: [Windows]
[2018.09.23-16.38.58:790][  0]LogHAL: Display: Platform has ~ 16 GB [17109286912 / 17179869184 / 16], which maps to Larger [LargestMinGB=32, LargerMinGB=12, DefaultMinGB=8, SmallerMinGB=6, SmallestMinGB=0)
[2018.09.23-16.38.58:800][  0]LogInit: Setting Device Profile CVar: [[r.Vulkan.UseRealUBs:1]]
[2018.09.23-16.38.58:801][  0]LogInit: Going up to parent DeviceProfile []
[2018.09.23-16.38.58:847][  0]LogInit: Computer: ALI-PC
[2018.09.23-16.38.58:847][  0]LogInit: User: aliha
[2018.09.23-16.38.58:847][  0]LogInit: CPU Page size=4096, Cores=8
[2018.09.23-16.38.58:847][  0]LogInit: High frequency timer resolution =2.929941 MHz
[2018.09.23-16.38.58:847][  0]LogMemory: Memory total: Physical=15.9GB (16GB approx)
[2018.09.23-16.38.58:847][  0]LogMemory: Platform Memory Stats for Windows
[2018.09.23-16.38.58:847][  0]LogMemory: Process Physical Memory: 104.08 MB used, 104.08 MB peak
[2018.09.23-16.38.58:847][  0]LogMemory: Process Virtual Memory: 101.60 MB used, 101.60 MB peak
[2018.09.23-16.38.58:847][  0]LogMemory: Physical Memory: 6731.36 MB used,  9585.32 MB free, 16316.69 MB total
[2018.09.23-16.38.58:847][  0]LogMemory: Virtual Memory: 4695.24 MB used,  9585.32 MB free, 134217728.00 MB total
[2018.09.23-16.38.59:467][  0]LogInit: Using OS detected language (en-US).
[2018.09.23-16.38.59:467][  0]LogInit: Using OS detected locale (en-US).
[2018.09.23-16.38.59:524][  0]LogTextLocalizationManager: No specific localization for 'en-US' exists, so the 'en' localization will be used.
[2018.09.23-16.39.00:334][  0]LogStreaming: Display: Took  0.848s to InitEngineTextLocalization.
[2018.09.23-16.39.00:344][  0]LogInit: Setting process to per monitor DPI aware
[2018.09.23-16.39.00:984][  0]LogSlate: New Slate User Created.  User Index 0, Is Virtual User: 0
[2018.09.23-16.39.00:984][  0]LogSlate: Slate User Registered.  User Index 0, Is Virtual User: 0
[2018.09.23-16.39.10:230][  0]LogHMD: Failed to initialize OpenVR with code 108
[2018.09.23-16.39.10:231][  0]LogD3D11RHI: D3D11 adapters:
[2018.09.23-16.39.10:318][  0]LogD3D11RHI:    0. 'NVIDIA GeForce GTX 1080' (Feature Level 11_0)
[2018.09.23-16.39.10:318][  0]LogD3D11RHI:       8079/0/8158 MB DedicatedVideo/DedicatedSystem/SharedSystem, Outputs:1, VendorId:0x10de
[2018.09.23-16.39.10:320][  0]LogD3D11RHI:    1. 'Microsoft Basic Render Driver' (Feature Level 11_0)
[2018.09.23-16.39.10:320][  0]LogD3D11RHI:       0/0/8158 MB DedicatedVideo/DedicatedSystem/SharedSystem, Outputs:0, VendorId:0x1414
[2018.09.23-16.39.10:320][  0]LogD3D11RHI: Chosen D3D11 Adapter: 0
[2018.09.23-16.39.10:331][  0]LogD3D11RHI: Creating new Direct3DDevice
[2018.09.23-16.39.10:331][  0]LogD3D11RHI:     GPU DeviceId: 0x1b80 (for the marketing name, search the web for "GPU Device Id")
[2018.09.23-16.39.10:345][  0]LogWindows: EnumDisplayDevices:
[2018.09.23-16.39.10:345][  0]LogWindows:    0. 'NVIDIA GeForce GTX 1080' (P:1 D:1)
[2018.09.23-16.39.10:345][  0]LogWindows:    1. 'NVIDIA GeForce GTX 1080' (P:0 D:0)
[2018.09.23-16.39.10:345][  0]LogWindows:    2. 'NVIDIA GeForce GTX 1080' (P:0 D:0)
[2018.09.23-16.39.10:346][  0]LogWindows:    3. 'NVIDIA GeForce GTX 1080' (P:0 D:0)
[2018.09.23-16.39.10:346][  0]LogWindows: DebugString: FoundDriverCount:4 
[2018.09.23-16.39.10:346][  0]LogD3D11RHI:     Adapter Name: NVIDIA GeForce GTX 1080
[2018.09.23-16.39.10:346][  0]LogD3D11RHI:   Driver Version: 399.07 (internal:24.21.13.9907, unified:399.07)
[2018.09.23-16.39.10:346][  0]LogD3D11RHI:      Driver Date: 8-21-2018
[2018.09.23-16.39.10:346][  0]LogRHI: Texture pool is 5655 MB (70% of 8079 MB)
[2018.09.23-16.39.10:400][  0]LogD3D11RHI: Async texture creation enabled
[2018.09.23-16.39.10:612][  0]LogD3D11RHI: GPU Timing Frequency: 1000.000000 (Debug: 2 2)
[2018.09.23-16.39.10:679][  0]LogShaderCompilers: Guid format shader working directory is 1 characters bigger than the processId version (../../../../../Github/climb-summit/TheSummit/Intermediate/Shaders/WorkingDirectory/23636/).
[2018.09.23-16.39.10:679][  0]LogShaderCompilers: Cleaned the shader compiler working directory 'C:/Users/aliha/AppData/Local/Temp/UnrealShaderWorkingDir/B680CBAE47B405EFF8FBF6BBCC91C0EC/'.
[2018.09.23-16.39.11:305][  0]LogTemp: Display: Loaded TP AllDesktopTargetPlatform
[2018.09.23-16.39.11:343][  0]LogTemp: Display: Loaded TP MacClientTargetPlatform
[2018.09.23-16.39.11:381][  0]LogTemp: Display: Loaded TP MacNoEditorTargetPlatform
[2018.09.23-16.39.11:414][  0]LogTemp: Display: Loaded TP MacServerTargetPlatform
[2018.09.23-16.39.11:480][  0]LogTemp: Display: Loaded TP MacTargetPlatform
[2018.09.23-16.39.11:524][  0]LogTemp: Display: Loaded TP WindowsClientTargetPlatform
[2018.09.23-16.39.11:562][  0]LogTemp: Display: Loaded TP WindowsNoEditorTargetPlatform
[2018.09.23-16.39.11:611][  0]LogTemp: Display: Loaded TP WindowsServerTargetPlatform
[2018.09.23-16.39.11:634][  0]LogTemp: Display: Loaded TP WindowsTargetPlatform
[2018.09.23-16.39.11:773][  0]LogTemp: Display: Loaded TP AndroidTargetPlatform
[2018.09.23-16.39.11:773][  0]LogTemp: Display: Loaded TP AndroidTargetPlatform
[2018.09.23-16.39.11:773][  0]LogTemp: Display: Loaded TP AndroidTargetPlatform
[2018.09.23-16.39.11:773][  0]LogTemp: Display: Loaded TP AndroidTargetPlatform
[2018.09.23-16.39.11:773][  0]LogTemp: Display: Loaded TP AndroidTargetPlatform
[2018.09.23-16.39.11:773][  0]LogTemp: Display: Loaded TP AndroidTargetPlatform
[2018.09.23-16.39.11:773][  0]LogTemp: Display: Loaded TP AndroidTargetPlatform
[2018.09.23-16.39.11:773][  0]LogTemp: Display: Loaded TP AndroidTargetPlatform
[2018.09.23-16.39.11:773][  0]LogTemp: Display: Loaded TP AndroidTargetPlatform
[2018.09.23-16.39.11:773][  0]LogTemp: Display: Loaded TP AndroidTargetPlatform
[2018.09.23-16.39.11:773][  0]LogTemp: Display: Loaded TP AndroidTargetPlatform
[2018.09.23-16.39.11:773][  0]LogTemp: Display: Loaded TP AndroidTargetPlatform
[2018.09.23-16.39.11:773][  0]LogTemp: Display: Loaded TP AndroidTargetPlatform
[2018.09.23-16.39.11:773][  0]LogTemp: Display: Loaded TP AndroidTargetPlatform
[2018.09.23-16.39.11:773][  0]LogTemp: Display: Loaded TP AndroidTargetPlatform
[2018.09.23-16.39.11:773][  0]LogTemp: Display: Loaded TP AndroidTargetPlatform
[2018.09.23-16.39.11:773][  0]LogTemp: Display: Loaded TP AndroidTargetPlatform
[2018.09.23-16.39.11:773][  0]LogTemp: Display: Loaded TP AndroidTargetPlatform
[2018.09.23-16.39.11:796][  0]LogTemp: Display: Loaded TP HTML5TargetPlatform
[2018.09.23-16.39.11:955][  0]LogTemp: Display: Loaded TP IOSTargetPlatform
[2018.09.23-16.39.11:955][  0]LogTemp: Display: Loaded TP IOSTargetPlatform
[2018.09.23-16.39.12:005][  0]LogTemp: Display: Loaded TP TVOSTargetPlatform
[2018.09.23-16.39.12:005][  0]LogTemp: Display: Loaded TP TVOSTargetPlatform
[2018.09.23-16.39.12:038][  0]LogTemp: Display: Loaded TP LinuxClientTargetPlatform
[2018.09.23-16.39.12:074][  0]LogTemp: Display: Loaded TP LinuxNoEditorTargetPlatform
[2018.09.23-16.39.12:122][  0]LogTemp: Display: Loaded TP LinuxServerTargetPlatform
[2018.09.23-16.39.12:172][  0]LogTemp: Display: Loaded TP LinuxTargetPlatform
[2018.09.23-16.39.12:208][  0]LogTemp: Display: Loaded TP LuminTargetPlatform
[2018.09.23-16.39.12:208][  0]LogTargetPlatformManager: Display: Building Assets For Windows
[2018.09.23-16.39.12:973][  0]LogXGEController: Cleaning working directory: C:/Users/aliha/AppData/Local/Temp/UnrealXGEWorkingDir/
[2018.09.23-16.39.12:973][  0]LogXGEController: Cannot use XGE Controller as Incredibuild is not installed on this machine.
[2018.09.23-16.39.12:973][  0]LogShaderCompilers: Cannot use XGE Shader Compiler as Incredibuild is not installed on this machine.
[2018.09.23-16.39.12:973][  0]LogShaderCompilers: Display: Using Local Shader Compiler.
[2018.09.23-16.39.18:739][  0]LogDerivedDataCache: Display: Max Cache Size: 512 MB
[2018.09.23-16.39.19:012][  0]LogDerivedDataCache: Loaded boot cache 0.27s 71MB C:/Users/aliha/AppData/Local/UnrealEngine/4.20/DerivedDataCache/Boot.ddc.
[2018.09.23-16.39.19:012][  0]LogDerivedDataCache: Display: Loaded Boot cache: C:/Users/aliha/AppData/Local/UnrealEngine/4.20/DerivedDataCache/Boot.ddc
[2018.09.23-16.39.19:012][  0]LogDerivedDataCache: FDerivedDataBackendGraph:  Pak pak cache file ../../../../../Github/climb-summit/TheSummit/DerivedDataCache/DDC.ddp not found, will not use a pak cache.
[2018.09.23-16.39.19:012][  0]LogDerivedDataCache: Unable to find inner node Pak for hierarchical cache Hierarchy.
[2018.09.23-16.39.19:013][  0]LogDerivedDataCache: FDerivedDataBackendGraph:  CompressedPak pak cache file ../../../../../Github/climb-summit/TheSummit/DerivedDataCache/Compressed.ddp not found, will not use a pak cache.
[2018.09.23-16.39.19:013][  0]LogDerivedDataCache: Unable to find inner node CompressedPak for hierarchical cache Hierarchy.
[2018.09.23-16.39.19:135][  0]LogDerivedDataCache: Display: Pak cache opened for reading ../../../Engine/DerivedDataCache/Compressed.ddp.
[2018.09.23-16.39.19:148][  0]LogDerivedDataCache: Using Local data cache path C:/Users/aliha/AppData/Local/UnrealEngine/Common/DerivedDataCache: Writable
[2018.09.23-16.39.19:148][  0]LogDerivedDataCache: Shared data cache path not found in *engine.ini, will not use an Shared cache.
[2018.09.23-16.39.19:148][  0]LogDerivedDataCache: Unable to find inner node Shared for hierarchical cache Hierarchy.
[2018.09.23-16.39.19:195][  0]LogMaterial: Verifying Global Shaders for PCD3D_SM5
[2018.09.23-16.39.19:240][  0]LogSlate: Using FreeType 2.6.0
[2018.09.23-16.39.19:336][  0]LogSlate: SlateFontServices - WITH_FREETYPE: 1, WITH_HARFBUZZ: 1
[2018.09.23-16.39.20:003][  0]LogAssetRegistry: FAssetRegistry took 0.0374 seconds to start up
[2018.09.23-16.39.23:342][  0]LogInit: Selected Device Profile: [Windows]
[2018.09.23-16.39.25:491][  0]LogSimplygon: Simplygon DLL not present - disabling.
[2018.09.23-16.39.25:613][  0]LogMeshReduction: Using SimplygonSwarm for distributed automatic mesh merging
[2018.09.23-16.39.25:614][  0]LogMeshReduction: Using ProxyLODMeshReduction for automatic mesh merging
[2018.09.23-16.39.25:615][  0]LogMeshReduction: Using QuadricMeshReduction for automatic static mesh reduction
[2018.09.23-16.39.25:615][  0]LogMeshReduction: No automatic skeletal mesh reduction module available
[2018.09.23-16.39.25:910][  0]LogNetVersion: TheSummit 1.0.0, NetCL: 4212847, EngineNetVer: 5, GameNetVer: 0 (Checksum: 40220121)
[2018.09.23-16.39.30:088][  0]LogPackageLocalizationCache: Processed 11 localized package path(s) for 2 prioritized culture(s) in 0.231353 seconds
[2018.09.23-16.39.30:125][  0]LogUObjectArray: 38425 objects as part of root set at end of initial load.
[2018.09.23-16.39.30:125][  0]LogUObjectAllocator: 6690864 out of 0 bytes used by permanent object pool.
[2018.09.23-16.39.30:125][  0]LogUObjectArray: CloseDisregardForGC: 0/0 objects in disregard for GC pool
[2018.09.23-16.39.48:621][  0]LogTcpMessaging: Initializing TcpMessaging bridge
[2018.09.23-16.39.48:653][  0]LogUdpMessaging: Initializing bridge on interface 0.0.0.0:0 to multicast group 230.0.0.1:6666.
[2018.09.23-16.39.49:941][  0]SourceControl: Source control is disabled
[2018.09.23-16.39.52:264][  0]LogAndroidPermission: UAndroidPermissionCallbackProxy::GetInstance
[2018.09.23-16.39.52:489][  0]LogOcInput: OculusInput pre-init called
[2018.09.23-16.39.53:085][  0]LogEngine: Initializing Engine...
[2018.09.23-16.39.58:801][  0]LogHMD: Failed to initialize OpenVR with code 108
[2018.09.23-16.39.58:822][  0]LogStats: UGameplayTagsManager::ConstructGameplayTagTree: ImportINI prefixes -  0.000 s
[2018.09.23-16.39.58:822][  0]LogStats: UGameplayTagsManager::ConstructGameplayTagTree: Construct from data asset -  0.000 s
[2018.09.23-16.39.58:823][  0]LogStats: UGameplayTagsManager::ConstructGameplayTagTree: ImportINI -  0.001 s
[2018.09.23-16.39.58:823][  0]LogStats: UGameplayTagsManager::ConstructGameplayTagTree: GameplayTagTreeChangedEvent.Broadcast -  0.000 s
[2018.09.23-16.39.59:625][  0]LogInit: Initializing FReadOnlyCVARCache
[2018.09.23-16.39.59:879][  0]LogAIModule: Creating AISystem for world Untitled
[2018.09.23-16.40.00:036][  0]LogInit: XAudio2 using 'Speakers (USB Audio Device)' : 2 channels at 48 kHz using 16 bits per sample (channel mask 0x3)
[2018.09.23-16.40.00:057][  0]LogInit: FAudioDevice initialized.
[2018.09.23-16.40.00:057][  0]LogNetVersion: Set ProjectVersion to 1.0.0.0. Version Checksum will be recalculated on next use.
[2018.09.23-16.40.00:136][  0]LogDerivedDataCache: Saved boot cache 0.08s 71MB C:/Users/aliha/AppData/Local/UnrealEngine/4.20/DerivedDataCache/Boot.ddc.
[2018.09.23-16.40.00:147][  0]LogInit: Texture streaming: Enabled
[2018.09.23-16.40.00:285][  0]LogEngineSessionManager: EngineSessionManager initialized
[2018.09.23-16.40.00:385][  0]LogInit: Transaction tracking system initialized
[2018.09.23-16.40.00:665][  0]BlueprintLog: New page: Editor Load
[2018.09.23-16.40.01:741][  0]LocalizationService: Localization service is disabled
[2018.09.23-16.40.04:864][  0]LogCook: Display: Max memory allowance for cook 16384mb min free memory 0mb
[2018.09.23-16.40.04:865][  0]LogCook: Display: Mobile HDR setting 1
[2018.09.23-16.40.04:872][  0]LogFileCache: Scanning file cache for directory 'D:/Github/climb-summit/TheSummit/Content/' took 0.02s
[2018.09.23-16.40.04:872][  0]LogGameplayTags: Display: UGameplayTagsManager::DoneAddingNativeTags. DelegateIsBound: 0
[2018.09.23-16.40.04:872][  0]LogStats: UGameplayTagsManager::ConstructGameplayTagTree: ImportINI prefixes -  0.000 s
[2018.09.23-16.40.04:872][  0]LogStats: UGameplayTagsManager::ConstructGameplayTagTree: Construct from data asset -  0.000 s
[2018.09.23-16.40.04:872][  0]LogStats: UGameplayTagsManager::ConstructGameplayTagTree: ImportINI -  0.000 s
[2018.09.23-16.40.04:872][  0]LogStats: UGameplayTagsManager::ConstructGameplayTagTree: GameplayTagTreeChangedEvent.Broadcast -  0.000 s
[2018.09.23-16.40.06:601][  0]Cmd: MAP LOAD FILE="../../../../../Github/climb-summit/TheSummit/Content/TreeCutTesting/TreeCutTestMap.umap" TEMPLATE=0 SHOWPROGRESS=1 FEATURELEVEL=3
[2018.09.23-16.40.06:606][  0]LightingResults: New page: Lighting Build
[2018.09.23-16.40.06:679][  0]MapCheck: New page: Map Check
[2018.09.23-16.40.06:679][  0]LightingResults: New page: Lighting Build
[2018.09.23-16.40.08:131][  0]LogAIModule: Creating AISystem for world TreeCutTestMap
[2018.09.23-16.40.08:598][  0]LogEditorServer: Finished looking for orphan Actors (0.000 secs)
[2018.09.23-16.40.08:712][  0]Cmd: MAP CHECKDEP NOCLEARLOG
[2018.09.23-16.40.08:781][  0]MapCheck: Map check complete: 0 Error(s), 0 Warning(s), took 68.272ms to complete.
[2018.09.23-16.40.08:781][  0]LogFileHelpers: Loading map 'TreeCutTestMap' took 2.191
[2018.09.23-16.40.11:440][  0]LogSlate: Updating window title bar state: overlay mode, drag disabled, window buttons hidden, title bar hidden
[2018.09.23-16.40.11:729][  0]LogSlate: Updating window title bar state: overlay mode, drag disabled, window buttons hidden, title bar hidden
[2018.09.23-16.40.11:742][  0]LogSlate: Updating window title bar state: overlay mode, drag disabled, window buttons hidden, title bar hidden
[2018.09.23-16.40.11:751][  0]LogSlate: Updating window title bar state: overlay mode, drag disabled, window buttons hidden, title bar hidden
[2018.09.23-16.40.11:798][  0]LogCollectionManager: Loaded 0 collections in 0.001196 seconds
[2018.09.23-16.40.12:058][  0]LogFileCache: Scanning file cache for directory 'D:/Github/climb-summit/TheSummit/Saved/Collections/' took 0.01s
[2018.09.23-16.40.12:058][  0]LogFileCache: Scanning file cache for directory 'D:/Github/climb-summit/TheSummit/Content/Developers/aliha/Collections/' took 0.01s
[2018.09.23-16.40.12:058][  0]LogFileCache: Scanning file cache for directory 'D:/Github/climb-summit/TheSummit/Content/Collections/' took 0.01s
[2018.09.23-16.40.12:058][  0]LogCollectionManager: Rebuilt the GUID cache for 0 collections in 0.000003 seconds
[2018.09.23-16.40.12:069][  0]LogContentBrowser: Native class hierarchy populated in 0.0108 seconds. Added 2572 classes and 603 folders.
[2018.09.23-16.40.12:143][  0]LogContentBrowser: Native class hierarchy updated for 'WidgetCarousel' in 0.0003 seconds. Added 0 classes and 0 folders.
[2018.09.23-16.40.13:131][  0]LogContentBrowser: Native class hierarchy updated for 'AddContentDialog' in 0.0003 seconds. Added 0 classes and 0 folders.
[2018.09.23-16.40.13:210][  0]LogContentBrowser: Native class hierarchy updated for 'SceneOutliner' in 0.0004 seconds. Added 1 classes and 2 folders.
[2018.09.23-16.40.13:940][  0]LogSlate: Took 0.016643 seconds to synchronously load lazily loaded font '../../../Engine/Content/Slate/Fonts/Roboto-Regular.ttf' (155K)
[2018.09.23-16.40.13:975][  0]LogSlate: Took 0.033057 seconds to synchronously load lazily loaded font '../../../Engine/Content/Slate/Fonts/Roboto-Bold.ttf' (160K)
[2018.09.23-16.40.14:038][  0]LogSlate: Took 0.013557 seconds to synchronously load lazily loaded font '../../../Engine/Content/Editor/Slate/Fonts/FontAwesome.ttf' (139K)
[2018.09.23-16.40.14:409][  0]LogRenderer: Reallocating scene render targets to support 1208x576 Format 10 NumSamples 1 (Frame:1).
[2018.09.23-16.40.14:732][  0]LogSlate: Took 0.027759 seconds to synchronously load lazily loaded font '../../../Engine/Content/Slate/Fonts/Roboto-Light.ttf' (167K)
[2018.09.23-16.40.14:928][  0]LogContentBrowser: Native class hierarchy updated for 'HierarchicalLODOutliner' in 0.0003 seconds. Added 0 classes and 0 folders.
[2018.09.23-16.40.14:929][  0]LogLoad: (Engine Initialization) Total time: 93.20 seconds
[2018.09.23-16.40.14:929][  0]LogLoad: (Engine Initialization) Total Blueprint compile time: 0.00 seconds
[2018.09.23-16.40.15:075][  0]LogContentStreaming: Texture pool size now 3000 MB
[2018.09.23-16.40.15:300][  2]LogAssetRegistry: Asset discovery search completed in 55.3196 seconds
[2018.09.23-16.40.15:302][  2]LogCollectionManager: Rebuilt the object cache for 0 collections in 0.000003 seconds (found 0 objects)
[2018.09.23-16.40.15:303][  2]LogCollectionManager: Fixed up redirectors for 0 collections in 0.000196 seconds (updated 0 objects)
[2018.09.23-16.41.09:258][291]LogSlate: FSceneViewport::OnFocusLost() reason 0
[2018.09.23-16.41.15:518][ 22]LogEditorViewport: Clicking on Actor (LMB): Character_Blueprint_C (Character_Blueprint)
[2018.09.23-16.41.17:285][139]LogEditorViewport: Clicking on Actor (LMB): StaticMeshActor (Floor)
[2018.09.23-16.41.18:572][259]LogEditorViewport: Clicking on Actor (LMB): BP_Sky_Sphere_C (Sky Sphere)
[2018.09.23-16.41.22:709][728]LogEditorViewport: Clicking on Actor (LMB): Tree_Blueprint_C (Tree1)
[2018.09.23-16.41.27:825][319]LogEditorViewport: Clicking on Actor (LMB): Tree_Blueprint_C (Tree0)
[2018.09.23-16.41.29:536][516]LogEditorViewport: Clicking on Actor (LMB): Tree_Blueprint_C (Tree1)
[2018.09.23-16.41.32:388][840]LogSlate: FSceneViewport::OnFocusLost() reason 2
[2018.09.23-16.41.32:457][840]LogSlate: Took 0.000269 seconds to synchronously load lazily loaded font '../../../Engine/Content/Slate/Fonts/Roboto-Light.ttf' (167K)
[2018.09.23-16.41.32:462][840]LogSlate: FSceneViewport::OnFocusLost() reason 2
[2018.09.23-16.41.33:159][840]LogSavePackage: Moving '../../../../../Github/climb-summit/TheSummit/Saved/TreeCutTestMapB963D1E5406BE8B6BD6AC781C90F5458.tmp' to '../../../../../Github/climb-summit/TheSummit/Content/TreeCutTesting/TreeCutTestMap.umap'
[2018.09.23-16.41.33:308][840]Cmd: OBJ SAVEPACKAGE PACKAGE="/Game/TreeCutTesting/TreeCutTestMap_BuiltData" FILE="../../../../../Github/climb-summit/TheSummit/Content/TreeCutTesting/TreeCutTestMap_BuiltData.uasset" SILENT=true
[2018.09.23-16.41.33:380][840]LogSavePackage: Moving '../../../../../Github/climb-summit/TheSummit/Saved/TreeCutTestMap_BuiltDataD5E34FAA44788722A9A443BAE7CB9064.tmp' to '../../../../../Github/climb-summit/TheSummit/Content/TreeCutTesting/TreeCutTestMap_BuiltData.uasset'
[2018.09.23-16.43.02:989][260]MapCheck: New page: Map Check
[2018.09.23-16.43.03:005][260]Cmd: MAP REBUILD ALLVISIBLE
[2018.09.23-16.43.03:005][260]LogEditorServer: Rebuildmap Clear paths rebuilt
[2018.09.23-16.43.03:151][260]LogMaterial: Display: Missing cached shader map for material FDebugViewModeMaterialProxy DefaultMaterial, compiling. 
[2018.09.23-16.43.03:171][260]LogShaderCompilers: Display: Shaders left to compile 1
[2018.09.23-16.43.03:171][260]LogMaterial: Display: Missing cached shader map for material FDebugViewModeMaterialProxy MaterialInstanceDynamic_0, compiling. 
[2018.09.23-16.43.03:178][260]LogMaterial: Display: Missing cached shader map for material FDebugViewModeMaterialProxy BasicShapeMaterial, compiling. 
[2018.09.23-16.43.03:183][260]LogMaterial: Display: Missing cached shader map for material FDebugViewModeMaterialProxy M_Basic_Wall, compiling. 
[2018.09.23-16.43.03:190][260]LogMaterial: Display: Missing cached shader map for material FDebugViewModeMaterialProxy MatineeCam_mat, compiling. 
[2018.09.23-16.43.04:894][260]LogShaderCompilers: Display: Shaders left to compile 4
[2018.09.23-16.43.04:894][260]LogShaderCompilers: Display: Shaders left to compile 3
[2018.09.23-16.43.04:894][260]LogShaderCompilers: Display: Shaders left to compile 2
[2018.09.23-16.43.04:894][260]LogShaderCompilers: Display: Shaders left to compile 1
[2018.09.23-16.43.04:894][260]TextureStreamingBuild: Display: Compiling optional shaders took 1.761 seconds.
[2018.09.23-16.43.04:922][260]LogLevel: Display: Export Material TexCoord Scales took 0.028 seconds.
[2018.09.23-16.43.04:943][260]TextureStreamingBuild: Display: Build Texture Streaming took 0.020 seconds.
[2018.09.23-16.43.04:993][260]LightingResults: New page: Lighting Build - Sep 23, 2018, 8:43:04 AM
[2018.09.23-16.43.05:128][260]LogSwarmInterface: [OpenConnection] Registering TCP channel ...
[2018.09.23-16.43.05:286][260]LogSwarmInterface: [OpenConnection] Connecting to agent ...
[2018.09.23-16.43.05:300][260]LogSwarmInterface: [TryOpenConnection] Testing the Agent
[2018.09.23-16.43.06:320][260]LogSwarmInterface: [TryOpenConnection] Opening Connection to Agent
[2018.09.23-16.43.06:320][260]LogSwarmInterface: [TryOpenConnection] Local Process ID is 23636
[2018.09.23-16.43.08:631][260]LogStaticLightingSystem: Warning: No importance volume found, so the scene bounding box was used.  You can optimize your scene's quality and lighting build times by adding importance volumes.
[2018.09.23-16.43.08:652][260]LogStaticLightingSystem: Running Lightmass w/ ImmediateImport mode ENABLED
[2018.09.23-16.43.08:652][260]LogStaticLightingSystem: Running Lightmass w/ ImmediateProcess mode ENABLED
[2018.09.23-16.43.08:652][260]LogStaticLightingSystem: Running Lightmass w/ Sorting mode ENABLED
[2018.09.23-16.43.08:652][260]LogStaticLightingSystem: Running Lightmass w/ Mapping paddings ENABLED
[2018.09.23-16.43.08:652][260]LogStaticLightingSystem: Running Lightmass w/ Mapping debug paddings DISABLED
[2018.09.23-16.43.08:866][260]Cmd: MAP CHECK DONTDISPLAYDIALOG
[2018.09.23-16.43.08:866][260]MapCheck: New page: TreeCutTestMap - Sep 23, 2018, 8:43:08 AM
[2018.09.23-16.43.08:876][260]MapCheck: Error: WorldSettings_1 Maps need lighting rebuilt 
[2018.09.23-16.43.08:955][260]MapCheck: Map check complete: 1 Error(s), 0 Warning(s), took 88.501ms to complete.
[2018.09.23-16.43.08:978][260]LogEditorBuildUtils: Build time 0:05
[2018.09.23-16.43.12:240][271]Job is a success!
[2018.09.23-16.43.12:622][272]LogVolumetricLightmapImport: Imported Volumetric Lightmap in 0.008s
[2018.09.23-16.43.12:622][272]LogVolumetricLightmapImport:      Indirection Texture 16x16x16 = 0.0Mb
[2018.09.23-16.43.12:622][272]LogVolumetricLightmapImport:      BrickData 35x5x5 = 0.0Mb
[2018.09.23-16.43.12:622][272]LogVolumetricLightmapImport:      Bricks at Level
[2018.09.23-16.43.12:622][272]LogVolumetricLightmapImport:          0: 14.3% covering 100.0% of volume
[2018.09.23-16.43.12:622][272]LogVolumetricLightmapImport:          1: 14.3% covering 1.6% of volume
[2018.09.23-16.43.12:622][272]LogVolumetricLightmapImport:          2: 71.4% covering 0.1% of volume
[2018.09.23-16.43.12:713][272]LogTexture: Display: Building textures: LQ_Lightmap_0_1 (DXT1, 256X256)
[2018.09.23-16.43.12:713][272]LogTexture: Display: Building textures: HQ_Lightmap0_1 (AutoDXT, 256X256)
[2018.09.23-16.43.12:713][272]LogTexture: Display: Building textures: HQ_Lightmap0_2 (AutoDXT, 64X64)
[2018.09.23-16.43.12:713][272]LogTexture: Display: Building textures: LQ_Lightmap_0_2 (DXT1, 64X64)
[2018.09.23-16.43.12:713][272]LogTexture: Display: Building textures: ShadowMapTexture2D_1 (G8, 32X32)
[2018.09.23-16.43.12:714][272]LogTexture: Display: Building textures: ShadowMapTexture2D_0 (G8, 256X128)
[2018.09.23-16.43.12:744][272]Lightmass on ALI-PC: 2.42 sec total, 151 ms importing, 18 ms setup, 1.01 sec photons, 1.19 sec processing, 0 ms extra exporting [4/4 mappings]. Threads: 16.9 sec total, 151 ms processing.
[2018.09.23-16.43.12:796][272]LogStaticLightingSystem: Illumination: 7.46 sec (45 ms encoding lightmaps, 15 ms encoding shadowmaps)
[2018.09.23-16.43.12:796][272]LogStaticLightingSystem: Lightmap texture memory:  0.1 MB (0.1 MB streaming, 0.0 MB non-streaming), 4 textures
[2018.09.23-16.43.12:796][272]LogStaticLightingSystem: Shadowmap texture memory: 0.0 MB (0.0 MB streaming, 0.0 MB non-streaming), 2 textures
[2018.09.23-16.43.13:660][272]DumpUnbuiltLightIteractions
[2018.09.23-16.43.13:660][272]Lights with unbuilt interactions: 0
[2018.09.23-16.43.13:660][272]
[2018.09.23-16.43.13:660][272]Primitives with unbuilt interactions: 0
[2018.09.23-16.43.13:775][273]Cmd: MAP CHECK NOTIFYRESULTS
[2018.09.23-16.43.13:775][273]MapCheck: New page: TreeCutTestMap - Sep 23, 2018, 8:43:13 AM
[2018.09.23-16.43.13:843][273]MapCheck: Map check complete: 0 Error(s), 0 Warning(s), took 67.378ms to complete.
[2018.09.23-16.43.26:043][473]LogSlate: Window 'Message Log' being destroyed
[2018.09.23-16.43.26:050][473]LogSlate: Window 'Message Log' being destroyed
[2018.09.23-16.43.28:327][691]LogSavePackage: Moving '../../../../../Github/climb-summit/TheSummit/Saved/TreeCutTestMapD13C0B8D4DD5A79B039AE8B5EB5347F1.tmp' to '../../../../../Github/climb-summit/TheSummit/Content/TreeCutTesting/TreeCutTestMap.umap'
[2018.09.23-16.43.28:381][691]LogFileHelpers: Saving map 'TreeCutTestMap' took 0.270
[2018.09.23-16.43.29:186][767]Cmd: OBJ SAVEPACKAGE PACKAGE="/Game/TreeCutTesting/TreeCutTestMap_BuiltData" FILE="../../../../../Github/climb-summit/TheSummit/Content/TreeCutTesting/TreeCutTestMap_BuiltData.uasset" SILENT=true
[2018.09.23-16.43.29:222][767]LogSavePackage: Moving '../../../../../Github/climb-summit/TheSummit/Saved/TreeCutTestMap_BuiltData054333D24650F0BEE739798B2ACCEA6B.tmp' to '../../../../../Github/climb-summit/TheSummit/Content/TreeCutTesting/TreeCutTestMap_BuiltData.uasset'
[2018.09.23-16.43.32:769][182]LogAssetEditorManager: Opening Asset editor for Blueprint /Engine/EngineSky/BP_Sky_Sphere.BP_Sky_Sphere
[2018.09.23-16.43.34:018][182]LogContentBrowser: Native class hierarchy updated for 'BlueprintGraph' in 0.0007 seconds. Added 116 classes and 0 folders.
[2018.09.23-16.43.35:456][182]LogSlate: Took 0.027424 seconds to synchronously load lazily loaded font '../../../Engine/Content/Slate/Fonts/Roboto-BoldCondensed.ttf' (158K)
[2018.09.23-16.43.35:937][183]LogSlate: Took 0.036084 seconds to synchronously load lazily loaded font '../../../Engine/Content/Slate/Fonts/Roboto-Italic.ttf' (157K)
[2018.09.23-16.43.58:937][425]LogSlate: Window 'BP_Sky_Sphere' being destroyed
[2018.09.23-16.44.39:006][337]LogEditorViewport: Clicking on Actor (LMB): Tree_Blueprint_C (Tree0)
[2018.09.23-16.44.40:440][466]LogEditorViewport: Clicking on Actor (LMB): Tree_Blueprint_C (Tree1)
[2018.09.23-16.44.41:613][565]LogSlate: FSceneViewport::OnFocusLost() reason 0
[2018.09.23-16.44.45:676][927]LogSlate: FSceneViewport::OnFocusLost() reason 0
[2018.09.23-16.44.50:782][445]LogEditorViewport: Clicking on Actor (LMB): Tree_Blueprint_C (Tree0)
[2018.09.23-16.44.51:760][536]LogSlate: FSceneViewport::OnFocusLost() reason 0
[2018.09.23-16.44.54:328][759]LogSavePackage: Moving '../../../../../Github/climb-summit/TheSummit/Saved/TreeCutTestMapA449393347BA7F49421280977B88C622.tmp' to '../../../../../Github/climb-summit/TheSummit/Content/TreeCutTesting/TreeCutTestMap.umap'
[2018.09.23-16.44.54:490][759]Cmd: OBJ SAVEPACKAGE PACKAGE="/Game/TreeCutTesting/TreeCutTestMap_BuiltData" FILE="../../../../../Github/climb-summit/TheSummit/Content/TreeCutTesting/TreeCutTestMap_BuiltData.uasset" SILENT=true
[2018.09.23-16.44.54:539][759]LogSavePackage: Moving '../../../../../Github/climb-summit/TheSummit/Saved/TreeCutTestMap_BuiltData120FC1ED4184EDA0804B958400181C73.tmp' to '../../../../../Github/climb-summit/TheSummit/Content/TreeCutTesting/TreeCutTestMap_BuiltData.uasset'
[2018.09.23-16.44.55:623][865]MapCheck: New page: Map Check
[2018.09.23-16.44.55:642][865]Cmd: MAP REBUILD ALLVISIBLE
[2018.09.23-16.44.55:642][865]LogEditorServer: Rebuildmap Clear paths rebuilt
[2018.09.23-16.44.55:834][865]LogMaterial: Display: Missing cached shader map for material FDebugViewModeMaterialProxy DefaultMaterial, compiling. 
[2018.09.23-16.44.55:840][865]LogShaderCompilers: Display: Shaders left to compile 1
[2018.09.23-16.44.55:841][865]LogMaterial: Display: Missing cached shader map for material FDebugViewModeMaterialProxy MaterialInstanceDynamic_0, compiling. 
[2018.09.23-16.44.55:848][865]LogMaterial: Display: Missing cached shader map for material FDebugViewModeMaterialProxy BasicShapeMaterial, compiling. 
[2018.09.23-16.44.55:857][865]LogShaderCompilers: Display: Shaders left to compile 1
[2018.09.23-16.44.55:857][865]LogMaterial: Display: Missing cached shader map for material FDebugViewModeMaterialProxy M_Basic_Wall, compiling. 
[2018.09.23-16.44.55:865][865]LogShaderCompilers: Display: Shaders left to compile 2
[2018.09.23-16.44.55:865][865]LogShaderCompilers: Display: Shaders left to compile 1
[2018.09.23-16.44.55:865][865]LogMaterial: Display: Missing cached shader map for material FDebugViewModeMaterialProxy MatineeCam_mat, compiling. 
[2018.09.23-16.44.56:833][865]LogShaderCompilers: Display: Shaders left to compile 1
[2018.09.23-16.44.56:833][865]TextureStreamingBuild: Display: Compiling optional shaders took 1.002 seconds.
[2018.09.23-16.44.56:840][865]LogLevel: Display: Export Material TexCoord Scales took 0.007 seconds.
[2018.09.23-16.44.56:855][865]TextureStreamingBuild: Display: Build Texture Streaming took 0.014 seconds.
[2018.09.23-16.44.56:887][865]LightingResults: New page: Lighting Build - Sep 23, 2018, 8:44:56 AM
[2018.09.23-16.44.56:901][865]LogSwarmInterface: [OpenConnection] Registering TCP channel ...
[2018.09.23-16.44.56:915][865]LogSwarmInterface: [OpenConnection] Connecting to agent ...
[2018.09.23-16.44.56:915][865]LogSwarmInterface: [TryOpenConnection] Testing the Agent
[2018.09.23-16.44.56:916][865]LogSwarmInterface: [TryOpenConnection] Opening Connection to Agent
[2018.09.23-16.44.56:916][865]LogSwarmInterface: [TryOpenConnection] Local Process ID is 23636
[2018.09.23-16.45.01:554][865]LogStaticLightingSystem: Warning: No importance volume found, so the scene bounding box was used.  You can optimize your scene's quality and lighting build times by adding importance volumes.
[2018.09.23-16.45.01:554][865]LogStaticLightingSystem: Running Lightmass w/ ImmediateImport mode ENABLED
[2018.09.23-16.45.01:554][865]LogStaticLightingSystem: Running Lightmass w/ ImmediateProcess mode ENABLED
[2018.09.23-16.45.01:554][865]LogStaticLightingSystem: Running Lightmass w/ Sorting mode ENABLED
[2018.09.23-16.45.01:554][865]LogStaticLightingSystem: Running Lightmass w/ Mapping paddings ENABLED
[2018.09.23-16.45.01:554][865]LogStaticLightingSystem: Running Lightmass w/ Mapping debug paddings DISABLED
[2018.09.23-16.45.01:718][865]Cmd: MAP CHECK DONTDISPLAYDIALOG
[2018.09.23-16.45.01:718][865]MapCheck: New page: TreeCutTestMap - Sep 23, 2018, 8:45:01 AM
[2018.09.23-16.45.01:719][865]MapCheck: Error: WorldSettings_1 Maps need lighting rebuilt 
[2018.09.23-16.45.01:816][865]MapCheck: Map check complete: 1 Error(s), 0 Warning(s), took 97.234ms to complete.
[2018.09.23-16.45.01:840][865]LogEditorBuildUtils: Build time 0:06
[2018.09.23-16.45.04:830][876]Job is a success!
[2018.09.23-16.45.05:205][877]LogVolumetricLightmapImport: Imported Volumetric Lightmap in 0.007s
[2018.09.23-16.45.05:205][877]LogVolumetricLightmapImport:      Indirection Texture 16x16x16 = 0.0Mb
[2018.09.23-16.45.05:206][877]LogVolumetricLightmapImport:      BrickData 35x5x5 = 0.0Mb
[2018.09.23-16.45.05:206][877]LogVolumetricLightmapImport:      Bricks at Level
[2018.09.23-16.45.05:206][877]LogVolumetricLightmapImport:          0: 14.3% covering 100.0% of volume
[2018.09.23-16.45.05:206][877]LogVolumetricLightmapImport:          1: 14.3% covering 1.6% of volume
[2018.09.23-16.45.05:206][877]LogVolumetricLightmapImport:          2: 71.4% covering 0.1% of volume
[2018.09.23-16.45.05:256][877]LogTexture: Display: Building textures: HQ_Lightmap1_1 (AutoDXT, 256X256)
[2018.09.23-16.45.05:256][877]LogTexture: Display: Building textures: LQ_Lightmap_1_1 (DXT1, 256X256)
[2018.09.23-16.45.05:256][877]LogTexture: Display: Building textures: HQ_Lightmap1_2 (AutoDXT, 64X64)
[2018.09.23-16.45.05:256][877]LogTexture: Display: Building textures: LQ_Lightmap_1_2 (DXT1, 64X64)
[2018.09.23-16.45.05:256][877]LogTexture: Display: Building textures: ShadowMapTexture2D_3 (G8, 32X32)
[2018.09.23-16.45.05:256][877]LogTexture: Display: Building textures: ShadowMapTexture2D_2 (G8, 256X128)
[2018.09.23-16.45.05:274][877]Lightmass on ALI-PC: 2.28 sec total, 190 ms importing, 28 ms setup, 1.01 sec photons, 1.00 sec processing, 0 ms extra exporting [4/4 mappings]. Threads: 14.1 sec total, 175 ms processing.
[2018.09.23-16.45.05:321][877]LogStaticLightingSystem: Illumination: 8.09 sec (19 ms encoding lightmaps, 12 ms encoding shadowmaps)
[2018.09.23-16.45.05:321][877]LogStaticLightingSystem: Lightmap texture memory:  0.1 MB (0.1 MB streaming, 0.0 MB non-streaming), 4 textures
[2018.09.23-16.45.05:321][877]LogStaticLightingSystem: Shadowmap texture memory: 0.0 MB (0.0 MB streaming, 0.0 MB non-streaming), 2 textures
[2018.09.23-16.45.05:578][877]DumpUnbuiltLightIteractions
[2018.09.23-16.45.05:578][877]Lights with unbuilt interactions: 0
[2018.09.23-16.45.05:578][877]
[2018.09.23-16.45.05:578][877]Primitives with unbuilt interactions: 0
[2018.09.23-16.45.05:635][878]Cmd: MAP CHECK NOTIFYRESULTS
[2018.09.23-16.45.05:635][878]MapCheck: New page: TreeCutTestMap - Sep 23, 2018, 8:45:05 AM
[2018.09.23-16.45.05:714][878]MapCheck: Map check complete: 0 Error(s), 0 Warning(s), took 79.013ms to complete.
[2018.09.23-16.45.11:796][197]LogSlate: Window 'Message Log' being destroyed
[2018.09.23-16.45.11:801][197]LogSlate: Window 'Message Log' being destroyed
[2018.09.23-16.45.13:550][384]Cmd: OBJ SAVEPACKAGE PACKAGE="/Game/TreeCutTesting/TreeCutTestMap_BuiltData" FILE="../../../../../Github/climb-summit/TheSummit/Content/TreeCutTesting/TreeCutTestMap_BuiltData.uasset" SILENT=true
[2018.09.23-16.45.13:589][384]LogSavePackage: Moving '../../../../../Github/climb-summit/TheSummit/Saved/TreeCutTestMap_BuiltDataAD02F1D945C28142D0177D8DA774CBBA.tmp' to '../../../../../Github/climb-summit/TheSummit/Content/TreeCutTesting/TreeCutTestMap_BuiltData.uasset'
[2018.09.23-16.45.14:675][456]LogSavePackage: Moving '../../../../../Github/climb-summit/TheSummit/Saved/TreeCutTestMap50D851BF4EBD80E35C2D25B385EFF912.tmp' to '../../../../../Github/climb-summit/TheSummit/Content/TreeCutTesting/TreeCutTestMap.umap'
[2018.09.23-16.45.14:732][456]LogFileHelpers: Saving map 'TreeCutTestMap' took 0.341
[2018.09.23-16.54.02:414][586]LogAssetEditorManager: Opening Asset editor for Blueprint /Game/Character_Blueprint.Character_Blueprint
[2018.09.23-17.07.38:222][723]LogSlate: Window 'Character_Blueprint' being destroyed
[2018.09.23-17.08.13:802][933]LogInit: XAudio2 using 'Speakers (USB Audio Device)' : 2 channels at 48 kHz using 16 bits per sample (channel mask 0x3)
[2018.09.23-17.08.13:927][936]LogInit: XAudio2 using 'Speakers (USB Audio Device)' : 2 channels at 48 kHz using 16 bits per sample (channel mask 0x3)
[2018.09.23-17.11.55:317][273]LogUProjectInfo: Found projects:
[2018.09.23-17.11.56:666][396]Cmd: CLOSE_SLATE_MAINFRAME
[2018.09.23-17.11.56:935][396]LogSlate: Window 'Open Project' being destroyed
[2018.09.23-17.11.56:950][396]LogSlate: Window 'TheSummit - Unreal Editor' being destroyed
[2018.09.23-17.11.57:408][397]Cmd: QUIT_EDITOR
[2018.09.23-17.11.58:259][397]LogWindowsTextInputMethodSystem: Display: IME system now deactivated.
[2018.09.23-17.11.58:341][397]LogExit: Preparing to exit.
[2018.09.23-17.11.59:775][397]LogExit: Editor shut down
[2018.09.23-17.11.59:775][397]LogExit: Transaction tracking system shut down
[2018.09.23-17.12.01:696][397]LogExit: Object subsystem successfully closed.
[2018.09.23-17.12.01:899][397]LogShaderCompilers: Display: Shaders left to compile 0
[2018.09.23-17.12.01:914][397]LogD3D11RHI: Shutdown
[2018.09.23-17.12.01:914][397]LogD3D11RHI: CleanupD3DDevice
[2018.09.23-17.12.01:964][397]LogD3D11RHI: ~FD3D11DynamicRHI
[2018.09.23-17.12.02:961][397]LogModuleManager: Shutting down and abandoning module BlueprintGraph (614)
[2018.09.23-17.12.02:961][397]LogModuleManager: Shutting down and abandoning module HierarchicalLODUtilities (612)
[2018.09.23-17.12.02:962][397]LogModuleManager: Shutting down and abandoning module HierarchicalLODOutliner (610)
[2018.09.23-17.12.02:962][397]LogModuleManager: Shutting down and abandoning module SceneOutliner (608)
[2018.09.23-17.12.02:962][397]LogModuleManager: Shutting down and abandoning module AddContentDialog (606)
[2018.09.23-17.12.02:986][397]LogModuleManager: Shutting down and abandoning module WidgetCarousel (605)
[2018.09.23-17.12.02:986][397]LogModuleManager: Shutting down and abandoning module EditorWidgets (602)
[2018.09.23-17.12.02:986][397]LogModuleManager: Shutting down and abandoning module CollectionManager (600)
[2018.09.23-17.12.03:014][397]LogModuleManager: Shutting down and abandoning module StatsViewer (598)
[2018.09.23-17.12.03:035][397]LogModuleManager: Shutting down and abandoning module FoliageEdit (596)
[2018.09.23-17.12.03:044][397]LogModuleManager: Shutting down and abandoning module LandscapeEditor (594)
[2018.09.23-17.12.03:076][397]LogModuleManager: Shutting down and abandoning module MeshPaintMode (592)
[2018.09.23-17.12.03:077][397]LogModuleManager: Shutting down and abandoning module SceneDepthPickerMode (590)
[2018.09.23-17.12.03:077][397]LogModuleManager: Shutting down and abandoning module ActorPickerMode (588)
[2018.09.23-17.12.03:077][397]LogModuleManager: Shutting down and abandoning module GeometryMode (586)
[2018.09.23-17.12.03:077][397]LogModuleManager: Shutting down and abandoning module TextureAlignMode (584)
[2018.09.23-17.12.03:077][397]LogModuleManager: Shutting down and abandoning module BspMode (582)
[2018.09.23-17.12.03:077][397]LogModuleManager: Shutting down and abandoning module PIEPreviewDeviceProfileSelector (580)
[2018.09.23-17.12.03:088][397]LogModuleManager: Shutting down and abandoning module SequenceRecorderSections (578)
[2018.09.23-17.12.03:091][397]LogModuleManager: Shutting down and abandoning module AutomationWorker (576)
[2018.09.23-17.12.03:091][397]LogModuleManager: Shutting down and abandoning module AudioCaptureEditor (574)
[2018.09.23-17.12.03:091][397]LogModuleManager: Shutting down and abandoning module SequenceRecorder (573)
[2018.09.23-17.12.03:096][397]LogModuleManager: Shutting down and abandoning module MatineeToLevelSequence (570)
[2018.09.23-17.12.03:118][397]LogModuleManager: Shutting down and abandoning module LevelSequenceEditor (568)
[2018.09.23-17.12.03:137][397]LogModuleManager: Shutting down and abandoning module PlacementMode (567)
[2018.09.23-17.12.03:137][397]LogModuleManager: Shutting down and abandoning module MaterialEditor (566)
[2018.09.23-17.12.03:178][397]LogModuleManager: Shutting down and abandoning module WmfMediaFactory (562)
[2018.09.23-17.12.03:178][397]LogModuleManager: Shutting down and abandoning module WmfMediaEditor (560)
[2018.09.23-17.12.03:178][397]LogModuleManager: Shutting down and abandoning module MediaPlayerEditor (558)
[2018.09.23-17.12.03:200][397]LogModuleManager: Shutting down and abandoning module OpenExrWrapper (556)
[2018.09.23-17.12.03:201][397]LogModuleManager: Shutting down and abandoning module ImgMediaFactory (554)
[2018.09.23-17.12.03:201][397]LogModuleManager: Shutting down and abandoning module ImgMediaEditor (552)
[2018.09.23-17.12.03:201][397]LogModuleManager: Shutting down and abandoning module AvfMediaFactory (550)
[2018.09.23-17.12.03:201][397]LogModuleManager: Shutting down and abandoning module AvfMediaEditor (548)
[2018.09.23-17.12.03:201][397]LogModuleManager: Shutting down and abandoning module AndroidMediaFactory (546)
[2018.09.23-17.12.03:201][397]LogModuleManager: Shutting down and abandoning module AndroidMediaEditor (544)
[2018.09.23-17.12.03:201][397]LogModuleManager: Shutting down and abandoning module MagicLeapCameraPreviewFactory (542)
[2018.09.23-17.12.03:201][397]LogModuleManager: Shutting down and abandoning module MagicLeapMediaFactory (540)
[2018.09.23-17.12.03:201][397]LogModuleManager: Shutting down and abandoning module MagicLeapMediaEditor (538)
[2018.09.23-17.12.03:201][397]LogModuleManager: Shutting down and abandoning module CharacterAI (536)
[2018.09.23-17.12.03:201][397]LogModuleManager: Shutting down and abandoning module SmartSnapping (534)
[2018.09.23-17.12.03:201][397]LogModuleManager: Shutting down and abandoning module SessionServices (532)
[2018.09.23-17.12.03:201][397]LogModuleManager: Shutting down and abandoning module ViewportSnapping (530)
[2018.09.23-17.12.03:201][397]LogModuleManager: Shutting down and abandoning module ViewportInteraction (528)
[2018.09.23-17.12.03:201][397]LogModuleManager: Shutting down and abandoning module ClothPainter (526)
[2018.09.23-17.12.03:221][397]LogModuleManager: Shutting down and abandoning module SkeletalMeshEditor (525)
[2018.09.23-17.12.03:242][397]LogModuleManager: Shutting down and abandoning module LogVisualizer (522)
[2018.09.23-17.12.03:265][397]LogModuleManager: Shutting down and abandoning module IntroTutorials (520)
[2018.09.23-17.12.03:287][397]LogModuleManager: Shutting down and abandoning module GameProjectGeneration (519)
[2018.09.23-17.12.03:287][397]LogModuleManager: Shutting down and abandoning module LuminPlatformEditor (516)
[2018.09.23-17.12.03:287][397]LogModuleManager: Shutting down and abandoning module IOSPlatformEditor (514)
[2018.09.23-17.12.03:302][397]LogModuleManager: Shutting down and abandoning module HTML5PlatformEditor (512)
[2018.09.23-17.12.03:302][397]LogModuleManager: Shutting down and abandoning module AndroidPlatformEditor (510)
[2018.09.23-17.12.03:302][397]LogModuleManager: Shutting down and abandoning module AndroidDeviceDetection (509)
[2018.09.23-17.12.03:759][397]LogModuleManager: Shutting down and abandoning module WindowsPlatformEditor (506)
[2018.09.23-17.12.03:759][397]LogModuleManager: Shutting down and abandoning module LuminRuntimeSettings (504)
[2018.09.23-17.12.03:759][397]LogModuleManager: Shutting down and abandoning module IOSRuntimeSettings (502)
[2018.09.23-17.12.03:759][397]LogModuleManager: Shutting down and abandoning module AndroidRuntimeSettings (500)
[2018.09.23-17.12.03:759][397]LogModuleManager: Shutting down and abandoning module InputBindingEditor (498)
[2018.09.23-17.12.03:776][397]LogModuleManager: Shutting down and abandoning module MergeActors (496)
[2018.09.23-17.12.03:783][397]LogModuleManager: Shutting down and abandoning module LocalizationDashboard (494)
[2018.09.23-17.12.03:800][397]LogModuleManager: Shutting down and abandoning module LocalizationService (493)
[2018.09.23-17.12.03:814][397]LogModuleManager: Shutting down and abandoning module HardwareTargeting (490)
[2018.09.23-17.12.03:815][397]LogModuleManager: Shutting down and abandoning module DeviceProfileEditor (488)
[2018.09.23-17.12.03:815][397]LogModuleManager: Shutting down and abandoning module UndoHistory (486)
[2018.09.23-17.12.03:823][397]LogModuleManager: Shutting down and abandoning module XmlParser (484)
[2018.09.23-17.12.03:823][397]LogModuleManager: Shutting down and abandoning module Blutility (482)
[2018.09.23-17.12.03:830][397]LogModuleManager: Shutting down and abandoning module ProjectSettingsViewer (480)
[2018.09.23-17.12.03:830][397]LogModuleManager: Shutting down and abandoning module ProjectTargetPlatformEditor (479)
[2018.09.23-17.12.03:830][397]LogModuleManager: Shutting down and abandoning module EditorSettingsViewer (476)
[2018.09.23-17.12.03:830][397]LogModuleManager: Shutting down and abandoning module SettingsEditor (474)
[2018.09.23-17.12.03:854][397]LogModuleManager: Shutting down and abandoning module ProjectLauncher (472)
[2018.09.23-17.12.03:862][397]LogModuleManager: Shutting down and abandoning module SessionFrontend (470)
[2018.09.23-17.12.03:870][397]LogModuleManager: Shutting down and abandoning module ProfilerClient (468)
[2018.09.23-17.12.03:874][397]LogModuleManager: Shutting down and abandoning module DeviceManager (466)
[2018.09.23-17.12.03:894][397]LogModuleManager: Shutting down and abandoning module TargetDeviceServices (465)
[2018.09.23-17.12.03:978][397]LogModuleManager: Shutting down and abandoning module AutomationController (462)
[2018.09.23-17.12.03:992][397]LogModuleManager: Shutting down and abandoning module AutomationWindow (460)
[2018.09.23-17.12.04:000][397]LogModuleManager: Shutting down and abandoning module Layers (458)
[2018.09.23-17.12.04:026][397]LogModuleManager: Shutting down and abandoning module ComponentVisualizers (456)
[2018.09.23-17.12.04:026][397]LogModuleManager: Shutting down and abandoning module DetailCustomizations (454)
[2018.09.23-17.12.04:039][397]LogModuleManager: Shutting down and abandoning module PackagesDialog (452)
[2018.09.23-17.12.04:039][397]LogModuleManager: Shutting down and abandoning module Persona (450)
[2018.09.23-17.12.04:062][397]LogModuleManager: Shutting down and abandoning module AdvancedPreviewScene (449)
[2018.09.23-17.12.04:063][397]LogModuleManager: Shutting down and abandoning module AnimGraph (447)
[2018.09.23-17.12.04:075][397]LogModuleManager: Shutting down and abandoning module Kismet (444)
[2018.09.23-17.12.04:087][397]LogModuleManager: Shutting down and abandoning module GraphEditor (442)
[2018.09.23-17.12.04:088][397]LogModuleManager: Shutting down and abandoning module ClassViewer (440)
[2018.09.23-17.12.04:088][397]LogModuleManager: Shutting down and abandoning module Toolbox (438)
[2018.09.23-17.12.04:088][397]LogModuleManager: Shutting down and abandoning module ModuleUI (436)
[2018.09.23-17.12.04:097][397]LogModuleManager: Shutting down and abandoning module MovieSceneTools (434)
[2018.09.23-17.12.04:108][397]LogModuleManager: Shutting down and abandoning module OutputLog (432)
[2018.09.23-17.12.04:108][397]LogModuleManager: Shutting down and abandoning module GammaUI (430)
[2018.09.23-17.12.04:112][397]LogModuleManager: Shutting down and abandoning module Documentation (428)
[2018.09.23-17.12.04:112][397]LogModuleManager: Shutting down and abandoning module MovieSceneTracks (426)
[2018.09.23-17.12.04:112][397]LogModuleManager: Shutting down and abandoning module MovieScene (424)
[2018.09.23-17.12.04:117][397]LogModuleManager: Shutting down and abandoning module StreamingPauseRendering (422)
[2018.09.23-17.12.04:126][397]LogModuleManager: Shutting down and abandoning module LauncherPlatform (420)
[2018.09.23-17.12.04:126][397]LogModuleManager: Shutting down and abandoning module AnalyticsET (418)
[2018.09.23-17.12.04:126][397]LogModuleManager: Shutting down and abandoning module PortalServices (416)
[2018.09.23-17.12.04:126][397]LogModuleManager: Shutting down and abandoning module PortalRpc (414)
[2018.09.23-17.12.04:126][397]LogModuleManager: Shutting down and abandoning module MessagingRpc (412)
[2018.09.23-17.12.04:126][397]LogModuleManager: Shutting down and abandoning module AIModule (410)
[2018.09.23-17.12.04:156][397]LogModuleManager: Shutting down and abandoning module GameplayDebugger (409)
[2018.09.23-17.12.04:157][397]LogModuleManager: Shutting down and abandoning module AITestSuite (407)
[2018.09.23-17.12.04:168][397]LogModuleManager: Shutting down and abandoning module NavigationSystem (405)
[2018.09.23-17.12.04:168][397]LogModuleManager: Shutting down and abandoning module DesktopPlatform (402)
[2018.09.23-17.12.04:168][397]LogModuleManager: Shutting down and abandoning module ProfilerService (400)
[2018.09.23-17.12.04:405][397]LogModuleManager: Shutting down and abandoning module TaskGraph (398)
[2018.09.23-17.12.04:426][397]LogModuleManager: Shutting down and abandoning module SteamVRController (396)
[2018.09.23-17.12.04:426][397]LogModuleManager: Shutting down and abandoning module ProceduralMeshComponentEditor (394)
[2018.09.23-17.12.04:426][397]LogModuleManager: Shutting down and abandoning module ProceduralMeshComponent (392)
[2018.09.23-17.12.04:435][397]LogModuleManager: Shutting down and abandoning module OculusInput (390)
[2018.09.23-17.12.04:435][397]LogModuleManager: Shutting down and abandoning module MobilePatchingUtils (388)
[2018.09.23-17.12.04:435][397]LogModuleManager: Shutting down and abandoning module EditableMesh (386)
[2018.09.23-17.12.04:441][397]LogModuleManager: Shutting down and abandoning module CustomMeshComponent (384)
[2018.09.23-17.12.04:441][397]LogModuleManager: Shutting down and abandoning module CableComponent (382)
[2018.09.23-17.12.04:441][397]LogModuleManager: Shutting down and abandoning module AudioCapture (380)
[2018.09.23-17.12.04:441][397]LogModuleManager: Shutting down and abandoning module ArchVisCharacter (378)
[2018.09.23-17.12.04:441][397]LogModuleManager: Shutting down and abandoning module AndroidPermission (376)
[2018.09.23-17.12.04:441][397]LogModuleManager: Shutting down and abandoning module NUTUnrealEngine4 (374)
[2018.09.23-17.12.04:441][397]LogModuleManager: Shutting down and abandoning module NetcodeUnitTest (372)
[2018.09.23-17.12.04:463][397]LogModuleManager: Shutting down and abandoning module MediaCompositingEditor (370)
[2018.09.23-17.12.04:463][397]LogModuleManager: Shutting down and abandoning module MediaCompositing (368)
[2018.09.23-17.12.04:463][397]LogModuleManager: Shutting down and abandoning module LinearTimecode (366)
[2018.09.23-17.12.04:463][397]LogModuleManager: Shutting down and abandoning module ImgMedia (364)
[2018.09.23-17.12.04:479][397]LogModuleManager: Shutting down and abandoning module HTML5Networking (362)
[2018.09.23-17.12.04:479][397]LogModuleManager: Shutting down and abandoning module GeometryCacheTracks (360)
[2018.09.23-17.12.04:479][397]LogModuleManager: Shutting down and abandoning module GeometryCacheSequencer (358)
[2018.09.23-17.12.04:479][397]LogModuleManager: Shutting down and abandoning module BackChannel (356)
[2018.09.23-17.12.04:484][397]LogModuleManager: Shutting down and abandoning module AppleVision (354)
[2018.09.23-17.12.04:484][397]LogModuleManager: Shutting down and abandoning module AppleImageUtils (352)
[2018.09.23-17.12.04:484][397]LogModuleManager: Shutting down and abandoning module AlembicImporter (350)
[2018.09.23-17.12.04:484][397]LogModuleManager: Shutting down and abandoning module AlembicLibrary (349)
[2018.09.23-17.12.04:484][397]LogModuleManager: Shutting down and abandoning module GeometryCache (348)
[2018.09.23-17.12.04:484][397]LogModuleManager: Shutting down and abandoning module GeometryCacheEd (347)
[2018.09.23-17.12.04:485][397]LogModuleManager: Shutting down and abandoning module DatasmithContentEditor (342)
[2018.09.23-17.12.04:494][397]LogModuleManager: Shutting down and abandoning module DatasmithContent (340)
[2018.09.23-17.12.04:494][397]LogModuleManager: Shutting down and abandoning module SpeedTreeImporter (338)
[2018.09.23-17.12.04:494][397]LogModuleManager: Shutting down and abandoning module PluginBrowser (336)
[2018.09.23-17.12.04:514][397]LogModuleManager: Shutting down and abandoning module MobileLauncherProfileWizard (334)
[2018.09.23-17.12.04:525][397]LogModuleManager: Shutting down and abandoning module PolygonModeling (332)
[2018.09.23-17.12.04:525][397]LogModuleManager: Shutting down and abandoning module MeshEditor (330)
[2018.09.23-17.12.04:535][397]LogModuleManager: Shutting down and abandoning module CryptoKeysOpenSSL (328)
[2018.09.23-17.12.04:541][397]LogModuleManager: Shutting down and abandoning module CryptoKeys (326)
[2018.09.23-17.12.04:541][397]LogModuleManager: Shutting down and abandoning module VisualStudioSourceCodeAccess (324)
[2018.09.23-17.12.04:542][397]LogModuleManager: Shutting down and abandoning module VisualStudioCodeSourceCodeAccess (322)
[2018.09.23-17.12.04:542][397]LogModuleManager: Shutting down and abandoning module UObjectPlugin (320)
[2018.09.23-17.12.04:542][397]LogModuleManager: Shutting down and abandoning module SubversionSourceControl (318)
[2018.09.23-17.12.04:548][397]LogModuleManager: Shutting down and abandoning module PerforceSourceControl (316)
[2018.09.23-17.12.04:560][397]LogModuleManager: Shutting down and abandoning module GitSourceControl (314)
[2018.09.23-17.12.04:561][397]LogModuleManager: Shutting down and abandoning module SourceControl (313)
[2018.09.23-17.12.04:566][397]LogModuleManager: Shutting down and abandoning module CLionSourceCodeAccess (310)
[2018.09.23-17.12.04:566][397]LogModuleManager: Shutting down and abandoning module LightPropagationVolumeEditor (308)
[2018.09.23-17.12.04:566][397]LogModuleManager: Shutting down and abandoning module PaperTiledImporter (306)
[2018.09.23-17.12.04:566][397]LogModuleManager: Shutting down and abandoning module PaperSpriteSheetImporter (304)
[2018.09.23-17.12.04:566][397]LogModuleManager: Shutting down and abandoning module Paper2DEditor (302)
[2018.09.23-17.12.04:580][397]LogModuleManager: Shutting down and abandoning module MeshPaint (301)
[2018.09.23-17.12.04:597][397]LogModuleManager: Shutting down and abandoning module RuntimePhysXCooking (298)
[2018.09.23-17.12.04:598][397]LogModuleManager: Shutting down and abandoning module PhysXVehiclesEditor (296)
[2018.09.23-17.12.04:598][397]LogModuleManager: Shutting down and abandoning module PhysXVehicles (294)
[2018.09.23-17.12.04:598][397]LogModuleManager: Shutting down and abandoning module OculusEditor (292)
[2018.09.23-17.12.04:604][397]LogModuleManager: Shutting down and abandoning module LocationServicesBPLibrary (290)
[2018.09.23-17.12.04:604][397]LogModuleManager: Shutting down and abandoning module ImmediatePhysicsEditor (288)
[2018.09.23-17.12.04:604][397]LogModuleManager: Shutting down and abandoning module ImmediatePhysics (286)
[2018.09.23-17.12.04:615][397]LogModuleManager: Shutting down and abandoning module ActorSequence (284)
[2018.09.23-17.12.04:615][397]LogModuleManager: Shutting down and abandoning module UdpMessaging (282)
[2018.09.23-17.12.04:717][397]LogModuleManager: Shutting down and abandoning module TcpMessaging (280)
[2018.09.23-17.12.04:844][397]LogModuleManager: Shutting down and abandoning module MagicLeapAudio (278)
[2018.09.23-17.12.04:844][397]LogModuleManager: Shutting down and abandoning module GameplayTagsEditor (276)
[2018.09.23-17.12.04:936][397]LogModuleManager: Shutting down and abandoning module FacialAnimationEditor (274)
[2018.09.23-17.12.04:936][397]LogModuleManager: Shutting down and abandoning module FacialAnimation (272)
[2018.09.23-17.12.04:936][397]LogModuleManager: Shutting down and abandoning module DataValidation (270)
[2018.09.23-17.12.04:936][397]LogModuleManager: Shutting down and abandoning module AssetManagerEditor (268)
[2018.09.23-17.12.04:950][397]LogModuleManager: Shutting down and abandoning module LevelEditor (267)
[2018.09.23-17.12.04:968][397]LogModuleManager: Shutting down and abandoning module PixelInspectorModule (266)
[2018.09.23-17.12.04:980][397]LogModuleManager: Shutting down and abandoning module CommonMenuExtensions (264)
[2018.09.23-17.12.04:980][397]LogModuleManager: Shutting down and abandoning module MainFrame (262)
[2018.09.23-17.12.04:980][397]LogModuleManager: Shutting down and abandoning module HotReload (261)
[2018.09.23-17.12.04:992][397]LogModuleManager: Shutting down and abandoning module ContentBrowser (257)
[2018.09.23-17.12.04:993][397]LogModuleManager: Shutting down and abandoning module TreeMap (255)
[2018.09.23-17.12.04:993][397]LogModuleManager: Shutting down and abandoning module LightPropagationVolumeRuntime (252)
[2018.09.23-17.12.04:994][397]LogModuleManager: Shutting down and abandoning module AISupportModule (250)
[2018.09.23-17.12.04:994][397]LogModuleManager: Shutting down and abandoning module Paper2D (248)
[2018.09.23-17.12.05:004][397]LogModuleManager: Shutting down and abandoning module WindowsMoviePlayer (246)
[2018.09.23-17.12.05:019][397]LogModuleManager: Shutting down and abandoning module WmfMedia (244)
[2018.09.23-17.12.05:034][397]LogModuleManager: Shutting down and abandoning module Media (243)
[2018.09.23-17.12.05:041][397]LogModuleManager: Shutting down and abandoning module PacketHandler (240)
[2018.09.23-17.12.05:041][397]LogModuleManager: Shutting down and abandoning module ClothingSystemEditor (238)
[2018.09.23-17.12.05:041][397]LogModuleManager: Shutting down and abandoning module ClothingSystemRuntime (236)
[2018.09.23-17.12.05:061][397]LogModuleManager: Shutting down and abandoning module MediaAssets (234)
[2018.09.23-17.12.05:061][397]LogModuleManager: Shutting down and abandoning module Overlay (232)
[2018.09.23-17.12.05:061][397]LogModuleManager: Shutting down and abandoning module OverlayEditor (231)
[2018.09.23-17.12.05:061][397]LogModuleManager: Shutting down and abandoning module VREditor (228)
[2018.09.23-17.12.05:072][397]LogModuleManager: Shutting down and abandoning module StringTableEditor (226)
[2018.09.23-17.12.05:090][397]LogModuleManager: Shutting down and abandoning module GameplayTasksEditor (224)
[2018.09.23-17.12.05:090][397]LogModuleManager: Shutting down and abandoning module BehaviorTreeEditor (222)
[2018.09.23-17.12.05:114][397]LogModuleManager: Shutting down and abandoning module FunctionalTesting (220)
[2018.09.23-17.12.05:123][397]LogModuleManager: Shutting down and abandoning module CollisionAnalyzer (218)
[2018.09.23-17.12.05:141][397]LogModuleManager: Shutting down and abandoning module WorkspaceMenuStructure (217)
[2018.09.23-17.12.05:141][397]LogModuleManager: Shutting down and abandoning module UMG (214)
[2018.09.23-17.12.05:150][397]LogModuleManager: Shutting down and abandoning module UMGEditor (213)
[2018.09.23-17.12.05:184][397]LogModuleManager: Shutting down and abandoning module Sequencer (212)
[2018.09.23-17.12.05:212][397]LogModuleManager: Shutting down and abandoning module MessageLog (209)
[2018.09.23-17.12.05:212][397]LogModuleManager: Shutting down and abandoning module SlateReflector (204)
[2018.09.23-17.12.05:226][397]LogModuleManager: Shutting down and abandoning module Slate (202)
[2018.09.23-17.12.05:226][397]LogModuleManager: Shutting down and abandoning module EditorStyle (200)
[2018.09.23-17.12.05:228][397]LogModuleManager: Shutting down and abandoning module MRMesh (198)
[2018.09.23-17.12.05:235][397]LogModuleManager: Shutting down and abandoning module SourceCodeAccess (196)
[2018.09.23-17.12.05:235][397]LogModuleManager: Shutting down and abandoning module HeadMountedDisplay (194)
[2018.09.23-17.12.05:236][397]LogModuleManager: Shutting down and abandoning module XAudio2 (192)
[2018.09.23-17.12.05:236][397]LogModuleManager: Shutting down and abandoning module Networking (190)
[2018.09.23-17.12.05:236][397]LogModuleManager: Shutting down and abandoning module Core (188)
[2018.09.23-17.12.05:236][397]LogModuleManager: Shutting down and abandoning module LevelSequence (186)
[2018.09.23-17.12.05:236][397]LogModuleManager: Shutting down and abandoning module KismetCompiler (184)
[2018.09.23-17.12.05:236][397]LogModuleManager: Shutting down and abandoning module MeshUtilities (182)
[2018.09.23-17.12.05:243][397]LogModuleManager: Shutting down and abandoning module MeshMergeUtilities (181)
[2018.09.23-17.12.05:252][397]LogModuleManager: Shutting down and abandoning module MeshReductionInterface (180)
[2018.09.23-17.12.05:252][397]LogModuleManager: Shutting down and abandoning module SimplygonSwarm (179)
[2018.09.23-17.12.05:260][397]LogModuleManager: Shutting down and abandoning module ProxyLODMeshReduction (177)
[2018.09.23-17.12.05:273][397]LogModuleManager: Shutting down and abandoning module SimplygonMeshReduction (175)
[2018.09.23-17.12.05:273][397]LogModuleManager: Shutting down and abandoning module QuadricMeshReduction (173)
[2018.09.23-17.12.05:294][397]LogModuleManager: Shutting down and abandoning module MaterialBaking (169)
[2018.09.23-17.12.05:308][397]LogModuleManager: Shutting down and abandoning module DirectoryWatcher (165)
[2018.09.23-17.12.05:308][397]LogModuleManager: Shutting down and abandoning module DerivedDataCache (162)
[2018.09.23-17.12.05:403][397]LogDerivedDataCache: Shutdown
[2018.09.23-17.12.05:404][397]LogModuleManager: Shutting down and abandoning module XGEController (160)
[2018.09.23-17.12.05:404][397]LogXGEController: Cleaning working directory: C:/Users/aliha/AppData/Local/Temp/UnrealXGEWorkingDir/
[2018.09.23-17.12.05:432][397]LogModuleManager: Shutting down and abandoning module TargetPlatform (158)
[2018.09.23-17.12.05:432][397]LogModuleManager: Shutting down and abandoning module VulkanShaderFormat (157)
[2018.09.23-17.12.05:442][397]LogModuleManager: Shutting down and abandoning module ShaderFormatVectorVM (155)
[2018.09.23-17.12.05:452][397]LogModuleManager: Shutting down and abandoning module ShaderFormatOpenGL (153)
[2018.09.23-17.12.05:458][397]LogModuleManager: Shutting down and abandoning module ShaderFormatD3D (151)
[2018.09.23-17.12.05:458][397]LogModuleManager: Shutting down and abandoning module MetalShaderFormat (149)
[2018.09.23-17.12.05:473][397]LogModuleManager: Shutting down and abandoning module TextureFormatUncompressed (147)
[2018.09.23-17.12.05:473][397]LogModuleManager: Shutting down and abandoning module TextureFormatPVR (145)
[2018.09.23-17.12.05:473][397]LogModuleManager: Shutting down and abandoning module TextureFormatDXT (143)
[2018.09.23-17.12.05:473][397]LogModuleManager: Shutting down and abandoning module TextureFormatIntelISPCTexComp (141)
[2018.09.23-17.12.05:485][397]LogModuleManager: Shutting down and abandoning module TextureFormatASTC (139)
[2018.09.23-17.12.05:485][397]LogModuleManager: Shutting down and abandoning module ImageWrapper (138)
[2018.09.23-17.12.05:485][397]LogModuleManager: Shutting down and abandoning module TextureFormatAndroid (135)
[2018.09.23-17.12.05:485][397]LogModuleManager: Shutting down and abandoning module AudioFormatOpus (133)
[2018.09.23-17.12.05:485][397]LogModuleManager: Shutting down and abandoning module AudioFormatOgg (131)
[2018.09.23-17.12.05:485][397]LogModuleManager: Shutting down and abandoning module AudioFormatADPCM (129)
[2018.09.23-17.12.05:485][397]LogModuleManager: Shutting down and abandoning module LuminTargetPlatform (127)
[2018.09.23-17.12.05:485][397]LogModuleManager: Shutting down and abandoning module LinuxTargetPlatform (125)
[2018.09.23-17.12.05:485][397]LogModuleManager: Shutting down and abandoning module LinuxServerTargetPlatform (123)
[2018.09.23-17.12.05:485][397]LogModuleManager: Shutting down and abandoning module LinuxNoEditorTargetPlatform (121)
[2018.09.23-17.12.05:492][397]LogModuleManager: Shutting down and abandoning module LinuxClientTargetPlatform (119)
[2018.09.23-17.12.05:498][397]LogModuleManager: Shutting down and abandoning module TVOSTargetPlatform (117)
[2018.09.23-17.12.05:499][397]LogModuleManager: Shutting down and abandoning module Messaging (115)
[2018.09.23-17.12.05:499][397]LogModuleManager: Shutting down and abandoning module IOSTargetPlatform (113)
[2018.09.23-17.12.05:500][397]LogModuleManager: Shutting down and abandoning module HTML5TargetPlatform (111)
[2018.09.23-17.12.05:500][397]LogModuleManager: Shutting down and abandoning module AndroidTargetPlatform (109)
[2018.09.23-17.12.05:513][397]LogModuleManager: Shutting down and abandoning module WindowsTargetPlatform (107)
[2018.09.23-17.12.05:513][397]LogModuleManager: Shutting down and abandoning module WindowsServerTargetPlatform (105)
[2018.09.23-17.12.05:513][397]LogModuleManager: Shutting down and abandoning module WindowsNoEditorTargetPlatform (103)
[2018.09.23-17.12.05:513][397]LogModuleManager: Shutting down and abandoning module WindowsClientTargetPlatform (101)
[2018.09.23-17.12.05:514][397]LogModuleManager: Shutting down and abandoning module MacTargetPlatform (99)
[2018.09.23-17.12.05:514][397]LogModuleManager: Shutting down and abandoning module MacServerTargetPlatform (97)
[2018.09.23-17.12.05:514][397]LogModuleManager: Shutting down and abandoning module MacNoEditorTargetPlatform (95)
[2018.09.23-17.12.05:514][397]LogModuleManager: Shutting down and abandoning module MacClientTargetPlatform (93)
[2018.09.23-17.12.05:514][397]LogModuleManager: Shutting down and abandoning module AllDesktopTargetPlatform (91)
[2018.09.23-17.12.05:514][397]LogModuleManager: Shutting down and abandoning module InputCore (88)
[2018.09.23-17.12.05:514][397]LogModuleManager: Shutting down and abandoning module Settings (86)
[2018.09.23-17.12.05:514][397]LogModuleManager: Shutting down and abandoning module PhysXCooking (84)
[2018.09.23-17.12.05:514][397]LogModuleManager: Shutting down and abandoning module SteamVR (82)
[2018.09.23-17.12.05:514][397]LogModuleManager: Shutting down and abandoning module OculusHMD (80)
[2018.09.23-17.12.05:521][397]LogModuleManager: Shutting down and abandoning module ExampleDeviceProfileSelector (78)
[2018.09.23-17.12.05:521][397]LogModuleManager: Shutting down and abandoning module LauncherChunkInstaller (76)
[2018.09.23-17.12.05:521][397]LogModuleManager: Shutting down and abandoning module OnlineBlueprintSupport (74)
[2018.09.23-17.12.05:521][397]LogModuleManager: Shutting down and abandoning module OnlineSubsystem (70)
[2018.09.23-17.12.05:548][397]LogModuleManager: Shutting down and abandoning module XMPP (65)
[2018.09.23-17.12.05:577][397]LogModuleManager: Shutting down and abandoning module WebSockets (64)
[2018.09.23-17.12.05:644][397]LogModuleManager: Shutting down and abandoning module HTTP (61)
[2018.09.23-17.12.05:649][397]LogHttp: Display: Http module shutting down, but needs to wait on 1 outstanding Http requests:
[2018.09.23-17.12.05:649][397]LogHttp: Display: 	verb=[POST] url=[https://datarouter.ol.epicgames.com/datarouter/api/v1/public/data?SessionID=%7BAC79DFDC-420A-C102-DF46-B4A8BF6801FB%7D&AppID=UEEditor.Rocket.Release&AppVersion=4.20.1-4233996%2B%2B%2BUE4%2BRelease-4.20&UserID=23b803834a6e21c2335149ab046191d9%7C6a37eeab3d4f4c15b78733ca7c7e556d%7C902a0952-3a11-4de2-b10f-3626945c9d73&AppEnvironment=datacollector-binary&UploadType=eteventstream] status=Processing
[2018.09.23-17.12.05:664][397]LogModuleManager: Shutting down and abandoning module SSL (60)
[2018.09.23-17.12.05:686][397]LogModuleManager: Shutting down and abandoning module MagicLeapEmulator (56)
[2018.09.23-17.12.05:686][397]LogModuleManager: Shutting down and abandoning module MagicLeapPrivileges (54)
[2018.09.23-17.12.05:686][397]LogModuleManager: Shutting down and abandoning module MagicLeapIdentity (52)
[2018.09.23-17.12.05:686][397]LogModuleManager: Shutting down and abandoning module MagicLeapHelperVulkan (50)
[2018.09.23-17.12.05:686][397]LogModuleManager: Shutting down and abandoning module MagicLeapHelperOpenGL (48)
[2018.09.23-17.12.05:686][397]LogModuleManager: Shutting down and abandoning module MagicLeapSecureStorage (46)
[2018.09.23-17.12.05:686][397]LogModuleManager: Shutting down and abandoning module MagicLeapGestures (44)
[2018.09.23-17.12.05:686][397]LogModuleManager: Shutting down and abandoning module MagicLeapEyeTracker (42)
[2018.09.23-17.12.05:686][397]LogModuleManager: Shutting down and abandoning module MagicLeapController (40)
[2018.09.23-17.12.05:686][397]LogSlate: Slate User Destroyed.  User Index 0, Is Virtual User: 0
[2018.09.23-17.12.05:686][397]LogModuleManager: Shutting down and abandoning module MagicLeap (38)
[2018.09.23-17.12.05:686][397]LogModuleManager: Shutting down and abandoning module AnimationModifiers (36)
[2018.09.23-17.12.05:717][397]LogModuleManager: Shutting down and abandoning module PropertyEditor (35)
[2018.09.23-17.12.05:725][397]LogModuleManager: Shutting down and abandoning module AudioEditor (32)
[2018.09.23-17.12.05:742][397]LogModuleManager: Shutting down and abandoning module TextureCompressor (30)
[2018.09.23-17.12.05:742][397]LogModuleManager: Shutting down and abandoning module ShaderCore (28)
[2018.09.23-17.12.05:742][397]LogModuleManager: Shutting down and abandoning module Landscape (26)
[2018.09.23-17.12.05:742][397]LogModuleManager: Shutting down and abandoning module SlateRHIRenderer (24)
[2018.09.23-17.12.05:760][397]LogModuleManager: Shutting down and abandoning module OpenGLDrv (22)
[2018.09.23-17.12.05:776][397]LogModuleManager: Shutting down and abandoning module D3D11RHI (20)
[2018.09.23-17.12.05:776][397]LogModuleManager: Shutting down and abandoning module AnimGraphRuntime (18)
[2018.09.23-17.12.05:785][397]LogModuleManager: Shutting down and abandoning module Renderer (16)
[2018.09.23-17.12.05:785][397]LogModuleManager: Shutting down and abandoning module Engine (14)
[2018.09.23-17.12.05:785][397]LogModuleManager: Shutting down and abandoning module CoreUObject (12)
[2018.09.23-17.12.05:800][397]LogModuleManager: Shutting down and abandoning module NetworkFile (10)
[2018.09.23-17.12.05:818][397]LogModuleManager: Shutting down and abandoning module CookedIterativeFile (8)
[2018.09.23-17.12.05:818][397]LogModuleManager: Shutting down and abandoning module StreamingFile (6)
[2018.09.23-17.12.05:828][397]LogModuleManager: Shutting down and abandoning module SandboxFile (4)
[2018.09.23-17.12.05:828][397]LogModuleManager: Shutting down and abandoning module PakFile (2)
[2018.09.23-17.12.05:864][397]LogExit: Exiting.
[2018.09.23-17.12.05:877][397]Log file closed, 09/23/18 13:12:05
