Log file open, 10/08/18 15:02:51
LogWindows: Failed to load 'aqProf.dll' (GetLastError=126)
LogWindows: File 'aqProf.dll' does not exist
LogWindows: Failed to load 'VSPerf140.dll' (GetLastError=126)
LogWindows: File 'VSPerf140.dll' does not exist
LogWindows: Failed to load 'VtuneApi.dll' (GetLastError=126)
LogWindows: File 'VtuneApi.dll' does not exist
LogWindows: Failed to load 'VtuneApi32e.dll' (GetLastError=126)
LogWindows: File 'VtuneApi32e.dll' does not exist
LogInit: Display: Running engine for game: TheSummit
LogPlatformFile: Not using cached read wrapper
LogTaskGraph: Started task graph with 5 named threads and 47 total threads with 3 sets of task threads.
LogStats: Stats thread started at 3.603718
LogD3D11RHI: Loaded GFSDK_Aftermath_Lib.x64.dll
LogICUInternationalization: Display: ICU TimeZone Detection - Raw Offset: -5:00, Platform Override: ''
LogPluginManager: Mounting plugin Paper2D
LogPluginManager: Mounting plugin AISupport
LogPluginManager: Mounting plugin LightPropagationVolume
LogPluginManager: Mounting plugin CLionSourceCodeAccess
LogPluginManager: Mounting plugin CodeLiteSourceCodeAccess
LogPluginManager: Mounting plugin GitSourceControl
LogPluginManager: Mounting plugin KDevelopSourceCodeAccess
LogPluginManager: Mounting plugin NullSourceCodeAccess
LogPluginManager: Mounting plugin PerforceSourceControl
LogPluginManager: Mounting plugin SubversionSourceControl
LogPluginManager: Mounting plugin UObjectPlugin
LogPluginManager: Mounting plugin VisualStudioCodeSourceCodeAccess
LogPluginManager: Mounting plugin VisualStudioSourceCodeAccess
LogPluginManager: Mounting plugin XCodeSourceCodeAccess
LogPluginManager: Mounting plugin AssetManagerEditor
LogPluginManager: Mounting plugin CryptoKeys
LogPluginManager: Mounting plugin DataValidation
LogPluginManager: Mounting plugin FacialAnimation
LogPluginManager: Mounting plugin GameplayTagsEditor
LogPluginManager: Mounting plugin MacGraphicsSwitching
LogPluginManager: Mounting plugin MeshEditor
LogPluginManager: Mounting plugin MobileLauncherProfileWizard
LogPluginManager: Mounting plugin PluginBrowser
LogPluginManager: Mounting plugin SpeedTreeImporter
LogPluginManager: Mounting plugin DatasmithContent
LogPluginManager: Mounting plugin AlembicImporter
LogPluginManager: Mounting plugin AppleImageUtils
LogPluginManager: Mounting plugin AppleVision
LogPluginManager: Mounting plugin BackChannel
LogPluginManager: Mounting plugin CharacterAI
LogPluginManager: Mounting plugin GeometryCache
LogPluginManager: Mounting plugin HTML5Networking
LogPluginManager: Mounting plugin ProxyLODPlugin
LogPluginManager: Mounting plugin MagicLeap
LogPluginManager: Mounting plugin MagicLeapEmulator
LogPluginManager: Mounting plugin MagicLeapMedia
LogPluginManager: Mounting plugin AndroidMedia
LogPluginManager: Mounting plugin AvfMedia
LogPluginManager: Mounting plugin ImgMedia
LogPluginManager: Mounting plugin LinearTimecode
LogPluginManager: Mounting plugin MediaCompositing
LogPluginManager: Mounting plugin MediaPlayerEditor
LogPluginManager: Mounting plugin WmfMedia
LogPluginManager: Mounting plugin TcpMessaging
LogPluginManager: Mounting plugin UdpMessaging
LogPluginManager: Mounting plugin ActorSequence
LogPluginManager: Mounting plugin LevelSequenceEditor
LogPluginManager: Mounting plugin MatineeToLevelSequence
LogPluginManager: Mounting plugin NetcodeUnitTest
LogPluginManager: Mounting plugin NUTUnrealEngine4
LogPluginManager: Mounting plugin OnlineSubsystemGooglePlay
LogPluginManager: Mounting plugin OnlineSubsystemIOS
LogPluginManager: Mounting plugin OnlineSubsystem
LogPluginManager: Mounting plugin OnlineSubsystemNull
LogPluginManager: Mounting plugin OnlineSubsystemUtils
LogPluginManager: Mounting plugin LauncherChunkInstaller
LogPluginManager: Mounting plugin AndroidDeviceProfileSelector
LogPluginManager: Mounting plugin AndroidMoviePlayer
LogPluginManager: Mounting plugin AndroidPermission
LogPluginManager: Mounting plugin AppleMoviePlayer
LogPluginManager: Mounting plugin ArchVisCharacter
LogPluginManager: Mounting plugin AudioCapture
LogPluginManager: Mounting plugin CableComponent
LogPluginManager: Mounting plugin CustomMeshComponent
LogPluginManager: Mounting plugin EditableMesh
LogPluginManager: Mounting plugin ExampleDeviceProfileSelector
LogPluginManager: Mounting plugin GoogleCloudMessaging
LogPluginManager: Mounting plugin ImmediatePhysics
LogPluginManager: Mounting plugin IOSDeviceProfileSelector
LogPluginManager: Mounting plugin LinuxDeviceProfileSelector
LogPluginManager: Mounting plugin LocationServicesBPLibrary
LogPluginManager: Mounting plugin MobilePatchingUtils
LogPluginManager: Mounting plugin OculusVR
LogPluginManager: Plugin shader directory ../../../Engine/Plugins/Runtime/Oculus/OculusVR/Shaders found
LogPluginManager: Mapping shader source directory ../../../Engine/Plugins/Runtime/Oculus/OculusVR/Shaders to virtual directory /Plugin/OculusVR
LogPluginManager: Mounting plugin PhysXVehicles
LogPluginManager: Mounting plugin ProceduralMeshComponent
LogPluginManager: Mounting plugin RuntimePhysXCooking
LogPluginManager: Mounting plugin SteamVR
LogPluginManager: Mounting plugin WindowsMoviePlayer
LogStreaming: Display: Took  0.398s to configure plugins.
LogInit: Using libcurl 7.55.1-DEV
LogInit:  - built for x86_64-pc-win32
LogInit:  - supports SSL with OpenSSL/1.0.2h
LogInit:  - supports HTTP deflate (compression) using libz 1.2.8
LogInit:  - other features:
LogInit:      CURL_VERSION_SSL
LogInit:      CURL_VERSION_LIBZ
LogInit:      CURL_VERSION_IPV6
LogInit:      CURL_VERSION_ASYNCHDNS
LogInit:      CURL_VERSION_LARGEFILE
LogInit:      CURL_VERSION_IDN
LogInit:  CurlRequestOptions (configurable via config and command line):
LogInit:  - bVerifyPeer = false  - Libcurl will NOT verify peer certificate
LogInit:  - bUseHttpProxy = false  - Libcurl will NOT use HTTP proxy
LogInit:  - bDontReuseConnections = false  - Libcurl will reuse connections
LogInit:  - CertBundlePath = nullptr  - Libcurl will use whatever was configured at build time.
LogInit:  - MaxHostConnections = 16  - Libcurl will limit the number of connections to a host
LogInit:  - LocalHostAddr = Default
LogInit:  - BufferSize = 65536
LogInit: WinSock: version 1.1 (2.2), MaxSocks=32767, MaxUdp=65467
LogHMD: Failed initializing OVRPlugin 1.25.0
LogInit: Build: ++UE4+Release-4.20-CL-4233996
LogInit: Engine Version: 4.20.1-4233996+++UE4+Release-4.20
LogInit: Compatible Engine Version: 4.20.0-4212847+++UE4+Release-4.20
LogInit: Net CL: 4212847
LogInit: OS: Windows 10 (), CPU: AMD Ryzen 7 1700 Eight-Core Processor          , GPU: NVIDIA GeForce GTX 1080
LogInit: Compiled (64-bit): Jul 26 2018 10:07:30
LogInit: Compiled with Visual C++: 19.13.26129.00
LogInit: Build Configuration: Development
LogInit: Branch Name: ++UE4+Release-4.20
LogInit: Command Line:  
LogInit: Base Directory: D:/Unreal Engine/UE_4.20/Engine/Binaries/Win64/
LogInit: Installed Engine Build: 1
LogDevObjectVersion: Number of dev versions registered: 20
LogDevObjectVersion:   Dev-Blueprints (B0D832E4-1F89-4F0D-ACCF-7EB736FD4AA2): 10
LogDevObjectVersion:   Dev-Build (E1C64328-A22C-4D53-A36C-8E866417BD8C): 0
LogDevObjectVersion:   Dev-Core (375EC13C-06E4-48FB-B500-84F0262A717E): 2
LogDevObjectVersion:   Dev-Editor (E4B068ED-F494-42E9-A231-DA0B2E46BB41): 24
LogDevObjectVersion:   Dev-Framework (CFFC743F-43B0-4480-9391-14DF171D2073): 34
LogDevObjectVersion:   Dev-Mobile (B02B49B5-BB20-44E9-A304-32B752E40360): 2
LogDevObjectVersion:   Dev-Networking (A4E4105C-59A1-49B5-A7C5-40C4547EDFEE): 0
LogDevObjectVersion:   Dev-Online (39C831C9-5AE6-47DC-9A44-9C173E1C8E7C): 0
LogDevObjectVersion:   Dev-Physics (78F01B33-EBEA-4F98-B9B4-84EACCB95AA2): 0
LogDevObjectVersion:   Dev-Platform (6631380F-2D4D-43E0-8009-CF276956A95A): 0
LogDevObjectVersion:   Dev-Rendering (12F88B9F-8875-4AFC-A67C-D90C383ABD29): 26
LogDevObjectVersion:   Dev-Sequencer (7B5AE74C-D270-4C10-A958-57980B212A5A): 9
LogDevObjectVersion:   Dev-VR (D7296918-1DD6-4BDD-9DE2-64A83CC13884): 2
LogDevObjectVersion:   Dev-LoadTimes (C2A15278-BFE7-4AFE-6C17-90FF531DF755): 1
LogDevObjectVersion:   Private-Geometry (6EACA3D4-40EC-4CC1-B786-8BED09428FC5): 3
LogDevObjectVersion:   Dev-AnimPhys (29E575DD-E0A3-4627-9D10-D276232CDCEA): 17
LogDevObjectVersion:   Dev-ReflectionCapture (6B266CEC-1EC7-4B8F-A30B-E4D90942FC07): 1
LogDevObjectVersion:   Dev-Automation (0DF73D61-A23F-47EA-B727-89E90C41499A): 1
LogDevObjectVersion:   FortniteMain (601D1886-AC64-4F84-AA16-D3DE0DEAC7D6): 12
LogDevObjectVersion:   Dev-Enterprise (9DFFBCD6-494F-0158-E221-12823C92A888): 1
LogStreaming: Display: Took  0.058s to delete old logs.
LogInit: Presizing for max 8388607 objects, including 0 objects not considered by GC, pre-allocating 0 bytes for permanent pool.
LogInit: Object subsystem initialized
[2018.10.08-19.02.54:528][  0]LogInit: Selected Device Profile: [Windows]
[2018.10.08-19.02.54:529][  0]LogInit: Applying CVar settings loaded from the selected device profile: [Windows]
[2018.10.08-19.02.54:575][  0]LogHAL: Display: Platform has ~ 16 GB [17109286912 / 17179869184 / 16], which maps to Larger [LargestMinGB=32, LargerMinGB=12, DefaultMinGB=8, SmallerMinGB=6, SmallestMinGB=0)
[2018.10.08-19.02.54:604][  0]LogInit: Setting Device Profile CVar: [[r.Vulkan.UseRealUBs:1]]
[2018.10.08-19.02.54:605][  0]LogInit: Going up to parent DeviceProfile []
[2018.10.08-19.02.54:659][  0]LogInit: Computer: ALI-PC
[2018.10.08-19.02.54:659][  0]LogInit: User: aliha
[2018.10.08-19.02.54:659][  0]LogInit: CPU Page size=4096, Cores=8
[2018.10.08-19.02.54:659][  0]LogInit: High frequency timer resolution =2.929943 MHz
[2018.10.08-19.02.54:660][  0]LogMemory: Memory total: Physical=15.9GB (16GB approx)
[2018.10.08-19.02.54:660][  0]LogMemory: Platform Memory Stats for Windows
[2018.10.08-19.02.54:660][  0]LogMemory: Process Physical Memory: 104.64 MB used, 104.64 MB peak
[2018.10.08-19.02.54:660][  0]LogMemory: Process Virtual Memory: 91.13 MB used, 91.13 MB peak
[2018.10.08-19.02.54:660][  0]LogMemory: Physical Memory: 7631.36 MB used,  8685.33 MB free, 16316.69 MB total
[2018.10.08-19.02.54:660][  0]LogMemory: Virtual Memory: 4684.80 MB used,  8685.33 MB free, 134217728.00 MB total
[2018.10.08-19.02.55:414][  0]LogInit: Using OS detected language (en-US).
[2018.10.08-19.02.55:414][  0]LogInit: Using OS detected locale (en-US).
[2018.10.08-19.02.55:511][  0]LogTextLocalizationManager: No specific localization for 'en-US' exists, so the 'en' localization will be used.
[2018.10.08-19.02.56:330][  0]LogStreaming: Display: Took  0.879s to InitEngineTextLocalization.
[2018.10.08-19.02.56:340][  0]LogInit: Setting process to per monitor DPI aware
[2018.10.08-19.02.57:096][  0]LogSlate: New Slate User Created.  User Index 0, Is Virtual User: 0
[2018.10.08-19.02.57:096][  0]LogSlate: Slate User Registered.  User Index 0, Is Virtual User: 0
[2018.10.08-19.03.07:157][  0]LogHMD: Failed to initialize OpenVR with code 108
[2018.10.08-19.03.07:157][  0]LogD3D11RHI: D3D11 adapters:
[2018.10.08-19.03.07:230][  0]LogD3D11RHI:    0. 'NVIDIA GeForce GTX 1080' (Feature Level 11_0)
[2018.10.08-19.03.07:230][  0]LogD3D11RHI:       8079/0/8158 MB DedicatedVideo/DedicatedSystem/SharedSystem, Outputs:1, VendorId:0x10de
[2018.10.08-19.03.07:237][  0]LogD3D11RHI:    1. 'Microsoft Basic Render Driver' (Feature Level 11_0)
[2018.10.08-19.03.07:237][  0]LogD3D11RHI:       0/0/8158 MB DedicatedVideo/DedicatedSystem/SharedSystem, Outputs:0, VendorId:0x1414
[2018.10.08-19.03.07:237][  0]LogD3D11RHI: Chosen D3D11 Adapter: 0
[2018.10.08-19.03.07:270][  0]LogD3D11RHI: Creating new Direct3DDevice
[2018.10.08-19.03.07:270][  0]LogD3D11RHI:     GPU DeviceId: 0x1b80 (for the marketing name, search the web for "GPU Device Id")
[2018.10.08-19.03.07:282][  0]LogWindows: EnumDisplayDevices:
[2018.10.08-19.03.07:283][  0]LogWindows:    0. 'NVIDIA GeForce GTX 1080' (P:1 D:1)
[2018.10.08-19.03.07:283][  0]LogWindows:    1. 'NVIDIA GeForce GTX 1080' (P:0 D:0)
[2018.10.08-19.03.07:283][  0]LogWindows:    2. 'NVIDIA GeForce GTX 1080' (P:0 D:0)
[2018.10.08-19.03.07:283][  0]LogWindows:    3. 'NVIDIA GeForce GTX 1080' (P:0 D:0)
[2018.10.08-19.03.07:283][  0]LogWindows: DebugString: FoundDriverCount:4 
[2018.10.08-19.03.07:283][  0]LogD3D11RHI:     Adapter Name: NVIDIA GeForce GTX 1080
[2018.10.08-19.03.07:284][  0]LogD3D11RHI:   Driver Version: 411.70 (internal:24.21.14.1170, unified:411.70)
[2018.10.08-19.03.07:284][  0]LogD3D11RHI:      Driver Date: 9-25-2018
[2018.10.08-19.03.07:284][  0]LogRHI: Texture pool is 5655 MB (70% of 8079 MB)
[2018.10.08-19.03.07:335][  0]LogD3D11RHI: Async texture creation enabled
[2018.10.08-19.03.07:604][  0]LogD3D11RHI: GPU Timing Frequency: 1000.000000 (Debug: 2 2)
[2018.10.08-19.03.07:708][  0]LogShaderCompilers: Guid format shader working directory is 1 characters bigger than the processId version (../../../../../Github/climb-summit/TheSummit/Intermediate/Shaders/WorkingDirectory/17392/).
[2018.10.08-19.03.07:708][  0]LogShaderCompilers: Cleaned the shader compiler working directory 'C:/Users/aliha/AppData/Local/Temp/UnrealShaderWorkingDir/62BAC7C742B8C694077D678F3FAE6700/'.
[2018.10.08-19.03.08:696][  0]LogTemp: Display: Loaded TP AllDesktopTargetPlatform
[2018.10.08-19.03.08:747][  0]LogTemp: Display: Loaded TP MacClientTargetPlatform
[2018.10.08-19.03.08:791][  0]LogTemp: Display: Loaded TP MacNoEditorTargetPlatform
[2018.10.08-19.03.08:843][  0]LogTemp: Display: Loaded TP MacServerTargetPlatform
[2018.10.08-19.03.08:909][  0]LogTemp: Display: Loaded TP MacTargetPlatform
[2018.10.08-19.03.08:954][  0]LogTemp: Display: Loaded TP WindowsClientTargetPlatform
[2018.10.08-19.03.08:990][  0]LogTemp: Display: Loaded TP WindowsNoEditorTargetPlatform
[2018.10.08-19.03.09:041][  0]LogTemp: Display: Loaded TP WindowsServerTargetPlatform
[2018.10.08-19.03.09:064][  0]LogTemp: Display: Loaded TP WindowsTargetPlatform
[2018.10.08-19.03.09:198][  0]LogTemp: Display: Loaded TP AndroidTargetPlatform
[2018.10.08-19.03.09:198][  0]LogTemp: Display: Loaded TP AndroidTargetPlatform
[2018.10.08-19.03.09:198][  0]LogTemp: Display: Loaded TP AndroidTargetPlatform
[2018.10.08-19.03.09:198][  0]LogTemp: Display: Loaded TP AndroidTargetPlatform
[2018.10.08-19.03.09:198][  0]LogTemp: Display: Loaded TP AndroidTargetPlatform
[2018.10.08-19.03.09:198][  0]LogTemp: Display: Loaded TP AndroidTargetPlatform
[2018.10.08-19.03.09:198][  0]LogTemp: Display: Loaded TP AndroidTargetPlatform
[2018.10.08-19.03.09:198][  0]LogTemp: Display: Loaded TP AndroidTargetPlatform
[2018.10.08-19.03.09:198][  0]LogTemp: Display: Loaded TP AndroidTargetPlatform
[2018.10.08-19.03.09:198][  0]LogTemp: Display: Loaded TP AndroidTargetPlatform
[2018.10.08-19.03.09:198][  0]LogTemp: Display: Loaded TP AndroidTargetPlatform
[2018.10.08-19.03.09:198][  0]LogTemp: Display: Loaded TP AndroidTargetPlatform
[2018.10.08-19.03.09:198][  0]LogTemp: Display: Loaded TP AndroidTargetPlatform
[2018.10.08-19.03.09:198][  0]LogTemp: Display: Loaded TP AndroidTargetPlatform
[2018.10.08-19.03.09:198][  0]LogTemp: Display: Loaded TP AndroidTargetPlatform
[2018.10.08-19.03.09:198][  0]LogTemp: Display: Loaded TP AndroidTargetPlatform
[2018.10.08-19.03.09:198][  0]LogTemp: Display: Loaded TP AndroidTargetPlatform
[2018.10.08-19.03.09:198][  0]LogTemp: Display: Loaded TP AndroidTargetPlatform
[2018.10.08-19.03.09:217][  0]LogTemp: Display: Loaded TP HTML5TargetPlatform
[2018.10.08-19.03.09:384][  0]LogTemp: Display: Loaded TP IOSTargetPlatform
[2018.10.08-19.03.09:384][  0]LogTemp: Display: Loaded TP IOSTargetPlatform
[2018.10.08-19.03.09:434][  0]LogTemp: Display: Loaded TP TVOSTargetPlatform
[2018.10.08-19.03.09:434][  0]LogTemp: Display: Loaded TP TVOSTargetPlatform
[2018.10.08-19.03.09:481][  0]LogTemp: Display: Loaded TP LinuxClientTargetPlatform
[2018.10.08-19.03.09:518][  0]LogTemp: Display: Loaded TP LinuxNoEditorTargetPlatform
[2018.10.08-19.03.09:565][  0]LogTemp: Display: Loaded TP LinuxServerTargetPlatform
[2018.10.08-19.03.09:633][  0]LogTemp: Display: Loaded TP LinuxTargetPlatform
[2018.10.08-19.03.09:674][  0]LogTemp: Display: Loaded TP LuminTargetPlatform
[2018.10.08-19.03.09:674][  0]LogTargetPlatformManager: Display: Building Assets For Windows
[2018.10.08-19.03.10:510][  0]LogXGEController: Cleaning working directory: C:/Users/aliha/AppData/Local/Temp/UnrealXGEWorkingDir/
[2018.10.08-19.03.10:510][  0]LogXGEController: Cannot use XGE Controller as Incredibuild is not installed on this machine.
[2018.10.08-19.03.10:510][  0]LogShaderCompilers: Cannot use XGE Shader Compiler as Incredibuild is not installed on this machine.
[2018.10.08-19.03.10:510][  0]LogShaderCompilers: Display: Using Local Shader Compiler.
[2018.10.08-19.03.16:436][  0]LogDerivedDataCache: Display: Max Cache Size: 512 MB
[2018.10.08-19.03.16:707][  0]LogDerivedDataCache: Loaded boot cache 0.27s 71MB C:/Users/aliha/AppData/Local/UnrealEngine/4.20/DerivedDataCache/Boot.ddc.
[2018.10.08-19.03.16:707][  0]LogDerivedDataCache: Display: Loaded Boot cache: C:/Users/aliha/AppData/Local/UnrealEngine/4.20/DerivedDataCache/Boot.ddc
[2018.10.08-19.03.16:707][  0]LogDerivedDataCache: FDerivedDataBackendGraph:  Pak pak cache file ../../../../../Github/climb-summit/TheSummit/DerivedDataCache/DDC.ddp not found, will not use a pak cache.
[2018.10.08-19.03.16:708][  0]LogDerivedDataCache: Unable to find inner node Pak for hierarchical cache Hierarchy.
[2018.10.08-19.03.16:708][  0]LogDerivedDataCache: FDerivedDataBackendGraph:  CompressedPak pak cache file ../../../../../Github/climb-summit/TheSummit/DerivedDataCache/Compressed.ddp not found, will not use a pak cache.
[2018.10.08-19.03.16:708][  0]LogDerivedDataCache: Unable to find inner node CompressedPak for hierarchical cache Hierarchy.
[2018.10.08-19.03.16:771][  0]LogDerivedDataCache: Display: Pak cache opened for reading ../../../Engine/DerivedDataCache/Compressed.ddp.
[2018.10.08-19.03.16:784][  0]LogDerivedDataCache: Using Local data cache path C:/Users/aliha/AppData/Local/UnrealEngine/Common/DerivedDataCache: Writable
[2018.10.08-19.03.16:784][  0]LogDerivedDataCache: Shared data cache path not found in *engine.ini, will not use an Shared cache.
[2018.10.08-19.03.16:784][  0]LogDerivedDataCache: Unable to find inner node Shared for hierarchical cache Hierarchy.
[2018.10.08-19.03.16:832][  0]LogMaterial: Verifying Global Shaders for PCD3D_SM5
[2018.10.08-19.03.16:877][  0]LogSlate: Using FreeType 2.6.0
[2018.10.08-19.03.16:973][  0]LogSlate: SlateFontServices - WITH_FREETYPE: 1, WITH_HARFBUZZ: 1
[2018.10.08-19.03.17:674][  0]LogAssetRegistry: FAssetRegistry took 0.0369 seconds to start up
[2018.10.08-19.03.20:906][  0]LogInit: Selected Device Profile: [Windows]
[2018.10.08-19.03.23:679][  0]LogSimplygon: Simplygon DLL not present - disabling.
[2018.10.08-19.03.23:800][  0]LogMeshReduction: Using SimplygonSwarm for distributed automatic mesh merging
[2018.10.08-19.03.23:800][  0]LogMeshReduction: Using ProxyLODMeshReduction for automatic mesh merging
[2018.10.08-19.03.23:801][  0]LogMeshReduction: Using QuadricMeshReduction for automatic static mesh reduction
[2018.10.08-19.03.23:801][  0]LogMeshReduction: No automatic skeletal mesh reduction module available
[2018.10.08-19.03.24:090][  0]LogNetVersion: TheSummit 1.0.0, NetCL: 4212847, EngineNetVer: 5, GameNetVer: 0 (Checksum: 40220121)
[2018.10.08-19.03.28:305][  0]LogPackageLocalizationCache: Processed 11 localized package path(s) for 2 prioritized culture(s) in 0.219048 seconds
[2018.10.08-19.03.28:346][  0]LogUObjectArray: 38425 objects as part of root set at end of initial load.
[2018.10.08-19.03.28:346][  0]LogUObjectAllocator: 6690872 out of 0 bytes used by permanent object pool.
[2018.10.08-19.03.28:346][  0]LogUObjectArray: CloseDisregardForGC: 0/0 objects in disregard for GC pool
[2018.10.08-19.03.46:659][  0]LogTcpMessaging: Initializing TcpMessaging bridge
[2018.10.08-19.03.46:690][  0]LogUdpMessaging: Initializing bridge on interface 0.0.0.0:0 to multicast group 230.0.0.1:6666.
[2018.10.08-19.03.47:880][  0]SourceControl: Source control is disabled
[2018.10.08-19.03.50:385][  0]LogAndroidPermission: UAndroidPermissionCallbackProxy::GetInstance
[2018.10.08-19.03.50:609][  0]LogOcInput: OculusInput pre-init called
[2018.10.08-19.03.51:197][  0]LogEngine: Initializing Engine...
[2018.10.08-19.03.56:947][  0]LogHMD: Failed to initialize OpenVR with code 108
[2018.10.08-19.03.56:976][  0]LogStats: UGameplayTagsManager::ConstructGameplayTagTree: ImportINI prefixes -  0.000 s
[2018.10.08-19.03.56:976][  0]LogStats: UGameplayTagsManager::ConstructGameplayTagTree: Construct from data asset -  0.000 s
[2018.10.08-19.03.56:977][  0]LogStats: UGameplayTagsManager::ConstructGameplayTagTree: ImportINI -  0.001 s
[2018.10.08-19.03.56:977][  0]LogStats: UGameplayTagsManager::ConstructGameplayTagTree: GameplayTagTreeChangedEvent.Broadcast -  0.000 s
[2018.10.08-19.03.57:722][  0]LogInit: Initializing FReadOnlyCVARCache
[2018.10.08-19.03.58:008][  0]LogAIModule: Creating AISystem for world Untitled
[2018.10.08-19.03.58:197][  0]LogInit: XAudio2 using 'Speakers (USB Audio Device)' : 2 channels at 48 kHz using 16 bits per sample (channel mask 0x3)
[2018.10.08-19.03.58:220][  0]LogInit: FAudioDevice initialized.
[2018.10.08-19.03.58:220][  0]LogNetVersion: Set ProjectVersion to 1.0.0.0. Version Checksum will be recalculated on next use.
[2018.10.08-19.03.58:298][  0]LogDerivedDataCache: Saved boot cache 0.08s 71MB C:/Users/aliha/AppData/Local/UnrealEngine/4.20/DerivedDataCache/Boot.ddc.
[2018.10.08-19.03.58:308][  0]LogInit: Texture streaming: Enabled
[2018.10.08-19.03.58:430][  0]LogEngineSessionManager: EngineSessionManager initialized
[2018.10.08-19.03.58:531][  0]LogInit: Transaction tracking system initialized
[2018.10.08-19.03.58:811][  0]BlueprintLog: New page: Editor Load
[2018.10.08-19.03.59:944][  0]LocalizationService: Localization service is disabled
[2018.10.08-19.04.03:187][  0]LogFileCache: Scanning file cache for directory 'D:/Github/climb-summit/TheSummit/Content/' took 0.02s
[2018.10.08-19.04.03:187][  0]LogCook: Display: Max memory allowance for cook 16384mb min free memory 0mb
[2018.10.08-19.04.03:195][  0]LogCook: Display: Mobile HDR setting 1
[2018.10.08-19.04.03:202][  0]LogGameplayTags: Display: UGameplayTagsManager::DoneAddingNativeTags. DelegateIsBound: 0
[2018.10.08-19.04.03:202][  0]LogStats: UGameplayTagsManager::ConstructGameplayTagTree: ImportINI prefixes -  0.000 s
[2018.10.08-19.04.03:202][  0]LogStats: UGameplayTagsManager::ConstructGameplayTagTree: Construct from data asset -  0.000 s
[2018.10.08-19.04.03:202][  0]LogStats: UGameplayTagsManager::ConstructGameplayTagTree: ImportINI -  0.000 s
[2018.10.08-19.04.03:202][  0]LogStats: UGameplayTagsManager::ConstructGameplayTagTree: GameplayTagTreeChangedEvent.Broadcast -  0.000 s
[2018.10.08-19.04.06:845][  0]LogSlate: Updating window title bar state: overlay mode, drag disabled, window buttons hidden, title bar hidden
[2018.10.08-19.04.06:891][  0]LogSlate: Updating window title bar state: overlay mode, drag disabled, window buttons hidden, title bar hidden
[2018.10.08-19.04.06:898][  0]LogSlate: Updating window title bar state: overlay mode, drag disabled, window buttons hidden, title bar hidden
[2018.10.08-19.04.06:906][  0]LogSlate: Updating window title bar state: overlay mode, drag disabled, window buttons hidden, title bar hidden
[2018.10.08-19.04.06:960][  0]LogCollectionManager: Loaded 0 collections in 0.001170 seconds
[2018.10.08-19.04.07:068][  0]LogFileCache: Scanning file cache for directory 'D:/Github/climb-summit/TheSummit/Saved/Collections/' took 0.01s
[2018.10.08-19.04.07:068][  0]LogFileCache: Scanning file cache for directory 'D:/Github/climb-summit/TheSummit/Content/Developers/aliha/Collections/' took 0.01s
[2018.10.08-19.04.07:068][  0]LogFileCache: Scanning file cache for directory 'D:/Github/climb-summit/TheSummit/Content/Collections/' took 0.01s
[2018.10.08-19.04.07:069][  0]LogCollectionManager: Rebuilt the GUID cache for 0 collections in 0.000002 seconds
[2018.10.08-19.04.07:079][  0]LogContentBrowser: Native class hierarchy populated in 0.0099 seconds. Added 2572 classes and 603 folders.
[2018.10.08-19.04.07:147][  0]LogContentBrowser: Native class hierarchy updated for 'WidgetCarousel' in 0.0003 seconds. Added 0 classes and 0 folders.
[2018.10.08-19.04.08:118][  0]LogContentBrowser: Native class hierarchy updated for 'AddContentDialog' in 0.0003 seconds. Added 0 classes and 0 folders.
[2018.10.08-19.04.08:185][  0]LogContentBrowser: Native class hierarchy updated for 'SceneOutliner' in 0.0003 seconds. Added 1 classes and 2 folders.
[2018.10.08-19.04.08:994][  0]LogSlate: Took 0.017069 seconds to synchronously load lazily loaded font '../../../Engine/Content/Slate/Fonts/Roboto-Regular.ttf' (155K)
[2018.10.08-19.04.09:020][  0]LogSlate: Took 0.024434 seconds to synchronously load lazily loaded font '../../../Engine/Content/Slate/Fonts/Roboto-Bold.ttf' (160K)
[2018.10.08-19.04.09:099][  0]LogSlate: Took 0.012680 seconds to synchronously load lazily loaded font '../../../Engine/Content/Editor/Slate/Fonts/FontAwesome.ttf' (139K)
[2018.10.08-19.04.09:590][  0]LogRenderer: Reallocating scene render targets to support 1208x576 Format 10 NumSamples 1 (Frame:1).
[2018.10.08-19.04.10:083][  0]LogContentBrowser: Native class hierarchy updated for 'HierarchicalLODOutliner' in 0.0004 seconds. Added 0 classes and 0 folders.
[2018.10.08-19.04.10:083][  0]LogLoad: (Engine Initialization) Total time: 92.13 seconds
[2018.10.08-19.04.10:083][  0]LogLoad: (Engine Initialization) Total Blueprint compile time: 0.00 seconds
[2018.10.08-19.04.10:228][  0]LogContentStreaming: Texture pool size now 3000 MB
[2018.10.08-19.04.10:358][  1]LogAssetRegistry: Asset discovery search completed in 52.7077 seconds
[2018.10.08-19.04.10:360][  1]LogCollectionManager: Rebuilt the object cache for 0 collections in 0.000002 seconds (found 0 objects)
[2018.10.08-19.04.10:360][  1]LogCollectionManager: Fixed up redirectors for 0 collections in 0.000081 seconds (updated 0 objects)
[2018.10.08-19.04.11:703][  5]LogSlate: Took 0.023652 seconds to synchronously load lazily loaded font '../../../Engine/Content/Slate/Fonts/Roboto-Light.ttf' (167K)
[2018.10.08-19.04.14:404][ 13]LogSlate: Took 0.000285 seconds to synchronously load lazily loaded font '../../../Engine/Content/Slate/Fonts/Roboto-Light.ttf' (167K)
[2018.10.08-19.04.17:358][ 22]LogSlate: FSceneViewport::OnFocusLost() reason 0
[2018.10.08-19.04.18:461][147]LogSlate: FSceneViewport::OnFocusLost() reason 0
[2018.10.08-19.04.33:474][800]LogMetaData: Removing '/Game/Blueprints/Hatchet_Blueprint.Hatchet_Blueprint:UserConstructionScript.K2Node_FunctionEntry_0' ref from Metadata '/Game/Tools/Hatchet_Blueprint.PackageMetaData'
[2018.10.08-19.04.33:474][800]LogMetaData: Removing '/Game/Blueprints/Hatchet_Blueprint.Hatchet_Blueprint_C' ref from Metadata '/Game/Tools/Hatchet_Blueprint.PackageMetaData'
[2018.10.08-19.04.33:474][800]LogMetaData: Removing '/Game/Blueprints/Hatchet_Blueprint.SKEL_Hatchet_Blueprint_C:BndEvt__StaticMeshComponent_K2Node_ComponentBoundEvent_0_ComponentBeginOverlapSignature__DelegateSignature' ref from Metadata '/Game/Tools/Hatchet_Blueprint.PackageMetaData'
[2018.10.08-19.04.33:474][800]LogMetaData: Removing '/Game/Blueprints/Hatchet_Blueprint.SKEL_Hatchet_Blueprint_C:ReceiveTick' ref from Metadata '/Game/Tools/Hatchet_Blueprint.PackageMetaData'
[2018.10.08-19.04.33:474][800]LogMetaData: Removing '/Game/Blueprints/Hatchet_Blueprint.SKEL_Hatchet_Blueprint_C:oldLocation' ref from Metadata '/Game/Tools/Hatchet_Blueprint.PackageMetaData'
[2018.10.08-19.04.33:474][800]LogMetaData: Removing '/Game/Blueprints/Hatchet_Blueprint.SKEL_Hatchet_Blueprint_C:Hits' ref from Metadata '/Game/Tools/Hatchet_Blueprint.PackageMetaData'
[2018.10.08-19.04.33:474][800]LogMetaData: Removing '/Game/Blueprints/Hatchet_Blueprint.SKEL_Hatchet_Blueprint_C:Trees' ref from Metadata '/Game/Tools/Hatchet_Blueprint.PackageMetaData'
[2018.10.08-19.04.33:474][800]LogMetaData: Removing '/Game/Blueprints/Hatchet_Blueprint.SKEL_Hatchet_Blueprint_C:UserConstructionScript' ref from Metadata '/Game/Tools/Hatchet_Blueprint.PackageMetaData'
[2018.10.08-19.04.33:474][800]LogMetaData: Removing '/Game/Blueprints/Hatchet_Blueprint.SKEL_Hatchet_Blueprint_C' ref from Metadata '/Game/Tools/Hatchet_Blueprint.PackageMetaData'
[2018.10.08-19.04.33:474][800]LogMetaData: Removing '/Game/Blueprints/Hatchet_Blueprint.Hatchet_Blueprint_C:oldLocation' ref from Metadata '/Game/Tools/Hatchet_Blueprint.PackageMetaData'
[2018.10.08-19.04.33:474][800]LogMetaData: Removing '/Game/Blueprints/Hatchet_Blueprint.Hatchet_Blueprint_C:Hits' ref from Metadata '/Game/Tools/Hatchet_Blueprint.PackageMetaData'
[2018.10.08-19.04.33:474][800]LogMetaData: Removing '/Game/Blueprints/Hatchet_Blueprint.Hatchet_Blueprint_C:Trees' ref from Metadata '/Game/Tools/Hatchet_Blueprint.PackageMetaData'
[2018.10.08-19.04.33:474][800]LogMetaData: Removing '/Game/Blueprints/Hatchet_Blueprint.Hatchet_Blueprint_C:ReceiveTick' ref from Metadata '/Game/Tools/Hatchet_Blueprint.PackageMetaData'
[2018.10.08-19.04.33:474][800]LogMetaData: Removing '/Game/Blueprints/Hatchet_Blueprint.Hatchet_Blueprint_C:UserConstructionScript' ref from Metadata '/Game/Tools/Hatchet_Blueprint.PackageMetaData'
[2018.10.08-19.04.33:527][800]Cmd: OBJ SAVEPACKAGE PACKAGE="/Game/Blueprints/Hatchet_Blueprint" FILE="../../../../../Github/climb-summit/TheSummit/Content/Blueprints/Hatchet_Blueprint.uasset" SILENT=true
[2018.10.08-19.04.33:599][800]LogSavePackage: Moving '../../../../../Github/climb-summit/TheSummit/Saved/Hatchet_Blueprint75D87F5B4D3DA00878D5359362951143.tmp' to '../../../../../Github/climb-summit/TheSummit/Content/Blueprints/Hatchet_Blueprint.uasset'
[2018.10.08-19.04.33:991][800]Cmd: OBJ SAVEPACKAGE PACKAGE="/Game/Tools/Hatchet_Blueprint" FILE="../../../../../Github/climb-summit/TheSummit/Content/Tools/Hatchet_Blueprint.uasset" SILENT=true
[2018.10.08-19.04.34:589][800]LogSavePackage: Moving '../../../../../Github/climb-summit/TheSummit/Saved/Hatchet_BlueprintDFADAD1640760A377CB0C694D2C84C16.tmp' to '../../../../../Github/climb-summit/TheSummit/Content/Tools/Hatchet_Blueprint.uasset'
[2018.10.08-19.04.42:332][628]Cmd: OBJ SAVEPACKAGE PACKAGE="/Game/Tools/Hand" FILE="../../../../../Github/climb-summit/TheSummit/Content/Tools/Hand.uasset" SILENT=true
[2018.10.08-19.04.42:349][628]LogSavePackage: Moving '../../../../../Github/climb-summit/TheSummit/Saved/Hand04B5AFC943B1B2E75DC4729D58DA505E.tmp' to '../../../../../Github/climb-summit/TheSummit/Content/Tools/Hand.uasset'
[2018.10.08-19.04.42:579][628]Cmd: OBJ SAVEPACKAGE PACKAGE="/Game/TouchControllers/Hand" FILE="../../../../../Github/climb-summit/TheSummit/Content/TouchControllers/Hand.uasset" SILENT=true
[2018.10.08-19.04.42:608][628]LogSavePackage: Moving '../../../../../Github/climb-summit/TheSummit/Saved/Hand5A3E305E40110C7A055795ADBCA609E6.tmp' to '../../../../../Github/climb-summit/TheSummit/Content/TouchControllers/Hand.uasset'
[2018.10.08-19.04.47:588][116]LogMetaData: Removing '/Game/Blueprints/Hand_Blueprint.Hand_Blueprint_C' ref from Metadata '/Game/TouchControllers/Hand_Blueprint.PackageMetaData'
[2018.10.08-19.04.47:588][116]LogMetaData: Removing '/Game/Blueprints/Hand_Blueprint.Hand_Blueprint:UserConstructionScript.K2Node_FunctionEntry_0' ref from Metadata '/Game/TouchControllers/Hand_Blueprint.PackageMetaData'
[2018.10.08-19.04.47:588][116]LogMetaData: Removing '/Game/Blueprints/Hand_Blueprint.Hand_Blueprint:ReleaseActor.K2Node_FunctionEntry_0' ref from Metadata '/Game/TouchControllers/Hand_Blueprint.PackageMetaData'
[2018.10.08-19.04.47:589][116]LogMetaData: Removing '/Game/Blueprints/Hand_Blueprint.Hand_Blueprint:GrabActor.K2Node_FunctionEntry_0' ref from Metadata '/Game/TouchControllers/Hand_Blueprint.PackageMetaData'
[2018.10.08-19.04.47:589][116]LogMetaData: Removing '/Game/Blueprints/Hand_Blueprint.Hand_Blueprint:GetActorNearHand.K2Node_FunctionEntry_0' ref from Metadata '/Game/TouchControllers/Hand_Blueprint.PackageMetaData'
[2018.10.08-19.04.47:589][116]LogMetaData: Removing '/Game/Blueprints/Hand_Blueprint.SKEL_Hand_Blueprint_C:AttachedActor' ref from Metadata '/Game/TouchControllers/Hand_Blueprint.PackageMetaData'
[2018.10.08-19.04.47:589][116]LogMetaData: Removing '/Game/Blueprints/Hand_Blueprint.SKEL_Hand_Blueprint_C:WantsToGrip' ref from Metadata '/Game/TouchControllers/Hand_Blueprint.PackageMetaData'
[2018.10.08-19.04.47:589][116]LogMetaData: Removing '/Game/Blueprints/Hand_Blueprint.SKEL_Hand_Blueprint_C:DefaultSceneRoot1' ref from Metadata '/Game/TouchControllers/Hand_Blueprint.PackageMetaData'
[2018.10.08-19.04.47:589][116]LogMetaData: Removing '/Game/Blueprints/Hand_Blueprint.SKEL_Hand_Blueprint_C:MC_RightHand' ref from Metadata '/Game/TouchControllers/Hand_Blueprint.PackageMetaData'
[2018.10.08-19.04.47:589][116]LogMetaData: Removing '/Game/Blueprints/Hand_Blueprint.SKEL_Hand_Blueprint_C:RightHand' ref from Metadata '/Game/TouchControllers/Hand_Blueprint.PackageMetaData'
[2018.10.08-19.04.47:589][116]LogMetaData: Removing '/Game/Blueprints/Hand_Blueprint.SKEL_Hand_Blueprint_C:MC_LeftHand' ref from Metadata '/Game/TouchControllers/Hand_Blueprint.PackageMetaData'
[2018.10.08-19.04.47:589][116]LogMetaData: Removing '/Game/Blueprints/Hand_Blueprint.SKEL_Hand_Blueprint_C:LeftHand' ref from Metadata '/Game/TouchControllers/Hand_Blueprint.PackageMetaData'
[2018.10.08-19.04.47:589][116]LogMetaData: Removing '/Game/Blueprints/Hand_Blueprint.SKEL_Hand_Blueprint_C:GrabSphere' ref from Metadata '/Game/TouchControllers/Hand_Blueprint.PackageMetaData'
[2018.10.08-19.04.47:589][116]LogMetaData: Removing '/Game/Blueprints/Hand_Blueprint.SKEL_Hand_Blueprint_C:UserConstructionScript' ref from Metadata '/Game/TouchControllers/Hand_Blueprint.PackageMetaData'
[2018.10.08-19.04.47:589][116]LogMetaData: Removing '/Game/Blueprints/Hand_Blueprint.SKEL_Hand_Blueprint_C:GetActorNearHand.NearestOverlappingActor' ref from Metadata '/Game/TouchControllers/Hand_Blueprint.PackageMetaData'
[2018.10.08-19.04.47:589][116]LogMetaData: Removing '/Game/Blueprints/Hand_Blueprint.SKEL_Hand_Blueprint_C:GetActorNearHand.NearestOverlap' ref from Metadata '/Game/TouchControllers/Hand_Blueprint.PackageMetaData'
[2018.10.08-19.04.47:589][116]LogMetaData: Removing '/Game/Blueprints/Hand_Blueprint.SKEL_Hand_Blueprint_C:GetActorNearHand' ref from Metadata '/Game/TouchControllers/Hand_Blueprint.PackageMetaData'
[2018.10.08-19.04.47:589][116]LogMetaData: Removing '/Game/Blueprints/Hand_Blueprint.SKEL_Hand_Blueprint_C' ref from Metadata '/Game/TouchControllers/Hand_Blueprint.PackageMetaData'
[2018.10.08-19.04.47:589][116]LogMetaData: Removing '/Game/Blueprints/Hand_Blueprint.Hand_Blueprint_C:AttachedActor' ref from Metadata '/Game/TouchControllers/Hand_Blueprint.PackageMetaData'
[2018.10.08-19.04.47:589][116]LogMetaData: Removing '/Game/Blueprints/Hand_Blueprint.Hand_Blueprint_C:WantsToGrip' ref from Metadata '/Game/TouchControllers/Hand_Blueprint.PackageMetaData'
[2018.10.08-19.04.47:589][116]LogMetaData: Removing '/Game/Blueprints/Hand_Blueprint.Hand_Blueprint_C:DefaultSceneRoot1' ref from Metadata '/Game/TouchControllers/Hand_Blueprint.PackageMetaData'
[2018.10.08-19.04.47:589][116]LogMetaData: Removing '/Game/Blueprints/Hand_Blueprint.Hand_Blueprint_C:MC_RightHand' ref from Metadata '/Game/TouchControllers/Hand_Blueprint.PackageMetaData'
[2018.10.08-19.04.47:589][116]LogMetaData: Removing '/Game/Blueprints/Hand_Blueprint.Hand_Blueprint_C:RightHand' ref from Metadata '/Game/TouchControllers/Hand_Blueprint.PackageMetaData'
[2018.10.08-19.04.47:589][116]LogMetaData: Removing '/Game/Blueprints/Hand_Blueprint.Hand_Blueprint_C:MC_LeftHand' ref from Metadata '/Game/TouchControllers/Hand_Blueprint.PackageMetaData'
[2018.10.08-19.04.47:589][116]LogMetaData: Removing '/Game/Blueprints/Hand_Blueprint.Hand_Blueprint_C:LeftHand' ref from Metadata '/Game/TouchControllers/Hand_Blueprint.PackageMetaData'
[2018.10.08-19.04.47:589][116]LogMetaData: Removing '/Game/Blueprints/Hand_Blueprint.Hand_Blueprint_C:GrabSphere' ref from Metadata '/Game/TouchControllers/Hand_Blueprint.PackageMetaData'
[2018.10.08-19.04.47:589][116]LogMetaData: Removing '/Game/Blueprints/Hand_Blueprint.Hand_Blueprint_C:UserConstructionScript' ref from Metadata '/Game/TouchControllers/Hand_Blueprint.PackageMetaData'
[2018.10.08-19.04.47:589][116]LogMetaData: Removing '/Game/Blueprints/Hand_Blueprint.Hand_Blueprint_C:GetActorNearHand' ref from Metadata '/Game/TouchControllers/Hand_Blueprint.PackageMetaData'
[2018.10.08-19.04.47:589][116]LogMetaData: Removing '/Game/Blueprints/Hand_Blueprint.Hand_Blueprint_C:GetActorNearHand.NearestOverlap' ref from Metadata '/Game/TouchControllers/Hand_Blueprint.PackageMetaData'
[2018.10.08-19.04.47:589][116]LogMetaData: Removing '/Game/Blueprints/Hand_Blueprint.Hand_Blueprint_C:GetActorNearHand.NearestOverlappingActor' ref from Metadata '/Game/TouchControllers/Hand_Blueprint.PackageMetaData'
[2018.10.08-19.04.47:619][116]Cmd: OBJ SAVEPACKAGE PACKAGE="/Game/Blueprints/Hand_Blueprint" FILE="../../../../../Github/climb-summit/TheSummit/Content/Blueprints/Hand_Blueprint.uasset" SILENT=true
[2018.10.08-19.04.47:668][116]LogSavePackage: Moving '../../../../../Github/climb-summit/TheSummit/Saved/Hand_BlueprintF6ABDCC94E705D3FF2C7F5B5F099DC57.tmp' to '../../../../../Github/climb-summit/TheSummit/Content/Blueprints/Hand_Blueprint.uasset'
[2018.10.08-19.04.47:888][116]Cmd: OBJ SAVEPACKAGE PACKAGE="/Game/TouchControllers/Hand_Blueprint" FILE="../../../../../Github/climb-summit/TheSummit/Content/TouchControllers/Hand_Blueprint.uasset" SILENT=true
[2018.10.08-19.04.47:918][116]LogSavePackage: Moving '../../../../../Github/climb-summit/TheSummit/Saved/Hand_Blueprint6A39BE3F433F42F50BA32C95450C1418.tmp' to '../../../../../Github/climb-summit/TheSummit/Content/TouchControllers/Hand_Blueprint.uasset'
[2018.10.08-19.04.59:195][374]Cmd: OBJ SAVEPACKAGE PACKAGE="/Game/Blueprints/Haptics" FILE="../../../../../Github/climb-summit/TheSummit/Content/Blueprints/Haptics.uasset" SILENT=true
[2018.10.08-19.04.59:203][374]LogSavePackage: Moving '../../../../../Github/climb-summit/TheSummit/Saved/Haptics6F601F3F460DDBC25E171289A6C75F82.tmp' to '../../../../../Github/climb-summit/TheSummit/Content/Blueprints/Haptics.uasset'
[2018.10.08-19.04.59:378][374]Cmd: OBJ SAVEPACKAGE PACKAGE="/Game/TouchControllers/Haptics" FILE="../../../../../Github/climb-summit/TheSummit/Content/TouchControllers/Haptics.uasset" SILENT=true
[2018.10.08-19.04.59:406][374]LogSavePackage: Moving '../../../../../Github/climb-summit/TheSummit/Saved/HapticsC959D2CC4F7F4B342D017BB67826DB68.tmp' to '../../../../../Github/climb-summit/TheSummit/Content/TouchControllers/Haptics.uasset'
[2018.10.08-19.05.08:045][258]Cmd: OBJ SAVEPACKAGE PACKAGE="/Game/Models/Hatchet" FILE="../../../../../Github/climb-summit/TheSummit/Content/Models/Hatchet.uasset" SILENT=true
[2018.10.08-19.05.08:062][258]LogSavePackage: Moving '../../../../../Github/climb-summit/TheSummit/Saved/Hatchet85500D704F7628FD73C7AFB7CCA15917.tmp' to '../../../../../Github/climb-summit/TheSummit/Content/Models/Hatchet.uasset'
[2018.10.08-19.05.08:272][258]Cmd: OBJ SAVEPACKAGE PACKAGE="/Game/Tools/Hatchet" FILE="../../../../../Github/climb-summit/TheSummit/Content/Tools/Hatchet.uasset" SILENT=true
[2018.10.08-19.05.08:300][258]LogSavePackage: Moving '../../../../../Github/climb-summit/TheSummit/Saved/HatchetF15EC41348530F6F23F7A6A94C853BDB.tmp' to '../../../../../Github/climb-summit/TheSummit/Content/Tools/Hatchet.uasset'
[2018.10.08-19.05.08:309][258]Cmd: OBJ SAVEPACKAGE PACKAGE="/Game/Models/Hatchet_Blueprint_C" FILE="../../../../../Github/climb-summit/TheSummit/Content/Models/Hatchet_Blueprint_C.uasset" SILENT=true
[2018.10.08-19.05.08:316][258]LogSavePackage: Moving '../../../../../Github/climb-summit/TheSummit/Saved/Hatchet_Blueprint_C87576BD94D5D0B83E8767DB378E79DA6.tmp' to '../../../../../Github/climb-summit/TheSummit/Content/Models/Hatchet_Blueprint_C.uasset'
[2018.10.08-19.05.08:501][258]Cmd: OBJ SAVEPACKAGE PACKAGE="/Game/Tools/Hatchet_Blueprint" FILE="../../../../../Github/climb-summit/TheSummit/Content/Tools/Hatchet_Blueprint.uasset" SILENT=true
[2018.10.08-19.05.08:527][258]LogSavePackage: Moving '../../../../../Github/climb-summit/TheSummit/Saved/Hatchet_Blueprint3B31EAF14B849D8D22D5F89F30794494.tmp' to '../../../../../Github/climb-summit/TheSummit/Content/Tools/Hatchet_Blueprint.uasset'
[2018.10.08-19.05.08:533][258]Cmd: OBJ SAVEPACKAGE PACKAGE="/Game/Models/Default__Hatchet_Blueprint_C" FILE="../../../../../Github/climb-summit/TheSummit/Content/Models/Default__Hatchet_Blueprint_C.uasset" SILENT=true
[2018.10.08-19.05.08:540][258]LogSavePackage: Moving '../../../../../Github/climb-summit/TheSummit/Saved/Default__Hatchet_Blueprint_CF0ED1012453F1C0BED5303843C111964.tmp' to '../../../../../Github/climb-summit/TheSummit/Content/Models/Default__Hatchet_Blueprint_C.uasset'
[2018.10.08-19.05.08:710][258]Cmd: OBJ SAVEPACKAGE PACKAGE="/Game/Models/Hatchet_Blueprint" FILE="../../../../../Github/climb-summit/TheSummit/Content/Models/Hatchet_Blueprint.uasset" SILENT=true
[2018.10.08-19.05.08:720][258]LogSavePackage: Moving '../../../../../Github/climb-summit/TheSummit/Saved/Hatchet_Blueprint885E7E624C05B23BAA67ABA5E39A5DEC.tmp' to '../../../../../Github/climb-summit/TheSummit/Content/Models/Hatchet_Blueprint.uasset'
[2018.10.08-19.05.08:897][258]Cmd: OBJ SAVEPACKAGE PACKAGE="/Game/Models/Hand" FILE="../../../../../Github/climb-summit/TheSummit/Content/Models/Hand.uasset" SILENT=true
[2018.10.08-19.05.08:923][258]LogSavePackage: Moving '../../../../../Github/climb-summit/TheSummit/Saved/Hand6AD276E149A0702311811CBA199154FD.tmp' to '../../../../../Github/climb-summit/TheSummit/Content/Models/Hand.uasset'
[2018.10.08-19.05.10:403][258]SourceControl: rm 'TheSummit/Content/Tools/Hand.uasset'
[2018.10.08-19.05.10:535][258]Cmd: OBJ SAVEPACKAGE PACKAGE="/Game/TouchControllers/Hand" FILE="../../../../../Github/climb-summit/TheSummit/Content/TouchControllers/Hand.uasset" SILENT=true
[2018.10.08-19.05.10:562][258]LogSavePackage: Moving '../../../../../Github/climb-summit/TheSummit/Saved/Hand4C48DFCB4CE5F68FCBD007B069D58353.tmp' to '../../../../../Github/climb-summit/TheSummit/Content/TouchControllers/Hand.uasset'
[2018.10.08-19.05.10:576][258]Cmd: OBJ SAVEPACKAGE PACKAGE="/Game/Blueprints/Hand_Blueprint" FILE="../../../../../Github/climb-summit/TheSummit/Content/Blueprints/Hand_Blueprint.uasset" SILENT=true
[2018.10.08-19.05.10:641][258]LogSavePackage: Moving '../../../../../Github/climb-summit/TheSummit/Saved/Hand_BlueprintEB07D14D40CB6DE3D26DD48D59195E91.tmp' to '../../../../../Github/climb-summit/TheSummit/Content/Blueprints/Hand_Blueprint.uasset'
[2018.10.08-19.05.19:856][334]LogAssetEditorManager: Opening Asset editor for Blueprint /Game/Blueprints/Character_Blueprint.Character_Blueprint
[2018.10.08-19.05.21:151][334]LogContentBrowser: Native class hierarchy updated for 'BlueprintGraph' in 0.0007 seconds. Added 116 classes and 0 folders.
[2018.10.08-19.05.22:797][334]LogSlate: Took 0.009322 seconds to synchronously load lazily loaded font '../../../Engine/Content/Slate/Fonts/Roboto-BoldCondensed.ttf' (158K)
[2018.10.08-19.05.26:473][434]LogSlate: Took 0.031387 seconds to synchronously load lazily loaded font '../../../Engine/Content/Slate/Fonts/Roboto-Italic.ttf' (157K)
[2018.10.08-19.09.46:432][301]BlueprintLog: New page: Compile Character_Blueprint
[2018.10.08-19.09.46:927][301]Cmd: OBJ SAVEPACKAGE PACKAGE="/Game/Blueprints/Character_Blueprint" FILE="../../../../../Github/climb-summit/TheSummit/Content/Blueprints/Character_Blueprint.uasset" SILENT=true
[2018.10.08-19.09.47:030][301]LogSavePackage: Moving '../../../../../Github/climb-summit/TheSummit/Saved/Character_Blueprint7A30350F49EBC08EB7DCB690097621A0.tmp' to '../../../../../Github/climb-summit/TheSummit/Content/Blueprints/Character_Blueprint.uasset'
[2018.10.08-19.10.43:253][159]BlueprintLog: New page: Compile Character_Blueprint
[2018.10.08-19.10.43:589][159]Cmd: OBJ SAVEPACKAGE PACKAGE="/Game/Blueprints/Character_Blueprint" FILE="../../../../../Github/climb-summit/TheSummit/Content/Blueprints/Character_Blueprint.uasset" SILENT=true
[2018.10.08-19.10.43:690][159]LogSavePackage: Moving '../../../../../Github/climb-summit/TheSummit/Saved/Character_Blueprint5FB711654005AE7D161DC1A089F74535.tmp' to '../../../../../Github/climb-summit/TheSummit/Content/Blueprints/Character_Blueprint.uasset'
[2018.10.08-19.13.17:603][  9]BlueprintLog: New page: Compile Character_Blueprint
[2018.10.08-19.13.17:941][  9]Cmd: OBJ SAVEPACKAGE PACKAGE="/Game/Blueprints/Character_Blueprint" FILE="../../../../../Github/climb-summit/TheSummit/Content/Blueprints/Character_Blueprint.uasset" SILENT=true
[2018.10.08-19.13.18:044][  9]LogSavePackage: Moving '../../../../../Github/climb-summit/TheSummit/Saved/Character_BlueprintD09661894A7C98B004637789ADDEB814.tmp' to '../../../../../Github/climb-summit/TheSummit/Content/Blueprints/Character_Blueprint.uasset'
[2018.10.08-19.16.18:363][867]BlueprintLog: New page: Compile Character_Blueprint
[2018.10.08-19.16.18:690][867]Cmd: OBJ SAVEPACKAGE PACKAGE="/Game/Blueprints/Character_Blueprint" FILE="../../../../../Github/climb-summit/TheSummit/Content/Blueprints/Character_Blueprint.uasset" SILENT=true
[2018.10.08-19.16.18:817][867]LogSavePackage: Moving '../../../../../Github/climb-summit/TheSummit/Saved/Character_Blueprint12C924714D44C03D9CD1378F320E2080.tmp' to '../../../../../Github/climb-summit/TheSummit/Content/Blueprints/Character_Blueprint.uasset'
[2018.10.08-19.16.28:114][723]BlueprintLog: New page: Compile Character_Blueprint
[2018.10.08-19.16.28:445][723]Cmd: OBJ SAVEPACKAGE PACKAGE="/Game/Blueprints/Character_Blueprint" FILE="../../../../../Github/climb-summit/TheSummit/Content/Blueprints/Character_Blueprint.uasset" SILENT=true
[2018.10.08-19.16.28:551][723]LogSavePackage: Moving '../../../../../Github/climb-summit/TheSummit/Saved/Character_BlueprintBACDA69D4600718BBD4E06AAC064BA4A.tmp' to '../../../../../Github/climb-summit/TheSummit/Content/Blueprints/Character_Blueprint.uasset'
[2018.10.08-19.18.53:637][733]LogSlate: Took 0.019401 seconds to synchronously load lazily loaded font '../../../Engine/Content/Slate/Fonts/Roboto-BoldCondensedItalic.ttf' (160K)
[2018.10.08-19.21.21:206][638]BlueprintLog: New page: Compile Character_Blueprint
[2018.10.08-19.21.21:553][638]Cmd: OBJ SAVEPACKAGE PACKAGE="/Game/Blueprints/Character_Blueprint" FILE="../../../../../Github/climb-summit/TheSummit/Content/Blueprints/Character_Blueprint.uasset" SILENT=true
[2018.10.08-19.21.21:664][638]LogSavePackage: Moving '../../../../../Github/climb-summit/TheSummit/Saved/Character_BlueprintE93271C54DD04CE52705B18E1E15C7E4.tmp' to '../../../../../Github/climb-summit/TheSummit/Content/Blueprints/Character_Blueprint.uasset'
[2018.10.08-19.26.39:803][139]LogFileHelpers: Editor autosave (incl. sublevels) for '/Temp/Untitled_0' took 0.031
[2018.10.08-19.26.39:835][139]OBJ SavePackage: Generating thumbnails for [1] asset(s) in package [/Game/Blueprints/Hatchet_Blueprint] ([1] browsable assets)...
[2018.10.08-19.26.39:844][139]OBJ SavePackage:     Rendered thumbnail for [Blueprint /Game/Blueprints/Hatchet_Blueprint.Hatchet_Blueprint]
[2018.10.08-19.26.39:844][139]OBJ SavePackage: Finished generating thumbnails for package [/Game/Blueprints/Hatchet_Blueprint]
[2018.10.08-19.26.39:917][139]LogSavePackage: Moving '../../../../../Github/climb-summit/TheSummit/Saved/Hatchet_Blueprint_Auto1CA9851B44555E3AF4BFA76903AFBD28B.tmp' to '../../../../../Github/climb-summit/TheSummit/Saved/Autosaves/Game/Blueprints/Hatchet_Blueprint_Auto1.uasset'
[2018.10.08-19.26.39:919][139]OBJ SavePackage: Generating thumbnails for [1] asset(s) in package [/Game/Blueprints/Character_Blueprint] ([1] browsable assets)...
[2018.10.08-19.26.39:927][139]OBJ SavePackage:     Rendered thumbnail for [Blueprint /Game/Blueprints/Character_Blueprint.Character_Blueprint]
[2018.10.08-19.26.39:927][139]OBJ SavePackage: Finished generating thumbnails for package [/Game/Blueprints/Character_Blueprint]
[2018.10.08-19.26.40:069][139]LogSavePackage: Moving '../../../../../Github/climb-summit/TheSummit/Saved/Character_Blueprint_Auto158A4CEB740DB99F594E58CBB5F2CF539.tmp' to '../../../../../Github/climb-summit/TheSummit/Saved/Autosaves/Game/Blueprints/Character_Blueprint_Auto1.uasset'
[2018.10.08-19.26.40:089][139]LogFileHelpers: Auto-saving content packages took 0.286
[2018.10.08-19.30.22:958][813]BlueprintLog: New page: Compile Character_Blueprint
[2018.10.08-19.30.23:309][813]Cmd: OBJ SAVEPACKAGE PACKAGE="/Game/Blueprints/Character_Blueprint" FILE="../../../../../Github/climb-summit/TheSummit/Content/Blueprints/Character_Blueprint.uasset" SILENT=true
[2018.10.08-19.30.23:418][813]LogSavePackage: Moving '../../../../../Github/climb-summit/TheSummit/Saved/Character_BlueprintCE9AD5EB4BE0A0BCE03CEDB36155865F.tmp' to '../../../../../Github/climb-summit/TheSummit/Content/Blueprints/Character_Blueprint.uasset'
[2018.10.08-19.31.09:175][970]LogEditorTransaction: Undo Add Node
[2018.10.08-19.31.09:393][982]LogEditorTransaction: Undo Delete current selection
[2018.10.08-19.31.12:002][273]LogEditorTransaction: Redo Delete current selection
[2018.10.08-19.31.12:141][278]LogEditorTransaction: Redo Add Node
[2018.10.08-19.32.03:696][934]BlueprintLog: New page: Compile Character_Blueprint
[2018.10.08-19.32.03:746][934]LogBlueprint: Error: [Compiler Character_Blueprint] This blueprint (self) is not a PrimitiveComponent, therefore ' Target ' must have a connection.
[2018.10.08-19.32.03:934][934]LogBlueprint: Warning: [Compiler Character_Blueprint] [1765.98] Compile of Character_Blueprint failed. 1 Fatal Issue(s) 0 Warning(s) [in 237 ms] (/Game/Blueprints/Character_Blueprint.Character_Blueprint)
[2018.10.08-19.32.19:234][627]BlueprintLog: New page: Compile Character_Blueprint
[2018.10.08-19.32.19:578][627]Cmd: OBJ SAVEPACKAGE PACKAGE="/Game/Blueprints/Character_Blueprint" FILE="../../../../../Github/climb-summit/TheSummit/Content/Blueprints/Character_Blueprint.uasset" SILENT=true
[2018.10.08-19.32.19:705][627]LogSavePackage: Moving '../../../../../Github/climb-summit/TheSummit/Saved/Character_Blueprint48C48FD545C6CFD7609BE9976E0298AB.tmp' to '../../../../../Github/climb-summit/TheSummit/Content/Blueprints/Character_Blueprint.uasset'
[2018.10.08-19.34.24:515][786]BlueprintLog: New page: Compile Character_Blueprint
[2018.10.08-19.34.24:854][786]Cmd: OBJ SAVEPACKAGE PACKAGE="/Game/Blueprints/Character_Blueprint" FILE="../../../../../Github/climb-summit/TheSummit/Content/Blueprints/Character_Blueprint.uasset" SILENT=true
[2018.10.08-19.34.24:963][786]LogSavePackage: Moving '../../../../../Github/climb-summit/TheSummit/Saved/Character_Blueprint57BEEA10443135C64952ACB17DED989C.tmp' to '../../../../../Github/climb-summit/TheSummit/Content/Blueprints/Character_Blueprint.uasset'
[2018.10.08-19.34.48:005][ 35]BlueprintLog: New page: Compile Character_Blueprint
[2018.10.08-19.34.48:348][ 35]Cmd: OBJ SAVEPACKAGE PACKAGE="/Game/Blueprints/Character_Blueprint" FILE="../../../../../Github/climb-summit/TheSummit/Content/Blueprints/Character_Blueprint.uasset" SILENT=true
[2018.10.08-19.34.48:456][ 35]LogSavePackage: Moving '../../../../../Github/climb-summit/TheSummit/Saved/Character_Blueprint964AB43940F365633B77828C8C6B6544.tmp' to '../../../../../Github/climb-summit/TheSummit/Content/Blueprints/Character_Blueprint.uasset'
[2018.10.08-19.34.59:630][854]BlueprintLog: New page: Compile Character_Blueprint
[2018.10.08-19.34.59:970][854]Cmd: OBJ SAVEPACKAGE PACKAGE="/Game/Blueprints/Character_Blueprint" FILE="../../../../../Github/climb-summit/TheSummit/Content/Blueprints/Character_Blueprint.uasset" SILENT=true
[2018.10.08-19.35.00:082][854]LogSavePackage: Moving '../../../../../Github/climb-summit/TheSummit/Saved/Character_Blueprint1E52CB2340FEBFAE8E8A2D80ED82CD55.tmp' to '../../../../../Github/climb-summit/TheSummit/Content/Blueprints/Character_Blueprint.uasset'
[2018.10.08-19.35.00:636][875]LogRenderer: Reallocating scene render targets to support 1208x812 Format 10 NumSamples 1 (Frame:1).
[2018.10.08-19.35.08:284][696]LogSlate: FSceneViewport::OnFocusLost() reason 2
[2018.10.08-19.35.11:720][  6]LogSlate: FSceneViewport::OnFocusLost() reason 2
[2018.10.08-19.35.29:008][809]LogSlate: FSceneViewport::OnFocusLost() reason 2
[2018.10.08-19.35.32:392][134]LogSlate: FSceneViewport::OnFocusLost() reason 2
[2018.10.08-19.35.55:662][526]LogSlate: FSceneViewport::OnFocusLost() reason 0
[2018.10.08-19.36.06:226][655]LogSlate: FSceneViewport::OnFocusLost() reason 0
[2018.10.08-19.36.12:641][346]LogEditorTransaction: Undo Modify Component(s)
[2018.10.08-19.36.14:940][571]LogSlate: FSceneViewport::OnFocusLost() reason 0
[2018.10.08-19.36.30:395][248]LogSlate: FSceneViewport::OnFocusLost() reason 2
[2018.10.08-19.36.30:474][248]Cmd: OBJ SAVEPACKAGE PACKAGE="/Game/Blueprints/Character_Blueprint" FILE="../../../../../Github/climb-summit/TheSummit/Content/Blueprints/Character_Blueprint.uasset" SILENT=true
[2018.10.08-19.36.30:581][248]LogSavePackage: Moving '../../../../../Github/climb-summit/TheSummit/Saved/Character_Blueprint1A51EFC747264D57EEF49E86A76CF193.tmp' to '../../../../../Github/climb-summit/TheSummit/Content/Blueprints/Character_Blueprint.uasset'
[2018.10.08-19.36.31:844][360]LogSlate: FSceneViewport::OnFocusLost() reason 0
[2018.10.08-19.36.31:923][369]BlueprintLog: New page: Compile Character_Blueprint
[2018.10.08-19.37.21:424][995]LogEditorTransaction: Undo Move Nodes
[2018.10.08-19.37.29:549][807]Cmd: OBJ SAVEPACKAGE PACKAGE="/Game/Blueprints/Character_Blueprint" FILE="../../../../../Github/climb-summit/TheSummit/Content/Blueprints/Character_Blueprint.uasset" SILENT=true
[2018.10.08-19.37.29:687][807]LogSavePackage: Moving '../../../../../Github/climb-summit/TheSummit/Saved/Character_BlueprintEDAACE27490DAF5A8FDC35BEE43BA9A4.tmp' to '../../../../../Github/climb-summit/TheSummit/Content/Blueprints/Character_Blueprint.uasset'
[2018.10.08-19.37.34:869][353]BlueprintLog: New page: Compile Character_Blueprint
[2018.10.08-19.37.36:775][515]LogSlate: Window 'Character_Blueprint' being destroyed
[2018.10.08-19.37.39:167][778]SourceControl: fatal: /Temp: '/Temp' is outside repository
[2018.10.08-19.37.41:869][778]LogSlate: Window 'Save Level As' being destroyed
[2018.10.08-19.37.41:923][784]SourceControl: fatal: /Temp: '/Temp' is outside repository
[2018.10.08-19.37.44:317][ 52]Cmd: OBJ SAVEPACKAGE PACKAGE="/Game/Blueprints/Character_Blueprint" FILE="../../../../../Github/climb-summit/TheSummit/Content/Blueprints/Character_Blueprint.uasset" SILENT=true
[2018.10.08-19.37.44:423][ 52]LogSavePackage: Moving '../../../../../Github/climb-summit/TheSummit/Saved/Character_BlueprintE540B3A8496DBFA28D3AFDA95AAF147A.tmp' to '../../../../../Github/climb-summit/TheSummit/Content/Blueprints/Character_Blueprint.uasset'
[2018.10.08-19.37.45:433][155]Cmd: OBJ SAVEPACKAGE PACKAGE="/Game/Blueprints/Hand_Blueprint" FILE="../../../../../Github/climb-summit/TheSummit/Content/Blueprints/Hand_Blueprint.uasset" SILENT=true
[2018.10.08-19.37.45:496][155]LogSavePackage: Moving '../../../../../Github/climb-summit/TheSummit/Saved/Hand_Blueprint5A29BA634B15F93B9D7072B20CFB4CC6.tmp' to '../../../../../Github/climb-summit/TheSummit/Content/Blueprints/Hand_Blueprint.uasset'
[2018.10.08-19.37.46:762][287]Cmd: OBJ SAVEPACKAGE PACKAGE="/Game/Blueprints/Hatchet_Blueprint" FILE="../../../../../Github/climb-summit/TheSummit/Content/Blueprints/Hatchet_Blueprint.uasset" SILENT=true
[2018.10.08-19.37.46:808][287]LogSavePackage: Moving '../../../../../Github/climb-summit/TheSummit/Saved/Hatchet_BlueprintED51BB944A9C062D8E5D1CADF8E167CB.tmp' to '../../../../../Github/climb-summit/TheSummit/Content/Blueprints/Hatchet_Blueprint.uasset'
[2018.10.08-19.37.48:087][432]SourceControl: fatal: /Temp: '/Temp' is outside repository
[2018.10.08-19.37.49:796][432]LogSlate: Window 'Save Level As' being destroyed
[2018.10.08-19.37.49:853][438]SourceControl: fatal: /Temp: '/Temp' is outside repository
[2018.10.08-19.37.50:767][541]SourceControl: fatal: /Temp: '/Temp' is outside repository
[2018.10.08-19.37.52:594][541]LogSlate: Window 'Save Level As' being destroyed
[2018.10.08-19.37.52:650][547]SourceControl: fatal: /Temp: '/Temp' is outside repository
[2018.10.08-19.37.54:007][700]LogAssetEditorManager: Opening Asset editor for Blueprint /Game/Blueprints/Tree_Blueprint.Tree_Blueprint
[2018.10.08-19.37.55:966][870]BlueprintLog: New page: Compile Tree_Blueprint
[2018.10.08-19.37.56:774][930]LogSlate: Window 'Tree_Blueprint' being destroyed
[2018.10.08-19.38.04:901][863]LogSlate: Window 'TheSummit - Unreal Editor' being destroyed
[2018.10.08-19.38.04:901][863]LogWindowsTextInputMethodSystem: Display: IME system now deactivated.
[2018.10.08-19.38.05:108][864]Cmd: QUIT_EDITOR
[2018.10.08-19.38.05:217][864]LogExit: Preparing to exit.
[2018.10.08-19.38.06:567][864]LogExit: Editor shut down
[2018.10.08-19.38.06:571][864]LogExit: Transaction tracking system shut down
[2018.10.08-19.38.07:485][864]LogExit: Object subsystem successfully closed.
[2018.10.08-19.38.07:565][864]LogShaderCompilers: Display: Shaders left to compile 0
[2018.10.08-19.38.07:587][864]LogD3D11RHI: Shutdown
[2018.10.08-19.38.07:587][864]LogD3D11RHI: CleanupD3DDevice
[2018.10.08-19.38.07:589][864]LogD3D11RHI: ~FD3D11DynamicRHI
[2018.10.08-19.38.07:954][864]LogModuleManager: Shutting down and abandoning module HierarchicalLODUtilities (612)
[2018.10.08-19.38.07:954][864]LogModuleManager: Shutting down and abandoning module BlueprintGraph (610)
[2018.10.08-19.38.07:954][864]LogModuleManager: Shutting down and abandoning module HierarchicalLODOutliner (608)
[2018.10.08-19.38.07:954][864]LogModuleManager: Shutting down and abandoning module SceneOutliner (606)
[2018.10.08-19.38.07:954][864]LogModuleManager: Shutting down and abandoning module AddContentDialog (604)
[2018.10.08-19.38.07:955][864]LogModuleManager: Shutting down and abandoning module WidgetCarousel (603)
[2018.10.08-19.38.07:955][864]LogModuleManager: Shutting down and abandoning module EditorWidgets (600)
[2018.10.08-19.38.07:955][864]LogModuleManager: Shutting down and abandoning module CollectionManager (598)
[2018.10.08-19.38.07:955][864]LogModuleManager: Shutting down and abandoning module FoliageEdit (596)
[2018.10.08-19.38.07:955][864]LogModuleManager: Shutting down and abandoning module LandscapeEditor (594)
[2018.10.08-19.38.07:972][864]LogModuleManager: Shutting down and abandoning module MeshPaintMode (592)
[2018.10.08-19.38.07:972][864]LogModuleManager: Shutting down and abandoning module SceneDepthPickerMode (590)
[2018.10.08-19.38.07:972][864]LogModuleManager: Shutting down and abandoning module ActorPickerMode (588)
[2018.10.08-19.38.07:972][864]LogModuleManager: Shutting down and abandoning module GeometryMode (586)
[2018.10.08-19.38.07:972][864]LogModuleManager: Shutting down and abandoning module TextureAlignMode (584)
[2018.10.08-19.38.07:972][864]LogModuleManager: Shutting down and abandoning module BspMode (582)
[2018.10.08-19.38.07:972][864]LogModuleManager: Shutting down and abandoning module PIEPreviewDeviceProfileSelector (580)
[2018.10.08-19.38.07:972][864]LogModuleManager: Shutting down and abandoning module SequenceRecorderSections (578)
[2018.10.08-19.38.07:972][864]LogModuleManager: Shutting down and abandoning module AutomationWorker (576)
[2018.10.08-19.38.07:972][864]LogModuleManager: Shutting down and abandoning module AudioCaptureEditor (574)
[2018.10.08-19.38.07:972][864]LogModuleManager: Shutting down and abandoning module SequenceRecorder (573)
[2018.10.08-19.38.07:972][864]LogModuleManager: Shutting down and abandoning module MatineeToLevelSequence (570)
[2018.10.08-19.38.07:972][864]LogModuleManager: Shutting down and abandoning module LevelSequenceEditor (568)
[2018.10.08-19.38.07:986][864]LogModuleManager: Shutting down and abandoning module PlacementMode (567)
[2018.10.08-19.38.07:987][864]LogModuleManager: Shutting down and abandoning module MaterialEditor (566)
[2018.10.08-19.38.08:013][864]LogModuleManager: Shutting down and abandoning module WmfMediaFactory (562)
[2018.10.08-19.38.08:013][864]LogModuleManager: Shutting down and abandoning module WmfMediaEditor (560)
[2018.10.08-19.38.08:013][864]LogModuleManager: Shutting down and abandoning module MediaPlayerEditor (558)
[2018.10.08-19.38.08:013][864]LogModuleManager: Shutting down and abandoning module OpenExrWrapper (556)
[2018.10.08-19.38.08:013][864]LogModuleManager: Shutting down and abandoning module ImgMediaFactory (554)
[2018.10.08-19.38.08:013][864]LogModuleManager: Shutting down and abandoning module ImgMediaEditor (552)
[2018.10.08-19.38.08:013][864]LogModuleManager: Shutting down and abandoning module AvfMediaFactory (550)
[2018.10.08-19.38.08:013][864]LogModuleManager: Shutting down and abandoning module AvfMediaEditor (548)
[2018.10.08-19.38.08:014][864]LogModuleManager: Shutting down and abandoning module AndroidMediaFactory (546)
[2018.10.08-19.38.08:014][864]LogModuleManager: Shutting down and abandoning module AndroidMediaEditor (544)
[2018.10.08-19.38.08:014][864]LogModuleManager: Shutting down and abandoning module MagicLeapCameraPreviewFactory (542)
[2018.10.08-19.38.08:014][864]LogModuleManager: Shutting down and abandoning module MagicLeapMediaFactory (540)
[2018.10.08-19.38.08:014][864]LogModuleManager: Shutting down and abandoning module MagicLeapMediaEditor (538)
[2018.10.08-19.38.08:014][864]LogModuleManager: Shutting down and abandoning module CharacterAI (536)
[2018.10.08-19.38.08:014][864]LogModuleManager: Shutting down and abandoning module SmartSnapping (534)
[2018.10.08-19.38.08:014][864]LogModuleManager: Shutting down and abandoning module SessionServices (532)
[2018.10.08-19.38.08:014][864]LogModuleManager: Shutting down and abandoning module ViewportSnapping (530)
[2018.10.08-19.38.08:014][864]LogModuleManager: Shutting down and abandoning module ViewportInteraction (528)
[2018.10.08-19.38.08:022][864]LogModuleManager: Shutting down and abandoning module ClothPainter (526)
[2018.10.08-19.38.08:022][864]LogModuleManager: Shutting down and abandoning module SkeletalMeshEditor (525)
[2018.10.08-19.38.08:035][864]LogModuleManager: Shutting down and abandoning module LogVisualizer (522)
[2018.10.08-19.38.08:048][864]LogModuleManager: Shutting down and abandoning module IntroTutorials (520)
[2018.10.08-19.38.08:049][864]LogModuleManager: Shutting down and abandoning module GameProjectGeneration (519)
[2018.10.08-19.38.08:052][864]LogModuleManager: Shutting down and abandoning module LuminPlatformEditor (516)
[2018.10.08-19.38.08:052][864]LogModuleManager: Shutting down and abandoning module IOSPlatformEditor (514)
[2018.10.08-19.38.08:052][864]LogModuleManager: Shutting down and abandoning module HTML5PlatformEditor (512)
[2018.10.08-19.38.08:052][864]LogModuleManager: Shutting down and abandoning module AndroidPlatformEditor (510)
[2018.10.08-19.38.08:052][864]LogModuleManager: Shutting down and abandoning module AndroidDeviceDetection (509)
[2018.10.08-19.38.08:921][864]LogModuleManager: Shutting down and abandoning module WindowsPlatformEditor (506)
[2018.10.08-19.38.08:921][864]LogModuleManager: Shutting down and abandoning module LuminRuntimeSettings (504)
[2018.10.08-19.38.08:921][864]LogModuleManager: Shutting down and abandoning module IOSRuntimeSettings (502)
[2018.10.08-19.38.08:921][864]LogModuleManager: Shutting down and abandoning module AndroidRuntimeSettings (500)
[2018.10.08-19.38.08:921][864]LogModuleManager: Shutting down and abandoning module InputBindingEditor (498)
[2018.10.08-19.38.08:944][864]LogModuleManager: Shutting down and abandoning module MergeActors (496)
[2018.10.08-19.38.08:944][864]LogModuleManager: Shutting down and abandoning module LocalizationDashboard (494)
[2018.10.08-19.38.08:945][864]LogModuleManager: Shutting down and abandoning module LocalizationService (493)
[2018.10.08-19.38.08:945][864]LogModuleManager: Shutting down and abandoning module HardwareTargeting (490)
[2018.10.08-19.38.08:945][864]LogModuleManager: Shutting down and abandoning module DeviceProfileEditor (488)
[2018.10.08-19.38.08:945][864]LogModuleManager: Shutting down and abandoning module UndoHistory (486)
[2018.10.08-19.38.08:945][864]LogModuleManager: Shutting down and abandoning module XmlParser (484)
[2018.10.08-19.38.08:945][864]LogModuleManager: Shutting down and abandoning module Blutility (482)
[2018.10.08-19.38.08:945][864]LogModuleManager: Shutting down and abandoning module ProjectSettingsViewer (480)
[2018.10.08-19.38.08:945][864]LogModuleManager: Shutting down and abandoning module ProjectTargetPlatformEditor (479)
[2018.10.08-19.38.08:945][864]LogModuleManager: Shutting down and abandoning module EditorSettingsViewer (476)
[2018.10.08-19.38.08:945][864]LogModuleManager: Shutting down and abandoning module SettingsEditor (474)
[2018.10.08-19.38.08:945][864]LogModuleManager: Shutting down and abandoning module ProjectLauncher (472)
[2018.10.08-19.38.08:956][864]LogModuleManager: Shutting down and abandoning module SessionFrontend (470)
[2018.10.08-19.38.08:956][864]LogModuleManager: Shutting down and abandoning module ProfilerClient (468)
[2018.10.08-19.38.08:984][864]LogModuleManager: Shutting down and abandoning module DeviceManager (466)
[2018.10.08-19.38.08:984][864]LogModuleManager: Shutting down and abandoning module TargetDeviceServices (465)
[2018.10.08-19.38.09:050][864]LogModuleManager: Shutting down and abandoning module AutomationController (462)
[2018.10.08-19.38.09:050][864]LogModuleManager: Shutting down and abandoning module AutomationWindow (460)
[2018.10.08-19.38.09:067][864]LogModuleManager: Shutting down and abandoning module Layers (458)
[2018.10.08-19.38.09:101][864]LogModuleManager: Shutting down and abandoning module ComponentVisualizers (456)
[2018.10.08-19.38.09:101][864]LogModuleManager: Shutting down and abandoning module DetailCustomizations (454)
[2018.10.08-19.38.09:101][864]LogModuleManager: Shutting down and abandoning module PackagesDialog (452)
[2018.10.08-19.38.09:101][864]LogModuleManager: Shutting down and abandoning module Persona (450)
[2018.10.08-19.38.09:125][864]LogModuleManager: Shutting down and abandoning module AdvancedPreviewScene (449)
[2018.10.08-19.38.09:125][864]LogModuleManager: Shutting down and abandoning module AnimGraph (447)
[2018.10.08-19.38.09:125][864]LogModuleManager: Shutting down and abandoning module Kismet (444)
[2018.10.08-19.38.09:130][864]LogModuleManager: Shutting down and abandoning module GraphEditor (442)
[2018.10.08-19.38.09:130][864]LogModuleManager: Shutting down and abandoning module ClassViewer (440)
[2018.10.08-19.38.09:130][864]LogModuleManager: Shutting down and abandoning module Toolbox (438)
[2018.10.08-19.38.09:130][864]LogModuleManager: Shutting down and abandoning module ModuleUI (436)
[2018.10.08-19.38.09:140][864]LogModuleManager: Shutting down and abandoning module MovieSceneTools (434)
[2018.10.08-19.38.09:140][864]LogModuleManager: Shutting down and abandoning module OutputLog (432)
[2018.10.08-19.38.09:140][864]LogModuleManager: Shutting down and abandoning module GammaUI (430)
[2018.10.08-19.38.09:147][864]LogModuleManager: Shutting down and abandoning module Documentation (428)
[2018.10.08-19.38.09:147][864]LogModuleManager: Shutting down and abandoning module MovieSceneTracks (426)
[2018.10.08-19.38.09:158][864]LogModuleManager: Shutting down and abandoning module MovieScene (424)
[2018.10.08-19.38.09:158][864]LogModuleManager: Shutting down and abandoning module StreamingPauseRendering (422)
[2018.10.08-19.38.09:158][864]LogModuleManager: Shutting down and abandoning module LauncherPlatform (420)
[2018.10.08-19.38.09:158][864]LogModuleManager: Shutting down and abandoning module AnalyticsET (418)
[2018.10.08-19.38.09:158][864]LogModuleManager: Shutting down and abandoning module PortalServices (416)
[2018.10.08-19.38.09:158][864]LogModuleManager: Shutting down and abandoning module PortalRpc (414)
[2018.10.08-19.38.09:158][864]LogModuleManager: Shutting down and abandoning module MessagingRpc (412)
[2018.10.08-19.38.09:158][864]LogModuleManager: Shutting down and abandoning module AIModule (410)
[2018.10.08-19.38.09:158][864]LogModuleManager: Shutting down and abandoning module GameplayDebugger (409)
[2018.10.08-19.38.09:158][864]LogModuleManager: Shutting down and abandoning module AITestSuite (407)
[2018.10.08-19.38.09:159][864]LogModuleManager: Shutting down and abandoning module NavigationSystem (405)
[2018.10.08-19.38.09:159][864]LogModuleManager: Shutting down and abandoning module DesktopPlatform (402)
[2018.10.08-19.38.09:159][864]LogModuleManager: Shutting down and abandoning module ProfilerService (400)
[2018.10.08-19.38.09:232][864]LogModuleManager: Shutting down and abandoning module TaskGraph (398)
[2018.10.08-19.38.09:232][864]LogModuleManager: Shutting down and abandoning module SteamVRController (396)
[2018.10.08-19.38.09:232][864]LogModuleManager: Shutting down and abandoning module ProceduralMeshComponentEditor (394)
[2018.10.08-19.38.09:232][864]LogModuleManager: Shutting down and abandoning module ProceduralMeshComponent (392)
[2018.10.08-19.38.09:232][864]LogModuleManager: Shutting down and abandoning module OculusInput (390)
[2018.10.08-19.38.09:232][864]LogModuleManager: Shutting down and abandoning module MobilePatchingUtils (388)
[2018.10.08-19.38.09:232][864]LogModuleManager: Shutting down and abandoning module EditableMesh (386)
[2018.10.08-19.38.09:232][864]LogModuleManager: Shutting down and abandoning module CustomMeshComponent (384)
[2018.10.08-19.38.09:232][864]LogModuleManager: Shutting down and abandoning module CableComponent (382)
[2018.10.08-19.38.09:232][864]LogModuleManager: Shutting down and abandoning module AudioCapture (380)
[2018.10.08-19.38.09:232][864]LogModuleManager: Shutting down and abandoning module ArchVisCharacter (378)
[2018.10.08-19.38.09:232][864]LogModuleManager: Shutting down and abandoning module AndroidPermission (376)
[2018.10.08-19.38.09:232][864]LogModuleManager: Shutting down and abandoning module NUTUnrealEngine4 (374)
[2018.10.08-19.38.09:232][864]LogModuleManager: Shutting down and abandoning module NetcodeUnitTest (372)
[2018.10.08-19.38.09:254][864]LogModuleManager: Shutting down and abandoning module MediaCompositingEditor (370)
[2018.10.08-19.38.09:254][864]LogModuleManager: Shutting down and abandoning module MediaCompositing (368)
[2018.10.08-19.38.09:254][864]LogModuleManager: Shutting down and abandoning module LinearTimecode (366)
[2018.10.08-19.38.09:254][864]LogModuleManager: Shutting down and abandoning module ImgMedia (364)
[2018.10.08-19.38.09:270][864]LogModuleManager: Shutting down and abandoning module HTML5Networking (362)
[2018.10.08-19.38.09:270][864]LogModuleManager: Shutting down and abandoning module GeometryCacheTracks (360)
[2018.10.08-19.38.09:270][864]LogModuleManager: Shutting down and abandoning module GeometryCacheSequencer (358)
[2018.10.08-19.38.09:270][864]LogModuleManager: Shutting down and abandoning module BackChannel (356)
[2018.10.08-19.38.09:276][864]LogModuleManager: Shutting down and abandoning module AppleVision (354)
[2018.10.08-19.38.09:276][864]LogModuleManager: Shutting down and abandoning module AppleImageUtils (352)
[2018.10.08-19.38.09:276][864]LogModuleManager: Shutting down and abandoning module AlembicImporter (350)
[2018.10.08-19.38.09:276][864]LogModuleManager: Shutting down and abandoning module AlembicLibrary (349)
[2018.10.08-19.38.09:276][864]LogModuleManager: Shutting down and abandoning module GeometryCache (348)
[2018.10.08-19.38.09:276][864]LogModuleManager: Shutting down and abandoning module GeometryCacheEd (347)
[2018.10.08-19.38.09:276][864]LogModuleManager: Shutting down and abandoning module DatasmithContentEditor (342)
[2018.10.08-19.38.09:276][864]LogModuleManager: Shutting down and abandoning module DatasmithContent (340)
[2018.10.08-19.38.09:277][864]LogModuleManager: Shutting down and abandoning module SpeedTreeImporter (338)
[2018.10.08-19.38.09:277][864]LogModuleManager: Shutting down and abandoning module PluginBrowser (336)
[2018.10.08-19.38.09:304][864]LogModuleManager: Shutting down and abandoning module MobileLauncherProfileWizard (334)
[2018.10.08-19.38.09:310][864]LogModuleManager: Shutting down and abandoning module PolygonModeling (332)
[2018.10.08-19.38.09:310][864]LogModuleManager: Shutting down and abandoning module MeshEditor (330)
[2018.10.08-19.38.09:310][864]LogModuleManager: Shutting down and abandoning module CryptoKeysOpenSSL (328)
[2018.10.08-19.38.09:310][864]LogModuleManager: Shutting down and abandoning module CryptoKeys (326)
[2018.10.08-19.38.09:310][864]LogModuleManager: Shutting down and abandoning module VisualStudioSourceCodeAccess (324)
[2018.10.08-19.38.09:310][864]LogModuleManager: Shutting down and abandoning module VisualStudioCodeSourceCodeAccess (322)
[2018.10.08-19.38.09:310][864]LogModuleManager: Shutting down and abandoning module UObjectPlugin (320)
[2018.10.08-19.38.09:310][864]LogModuleManager: Shutting down and abandoning module SubversionSourceControl (318)
[2018.10.08-19.38.09:310][864]LogModuleManager: Shutting down and abandoning module PerforceSourceControl (316)
[2018.10.08-19.38.09:328][864]LogModuleManager: Shutting down and abandoning module GitSourceControl (314)
[2018.10.08-19.38.09:328][864]LogModuleManager: Shutting down and abandoning module SourceControl (313)
[2018.10.08-19.38.09:328][864]LogModuleManager: Shutting down and abandoning module CLionSourceCodeAccess (310)
[2018.10.08-19.38.09:328][864]LogModuleManager: Shutting down and abandoning module LightPropagationVolumeEditor (308)
[2018.10.08-19.38.09:328][864]LogModuleManager: Shutting down and abandoning module PaperTiledImporter (306)
[2018.10.08-19.38.09:328][864]LogModuleManager: Shutting down and abandoning module PaperSpriteSheetImporter (304)
[2018.10.08-19.38.09:328][864]LogModuleManager: Shutting down and abandoning module Paper2DEditor (302)
[2018.10.08-19.38.09:340][864]LogModuleManager: Shutting down and abandoning module MeshPaint (301)
[2018.10.08-19.38.09:341][864]LogModuleManager: Shutting down and abandoning module RuntimePhysXCooking (298)
[2018.10.08-19.38.09:341][864]LogModuleManager: Shutting down and abandoning module PhysXVehiclesEditor (296)
[2018.10.08-19.38.09:341][864]LogModuleManager: Shutting down and abandoning module PhysXVehicles (294)
[2018.10.08-19.38.09:341][864]LogModuleManager: Shutting down and abandoning module OculusEditor (292)
[2018.10.08-19.38.09:341][864]LogModuleManager: Shutting down and abandoning module LocationServicesBPLibrary (290)
[2018.10.08-19.38.09:341][864]LogModuleManager: Shutting down and abandoning module ImmediatePhysicsEditor (288)
[2018.10.08-19.38.09:341][864]LogModuleManager: Shutting down and abandoning module ImmediatePhysics (286)
[2018.10.08-19.38.09:341][864]LogModuleManager: Shutting down and abandoning module ActorSequence (284)
[2018.10.08-19.38.09:341][864]LogModuleManager: Shutting down and abandoning module UdpMessaging (282)
[2018.10.08-19.38.09:442][864]LogModuleManager: Shutting down and abandoning module TcpMessaging (280)
[2018.10.08-19.38.09:543][864]LogModuleManager: Shutting down and abandoning module MagicLeapAudio (278)
[2018.10.08-19.38.09:543][864]LogModuleManager: Shutting down and abandoning module GameplayTagsEditor (276)
[2018.10.08-19.38.09:553][864]LogModuleManager: Shutting down and abandoning module FacialAnimationEditor (274)
[2018.10.08-19.38.09:553][864]LogModuleManager: Shutting down and abandoning module FacialAnimation (272)
[2018.10.08-19.38.09:553][864]LogModuleManager: Shutting down and abandoning module DataValidation (270)
[2018.10.08-19.38.09:553][864]LogModuleManager: Shutting down and abandoning module AssetManagerEditor (268)
[2018.10.08-19.38.09:593][864]LogModuleManager: Shutting down and abandoning module LevelEditor (267)
[2018.10.08-19.38.09:594][864]LogModuleManager: Shutting down and abandoning module PixelInspectorModule (266)
[2018.10.08-19.38.09:594][864]LogModuleManager: Shutting down and abandoning module CommonMenuExtensions (264)
[2018.10.08-19.38.09:594][864]LogModuleManager: Shutting down and abandoning module MainFrame (262)
[2018.10.08-19.38.09:594][864]LogModuleManager: Shutting down and abandoning module HotReload (261)
[2018.10.08-19.38.09:594][864]LogModuleManager: Shutting down and abandoning module ContentBrowser (257)
[2018.10.08-19.38.09:596][864]LogModuleManager: Shutting down and abandoning module TreeMap (255)
[2018.10.08-19.38.09:596][864]LogModuleManager: Shutting down and abandoning module LightPropagationVolumeRuntime (252)
[2018.10.08-19.38.09:596][864]LogModuleManager: Shutting down and abandoning module AISupportModule (250)
[2018.10.08-19.38.09:596][864]LogModuleManager: Shutting down and abandoning module Paper2D (248)
[2018.10.08-19.38.09:596][864]LogModuleManager: Shutting down and abandoning module WindowsMoviePlayer (246)
[2018.10.08-19.38.09:596][864]LogModuleManager: Shutting down and abandoning module WmfMedia (244)
[2018.10.08-19.38.09:628][864]LogModuleManager: Shutting down and abandoning module Media (243)
[2018.10.08-19.38.09:634][864]LogModuleManager: Shutting down and abandoning module PacketHandler (240)
[2018.10.08-19.38.09:634][864]LogModuleManager: Shutting down and abandoning module ClothingSystemEditor (238)
[2018.10.08-19.38.09:634][864]LogModuleManager: Shutting down and abandoning module ClothingSystemRuntime (236)
[2018.10.08-19.38.09:655][864]LogModuleManager: Shutting down and abandoning module MediaAssets (234)
[2018.10.08-19.38.09:655][864]LogModuleManager: Shutting down and abandoning module Overlay (232)
[2018.10.08-19.38.09:655][864]LogModuleManager: Shutting down and abandoning module OverlayEditor (231)
[2018.10.08-19.38.09:655][864]LogModuleManager: Shutting down and abandoning module VREditor (228)
[2018.10.08-19.38.09:675][864]LogModuleManager: Shutting down and abandoning module StringTableEditor (226)
[2018.10.08-19.38.09:682][864]LogModuleManager: Shutting down and abandoning module GameplayTasksEditor (224)
[2018.10.08-19.38.09:682][864]LogModuleManager: Shutting down and abandoning module BehaviorTreeEditor (222)
[2018.10.08-19.38.09:691][864]LogModuleManager: Shutting down and abandoning module FunctionalTesting (220)
[2018.10.08-19.38.09:691][864]LogModuleManager: Shutting down and abandoning module CollisionAnalyzer (218)
[2018.10.08-19.38.09:691][864]LogModuleManager: Shutting down and abandoning module WorkspaceMenuStructure (217)
[2018.10.08-19.38.09:691][864]LogModuleManager: Shutting down and abandoning module UMG (214)
[2018.10.08-19.38.09:702][864]LogModuleManager: Shutting down and abandoning module UMGEditor (213)
[2018.10.08-19.38.09:740][864]LogModuleManager: Shutting down and abandoning module Sequencer (212)
[2018.10.08-19.38.09:774][864]LogModuleManager: Shutting down and abandoning module MessageLog (209)
[2018.10.08-19.38.09:774][864]LogModuleManager: Shutting down and abandoning module SlateReflector (204)
[2018.10.08-19.38.09:811][864]LogModuleManager: Shutting down and abandoning module Slate (202)
[2018.10.08-19.38.09:811][864]LogModuleManager: Shutting down and abandoning module EditorStyle (200)
[2018.10.08-19.38.09:813][864]LogModuleManager: Shutting down and abandoning module MRMesh (198)
[2018.10.08-19.38.09:813][864]LogModuleManager: Shutting down and abandoning module SourceCodeAccess (196)
[2018.10.08-19.38.09:813][864]LogModuleManager: Shutting down and abandoning module HeadMountedDisplay (194)
[2018.10.08-19.38.09:813][864]LogModuleManager: Shutting down and abandoning module XAudio2 (192)
[2018.10.08-19.38.09:813][864]LogModuleManager: Shutting down and abandoning module Networking (190)
[2018.10.08-19.38.09:813][864]LogModuleManager: Shutting down and abandoning module Core (188)
[2018.10.08-19.38.09:813][864]LogModuleManager: Shutting down and abandoning module LevelSequence (186)
[2018.10.08-19.38.09:813][864]LogModuleManager: Shutting down and abandoning module KismetCompiler (184)
[2018.10.08-19.38.09:813][864]LogModuleManager: Shutting down and abandoning module MeshUtilities (182)
[2018.10.08-19.38.09:813][864]LogModuleManager: Shutting down and abandoning module MeshMergeUtilities (181)
[2018.10.08-19.38.09:813][864]LogModuleManager: Shutting down and abandoning module MeshReductionInterface (180)
[2018.10.08-19.38.09:813][864]LogModuleManager: Shutting down and abandoning module SimplygonSwarm (179)
[2018.10.08-19.38.09:828][864]LogModuleManager: Shutting down and abandoning module ProxyLODMeshReduction (177)
[2018.10.08-19.38.09:842][864]LogModuleManager: Shutting down and abandoning module SimplygonMeshReduction (175)
[2018.10.08-19.38.09:842][864]LogModuleManager: Shutting down and abandoning module QuadricMeshReduction (173)
[2018.10.08-19.38.09:854][864]LogModuleManager: Shutting down and abandoning module MaterialBaking (169)
[2018.10.08-19.38.09:854][864]LogModuleManager: Shutting down and abandoning module DirectoryWatcher (165)
[2018.10.08-19.38.09:854][864]LogModuleManager: Shutting down and abandoning module DerivedDataCache (162)
[2018.10.08-19.38.09:949][864]LogDerivedDataCache: Shutdown
[2018.10.08-19.38.09:949][864]LogModuleManager: Shutting down and abandoning module XGEController (160)
[2018.10.08-19.38.09:949][864]LogXGEController: Cleaning working directory: C:/Users/aliha/AppData/Local/Temp/UnrealXGEWorkingDir/
[2018.10.08-19.38.09:949][864]LogModuleManager: Shutting down and abandoning module TargetPlatform (158)
[2018.10.08-19.38.09:949][864]LogModuleManager: Shutting down and abandoning module VulkanShaderFormat (157)
[2018.10.08-19.38.09:950][864]LogModuleManager: Shutting down and abandoning module ShaderFormatVectorVM (155)
[2018.10.08-19.38.09:950][864]LogModuleManager: Shutting down and abandoning module ShaderFormatOpenGL (153)
[2018.10.08-19.38.09:968][864]LogModuleManager: Shutting down and abandoning module ShaderFormatD3D (151)
[2018.10.08-19.38.09:968][864]LogModuleManager: Shutting down and abandoning module MetalShaderFormat (149)
[2018.10.08-19.38.09:974][864]LogModuleManager: Shutting down and abandoning module TextureFormatUncompressed (147)
[2018.10.08-19.38.09:974][864]LogModuleManager: Shutting down and abandoning module TextureFormatPVR (145)
[2018.10.08-19.38.09:974][864]LogModuleManager: Shutting down and abandoning module TextureFormatDXT (143)
[2018.10.08-19.38.09:974][864]LogModuleManager: Shutting down and abandoning module TextureFormatIntelISPCTexComp (141)
[2018.10.08-19.38.09:974][864]LogModuleManager: Shutting down and abandoning module TextureFormatASTC (139)
[2018.10.08-19.38.09:974][864]LogModuleManager: Shutting down and abandoning module ImageWrapper (138)
[2018.10.08-19.38.09:974][864]LogModuleManager: Shutting down and abandoning module TextureFormatAndroid (135)
[2018.10.08-19.38.09:974][864]LogModuleManager: Shutting down and abandoning module AudioFormatOpus (133)
[2018.10.08-19.38.09:974][864]LogModuleManager: Shutting down and abandoning module AudioFormatOgg (131)
[2018.10.08-19.38.09:974][864]LogModuleManager: Shutting down and abandoning module AudioFormatADPCM (129)
[2018.10.08-19.38.09:974][864]LogModuleManager: Shutting down and abandoning module LuminTargetPlatform (127)
[2018.10.08-19.38.09:974][864]LogModuleManager: Shutting down and abandoning module LinuxTargetPlatform (125)
[2018.10.08-19.38.09:974][864]LogModuleManager: Shutting down and abandoning module LinuxServerTargetPlatform (123)
[2018.10.08-19.38.09:974][864]LogModuleManager: Shutting down and abandoning module LinuxNoEditorTargetPlatform (121)
[2018.10.08-19.38.09:975][864]LogModuleManager: Shutting down and abandoning module LinuxClientTargetPlatform (119)
[2018.10.08-19.38.09:975][864]LogModuleManager: Shutting down and abandoning module TVOSTargetPlatform (117)
[2018.10.08-19.38.09:976][864]LogModuleManager: Shutting down and abandoning module Messaging (115)
[2018.10.08-19.38.09:976][864]LogModuleManager: Shutting down and abandoning module IOSTargetPlatform (113)
[2018.10.08-19.38.09:977][864]LogModuleManager: Shutting down and abandoning module HTML5TargetPlatform (111)
[2018.10.08-19.38.09:977][864]LogModuleManager: Shutting down and abandoning module AndroidTargetPlatform (109)
[2018.10.08-19.38.09:986][864]LogModuleManager: Shutting down and abandoning module WindowsTargetPlatform (107)
[2018.10.08-19.38.09:986][864]LogModuleManager: Shutting down and abandoning module WindowsServerTargetPlatform (105)
[2018.10.08-19.38.09:986][864]LogModuleManager: Shutting down and abandoning module WindowsNoEditorTargetPlatform (103)
[2018.10.08-19.38.09:986][864]LogModuleManager: Shutting down and abandoning module WindowsClientTargetPlatform (101)
[2018.10.08-19.38.09:986][864]LogModuleManager: Shutting down and abandoning module MacTargetPlatform (99)
[2018.10.08-19.38.09:987][864]LogModuleManager: Shutting down and abandoning module MacServerTargetPlatform (97)
[2018.10.08-19.38.09:987][864]LogModuleManager: Shutting down and abandoning module MacNoEditorTargetPlatform (95)
[2018.10.08-19.38.09:987][864]LogModuleManager: Shutting down and abandoning module MacClientTargetPlatform (93)
[2018.10.08-19.38.09:987][864]LogModuleManager: Shutting down and abandoning module AllDesktopTargetPlatform (91)
[2018.10.08-19.38.09:987][864]LogModuleManager: Shutting down and abandoning module InputCore (88)
[2018.10.08-19.38.09:987][864]LogModuleManager: Shutting down and abandoning module Settings (86)
[2018.10.08-19.38.09:987][864]LogModuleManager: Shutting down and abandoning module PhysXCooking (84)
[2018.10.08-19.38.09:987][864]LogModuleManager: Shutting down and abandoning module SteamVR (82)
[2018.10.08-19.38.09:987][864]LogModuleManager: Shutting down and abandoning module OculusHMD (80)
[2018.10.08-19.38.09:987][864]LogModuleManager: Shutting down and abandoning module ExampleDeviceProfileSelector (78)
[2018.10.08-19.38.09:987][864]LogModuleManager: Shutting down and abandoning module LauncherChunkInstaller (76)
[2018.10.08-19.38.09:987][864]LogModuleManager: Shutting down and abandoning module OnlineBlueprintSupport (74)
[2018.10.08-19.38.09:987][864]LogModuleManager: Shutting down and abandoning module OnlineSubsystem (70)
[2018.10.08-19.38.10:038][864]LogModuleManager: Shutting down and abandoning module XMPP (65)
[2018.10.08-19.38.10:053][864]LogModuleManager: Shutting down and abandoning module WebSockets (64)
[2018.10.08-19.38.10:111][864]LogModuleManager: Shutting down and abandoning module HTTP (61)
[2018.10.08-19.38.10:111][864]LogHttp: Display: Http module shutting down, but needs to wait on 1 outstanding Http requests:
[2018.10.08-19.38.10:111][864]LogHttp: Display: 	verb=[POST] url=[https://datarouter.ol.epicgames.com/datarouter/api/v1/public/data?SessionID=%7B3FD66EEE-480A-BFE6-7F2F-34B65D292706%7D&AppID=UEEditor.Rocket.Release&AppVersion=4.20.1-4233996%2B%2B%2BUE4%2BRelease-4.20&UserID=23b803834a6e21c2335149ab046191d9%7C6a37eeab3d4f4c15b78733ca7c7e556d%7C902a0952-3a11-4de2-b10f-3626945c9d73&AppEnvironment=datacollector-binary&UploadType=eteventstream] status=Processing
[2018.10.08-19.38.10:141][864]LogModuleManager: Shutting down and abandoning module SSL (60)
[2018.10.08-19.38.10:143][864]LogModuleManager: Shutting down and abandoning module MagicLeapEmulator (56)
[2018.10.08-19.38.10:143][864]LogModuleManager: Shutting down and abandoning module MagicLeapPrivileges (54)
[2018.10.08-19.38.10:143][864]LogModuleManager: Shutting down and abandoning module MagicLeapIdentity (52)
[2018.10.08-19.38.10:143][864]LogModuleManager: Shutting down and abandoning module MagicLeapHelperVulkan (50)
[2018.10.08-19.38.10:143][864]LogModuleManager: Shutting down and abandoning module MagicLeapHelperOpenGL (48)
[2018.10.08-19.38.10:143][864]LogModuleManager: Shutting down and abandoning module MagicLeapSecureStorage (46)
[2018.10.08-19.38.10:143][864]LogModuleManager: Shutting down and abandoning module MagicLeapGestures (44)
[2018.10.08-19.38.10:143][864]LogModuleManager: Shutting down and abandoning module MagicLeapEyeTracker (42)
[2018.10.08-19.38.10:143][864]LogModuleManager: Shutting down and abandoning module MagicLeapController (40)
[2018.10.08-19.38.10:143][864]LogSlate: Slate User Destroyed.  User Index 0, Is Virtual User: 0
[2018.10.08-19.38.10:143][864]LogModuleManager: Shutting down and abandoning module MagicLeap (38)
[2018.10.08-19.38.10:143][864]LogModuleManager: Shutting down and abandoning module AnimationModifiers (36)
[2018.10.08-19.38.10:154][864]LogModuleManager: Shutting down and abandoning module PropertyEditor (35)
[2018.10.08-19.38.10:154][864]LogModuleManager: Shutting down and abandoning module AudioEditor (32)
[2018.10.08-19.38.10:161][864]LogModuleManager: Shutting down and abandoning module TextureCompressor (30)
[2018.10.08-19.38.10:161][864]LogModuleManager: Shutting down and abandoning module ShaderCore (28)
[2018.10.08-19.38.10:161][864]LogModuleManager: Shutting down and abandoning module Landscape (26)
[2018.10.08-19.38.10:161][864]LogModuleManager: Shutting down and abandoning module SlateRHIRenderer (24)
[2018.10.08-19.38.10:179][864]LogModuleManager: Shutting down and abandoning module OpenGLDrv (22)
[2018.10.08-19.38.10:227][864]LogModuleManager: Shutting down and abandoning module D3D11RHI (20)
[2018.10.08-19.38.10:227][864]LogModuleManager: Shutting down and abandoning module AnimGraphRuntime (18)
[2018.10.08-19.38.10:227][864]LogModuleManager: Shutting down and abandoning module Renderer (16)
[2018.10.08-19.38.10:227][864]LogModuleManager: Shutting down and abandoning module Engine (14)
[2018.10.08-19.38.10:227][864]LogModuleManager: Shutting down and abandoning module CoreUObject (12)
[2018.10.08-19.38.10:227][864]LogModuleManager: Shutting down and abandoning module NetworkFile (10)
[2018.10.08-19.38.10:227][864]LogModuleManager: Shutting down and abandoning module CookedIterativeFile (8)
[2018.10.08-19.38.10:227][864]LogModuleManager: Shutting down and abandoning module StreamingFile (6)
[2018.10.08-19.38.10:227][864]LogModuleManager: Shutting down and abandoning module SandboxFile (4)
[2018.10.08-19.38.10:227][864]LogModuleManager: Shutting down and abandoning module PakFile (2)
[2018.10.08-19.38.10:239][864]LogExit: Exiting.
[2018.10.08-19.38.10:242][864]Log file closed, 10/08/18 15:38:10
