Log file open, 10/07/18 13:21:18
LogWindows: Failed to load 'aqProf.dll' (GetLastError=126)
LogWindows: File 'aqProf.dll' does not exist
LogWindows: Failed to load 'VSPerf140.dll' (GetLastError=126)
LogWindows: File 'VSPerf140.dll' does not exist
LogWindows: Failed to load 'VtuneApi.dll' (GetLastError=126)
LogWindows: File 'VtuneApi.dll' does not exist
LogWindows: Failed to load 'VtuneApi32e.dll' (GetLastError=126)
LogWindows: File 'VtuneApi32e.dll' does not exist
LogInit: Display: Running engine for game: TheSummit
LogPlatformFile: Not using cached read wrapper
LogTaskGraph: Started task graph with 5 named threads and 47 total threads with 3 sets of task threads.
LogStats: Stats thread started at 13.506099
LogD3D11RHI: Loaded GFSDK_Aftermath_Lib.x64.dll
LogICUInternationalization: Display: ICU TimeZone Detection - Raw Offset: -5:00, Platform Override: ''
LogPluginManager: Mounting plugin Paper2D
LogPluginManager: Mounting plugin AISupport
LogPluginManager: Mounting plugin LightPropagationVolume
LogPluginManager: Mounting plugin CLionSourceCodeAccess
LogPluginManager: Mounting plugin CodeLiteSourceCodeAccess
LogPluginManager: Mounting plugin GitSourceControl
LogPluginManager: Mounting plugin KDevelopSourceCodeAccess
LogPluginManager: Mounting plugin NullSourceCodeAccess
LogPluginManager: Mounting plugin PerforceSourceControl
LogPluginManager: Mounting plugin SubversionSourceControl
LogPluginManager: Mounting plugin UObjectPlugin
LogPluginManager: Mounting plugin VisualStudioCodeSourceCodeAccess
LogPluginManager: Mounting plugin VisualStudioSourceCodeAccess
LogPluginManager: Mounting plugin XCodeSourceCodeAccess
LogPluginManager: Mounting plugin AssetManagerEditor
LogPluginManager: Mounting plugin CryptoKeys
LogPluginManager: Mounting plugin DataValidation
LogPluginManager: Mounting plugin FacialAnimation
LogPluginManager: Mounting plugin GameplayTagsEditor
LogPluginManager: Mounting plugin MacGraphicsSwitching
LogPluginManager: Mounting plugin MeshEditor
LogPluginManager: Mounting plugin MobileLauncherProfileWizard
LogPluginManager: Mounting plugin PluginBrowser
LogPluginManager: Mounting plugin SpeedTreeImporter
LogPluginManager: Mounting plugin DatasmithContent
LogPluginManager: Mounting plugin AlembicImporter
LogPluginManager: Mounting plugin AppleImageUtils
LogPluginManager: Mounting plugin AppleVision
LogPluginManager: Mounting plugin BackChannel
LogPluginManager: Mounting plugin CharacterAI
LogPluginManager: Mounting plugin GeometryCache
LogPluginManager: Mounting plugin HTML5Networking
LogPluginManager: Mounting plugin ProxyLODPlugin
LogPluginManager: Mounting plugin MagicLeap
LogPluginManager: Mounting plugin MagicLeapEmulator
LogPluginManager: Mounting plugin MagicLeapMedia
LogPluginManager: Mounting plugin AndroidMedia
LogPluginManager: Mounting plugin AvfMedia
LogPluginManager: Mounting plugin ImgMedia
LogPluginManager: Mounting plugin LinearTimecode
LogPluginManager: Mounting plugin MediaCompositing
LogPluginManager: Mounting plugin MediaPlayerEditor
LogPluginManager: Mounting plugin WmfMedia
LogPluginManager: Mounting plugin TcpMessaging
LogPluginManager: Mounting plugin UdpMessaging
LogPluginManager: Mounting plugin ActorSequence
LogPluginManager: Mounting plugin LevelSequenceEditor
LogPluginManager: Mounting plugin MatineeToLevelSequence
LogPluginManager: Mounting plugin NetcodeUnitTest
LogPluginManager: Mounting plugin NUTUnrealEngine4
LogPluginManager: Mounting plugin OnlineSubsystemGooglePlay
LogPluginManager: Mounting plugin OnlineSubsystemIOS
LogPluginManager: Mounting plugin OnlineSubsystem
LogPluginManager: Mounting plugin OnlineSubsystemNull
LogPluginManager: Mounting plugin OnlineSubsystemUtils
LogPluginManager: Mounting plugin LauncherChunkInstaller
LogPluginManager: Mounting plugin AndroidDeviceProfileSelector
LogPluginManager: Mounting plugin AndroidMoviePlayer
LogPluginManager: Mounting plugin AndroidPermission
LogPluginManager: Mounting plugin AppleMoviePlayer
LogPluginManager: Mounting plugin ArchVisCharacter
LogPluginManager: Mounting plugin AudioCapture
LogPluginManager: Mounting plugin CableComponent
LogPluginManager: Mounting plugin CustomMeshComponent
LogPluginManager: Mounting plugin EditableMesh
LogPluginManager: Mounting plugin ExampleDeviceProfileSelector
LogPluginManager: Mounting plugin GoogleCloudMessaging
LogPluginManager: Mounting plugin ImmediatePhysics
LogPluginManager: Mounting plugin IOSDeviceProfileSelector
LogPluginManager: Mounting plugin LinuxDeviceProfileSelector
LogPluginManager: Mounting plugin LocationServicesBPLibrary
LogPluginManager: Mounting plugin MobilePatchingUtils
LogPluginManager: Mounting plugin OculusVR
LogPluginManager: Plugin shader directory ../../../Engine/Plugins/Runtime/Oculus/OculusVR/Shaders found
LogPluginManager: Mapping shader source directory ../../../Engine/Plugins/Runtime/Oculus/OculusVR/Shaders to virtual directory /Plugin/OculusVR
LogPluginManager: Mounting plugin PhysXVehicles
LogPluginManager: Mounting plugin ProceduralMeshComponent
LogPluginManager: Mounting plugin RuntimePhysXCooking
LogPluginManager: Mounting plugin SteamVR
LogPluginManager: Mounting plugin WindowsMoviePlayer
LogStreaming: Display: Took  0.315s to configure plugins.
LogInit: Using libcurl 7.55.1-DEV
LogInit:  - built for x86_64-pc-win32
LogInit:  - supports SSL with OpenSSL/1.0.2h
LogInit:  - supports HTTP deflate (compression) using libz 1.2.8
LogInit:  - other features:
LogInit:      CURL_VERSION_SSL
LogInit:      CURL_VERSION_LIBZ
LogInit:      CURL_VERSION_IPV6
LogInit:      CURL_VERSION_ASYNCHDNS
LogInit:      CURL_VERSION_LARGEFILE
LogInit:      CURL_VERSION_IDN
LogInit:  CurlRequestOptions (configurable via config and command line):
LogInit:  - bVerifyPeer = false  - Libcurl will NOT verify peer certificate
LogInit:  - bUseHttpProxy = false  - Libcurl will NOT use HTTP proxy
LogInit:  - bDontReuseConnections = false  - Libcurl will reuse connections
LogInit:  - CertBundlePath = nullptr  - Libcurl will use whatever was configured at build time.
LogInit:  - MaxHostConnections = 16  - Libcurl will limit the number of connections to a host
LogInit:  - LocalHostAddr = Default
LogInit:  - BufferSize = 65536
LogInit: WinSock: version 1.1 (2.2), MaxSocks=32767, MaxUdp=65467
LogHMD: Failed initializing OVRPlugin 1.25.0
LogInit: Build: ++UE4+Release-4.20-CL-4233996
LogInit: Engine Version: 4.20.1-4233996+++UE4+Release-4.20
LogInit: Compatible Engine Version: 4.20.0-4212847+++UE4+Release-4.20
LogInit: Net CL: 4212847
LogInit: OS: Windows 10 (), CPU: AMD Ryzen 7 1700 Eight-Core Processor          , GPU: NVIDIA GeForce GTX 1080
LogInit: Compiled (64-bit): Jul 26 2018 10:07:30
LogInit: Compiled with Visual C++: 19.13.26129.00
LogInit: Build Configuration: Development
LogInit: Branch Name: ++UE4+Release-4.20
LogInit: Command Line:  
LogInit: Base Directory: D:/Unreal Engine/UE_4.20/Engine/Binaries/Win64/
LogInit: Installed Engine Build: 1
LogDevObjectVersion: Number of dev versions registered: 20
LogDevObjectVersion:   Dev-Blueprints (B0D832E4-1F89-4F0D-ACCF-7EB736FD4AA2): 10
LogDevObjectVersion:   Dev-Build (E1C64328-A22C-4D53-A36C-8E866417BD8C): 0
LogDevObjectVersion:   Dev-Core (375EC13C-06E4-48FB-B500-84F0262A717E): 2
LogDevObjectVersion:   Dev-Editor (E4B068ED-F494-42E9-A231-DA0B2E46BB41): 24
LogDevObjectVersion:   Dev-Framework (CFFC743F-43B0-4480-9391-14DF171D2073): 34
LogDevObjectVersion:   Dev-Mobile (B02B49B5-BB20-44E9-A304-32B752E40360): 2
LogDevObjectVersion:   Dev-Networking (A4E4105C-59A1-49B5-A7C5-40C4547EDFEE): 0
LogDevObjectVersion:   Dev-Online (39C831C9-5AE6-47DC-9A44-9C173E1C8E7C): 0
LogDevObjectVersion:   Dev-Physics (78F01B33-EBEA-4F98-B9B4-84EACCB95AA2): 0
LogDevObjectVersion:   Dev-Platform (6631380F-2D4D-43E0-8009-CF276956A95A): 0
LogDevObjectVersion:   Dev-Rendering (12F88B9F-8875-4AFC-A67C-D90C383ABD29): 26
LogDevObjectVersion:   Dev-Sequencer (7B5AE74C-D270-4C10-A958-57980B212A5A): 9
LogDevObjectVersion:   Dev-VR (D7296918-1DD6-4BDD-9DE2-64A83CC13884): 2
LogDevObjectVersion:   Dev-LoadTimes (C2A15278-BFE7-4AFE-6C17-90FF531DF755): 1
LogDevObjectVersion:   Private-Geometry (6EACA3D4-40EC-4CC1-B786-8BED09428FC5): 3
LogDevObjectVersion:   Dev-AnimPhys (29E575DD-E0A3-4627-9D10-D276232CDCEA): 17
LogDevObjectVersion:   Dev-ReflectionCapture (6B266CEC-1EC7-4B8F-A30B-E4D90942FC07): 1
LogDevObjectVersion:   Dev-Automation (0DF73D61-A23F-47EA-B727-89E90C41499A): 1
LogDevObjectVersion:   FortniteMain (601D1886-AC64-4F84-AA16-D3DE0DEAC7D6): 12
LogDevObjectVersion:   Dev-Enterprise (9DFFBCD6-494F-0158-E221-12823C92A888): 1
LogStreaming: Display: Took  0.003s to delete old logs.
LogInit: Presizing for max 8388607 objects, including 0 objects not considered by GC, pre-allocating 0 bytes for permanent pool.
LogInit: Object subsystem initialized
[2018.10.07-17.21.21:395][  0]LogInit: Selected Device Profile: [Windows]
[2018.10.07-17.21.21:395][  0]LogInit: Applying CVar settings loaded from the selected device profile: [Windows]
[2018.10.07-17.21.21:477][  0]LogHAL: Display: Platform has ~ 16 GB [17109286912 / 17179869184 / 16], which maps to Larger [LargestMinGB=32, LargerMinGB=12, DefaultMinGB=8, SmallerMinGB=6, SmallestMinGB=0)
[2018.10.07-17.21.21:492][  0]LogInit: Setting Device Profile CVar: [[r.Vulkan.UseRealUBs:1]]
[2018.10.07-17.21.21:495][  0]LogInit: Going up to parent DeviceProfile []
[2018.10.07-17.21.21:550][  0]LogInit: Computer: ALI-PC
[2018.10.07-17.21.21:550][  0]LogInit: User: aliha
[2018.10.07-17.21.21:550][  0]LogInit: CPU Page size=4096, Cores=8
[2018.10.07-17.21.21:550][  0]LogInit: High frequency timer resolution =2.929943 MHz
[2018.10.07-17.21.21:550][  0]LogMemory: Memory total: Physical=15.9GB (16GB approx)
[2018.10.07-17.21.21:550][  0]LogMemory: Platform Memory Stats for Windows
[2018.10.07-17.21.21:550][  0]LogMemory: Process Physical Memory: 104.91 MB used, 104.91 MB peak
[2018.10.07-17.21.21:550][  0]LogMemory: Process Virtual Memory: 91.30 MB used, 91.30 MB peak
[2018.10.07-17.21.21:550][  0]LogMemory: Physical Memory: 6440.27 MB used,  9876.42 MB free, 16316.69 MB total
[2018.10.07-17.21.21:550][  0]LogMemory: Virtual Memory: 4684.80 MB used,  9876.42 MB free, 134217728.00 MB total
[2018.10.07-17.21.22:332][  0]LogInit: Using OS detected language (en-US).
[2018.10.07-17.21.22:332][  0]LogInit: Using OS detected locale (en-US).
[2018.10.07-17.21.22:397][  0]LogTextLocalizationManager: No specific localization for 'en-US' exists, so the 'en' localization will be used.
[2018.10.07-17.21.23:227][  0]LogStreaming: Display: Took  0.892s to InitEngineTextLocalization.
[2018.10.07-17.21.23:243][  0]LogInit: Setting process to per monitor DPI aware
[2018.10.07-17.21.23:895][  0]LogSlate: New Slate User Created.  User Index 0, Is Virtual User: 0
[2018.10.07-17.21.23:895][  0]LogSlate: Slate User Registered.  User Index 0, Is Virtual User: 0
[2018.10.07-17.21.33:091][  0]LogHMD: Failed to initialize OpenVR with code 108
[2018.10.07-17.21.33:194][  0]LogD3D11RHI: D3D11 adapters:
[2018.10.07-17.21.33:267][  0]LogD3D11RHI:    0. 'NVIDIA GeForce GTX 1080' (Feature Level 11_0)
[2018.10.07-17.21.33:267][  0]LogD3D11RHI:       8079/0/8158 MB DedicatedVideo/DedicatedSystem/SharedSystem, Outputs:1, VendorId:0x10de
[2018.10.07-17.21.33:273][  0]LogD3D11RHI:    1. 'Microsoft Basic Render Driver' (Feature Level 11_0)
[2018.10.07-17.21.33:273][  0]LogD3D11RHI:       0/0/8158 MB DedicatedVideo/DedicatedSystem/SharedSystem, Outputs:0, VendorId:0x1414
[2018.10.07-17.21.33:273][  0]LogD3D11RHI: Chosen D3D11 Adapter: 0
[2018.10.07-17.21.33:322][  0]LogD3D11RHI: Creating new Direct3DDevice
[2018.10.07-17.21.33:322][  0]LogD3D11RHI:     GPU DeviceId: 0x1b80 (for the marketing name, search the web for "GPU Device Id")
[2018.10.07-17.21.33:339][  0]LogWindows: EnumDisplayDevices:
[2018.10.07-17.21.33:340][  0]LogWindows:    0. 'NVIDIA GeForce GTX 1080' (P:1 D:1)
[2018.10.07-17.21.33:341][  0]LogWindows:    1. 'NVIDIA GeForce GTX 1080' (P:0 D:0)
[2018.10.07-17.21.33:341][  0]LogWindows:    2. 'NVIDIA GeForce GTX 1080' (P:0 D:0)
[2018.10.07-17.21.33:341][  0]LogWindows:    3. 'NVIDIA GeForce GTX 1080' (P:0 D:0)
[2018.10.07-17.21.33:341][  0]LogWindows: DebugString: FoundDriverCount:4 
[2018.10.07-17.21.33:341][  0]LogD3D11RHI:     Adapter Name: NVIDIA GeForce GTX 1080
[2018.10.07-17.21.33:341][  0]LogD3D11RHI:   Driver Version: 411.70 (internal:24.21.14.1170, unified:411.70)
[2018.10.07-17.21.33:341][  0]LogD3D11RHI:      Driver Date: 9-25-2018
[2018.10.07-17.21.33:341][  0]LogRHI: Texture pool is 5655 MB (70% of 8079 MB)
[2018.10.07-17.21.33:400][  0]LogD3D11RHI: Async texture creation enabled
[2018.10.07-17.21.33:742][  0]LogD3D11RHI: GPU Timing Frequency: 1000.000000 (Debug: 2 2)
[2018.10.07-17.21.33:885][  0]LogShaderCompilers: Guid format shader working directory is 2 characters bigger than the processId version (../../../../../Github/climb-summit/TheSummit/Intermediate/Shaders/WorkingDirectory/3092/).
[2018.10.07-17.21.33:885][  0]LogShaderCompilers: Cleaned the shader compiler working directory 'C:/Users/aliha/AppData/Local/Temp/UnrealShaderWorkingDir/DF7E3B2F4783C10611507F9F1F9CF5F8/'.
[2018.10.07-17.21.34:936][  0]LogTemp: Display: Loaded TP AllDesktopTargetPlatform
[2018.10.07-17.21.34:970][  0]LogTemp: Display: Loaded TP MacClientTargetPlatform
[2018.10.07-17.21.35:019][  0]LogTemp: Display: Loaded TP MacNoEditorTargetPlatform
[2018.10.07-17.21.35:059][  0]LogTemp: Display: Loaded TP MacServerTargetPlatform
[2018.10.07-17.21.35:124][  0]LogTemp: Display: Loaded TP MacTargetPlatform
[2018.10.07-17.21.35:194][  0]LogTemp: Display: Loaded TP WindowsClientTargetPlatform
[2018.10.07-17.21.35:234][  0]LogTemp: Display: Loaded TP WindowsNoEditorTargetPlatform
[2018.10.07-17.21.35:288][  0]LogTemp: Display: Loaded TP WindowsServerTargetPlatform
[2018.10.07-17.21.35:335][  0]LogTemp: Display: Loaded TP WindowsTargetPlatform
[2018.10.07-17.21.35:523][  0]LogTemp: Display: Loaded TP AndroidTargetPlatform
[2018.10.07-17.21.35:523][  0]LogTemp: Display: Loaded TP AndroidTargetPlatform
[2018.10.07-17.21.35:523][  0]LogTemp: Display: Loaded TP AndroidTargetPlatform
[2018.10.07-17.21.35:523][  0]LogTemp: Display: Loaded TP AndroidTargetPlatform
[2018.10.07-17.21.35:523][  0]LogTemp: Display: Loaded TP AndroidTargetPlatform
[2018.10.07-17.21.35:523][  0]LogTemp: Display: Loaded TP AndroidTargetPlatform
[2018.10.07-17.21.35:523][  0]LogTemp: Display: Loaded TP AndroidTargetPlatform
[2018.10.07-17.21.35:523][  0]LogTemp: Display: Loaded TP AndroidTargetPlatform
[2018.10.07-17.21.35:523][  0]LogTemp: Display: Loaded TP AndroidTargetPlatform
[2018.10.07-17.21.35:523][  0]LogTemp: Display: Loaded TP AndroidTargetPlatform
[2018.10.07-17.21.35:523][  0]LogTemp: Display: Loaded TP AndroidTargetPlatform
[2018.10.07-17.21.35:523][  0]LogTemp: Display: Loaded TP AndroidTargetPlatform
[2018.10.07-17.21.35:523][  0]LogTemp: Display: Loaded TP AndroidTargetPlatform
[2018.10.07-17.21.35:523][  0]LogTemp: Display: Loaded TP AndroidTargetPlatform
[2018.10.07-17.21.35:523][  0]LogTemp: Display: Loaded TP AndroidTargetPlatform
[2018.10.07-17.21.35:523][  0]LogTemp: Display: Loaded TP AndroidTargetPlatform
[2018.10.07-17.21.35:523][  0]LogTemp: Display: Loaded TP AndroidTargetPlatform
[2018.10.07-17.21.35:523][  0]LogTemp: Display: Loaded TP AndroidTargetPlatform
[2018.10.07-17.21.35:562][  0]LogTemp: Display: Loaded TP HTML5TargetPlatform
[2018.10.07-17.21.35:982][  0]LogTemp: Display: Loaded TP IOSTargetPlatform
[2018.10.07-17.21.35:982][  0]LogTemp: Display: Loaded TP IOSTargetPlatform
[2018.10.07-17.21.36:065][  0]LogTemp: Display: Loaded TP TVOSTargetPlatform
[2018.10.07-17.21.36:065][  0]LogTemp: Display: Loaded TP TVOSTargetPlatform
[2018.10.07-17.21.36:111][  0]LogTemp: Display: Loaded TP LinuxClientTargetPlatform
[2018.10.07-17.21.36:159][  0]LogTemp: Display: Loaded TP LinuxNoEditorTargetPlatform
[2018.10.07-17.21.36:206][  0]LogTemp: Display: Loaded TP LinuxServerTargetPlatform
[2018.10.07-17.21.36:311][  0]LogTemp: Display: Loaded TP LinuxTargetPlatform
[2018.10.07-17.21.36:381][  0]LogTemp: Display: Loaded TP LuminTargetPlatform
[2018.10.07-17.21.36:381][  0]LogTargetPlatformManager: Display: Building Assets For Windows
[2018.10.07-17.21.37:329][  0]LogXGEController: Cleaning working directory: C:/Users/aliha/AppData/Local/Temp/UnrealXGEWorkingDir/
[2018.10.07-17.21.37:330][  0]LogXGEController: Cannot use XGE Controller as Incredibuild is not installed on this machine.
[2018.10.07-17.21.37:330][  0]LogShaderCompilers: Cannot use XGE Shader Compiler as Incredibuild is not installed on this machine.
[2018.10.07-17.21.37:330][  0]LogShaderCompilers: Display: Using Local Shader Compiler.
[2018.10.07-17.21.43:452][  0]LogDerivedDataCache: Display: Max Cache Size: 512 MB
[2018.10.07-17.21.43:751][  0]LogDerivedDataCache: Loaded boot cache 0.30s 71MB C:/Users/aliha/AppData/Local/UnrealEngine/4.20/DerivedDataCache/Boot.ddc.
[2018.10.07-17.21.43:751][  0]LogDerivedDataCache: Display: Loaded Boot cache: C:/Users/aliha/AppData/Local/UnrealEngine/4.20/DerivedDataCache/Boot.ddc
[2018.10.07-17.21.43:751][  0]LogDerivedDataCache: FDerivedDataBackendGraph:  Pak pak cache file ../../../../../Github/climb-summit/TheSummit/DerivedDataCache/DDC.ddp not found, will not use a pak cache.
[2018.10.07-17.21.43:751][  0]LogDerivedDataCache: Unable to find inner node Pak for hierarchical cache Hierarchy.
[2018.10.07-17.21.43:751][  0]LogDerivedDataCache: FDerivedDataBackendGraph:  CompressedPak pak cache file ../../../../../Github/climb-summit/TheSummit/DerivedDataCache/Compressed.ddp not found, will not use a pak cache.
[2018.10.07-17.21.43:751][  0]LogDerivedDataCache: Unable to find inner node CompressedPak for hierarchical cache Hierarchy.
[2018.10.07-17.21.43:878][  0]LogDerivedDataCache: Display: Pak cache opened for reading ../../../Engine/DerivedDataCache/Compressed.ddp.
[2018.10.07-17.21.43:891][  0]LogDerivedDataCache: Using Local data cache path C:/Users/aliha/AppData/Local/UnrealEngine/Common/DerivedDataCache: Writable
[2018.10.07-17.21.43:891][  0]LogDerivedDataCache: Shared data cache path not found in *engine.ini, will not use an Shared cache.
[2018.10.07-17.21.43:891][  0]LogDerivedDataCache: Unable to find inner node Shared for hierarchical cache Hierarchy.
[2018.10.07-17.21.44:049][  0]LogMaterial: Verifying Global Shaders for PCD3D_SM5
[2018.10.07-17.21.44:108][  0]LogSlate: Using FreeType 2.6.0
[2018.10.07-17.21.44:237][  0]LogSlate: SlateFontServices - WITH_FREETYPE: 1, WITH_HARFBUZZ: 1
[2018.10.07-17.21.45:177][  0]LogAssetRegistry: FAssetRegistry took 0.0298 seconds to start up
[2018.10.07-17.21.52:351][  0]LogInit: Selected Device Profile: [Windows]
[2018.10.07-17.21.53:927][  0]LogSimplygon: Simplygon DLL not present - disabling.
[2018.10.07-17.21.54:043][  0]LogMeshReduction: Using SimplygonSwarm for distributed automatic mesh merging
[2018.10.07-17.21.54:043][  0]LogMeshReduction: Using ProxyLODMeshReduction for automatic mesh merging
[2018.10.07-17.21.54:044][  0]LogMeshReduction: Using QuadricMeshReduction for automatic static mesh reduction
[2018.10.07-17.21.54:044][  0]LogMeshReduction: No automatic skeletal mesh reduction module available
[2018.10.07-17.21.54:416][  0]LogNetVersion: TheSummit 1.0.0, NetCL: 4212847, EngineNetVer: 5, GameNetVer: 0 (Checksum: 40220121)
[2018.10.07-17.21.59:218][  0]LogPackageLocalizationCache: Processed 11 localized package path(s) for 2 prioritized culture(s) in 0.242210 seconds
[2018.10.07-17.21.59:286][  0]LogUObjectArray: 38425 objects as part of root set at end of initial load.
[2018.10.07-17.21.59:286][  0]LogUObjectAllocator: 6690872 out of 0 bytes used by permanent object pool.
[2018.10.07-17.21.59:286][  0]LogUObjectArray: CloseDisregardForGC: 0/0 objects in disregard for GC pool
[2018.10.07-17.22.16:101][  0]LogTcpMessaging: Initializing TcpMessaging bridge
[2018.10.07-17.22.16:131][  0]LogUdpMessaging: Initializing bridge on interface 0.0.0.0:0 to multicast group 230.0.0.1:6666.
[2018.10.07-17.22.17:361][  0]SourceControl: Source control is disabled
[2018.10.07-17.22.20:066][  0]LogAndroidPermission: UAndroidPermissionCallbackProxy::GetInstance
[2018.10.07-17.22.20:308][  0]LogOcInput: OculusInput pre-init called
[2018.10.07-17.22.21:108][  0]LogEngine: Initializing Engine...
[2018.10.07-17.22.26:875][  0]LogHMD: Failed to initialize OpenVR with code 108
[2018.10.07-17.22.26:935][  0]LogStats: UGameplayTagsManager::ConstructGameplayTagTree: ImportINI prefixes -  0.000 s
[2018.10.07-17.22.26:935][  0]LogStats: UGameplayTagsManager::ConstructGameplayTagTree: Construct from data asset -  0.000 s
[2018.10.07-17.22.26:936][  0]LogStats: UGameplayTagsManager::ConstructGameplayTagTree: ImportINI -  0.001 s
[2018.10.07-17.22.26:936][  0]LogStats: UGameplayTagsManager::ConstructGameplayTagTree: GameplayTagTreeChangedEvent.Broadcast -  0.000 s
[2018.10.07-17.22.27:771][  0]LogInit: Initializing FReadOnlyCVARCache
[2018.10.07-17.22.28:445][  0]LogAIModule: Creating AISystem for world Untitled
[2018.10.07-17.22.28:924][  0]LogInit: XAudio2 using 'Speakers (USB Audio Device)' : 2 channels at 48 kHz using 16 bits per sample (channel mask 0x3)
[2018.10.07-17.22.28:945][  0]LogInit: FAudioDevice initialized.
[2018.10.07-17.22.28:954][  0]LogNetVersion: Set ProjectVersion to 1.0.0.0. Version Checksum will be recalculated on next use.
[2018.10.07-17.22.29:033][  0]LogDerivedDataCache: Saved boot cache 0.08s 71MB C:/Users/aliha/AppData/Local/UnrealEngine/4.20/DerivedDataCache/Boot.ddc.
[2018.10.07-17.22.29:061][  0]LogInit: Texture streaming: Enabled
[2018.10.07-17.22.29:267][  0]LogEngineSessionManager: EngineSessionManager initialized
[2018.10.07-17.22.29:522][  0]LogInit: Transaction tracking system initialized
[2018.10.07-17.22.29:894][  0]BlueprintLog: New page: Editor Load
[2018.10.07-17.22.31:486][  0]LocalizationService: Localization service is disabled
[2018.10.07-17.22.35:092][  0]LogFileCache: Scanning file cache for directory 'D:/Github/climb-summit/TheSummit/Content/' took 0.03s
[2018.10.07-17.22.35:092][  0]LogCook: Display: Max memory allowance for cook 16384mb min free memory 0mb
[2018.10.07-17.22.35:093][  0]LogCook: Display: Mobile HDR setting 1
[2018.10.07-17.22.35:100][  0]LogGameplayTags: Display: UGameplayTagsManager::DoneAddingNativeTags. DelegateIsBound: 0
[2018.10.07-17.22.35:100][  0]LogStats: UGameplayTagsManager::ConstructGameplayTagTree: ImportINI prefixes -  0.000 s
[2018.10.07-17.22.35:101][  0]LogStats: UGameplayTagsManager::ConstructGameplayTagTree: Construct from data asset -  0.000 s
[2018.10.07-17.22.35:101][  0]LogStats: UGameplayTagsManager::ConstructGameplayTagTree: ImportINI -  0.000 s
[2018.10.07-17.22.35:101][  0]LogStats: UGameplayTagsManager::ConstructGameplayTagTree: GameplayTagTreeChangedEvent.Broadcast -  0.000 s
[2018.10.07-17.22.37:961][  0]Cmd: MAP LOAD FILE="../../../../../Github/climb-summit/TheSummit/Content/TreeCutTesting/TreeCutTestMap.umap" TEMPLATE=0 SHOWPROGRESS=1 FEATURELEVEL=3
[2018.10.07-17.22.38:250][  0]LogSlate: Took 0.015201 seconds to synchronously load lazily loaded font '../../../Engine/Content/Slate/Fonts/Roboto-Regular.ttf' (155K)
[2018.10.07-17.23.25:983][  0]LogSlate: Window 'Message' being destroyed
[2018.10.07-17.23.26:001][  0]LogWindowsTextInputMethodSystem: Display: IME system now deactivated.
[2018.10.07-17.23.26:247][  0]LightingResults: New page: Lighting Build
[2018.10.07-17.23.26:461][  0]MapCheck: New page: Map Check
[2018.10.07-17.23.26:461][  0]LightingResults: New page: Lighting Build
[2018.10.07-17.23.26:473][  0]LogGarbage: Warning: 7.763632 ms for acquiring GC lock
[2018.10.07-17.23.27:240][  0]LogAIModule: Creating AISystem for world Untitled
[2018.10.07-17.23.27:408][  0]LoadErrors: New page: New Map
[2018.10.07-17.23.30:011][  0]LogSlate: Updating window title bar state: overlay mode, drag disabled, window buttons hidden, title bar hidden
[2018.10.07-17.23.30:038][  0]LogSlate: Updating window title bar state: overlay mode, drag disabled, window buttons hidden, title bar hidden
[2018.10.07-17.23.30:046][  0]LogSlate: Updating window title bar state: overlay mode, drag disabled, window buttons hidden, title bar hidden
[2018.10.07-17.23.30:054][  0]LogSlate: Updating window title bar state: overlay mode, drag disabled, window buttons hidden, title bar hidden
[2018.10.07-17.23.30:177][  0]LogCollectionManager: Loaded 0 collections in 0.001221 seconds
[2018.10.07-17.23.30:468][  0]LogFileCache: Scanning file cache for directory 'D:/Github/climb-summit/TheSummit/Saved/Collections/' took 0.01s
[2018.10.07-17.23.30:468][  0]LogFileCache: Scanning file cache for directory 'D:/Github/climb-summit/TheSummit/Content/Developers/aliha/Collections/' took 0.01s
[2018.10.07-17.23.30:468][  0]LogFileCache: Scanning file cache for directory 'D:/Github/climb-summit/TheSummit/Content/Collections/' took 0.01s
[2018.10.07-17.23.30:468][  0]LogCollectionManager: Rebuilt the GUID cache for 0 collections in 0.000003 seconds
[2018.10.07-17.23.30:512][  0]LogContentBrowser: Native class hierarchy populated in 0.0194 seconds. Added 2572 classes and 603 folders.
[2018.10.07-17.23.30:661][  0]LogContentBrowser: Native class hierarchy updated for 'WidgetCarousel' in 0.0003 seconds. Added 0 classes and 0 folders.
[2018.10.07-17.23.31:601][  0]LogContentBrowser: Native class hierarchy updated for 'AddContentDialog' in 0.0003 seconds. Added 0 classes and 0 folders.
[2018.10.07-17.23.31:668][  0]LogContentBrowser: Native class hierarchy updated for 'SceneOutliner' in 0.0004 seconds. Added 1 classes and 2 folders.
[2018.10.07-17.23.32:711][  0]LogSlate: Took 0.015023 seconds to synchronously load lazily loaded font '../../../Engine/Content/Slate/Fonts/Roboto-Bold.ttf' (160K)
[2018.10.07-17.23.32:774][  0]LogSlate: Took 0.014654 seconds to synchronously load lazily loaded font '../../../Engine/Content/Editor/Slate/Fonts/FontAwesome.ttf' (139K)
[2018.10.07-17.23.33:342][  0]LogRenderer: Reallocating scene render targets to support 1208x576 Format 10 NumSamples 1 (Frame:1).
[2018.10.07-17.23.34:273][  0]LogContentBrowser: Native class hierarchy updated for 'HierarchicalLODOutliner' in 0.0003 seconds. Added 0 classes and 0 folders.
[2018.10.07-17.23.34:274][  0]LogLoad: (Engine Initialization) Total time: 163.66 seconds
[2018.10.07-17.23.34:274][  0]LogLoad: (Engine Initialization) Total Blueprint compile time: 0.00 seconds
[2018.10.07-17.23.34:863][  0]LogContentStreaming: Texture pool size now 3000 MB
[2018.10.07-17.23.35:477][  3]LogAssetRegistry: Asset discovery search completed in 110.3245 seconds
[2018.10.07-17.23.35:480][  3]LogCollectionManager: Rebuilt the object cache for 0 collections in 0.000002 seconds (found 0 objects)
[2018.10.07-17.23.35:480][  3]LogCollectionManager: Fixed up redirectors for 0 collections in 0.000127 seconds (updated 0 objects)
[2018.10.07-17.23.36:889][  7]LogWindowsTextInputMethodSystem: Display: IME system now deactivated.
[2018.10.07-17.23.36:905][  7]LogSlate: FSceneViewport::OnFocusLost() reason 0
[2018.10.07-17.23.37:018][  7]LogSlate: Took 0.016328 seconds to synchronously load lazily loaded font '../../../Engine/Content/Slate/Fonts/Roboto-Light.ttf' (167K)
[2018.10.07-17.23.44:110][797]LogSlate: Prevented a slow task dialog from being summoned while a context menu was open
[2018.10.07-17.23.45:801][797]LogAIModule: Creating AISystem for world TreeCutTestMap
[2018.10.07-17.23.47:850][797]LogSlate: Window 'Delete Assets' being destroyed
[2018.10.07-17.23.47:886][797]LogSlate: Took 0.000302 seconds to synchronously load lazily loaded font '../../../Engine/Content/Slate/Fonts/Roboto-Light.ttf' (167K)
[2018.10.07-17.23.57:065][797]LogSlate: Window 'Message' being destroyed
[2018.10.07-17.23.58:505][797]SourceControl: rm 'TheSummit/Content/AlisTesting/TreeCutTestMap_BuiltData.uasset'
[2018.10.07-17.24.02:807][879]LogAIModule: Creating AISystem for world TreeCutTestMap
[2018.10.07-17.24.02:834][879]LogAssetEditorManager: Opening Asset editor for World /Game/AliTesting/TreeCutTestMap.TreeCutTestMap
[2018.10.07-17.24.04:936][879]LogSlate: Window 'Save Content' being destroyed
[2018.10.07-17.24.05:124][879]Cmd: OBJ SAVEPACKAGE PACKAGE="/Game/AlisTesting/TreeCutTestMap" FILE="../../../../../Github/climb-summit/TheSummit/Content/AlisTesting/TreeCutTestMap.umap" SILENT=true AUTOSAVING=false KEEPDIRTY=false
[2018.10.07-17.24.05:197][879]LogWindows: Windows GetLastError: The operation completed successfully. (0)
[2018.10.07-17.24.11:729][879]LogWindows: Error: === Critical error: ===
[2018.10.07-17.24.11:730][879]LogWindows: Error: 
[2018.10.07-17.24.11:730][879]LogWindows: Error: Assertion failed: World [File:D:\Build\++UE4\Sync\Engine\Source\Runtime\Engine\Private\Actor.cpp] [Line: 4152] 
[2018.10.07-17.24.11:730][879]LogWindows: Error: 
[2018.10.07-17.24.11:730][879]LogWindows: Error: 
[2018.10.07-17.24.11:730][879]LogWindows: Error: 
[2018.10.07-17.24.11:730][879]LogWindows: Error: [Callstack] 0x00007ff935cea388 KERNELBASE.dll!UnknownFunction []
[2018.10.07-17.24.11:730][879]LogWindows: Error: [Callstack] 0x00007ff90eb46850 UE4Editor-ApplicationCore.dll!UnknownFunction []
[2018.10.07-17.24.11:730][879]LogWindows: Error: [Callstack] 0x00007ff8fb0462ec UE4Editor-Core.dll!UnknownFunction []
[2018.10.07-17.24.11:730][879]LogWindows: Error: [Callstack] 0x00007ff8fafd51cb UE4Editor-Core.dll!UnknownFunction []
[2018.10.07-17.24.11:730][879]LogWindows: Error: [Callstack] 0x00007ff8c0869e9d UE4Editor-Engine.dll!UnknownFunction []
[2018.10.07-17.24.11:730][879]LogWindows: Error: [Callstack] 0x00007ff8c1110f8f UE4Editor-Engine.dll!UnknownFunction []
[2018.10.07-17.24.11:730][879]LogWindows: Error: [Callstack] 0x00007ff8c1bc2d23 UE4Editor-Engine.dll!UnknownFunction []
[2018.10.07-17.24.11:730][879]LogWindows: Error: [Callstack] 0x00007ff8f156957c UE4Editor-UnrealEd.dll!UnknownFunction []
[2018.10.07-17.24.11:730][879]LogWindows: Error: [Callstack] 0x00007ff8f157e9e4 UE4Editor-UnrealEd.dll!UnknownFunction []
[2018.10.07-17.24.11:730][879]LogWindows: Error: [Callstack] 0x00007ff8f157f5a0 UE4Editor-UnrealEd.dll!UnknownFunction []
[2018.10.07-17.24.11:730][879]LogWindows: Error: [Callstack] 0x00007ff8f15c2d63 UE4Editor-UnrealEd.dll!UnknownFunction []
[2018.10.07-17.24.11:730][879]LogWindows: Error: [Callstack] 0x00007ff8f15bf55b UE4Editor-UnrealEd.dll!UnknownFunction []
[2018.10.07-17.24.11:730][879]LogWindows: Error: [Callstack] 0x00007ff8f1e9d4b3 UE4Editor-UnrealEd.dll!UnknownFunction []
[2018.10.07-17.24.11:730][879]LogWindows: Error: [Callstack] 0x00007ff8f19ab627 UE4Editor-UnrealEd.dll!UnknownFunction []
[2018.10.07-17.24.11:730][879]LogWindows: Error: [Callstack] 0x00007ff8f19a909a UE4Editor-UnrealEd.dll!UnknownFunction []
[2018.10.07-17.24.11:730][879]LogWindows: Error: [Callstack] 0x00007ff8f197a5c8 UE4Editor-UnrealEd.dll!UnknownFunction []
[2018.10.07-17.24.11:730][879]LogWindows: Error: [Callstack] 0x00007ff8f1978fa1 UE4Editor-UnrealEd.dll!UnknownFunction []
[2018.10.07-17.24.11:730][879]LogWindows: Error: [Callstack] 0x00007ff8f19903d8 UE4Editor-UnrealEd.dll!UnknownFunction []
[2018.10.07-17.24.11:730][879]LogWindows: Error: [Callstack] 0x00007ff8f19a8728 UE4Editor-UnrealEd.dll!UnknownFunction []
[2018.10.07-17.24.11:730][879]LogWindows: Error: [Callstack] 0x00007ff8bc5996ae UE4Editor-AssetTools.dll!UnknownFunction []
[2018.10.07-17.24.11:730][879]LogWindows: Error: [Callstack] 0x00007ff8f1e5ed59 UE4Editor-UnrealEd.dll!UnknownFunction []
[2018.10.07-17.24.11:730][879]LogWindows: Error: [Callstack] 0x00007ff8bc521d38 UE4Editor-AssetTools.dll!UnknownFunction []
[2018.10.07-17.24.11:730][879]LogWindows: Error: [Callstack] 0x00007ff8b9ce42ad UE4Editor-ContentBrowser.dll!UnknownFunction []
[2018.10.07-17.24.11:730][879]LogWindows: Error: [Callstack] 0x00007ff8b9ca0499 UE4Editor-ContentBrowser.dll!UnknownFunction []
[2018.10.07-17.24.11:730][879]LogWindows: Error: [Callstack] 0x00007ff8b9ceefe3 UE4Editor-ContentBrowser.dll!UnknownFunction []
[2018.10.07-17.24.11:730][879]LogWindows: Error: [Callstack] 0x00007ff8b9c9e1ea UE4Editor-ContentBrowser.dll!UnknownFunction []
[2018.10.07-17.24.11:730][879]LogWindows: Error: [Callstack] 0x00007ff8b9c9ab30 UE4Editor-ContentBrowser.dll!UnknownFunction []
[2018.10.07-17.24.11:730][879]LogWindows: Error: [Callstack] 0x00007ff8b9cfb950 UE4Editor-ContentBrowser.dll!UnknownFunction []
[2018.10.07-17.24.11:730][879]LogWindows: Error: [Callstack] 0x00007ff8b9cef4af UE4Editor-ContentBrowser.dll!UnknownFunction []
[2018.10.07-17.24.11:730][879]LogWindows: Error: [Callstack] 0x00007ff8f9428f0a UE4Editor-Slate.dll!UnknownFunction []
[2018.10.07-17.24.11:730][879]LogWindows: Error: [Callstack] 0x00007ff8f94bfdce UE4Editor-Slate.dll!UnknownFunction []
[2018.10.07-17.24.11:730][879]LogWindows: Error: [Callstack] 0x00007ff8f94a6fca UE4Editor-Slate.dll!UnknownFunction []
[2018.10.07-17.24.11:730][879]LogWindows: Error: [Callstack] 0x00007ff8f949a87a UE4Editor-Slate.dll!UnknownFunction []
[2018.10.07-17.24.11:730][879]LogWindows: Error: [Callstack] 0x00007ff90eb3d16f UE4Editor-ApplicationCore.dll!UnknownFunction []
[2018.10.07-17.24.11:730][879]LogWindows: Error: [Callstack] 0x00007ff90eb30270 UE4Editor-ApplicationCore.dll!UnknownFunction []
[2018.10.07-17.24.11:730][879]LogWindows: Error: [Callstack] 0x00007ff90eb3f4c5 UE4Editor-ApplicationCore.dll!UnknownFunction []
[2018.10.07-17.24.11:730][879]LogWindows: Error: [Callstack] 0x00007ff90eb2c209 UE4Editor-ApplicationCore.dll!UnknownFunction []
[2018.10.07-17.24.11:730][879]LogWindows: Error: [Callstack] 0x00007ff9380b6cc1 USER32.dll!UnknownFunction []
[2018.10.07-17.24.11:730][879]LogWindows: Error: [Callstack] 0x00007ff9380b6693 USER32.dll!UnknownFunction []
[2018.10.07-17.24.11:730][879]LogWindows: Error: [Callstack] 0x00007ff90eb40646 UE4Editor-ApplicationCore.dll!UnknownFunction []
[2018.10.07-17.24.11:730][879]LogWindows: Error: [Callstack] 0x00007ff7b76154e5 UE4Editor.exe!UnknownFunction []
[2018.10.07-17.24.11:730][879]LogWindows: Error: [Callstack] 0x00007ff7b7625b3c UE4Editor.exe!UnknownFunction []
[2018.10.07-17.24.11:730][879]LogWindows: Error: [Callstack] 0x00007ff7b7625bba UE4Editor.exe!UnknownFunction []
[2018.10.07-17.24.11:730][879]LogWindows: Error: [Callstack] 0x00007ff7b7633dac UE4Editor.exe!UnknownFunction []
[2018.10.07-17.24.11:730][879]LogWindows: Error: [Callstack] 0x00007ff7b7635aaa UE4Editor.exe!UnknownFunction []
[2018.10.07-17.24.11:730][879]LogWindows: Error: [Callstack] 0x00007ff938243034 KERNEL32.DLL!UnknownFunction []
[2018.10.07-17.24.11:730][879]LogWindows: Error: [Callstack] 0x00007ff9398a1461 ntdll.dll!UnknownFunction []
[2018.10.07-17.24.11:730][879]LogWindows: Error: 
[2018.10.07-17.24.11:753][879]LogExit: Executing StaticShutdownAfterError
[2018.10.07-17.24.12:073][879]LogWindows: FPlatformMisc::RequestExit(1)
[2018.10.07-17.24.12:092][879]Log file closed, 10/07/18 13:24:12
