Log file open, 11/04/18 12:28:04
LogWindows: Failed to load 'aqProf.dll' (GetLastError=126)
LogWindows: File 'aqProf.dll' does not exist
LogWindows: Failed to load 'VSPerf140.dll' (GetLastError=126)
LogWindows: File 'VSPerf140.dll' does not exist
LogWindows: Failed to load 'VtuneApi.dll' (GetLastError=126)
LogWindows: File 'VtuneApi.dll' does not exist
LogWindows: Failed to load 'VtuneApi32e.dll' (GetLastError=126)
LogWindows: File 'VtuneApi32e.dll' does not exist
LogInit: Display: Running engine for game: TheSummit
LogPlatformFile: Not using cached read wrapper
LogTaskGraph: Started task graph with 5 named threads and 47 total threads with 3 sets of task threads.
LogStats: Stats thread started at 5.046458
LogD3D11RHI: Loaded GFSDK_Aftermath_Lib.x64.dll
LogICUInternationalization: Display: ICU TimeZone Detection - Raw Offset: -5:00, Platform Override: ''
LogPluginManager: Mounting plugin Paper2D
LogPluginManager: Mounting plugin AISupport
LogPluginManager: Mounting plugin LightPropagationVolume
LogPluginManager: Mounting plugin CLionSourceCodeAccess
LogPluginManager: Mounting plugin CodeLiteSourceCodeAccess
LogPluginManager: Mounting plugin GitSourceControl
LogPluginManager: Mounting plugin KDevelopSourceCodeAccess
LogPluginManager: Mounting plugin NullSourceCodeAccess
LogPluginManager: Mounting plugin PerforceSourceControl
LogPluginManager: Mounting plugin SubversionSourceControl
LogPluginManager: Mounting plugin UObjectPlugin
LogPluginManager: Mounting plugin VisualStudioCodeSourceCodeAccess
LogPluginManager: Mounting plugin VisualStudioSourceCodeAccess
LogPluginManager: Mounting plugin XCodeSourceCodeAccess
LogPluginManager: Mounting plugin AssetManagerEditor
LogPluginManager: Mounting plugin CryptoKeys
LogPluginManager: Mounting plugin DataValidation
LogPluginManager: Mounting plugin FacialAnimation
LogPluginManager: Mounting plugin GameplayTagsEditor
LogPluginManager: Mounting plugin MacGraphicsSwitching
LogPluginManager: Mounting plugin MeshEditor
LogPluginManager: Mounting plugin MobileLauncherProfileWizard
LogPluginManager: Mounting plugin PluginBrowser
LogPluginManager: Mounting plugin SpeedTreeImporter
LogPluginManager: Mounting plugin DatasmithContent
LogPluginManager: Mounting plugin AlembicImporter
LogPluginManager: Mounting plugin AppleImageUtils
LogPluginManager: Mounting plugin AppleVision
LogPluginManager: Mounting plugin BackChannel
LogPluginManager: Mounting plugin CharacterAI
LogPluginManager: Mounting plugin GeometryCache
LogPluginManager: Mounting plugin HTML5Networking
LogPluginManager: Mounting plugin ProxyLODPlugin
LogPluginManager: Mounting plugin MagicLeap
LogPluginManager: Mounting plugin MagicLeapEmulator
LogPluginManager: Mounting plugin MagicLeapMedia
LogPluginManager: Mounting plugin AndroidMedia
LogPluginManager: Mounting plugin AvfMedia
LogPluginManager: Mounting plugin ImgMedia
LogPluginManager: Mounting plugin LinearTimecode
LogPluginManager: Mounting plugin MediaCompositing
LogPluginManager: Mounting plugin MediaPlayerEditor
LogPluginManager: Mounting plugin WmfMedia
LogPluginManager: Mounting plugin TcpMessaging
LogPluginManager: Mounting plugin UdpMessaging
LogPluginManager: Mounting plugin ActorSequence
LogPluginManager: Mounting plugin LevelSequenceEditor
LogPluginManager: Mounting plugin MatineeToLevelSequence
LogPluginManager: Mounting plugin NetcodeUnitTest
LogPluginManager: Mounting plugin NUTUnrealEngine4
LogPluginManager: Mounting plugin OnlineSubsystemGooglePlay
LogPluginManager: Mounting plugin OnlineSubsystemIOS
LogPluginManager: Mounting plugin OnlineSubsystem
LogPluginManager: Mounting plugin OnlineSubsystemNull
LogPluginManager: Mounting plugin OnlineSubsystemUtils
LogPluginManager: Mounting plugin LauncherChunkInstaller
LogPluginManager: Mounting plugin AndroidDeviceProfileSelector
LogPluginManager: Mounting plugin AndroidMoviePlayer
LogPluginManager: Mounting plugin AndroidPermission
LogPluginManager: Mounting plugin AppleMoviePlayer
LogPluginManager: Mounting plugin ArchVisCharacter
LogPluginManager: Mounting plugin AudioCapture
LogPluginManager: Mounting plugin CableComponent
LogPluginManager: Mounting plugin CustomMeshComponent
LogPluginManager: Mounting plugin EditableMesh
LogPluginManager: Mounting plugin ExampleDeviceProfileSelector
LogPluginManager: Mounting plugin GoogleCloudMessaging
LogPluginManager: Mounting plugin ImmediatePhysics
LogPluginManager: Mounting plugin IOSDeviceProfileSelector
LogPluginManager: Mounting plugin LinuxDeviceProfileSelector
LogPluginManager: Mounting plugin LocationServicesBPLibrary
LogPluginManager: Mounting plugin MobilePatchingUtils
LogPluginManager: Mounting plugin OculusVR
LogPluginManager: Plugin shader directory ../../../Engine/Plugins/Runtime/Oculus/OculusVR/Shaders found
LogPluginManager: Mapping shader source directory ../../../Engine/Plugins/Runtime/Oculus/OculusVR/Shaders to virtual directory /Plugin/OculusVR
LogPluginManager: Mounting plugin PhysXVehicles
LogPluginManager: Mounting plugin ProceduralMeshComponent
LogPluginManager: Mounting plugin RuntimePhysXCooking
LogPluginManager: Mounting plugin SteamVR
LogPluginManager: Mounting plugin WindowsMoviePlayer
LogStreaming: Display: Took  0.735s to configure plugins.
LogInit: Using libcurl 7.55.1-DEV
LogInit:  - built for x86_64-pc-win32
LogInit:  - supports SSL with OpenSSL/1.0.2h
LogInit:  - supports HTTP deflate (compression) using libz 1.2.8
LogInit:  - other features:
LogInit:      CURL_VERSION_SSL
LogInit:      CURL_VERSION_LIBZ
LogInit:      CURL_VERSION_IPV6
LogInit:      CURL_VERSION_ASYNCHDNS
LogInit:      CURL_VERSION_LARGEFILE
LogInit:      CURL_VERSION_IDN
LogInit:  CurlRequestOptions (configurable via config and command line):
LogInit:  - bVerifyPeer = false  - Libcurl will NOT verify peer certificate
LogInit:  - bUseHttpProxy = false  - Libcurl will NOT use HTTP proxy
LogInit:  - bDontReuseConnections = false  - Libcurl will reuse connections
LogInit:  - CertBundlePath = nullptr  - Libcurl will use whatever was configured at build time.
LogInit:  - MaxHostConnections = 16  - Libcurl will limit the number of connections to a host
LogInit:  - LocalHostAddr = Default
LogInit:  - BufferSize = 65536
LogInit: WinSock: version 1.1 (2.2), MaxSocks=32767, MaxUdp=65467
LogHMD: Failed initializing OVRPlugin 1.25.0
LogInit: Build: ++UE4+Release-4.20-CL-4233996
LogInit: Engine Version: 4.20.1-4233996+++UE4+Release-4.20
LogInit: Compatible Engine Version: 4.20.0-4212847+++UE4+Release-4.20
LogInit: Net CL: 4212847
LogInit: OS: Windows 10 (), CPU: AMD Ryzen 7 1700 Eight-Core Processor          , GPU: NVIDIA GeForce GTX 1080
LogInit: Compiled (64-bit): Jul 26 2018 10:07:30
LogInit: Compiled with Visual C++: 19.13.26129.00
LogInit: Build Configuration: Development
LogInit: Branch Name: ++UE4+Release-4.20
LogInit: Command Line:  
LogInit: Base Directory: D:/Unreal Engine/UE_4.20/Engine/Binaries/Win64/
LogInit: Installed Engine Build: 1
LogDevObjectVersion: Number of dev versions registered: 20
LogDevObjectVersion:   Dev-Blueprints (B0D832E4-1F89-4F0D-ACCF-7EB736FD4AA2): 10
LogDevObjectVersion:   Dev-Build (E1C64328-A22C-4D53-A36C-8E866417BD8C): 0
LogDevObjectVersion:   Dev-Core (375EC13C-06E4-48FB-B500-84F0262A717E): 2
LogDevObjectVersion:   Dev-Editor (E4B068ED-F494-42E9-A231-DA0B2E46BB41): 24
LogDevObjectVersion:   Dev-Framework (CFFC743F-43B0-4480-9391-14DF171D2073): 34
LogDevObjectVersion:   Dev-Mobile (B02B49B5-BB20-44E9-A304-32B752E40360): 2
LogDevObjectVersion:   Dev-Networking (A4E4105C-59A1-49B5-A7C5-40C4547EDFEE): 0
LogDevObjectVersion:   Dev-Online (39C831C9-5AE6-47DC-9A44-9C173E1C8E7C): 0
LogDevObjectVersion:   Dev-Physics (78F01B33-EBEA-4F98-B9B4-84EACCB95AA2): 0
LogDevObjectVersion:   Dev-Platform (6631380F-2D4D-43E0-8009-CF276956A95A): 0
LogDevObjectVersion:   Dev-Rendering (12F88B9F-8875-4AFC-A67C-D90C383ABD29): 26
LogDevObjectVersion:   Dev-Sequencer (7B5AE74C-D270-4C10-A958-57980B212A5A): 9
LogDevObjectVersion:   Dev-VR (D7296918-1DD6-4BDD-9DE2-64A83CC13884): 2
LogDevObjectVersion:   Dev-LoadTimes (C2A15278-BFE7-4AFE-6C17-90FF531DF755): 1
LogDevObjectVersion:   Private-Geometry (6EACA3D4-40EC-4CC1-B786-8BED09428FC5): 3
LogDevObjectVersion:   Dev-AnimPhys (29E575DD-E0A3-4627-9D10-D276232CDCEA): 17
LogDevObjectVersion:   Dev-ReflectionCapture (6B266CEC-1EC7-4B8F-A30B-E4D90942FC07): 1
LogDevObjectVersion:   Dev-Automation (0DF73D61-A23F-47EA-B727-89E90C41499A): 1
LogDevObjectVersion:   FortniteMain (601D1886-AC64-4F84-AA16-D3DE0DEAC7D6): 12
LogDevObjectVersion:   Dev-Enterprise (9DFFBCD6-494F-0158-E221-12823C92A888): 1
LogStreaming: Display: Took  0.055s to delete old logs.
LogInit: Presizing for max 8388607 objects, including 0 objects not considered by GC, pre-allocating 0 bytes for permanent pool.
LogInit: Object subsystem initialized
[2018.11.04-17.28.09:315][  0]LogInit: Selected Device Profile: [Windows]
[2018.11.04-17.28.09:316][  0]LogInit: Applying CVar settings loaded from the selected device profile: [Windows]
[2018.11.04-17.28.09:407][  0]LogHAL: Display: Platform has ~ 16 GB [17109286912 / 17179869184 / 16], which maps to Larger [LargestMinGB=32, LargerMinGB=12, DefaultMinGB=8, SmallerMinGB=6, SmallestMinGB=0)
[2018.11.04-17.28.09:422][  0]LogInit: Setting Device Profile CVar: [[r.Vulkan.UseRealUBs:1]]
[2018.11.04-17.28.09:423][  0]LogInit: Going up to parent DeviceProfile []
[2018.11.04-17.28.09:489][  0]LogInit: Computer: ALI-PC
[2018.11.04-17.28.09:489][  0]LogInit: User: aliha
[2018.11.04-17.28.09:489][  0]LogInit: CPU Page size=4096, Cores=8
[2018.11.04-17.28.09:489][  0]LogInit: High frequency timer resolution =2.929930 MHz
[2018.11.04-17.28.09:492][  0]LogMemory: Memory total: Physical=15.9GB (16GB approx)
[2018.11.04-17.28.09:492][  0]LogMemory: Platform Memory Stats for Windows
[2018.11.04-17.28.09:492][  0]LogMemory: Process Physical Memory: 106.00 MB used, 106.00 MB peak
[2018.11.04-17.28.09:492][  0]LogMemory: Process Virtual Memory: 98.62 MB used, 98.62 MB peak
[2018.11.04-17.28.09:492][  0]LogMemory: Physical Memory: 9826.76 MB used,  6489.93 MB free, 16316.69 MB total
[2018.11.04-17.28.09:492][  0]LogMemory: Virtual Memory: 4692.18 MB used,  6489.93 MB free, 134217728.00 MB total
[2018.11.04-17.28.10:513][  0]LogInit: Using OS detected language (en-US).
[2018.11.04-17.28.10:513][  0]LogInit: Using OS detected locale (en-US).
[2018.11.04-17.28.10:625][  0]LogTextLocalizationManager: No specific localization for 'en-US' exists, so the 'en' localization will be used.
[2018.11.04-17.28.11:717][  0]LogStreaming: Display: Took  1.211s to InitEngineTextLocalization.
[2018.11.04-17.28.11:751][  0]LogInit: Setting process to per monitor DPI aware
[2018.11.04-17.28.12:775][  0]LogSlate: New Slate User Created.  User Index 0, Is Virtual User: 0
[2018.11.04-17.28.12:776][  0]LogSlate: Slate User Registered.  User Index 0, Is Virtual User: 0
[2018.11.04-17.28.22:906][  0]LogHMD: Failed to initialize OpenVR with code 108
[2018.11.04-17.28.22:925][  0]LogD3D11RHI: D3D11 adapters:
[2018.11.04-17.28.23:096][  0]LogD3D11RHI:    0. 'NVIDIA GeForce GTX 1080' (Feature Level 11_0)
[2018.11.04-17.28.23:096][  0]LogD3D11RHI:       8079/0/8158 MB DedicatedVideo/DedicatedSystem/SharedSystem, Outputs:1, VendorId:0x10de
[2018.11.04-17.28.23:100][  0]LogD3D11RHI:    1. 'Microsoft Basic Render Driver' (Feature Level 11_0)
[2018.11.04-17.28.23:100][  0]LogD3D11RHI:       0/0/8158 MB DedicatedVideo/DedicatedSystem/SharedSystem, Outputs:0, VendorId:0x1414
[2018.11.04-17.28.23:100][  0]LogD3D11RHI: Chosen D3D11 Adapter: 0
[2018.11.04-17.28.23:178][  0]LogD3D11RHI: Creating new Direct3DDevice
[2018.11.04-17.28.23:178][  0]LogD3D11RHI:     GPU DeviceId: 0x1b80 (for the marketing name, search the web for "GPU Device Id")
[2018.11.04-17.28.23:196][  0]LogWindows: EnumDisplayDevices:
[2018.11.04-17.28.23:196][  0]LogWindows:    0. 'NVIDIA GeForce GTX 1080' (P:1 D:1)
[2018.11.04-17.28.23:198][  0]LogWindows:    1. 'NVIDIA GeForce GTX 1080' (P:0 D:0)
[2018.11.04-17.28.23:198][  0]LogWindows:    2. 'NVIDIA GeForce GTX 1080' (P:0 D:0)
[2018.11.04-17.28.23:199][  0]LogWindows:    3. 'NVIDIA GeForce GTX 1080' (P:0 D:0)
[2018.11.04-17.28.23:199][  0]LogWindows: DebugString: FoundDriverCount:4 
[2018.11.04-17.28.23:199][  0]LogD3D11RHI:     Adapter Name: NVIDIA GeForce GTX 1080
[2018.11.04-17.28.23:199][  0]LogD3D11RHI:   Driver Version: 416.34 (internal:25.21.14.1634, unified:416.34)
[2018.11.04-17.28.23:199][  0]LogD3D11RHI:      Driver Date: 10-10-2018
[2018.11.04-17.28.23:199][  0]LogRHI: Texture pool is 5655 MB (70% of 8079 MB)
[2018.11.04-17.28.23:288][  0]LogD3D11RHI: Async texture creation enabled
[2018.11.04-17.28.23:674][  0]LogD3D11RHI: GPU Timing Frequency: 1000.000000 (Debug: 2 2)
[2018.11.04-17.28.23:899][  0]LogShaderCompilers: Guid format shader working directory is 1 characters bigger than the processId version (../../../../../Github/climb-summit/TheSummit/Intermediate/Shaders/WorkingDirectory/16228/).
[2018.11.04-17.28.23:899][  0]LogShaderCompilers: Cleaned the shader compiler working directory 'C:/Users/aliha/AppData/Local/Temp/UnrealShaderWorkingDir/5211F94E420FF57031ACF2B6250CC5A6/'.
[2018.11.04-17.28.25:359][  0]LogTemp: Display: Loaded TP AllDesktopTargetPlatform
[2018.11.04-17.28.25:433][  0]LogTemp: Display: Loaded TP MacClientTargetPlatform
[2018.11.04-17.28.25:476][  0]LogTemp: Display: Loaded TP MacNoEditorTargetPlatform
[2018.11.04-17.28.25:518][  0]LogTemp: Display: Loaded TP MacServerTargetPlatform
[2018.11.04-17.28.25:598][  0]LogTemp: Display: Loaded TP MacTargetPlatform
[2018.11.04-17.28.25:667][  0]LogTemp: Display: Loaded TP WindowsClientTargetPlatform
[2018.11.04-17.28.25:719][  0]LogTemp: Display: Loaded TP WindowsNoEditorTargetPlatform
[2018.11.04-17.28.25:795][  0]LogTemp: Display: Loaded TP WindowsServerTargetPlatform
[2018.11.04-17.28.25:825][  0]LogTemp: Display: Loaded TP WindowsTargetPlatform
[2018.11.04-17.28.26:028][  0]LogTemp: Display: Loaded TP AndroidTargetPlatform
[2018.11.04-17.28.26:028][  0]LogTemp: Display: Loaded TP AndroidTargetPlatform
[2018.11.04-17.28.26:028][  0]LogTemp: Display: Loaded TP AndroidTargetPlatform
[2018.11.04-17.28.26:028][  0]LogTemp: Display: Loaded TP AndroidTargetPlatform
[2018.11.04-17.28.26:028][  0]LogTemp: Display: Loaded TP AndroidTargetPlatform
[2018.11.04-17.28.26:028][  0]LogTemp: Display: Loaded TP AndroidTargetPlatform
[2018.11.04-17.28.26:028][  0]LogTemp: Display: Loaded TP AndroidTargetPlatform
[2018.11.04-17.28.26:028][  0]LogTemp: Display: Loaded TP AndroidTargetPlatform
[2018.11.04-17.28.26:028][  0]LogTemp: Display: Loaded TP AndroidTargetPlatform
[2018.11.04-17.28.26:028][  0]LogTemp: Display: Loaded TP AndroidTargetPlatform
[2018.11.04-17.28.26:028][  0]LogTemp: Display: Loaded TP AndroidTargetPlatform
[2018.11.04-17.28.26:029][  0]LogTemp: Display: Loaded TP AndroidTargetPlatform
[2018.11.04-17.28.26:029][  0]LogTemp: Display: Loaded TP AndroidTargetPlatform
[2018.11.04-17.28.26:029][  0]LogTemp: Display: Loaded TP AndroidTargetPlatform
[2018.11.04-17.28.26:029][  0]LogTemp: Display: Loaded TP AndroidTargetPlatform
[2018.11.04-17.28.26:029][  0]LogTemp: Display: Loaded TP AndroidTargetPlatform
[2018.11.04-17.28.26:029][  0]LogTemp: Display: Loaded TP AndroidTargetPlatform
[2018.11.04-17.28.26:029][  0]LogTemp: Display: Loaded TP AndroidTargetPlatform
[2018.11.04-17.28.26:058][  0]LogTemp: Display: Loaded TP HTML5TargetPlatform
[2018.11.04-17.28.26:242][  0]LogTemp: Display: Loaded TP IOSTargetPlatform
[2018.11.04-17.28.26:242][  0]LogTemp: Display: Loaded TP IOSTargetPlatform
[2018.11.04-17.28.26:307][  0]LogTemp: Display: Loaded TP TVOSTargetPlatform
[2018.11.04-17.28.26:307][  0]LogTemp: Display: Loaded TP TVOSTargetPlatform
[2018.11.04-17.28.26:347][  0]LogTemp: Display: Loaded TP LinuxClientTargetPlatform
[2018.11.04-17.28.26:385][  0]LogTemp: Display: Loaded TP LinuxNoEditorTargetPlatform
[2018.11.04-17.28.26:435][  0]LogTemp: Display: Loaded TP LinuxServerTargetPlatform
[2018.11.04-17.28.26:523][  0]LogTemp: Display: Loaded TP LinuxTargetPlatform
[2018.11.04-17.28.26:585][  0]LogTemp: Display: Loaded TP LuminTargetPlatform
[2018.11.04-17.28.26:585][  0]LogTargetPlatformManager: Display: Building Assets For Windows
[2018.11.04-17.28.27:711][  0]LogXGEController: Cannot use XGE Controller as Incredibuild is not installed on this machine.
[2018.11.04-17.28.27:711][  0]LogShaderCompilers: Cannot use XGE Shader Compiler as Incredibuild is not installed on this machine.
[2018.11.04-17.28.27:711][  0]LogShaderCompilers: Display: Using Local Shader Compiler.
[2018.11.04-17.28.36:578][  0]LogDerivedDataCache: Display: Max Cache Size: 512 MB
[2018.11.04-17.28.36:931][  0]LogDerivedDataCache: Loaded boot cache 0.35s 75MB C:/Users/aliha/AppData/Local/UnrealEngine/4.20/DerivedDataCache/Boot.ddc.
[2018.11.04-17.28.36:931][  0]LogDerivedDataCache: Display: Loaded Boot cache: C:/Users/aliha/AppData/Local/UnrealEngine/4.20/DerivedDataCache/Boot.ddc
[2018.11.04-17.28.36:931][  0]LogDerivedDataCache: FDerivedDataBackendGraph:  Pak pak cache file ../../../../../Github/climb-summit/TheSummit/DerivedDataCache/DDC.ddp not found, will not use a pak cache.
[2018.11.04-17.28.36:931][  0]LogDerivedDataCache: Unable to find inner node Pak for hierarchical cache Hierarchy.
[2018.11.04-17.28.36:931][  0]LogDerivedDataCache: FDerivedDataBackendGraph:  CompressedPak pak cache file ../../../../../Github/climb-summit/TheSummit/DerivedDataCache/Compressed.ddp not found, will not use a pak cache.
[2018.11.04-17.28.36:931][  0]LogDerivedDataCache: Unable to find inner node CompressedPak for hierarchical cache Hierarchy.
[2018.11.04-17.28.37:023][  0]LogDerivedDataCache: Display: Pak cache opened for reading ../../../Engine/DerivedDataCache/Compressed.ddp.
[2018.11.04-17.28.37:038][  0]LogDerivedDataCache: Using Local data cache path C:/Users/aliha/AppData/Local/UnrealEngine/Common/DerivedDataCache: Writable
[2018.11.04-17.28.37:038][  0]LogDerivedDataCache: Shared data cache path not found in *engine.ini, will not use an Shared cache.
[2018.11.04-17.28.37:038][  0]LogDerivedDataCache: Unable to find inner node Shared for hierarchical cache Hierarchy.
[2018.11.04-17.28.37:148][  0]LogMaterial: Verifying Global Shaders for PCD3D_SM5
[2018.11.04-17.28.37:240][  0]LogSlate: Using FreeType 2.6.0
[2018.11.04-17.28.37:436][  0]LogSlate: SlateFontServices - WITH_FREETYPE: 1, WITH_HARFBUZZ: 1
[2018.11.04-17.28.38:418][  0]LogAssetRegistry: FAssetRegistry took 0.0305 seconds to start up
[2018.11.04-17.28.47:600][  0]LogInit: Selected Device Profile: [Windows]
[2018.11.04-17.28.49:901][  0]LogSimplygon: Simplygon DLL not present - disabling.
[2018.11.04-17.28.50:029][  0]LogMeshReduction: Using SimplygonSwarm for distributed automatic mesh merging
[2018.11.04-17.28.50:030][  0]LogMeshReduction: Using ProxyLODMeshReduction for automatic mesh merging
[2018.11.04-17.28.50:031][  0]LogMeshReduction: Using QuadricMeshReduction for automatic static mesh reduction
[2018.11.04-17.28.50:031][  0]LogMeshReduction: No automatic skeletal mesh reduction module available
[2018.11.04-17.28.50:614][  0]LogNetVersion: TheSummit 1.0.0, NetCL: 4212847, EngineNetVer: 5, GameNetVer: 0 (Checksum: 40220121)
[2018.11.04-17.28.57:844][  0]LogPackageLocalizationCache: Processed 11 localized package path(s) for 2 prioritized culture(s) in 0.344264 seconds
[2018.11.04-17.28.57:935][  0]LogUObjectArray: 38425 objects as part of root set at end of initial load.
[2018.11.04-17.28.57:935][  0]LogUObjectAllocator: 6690864 out of 0 bytes used by permanent object pool.
[2018.11.04-17.28.57:935][  0]LogUObjectArray: CloseDisregardForGC: 0/0 objects in disregard for GC pool
[2018.11.04-17.29.22:132][  0]LogMaterial: Display: Missing cached shader map for material BaseColor, compiling. 
[2018.11.04-17.29.22:222][  0]LogMaterial: Warning: D:\Unreal Engine\UE_4.20\Engine\Content\BufferVisualization\BaseColor.uasset: Failed to compile Material for platform PCD3D_SM5, Default Material will be used in game.
[2018.11.04-17.29.22:222][  0]LogMaterial: 	(Node SceneTexture) GBuffer scene textures not available with forward shading.
[2018.11.04-17.29.22:543][  0]LogMaterial: Display: Missing cached shader map for material LightingModel, compiling. 
[2018.11.04-17.29.22:544][  0]LogMaterial: Warning: D:\Unreal Engine\UE_4.20\Engine\Content\BufferVisualization\LightingModel.uasset: Failed to compile Material for platform PCD3D_SM5, Default Material will be used in game.
[2018.11.04-17.29.22:544][  0]LogMaterial: 	(Node SceneTexture) GBuffer scene textures not available with forward shading.
[2018.11.04-17.29.22:561][  0]LogMaterial: Display: Missing cached shader map for material MaterialAO, compiling. 
[2018.11.04-17.29.22:561][  0]LogMaterial: Warning: D:\Unreal Engine\UE_4.20\Engine\Content\BufferVisualization\MaterialAO.uasset: Failed to compile Material for platform PCD3D_SM5, Default Material will be used in game.
[2018.11.04-17.29.22:562][  0]LogMaterial: 	(Node SceneTexture) GBuffer scene textures not available with forward shading.
[2018.11.04-17.29.22:573][  0]LogMaterial: Display: Missing cached shader map for material Metallic, compiling. 
[2018.11.04-17.29.22:574][  0]LogMaterial: Warning: D:\Unreal Engine\UE_4.20\Engine\Content\BufferVisualization\Metallic.uasset: Failed to compile Material for platform PCD3D_SM5, Default Material will be used in game.
[2018.11.04-17.29.22:574][  0]LogMaterial: 	(Node SceneTexture) GBuffer scene textures not available with forward shading.
[2018.11.04-17.29.22:584][  0]LogMaterial: Display: Missing cached shader map for material Opacity, compiling. 
[2018.11.04-17.29.22:584][  0]LogMaterial: Warning: D:\Unreal Engine\UE_4.20\Engine\Content\BufferVisualization\Opacity.uasset: Failed to compile Material for platform PCD3D_SM5, Default Material will be used in game.
[2018.11.04-17.29.22:584][  0]LogMaterial: 	(Node SceneTexture) GBuffer scene textures not available with forward shading.
[2018.11.04-17.29.22:611][  0]LogMaterial: Display: Missing cached shader map for material Roughness, compiling. 
[2018.11.04-17.29.22:612][  0]LogMaterial: Warning: D:\Unreal Engine\UE_4.20\Engine\Content\BufferVisualization\Roughness.uasset: Failed to compile Material for platform PCD3D_SM5, Default Material will be used in game.
[2018.11.04-17.29.22:612][  0]LogMaterial: 	(Node SceneTexture) GBuffer scene textures not available with forward shading.
[2018.11.04-17.29.22:711][  0]LogMaterial: Display: Missing cached shader map for material Specular, compiling. 
[2018.11.04-17.29.22:712][  0]LogMaterial: Warning: D:\Unreal Engine\UE_4.20\Engine\Content\BufferVisualization\Specular.uasset: Failed to compile Material for platform PCD3D_SM5, Default Material will be used in game.
[2018.11.04-17.29.22:712][  0]LogMaterial: 	(Node SceneTexture) GBuffer scene textures not available with forward shading.
[2018.11.04-17.29.22:721][  0]LogMaterial: Display: Missing cached shader map for material SubsurfaceColor, compiling. 
[2018.11.04-17.29.22:722][  0]LogMaterial: Warning: D:\Unreal Engine\UE_4.20\Engine\Content\BufferVisualization\SubsurfaceColor.uasset: Failed to compile Material for platform PCD3D_SM5, Default Material will be used in game.
[2018.11.04-17.29.22:722][  0]LogMaterial: 	(Node SceneTexture) GBuffer scene textures not available with forward shading.
[2018.11.04-17.29.22:731][  0]LogMaterial: Display: Missing cached shader map for material WorldNormal, compiling. 
[2018.11.04-17.29.22:731][  0]LogMaterial: Warning: D:\Unreal Engine\UE_4.20\Engine\Content\BufferVisualization\WorldNormal.uasset: Failed to compile Material for platform PCD3D_SM5, Default Material will be used in game.
[2018.11.04-17.29.22:731][  0]LogMaterial: 	(Node SceneTexture) GBuffer scene textures not available with forward shading.
[2018.11.04-17.29.23:592][  0]LogTcpMessaging: Initializing TcpMessaging bridge
[2018.11.04-17.29.23:659][  0]LogUdpMessaging: Initializing bridge on interface 0.0.0.0:0 to multicast group 230.0.0.1:6666.
[2018.11.04-17.29.25:413][  0]SourceControl: Source control is disabled
[2018.11.04-17.29.28:454][  0]LogAndroidPermission: UAndroidPermissionCallbackProxy::GetInstance
[2018.11.04-17.29.28:756][  0]LogOcInput: OculusInput pre-init called
[2018.11.04-17.29.31:241][  0]LogEngine: Initializing Engine...
[2018.11.04-17.29.31:342][  0]LogHMD: Failed to initialize OpenVR with code 108
[2018.11.04-17.29.31:510][  0]LogStats: UGameplayTagsManager::ConstructGameplayTagTree: ImportINI prefixes -  0.000 s
[2018.11.04-17.29.31:510][  0]LogStats: UGameplayTagsManager::ConstructGameplayTagTree: Construct from data asset -  0.000 s
[2018.11.04-17.29.31:511][  0]LogStats: UGameplayTagsManager::ConstructGameplayTagTree: ImportINI -  0.001 s
[2018.11.04-17.29.31:511][  0]LogStats: UGameplayTagsManager::ConstructGameplayTagTree: GameplayTagTreeChangedEvent.Broadcast -  0.000 s
[2018.11.04-17.29.32:545][  0]LogInit: Initializing FReadOnlyCVARCache
[2018.11.04-17.29.33:244][  0]LogAIModule: Creating AISystem for world Untitled
[2018.11.04-17.29.33:599][  0]LogInit: XAudio2 using 'Speakers (USB Audio Device)' : 2 channels at 48 kHz using 16 bits per sample (channel mask 0x3)
[2018.11.04-17.29.33:669][  0]LogInit: FAudioDevice initialized.
[2018.11.04-17.29.33:687][  0]LogNetVersion: Set ProjectVersion to 1.0.0.0. Version Checksum will be recalculated on next use.
[2018.11.04-17.29.33:775][  0]LogDerivedDataCache: Saved boot cache 0.09s 75MB C:/Users/aliha/AppData/Local/UnrealEngine/4.20/DerivedDataCache/Boot.ddc.
[2018.11.04-17.29.33:780][  0]LogInit: Texture streaming: Enabled
[2018.11.04-17.29.34:157][  0]LogEngineSessionManager: EngineSessionManager initialized
[2018.11.04-17.29.34:389][  0]LogInit: Transaction tracking system initialized
[2018.11.04-17.29.34:821][  0]BlueprintLog: New page: Editor Load
[2018.11.04-17.29.36:640][  0]LocalizationService: Localization service is disabled
[2018.11.04-17.29.42:318][  0]LogFileCache: Scanning file cache for directory 'D:/Github/climb-summit/TheSummit/Content/' took 0.03s
[2018.11.04-17.29.42:318][  0]LogCook: Display: Max memory allowance for cook 16384mb min free memory 0mb
[2018.11.04-17.29.42:319][  0]LogCook: Display: Mobile HDR setting 1
[2018.11.04-17.29.42:343][  0]LogGameplayTags: Display: UGameplayTagsManager::DoneAddingNativeTags. DelegateIsBound: 0
[2018.11.04-17.29.42:344][  0]LogStats: UGameplayTagsManager::ConstructGameplayTagTree: ImportINI prefixes -  0.000 s
[2018.11.04-17.29.42:344][  0]LogStats: UGameplayTagsManager::ConstructGameplayTagTree: Construct from data asset -  0.000 s
[2018.11.04-17.29.42:345][  0]LogStats: UGameplayTagsManager::ConstructGameplayTagTree: ImportINI -  0.000 s
[2018.11.04-17.29.42:345][  0]LogStats: UGameplayTagsManager::ConstructGameplayTagTree: GameplayTagTreeChangedEvent.Broadcast -  0.000 s
[2018.11.04-17.29.49:470][  0]LogSlate: Updating window title bar state: overlay mode, drag disabled, window buttons hidden, title bar hidden
[2018.11.04-17.29.49:575][  0]LogSlate: Updating window title bar state: overlay mode, drag disabled, window buttons hidden, title bar hidden
[2018.11.04-17.29.49:586][  0]LogSlate: Updating window title bar state: overlay mode, drag disabled, window buttons hidden, title bar hidden
[2018.11.04-17.29.49:596][  0]LogSlate: Updating window title bar state: overlay mode, drag disabled, window buttons hidden, title bar hidden
[2018.11.04-17.29.49:765][  0]LogCollectionManager: Loaded 0 collections in 0.001640 seconds
[2018.11.04-17.29.50:026][  0]LogFileCache: Scanning file cache for directory 'D:/Github/climb-summit/TheSummit/Saved/Collections/' took 0.01s
[2018.11.04-17.29.50:026][  0]LogFileCache: Scanning file cache for directory 'D:/Github/climb-summit/TheSummit/Content/Developers/aliha/Collections/' took 0.01s
[2018.11.04-17.29.50:026][  0]LogFileCache: Scanning file cache for directory 'D:/Github/climb-summit/TheSummit/Content/Collections/' took 0.01s
[2018.11.04-17.29.50:026][  0]LogCollectionManager: Rebuilt the GUID cache for 0 collections in 0.000002 seconds
[2018.11.04-17.29.50:047][  0]LogContentBrowser: Native class hierarchy populated in 0.0161 seconds. Added 2572 classes and 603 folders.
[2018.11.04-17.29.50:312][  0]LogContentBrowser: Native class hierarchy updated for 'WidgetCarousel' in 0.0004 seconds. Added 0 classes and 0 folders.
[2018.11.04-17.29.51:610][  0]LogContentBrowser: Native class hierarchy updated for 'AddContentDialog' in 0.0006 seconds. Added 0 classes and 0 folders.
[2018.11.04-17.29.51:654][  0]LogContentBrowser: Native class hierarchy updated for 'SceneOutliner' in 0.0005 seconds. Added 1 classes and 2 folders.
[2018.11.04-17.29.52:718][  0]LogSlate: Took 0.023038 seconds to synchronously load lazily loaded font '../../../Engine/Content/Slate/Fonts/Roboto-Regular.ttf' (155K)
[2018.11.04-17.29.52:807][  0]LogSlate: Took 0.043123 seconds to synchronously load lazily loaded font '../../../Engine/Content/Slate/Fonts/Roboto-Bold.ttf' (160K)
[2018.11.04-17.29.52:934][  0]LogSlate: Took 0.018273 seconds to synchronously load lazily loaded font '../../../Engine/Content/Editor/Slate/Fonts/FontAwesome.ttf' (139K)
[2018.11.04-17.29.54:177][  0]LogRenderer: Reallocating scene render targets to support 1208x576 Format 10 NumSamples 1 (Frame:1).
[2018.11.04-17.29.55:504][  0]LogContentBrowser: Native class hierarchy updated for 'HierarchicalLODOutliner' in 0.0006 seconds. Added 0 classes and 0 folders.
[2018.11.04-17.29.55:504][  0]LogLoad: (Engine Initialization) Total time: 131.24 seconds
[2018.11.04-17.29.55:504][  0]LogLoad: (Engine Initialization) Total Blueprint compile time: 0.00 seconds
[2018.11.04-17.29.56:361][  0]LogContentStreaming: Texture pool size now 3000 MB
[2018.11.04-17.29.57:297][  5]LogAssetRegistry: Asset discovery search completed in 78.9031 seconds
[2018.11.04-17.29.57:324][  5]LogCollectionManager: Rebuilt the object cache for 0 collections in 0.000002 seconds (found 0 objects)
[2018.11.04-17.29.57:324][  5]LogCollectionManager: Fixed up redirectors for 0 collections in 0.017508 seconds (updated 0 objects)
[2018.11.04-17.52.48:940][242]LogSlate: FSceneViewport::OnFocusLost() reason 0
[2018.11.04-17.52.50:959][248]LogSlate: Took 0.042586 seconds to synchronously load lazily loaded font '../../../Engine/Content/Slate/Fonts/Roboto-Light.ttf' (167K)
[2018.11.04-17.52.51:013][248]LogAssetEditorManager: Opening Asset editor for Blueprint /Game/AliTesting/Blueprints/ClimbingWall_Blueprint.ClimbingWall_Blueprint
[2018.11.04-17.52.53:305][248]LogContentBrowser: Native class hierarchy updated for 'BlueprintGraph' in 0.0202 seconds. Added 116 classes and 0 folders.
[2018.11.04-17.52.56:943][248]LogSlate: Took 0.020882 seconds to synchronously load lazily loaded font '../../../Engine/Content/Slate/Fonts/Roboto-BoldCondensed.ttf' (158K)
[2018.11.04-17.52.58:384][249]LogSlate: Took 0.039439 seconds to synchronously load lazily loaded font '../../../Engine/Content/Slate/Fonts/Roboto-Italic.ttf' (157K)
[2018.11.04-17.53.14:005][223]BlueprintLog: New page: Compile ClimbingWall_Blueprint
[2018.11.04-17.53.15:205][223]LogGarbage: Warning: 14.111600 ms for acquiring GC lock
[2018.11.04-17.53.16:438][223]LogSavePackage: Moving '../../../../../Github/climb-summit/TheSummit/Saved/ClimbingWall_Blueprint9768F1404A2BBBBD1DDEAD87DCBB96D7.tmp' to '../../../../../Github/climb-summit/TheSummit/Content/AliTesting/Blueprints/ClimbingWall_Blueprint.uasset'
[2018.11.04-17.53.17:404][263]LogSlate: Window 'ClimbingWall_Blueprint' being destroyed
[2018.11.04-18.14.16:667][246]LogAssetEditorManager: Opening Asset editor for Blueprint /Game/AliTesting/Blueprints/Tree_Blueprint.Tree_Blueprint
[2018.11.04-18.14.40:990][613]BlueprintLog: New page: Compile Tree_Blueprint
[2018.11.04-18.14.41:862][613]Cmd: OBJ SAVEPACKAGE PACKAGE="/Game/AliTesting/Blueprints/Tree_Blueprint" FILE="../../../../../Github/climb-summit/TheSummit/Content/AliTesting/Blueprints/Tree_Blueprint.uasset" SILENT=true
[2018.11.04-18.14.42:288][613]LogSavePackage: Moving '../../../../../Github/climb-summit/TheSummit/Saved/Tree_BlueprintC6000C0B41533F5DA74A85BB4A84CD97.tmp' to '../../../../../Github/climb-summit/TheSummit/Content/AliTesting/Blueprints/Tree_Blueprint.uasset'
[2018.11.04-18.14.44:081][804]LogSlate: Window 'Tree_Blueprint' being destroyed
[2018.11.04-18.14.53:320][866]LogAssetEditorManager: Opening Asset editor for Blueprint /Game/AliTesting/Blueprints/Character_Blueprint.Character_Blueprint
[2018.11.04-18.15.00:194][520]LogAssetEditorManager: Opening Asset editor for Blueprint /Game/AliTesting/Blueprints/WoodItem_Blueprint.WoodItem_Blueprint
[2018.11.04-18.15.10:681][305]LogAssetEditorManager: Opening Asset editor for Blueprint /Game/AliTesting/Blueprints/ClimbingWall_Blueprint.ClimbingWall_Blueprint
[2018.11.04-18.16.38:460][313]LogFileHelpers: Editor autosave (incl. sublevels) for '/Temp/Untitled_0' took 0.056
[2018.11.04-18.16.38:557][313]OBJ SavePackage: Generating thumbnails for [1] asset(s) in package [/Game/AliTesting/Blueprints/Character_Blueprint] ([1] browsable assets)...
[2018.11.04-18.16.38:567][313]OBJ SavePackage:     Rendered thumbnail for [Blueprint /Game/AliTesting/Blueprints/Character_Blueprint.Character_Blueprint]
[2018.11.04-18.16.38:567][313]OBJ SavePackage: Finished generating thumbnails for package [/Game/AliTesting/Blueprints/Character_Blueprint]
[2018.11.04-18.16.38:729][313]LogSavePackage: Moving '../../../../../Github/climb-summit/TheSummit/Saved/Character_Blueprint_Auto113FEB18140FE9750734D1E8918A1F1DF.tmp' to '../../../../../Github/climb-summit/TheSummit/Saved/Autosaves/Game/AliTesting/Blueprints/Character_Blueprint_Auto1.uasset'
[2018.11.04-18.16.38:730][313]LogFileHelpers: Auto-saving content packages took 0.269
[2018.11.04-18.26.39:328][614]LogFileHelpers: Editor autosave (incl. sublevels) for '/Temp/Untitled_0' took 0.166
[2018.11.04-18.26.39:331][614]OBJ SavePackage: Generating thumbnails for [1] asset(s) in package [/Game/AliTesting/Blueprints/Character_Blueprint] ([1] browsable assets)...
[2018.11.04-18.26.39:449][614]OBJ SavePackage:     Rendered thumbnail for [Blueprint /Game/AliTesting/Blueprints/Character_Blueprint.Character_Blueprint]
[2018.11.04-18.26.39:449][614]OBJ SavePackage: Finished generating thumbnails for package [/Game/AliTesting/Blueprints/Character_Blueprint]
[2018.11.04-18.26.40:109][614]LogSavePackage: Moving '../../../../../Github/climb-summit/TheSummit/Saved/Character_Blueprint_Auto28E41999444EF052B311F4AA020FBEC46.tmp' to '../../../../../Github/climb-summit/TheSummit/Saved/Autosaves/Game/AliTesting/Blueprints/Character_Blueprint_Auto2.uasset'
[2018.11.04-18.26.40:120][614]LogFileHelpers: Auto-saving content packages took 0.791
[2018.11.04-18.36.40:290][870]LogFileHelpers: Editor autosave (incl. sublevels) for '/Temp/Untitled_0' took 0.044
[2018.11.04-18.36.40:293][870]OBJ SavePackage: Generating thumbnails for [1] asset(s) in package [/Game/AliTesting/Blueprints/Character_Blueprint] ([1] browsable assets)...
[2018.11.04-18.36.40:307][870]OBJ SavePackage:     Rendered thumbnail for [Blueprint /Game/AliTesting/Blueprints/Character_Blueprint.Character_Blueprint]
[2018.11.04-18.36.40:307][870]OBJ SavePackage: Finished generating thumbnails for package [/Game/AliTesting/Blueprints/Character_Blueprint]
[2018.11.04-18.36.40:458][870]LogSavePackage: Moving '../../../../../Github/climb-summit/TheSummit/Saved/Character_Blueprint_Auto3255E5D5242E4A5EE0EE66997DCF4A2DF.tmp' to '../../../../../Github/climb-summit/TheSummit/Saved/Autosaves/Game/AliTesting/Blueprints/Character_Blueprint_Auto3.uasset'
[2018.11.04-18.36.40:460][870]LogFileHelpers: Auto-saving content packages took 0.169
[2018.11.04-18.45.21:738][581]BlueprintLog: New page: Compile Character_Blueprint
[2018.11.04-18.45.23:701][581]Cmd: OBJ SAVEPACKAGE PACKAGE="/Game/AliTesting/Blueprints/Character_Blueprint" FILE="../../../../../Github/climb-summit/TheSummit/Content/AliTesting/Blueprints/Character_Blueprint.uasset" SILENT=true
[2018.11.04-18.45.23:842][581]LogSavePackage: Moving '../../../../../Github/climb-summit/TheSummit/Saved/Character_Blueprint440EC51B4375671C5799AD99D2FBDF78.tmp' to '../../../../../Github/climb-summit/TheSummit/Content/AliTesting/Blueprints/Character_Blueprint.uasset'
[2018.11.04-18.46.13:396][ 84]LogActorComponent: UnregisterComponent: (/Engine/Transient.EditorFloorComp) Not registered. Aborting.
[2018.11.04-18.46.15:202][199]LogSlate: Window 'Character_Blueprint' being destroyed
[2018.11.04-18.46.15:212][199]LogActorComponent: UnregisterComponent: (/Engine/Transient.EditorFloorComp) Not registered. Aborting.
[2018.11.04-18.46.17:138][359]LogSlate: Window 'TheSummit - Unreal Editor' being destroyed
[2018.11.04-18.46.17:139][359]LogWindowsTextInputMethodSystem: Display: IME system now deactivated.
[2018.11.04-18.46.17:524][360]Cmd: QUIT_EDITOR
[2018.11.04-18.46.18:161][360]LogExit: Preparing to exit.
[2018.11.04-18.46.19:983][360]LogExit: Editor shut down
[2018.11.04-18.46.19:987][360]LogExit: Transaction tracking system shut down
[2018.11.04-18.46.22:660][360]LogExit: Object subsystem successfully closed.
[2018.11.04-18.46.23:006][360]LogShaderCompilers: Display: Shaders left to compile 0
[2018.11.04-18.46.23:034][360]LogD3D11RHI: Shutdown
[2018.11.04-18.46.23:034][360]LogD3D11RHI: CleanupD3DDevice
[2018.11.04-18.46.23:146][360]LogD3D11RHI: ~FD3D11DynamicRHI
[2018.11.04-18.46.25:114][360]LogModuleManager: Shutting down and abandoning module BlueprintGraph (610)
[2018.11.04-18.46.25:114][360]LogModuleManager: Shutting down and abandoning module HierarchicalLODOutliner (608)
[2018.11.04-18.46.25:114][360]LogModuleManager: Shutting down and abandoning module SceneOutliner (606)
[2018.11.04-18.46.25:131][360]LogModuleManager: Shutting down and abandoning module AddContentDialog (604)
[2018.11.04-18.46.25:164][360]LogModuleManager: Shutting down and abandoning module WidgetCarousel (603)
[2018.11.04-18.46.25:164][360]LogModuleManager: Shutting down and abandoning module EditorWidgets (600)
[2018.11.04-18.46.25:164][360]LogModuleManager: Shutting down and abandoning module CollectionManager (598)
[2018.11.04-18.46.25:192][360]LogModuleManager: Shutting down and abandoning module FoliageEdit (596)
[2018.11.04-18.46.25:193][360]LogModuleManager: Shutting down and abandoning module LandscapeEditor (594)
[2018.11.04-18.46.25:229][360]LogModuleManager: Shutting down and abandoning module MeshPaintMode (592)
[2018.11.04-18.46.25:240][360]LogModuleManager: Shutting down and abandoning module SceneDepthPickerMode (590)
[2018.11.04-18.46.25:240][360]LogModuleManager: Shutting down and abandoning module ActorPickerMode (588)
[2018.11.04-18.46.25:240][360]LogModuleManager: Shutting down and abandoning module GeometryMode (586)
[2018.11.04-18.46.25:240][360]LogModuleManager: Shutting down and abandoning module TextureAlignMode (584)
[2018.11.04-18.46.25:240][360]LogModuleManager: Shutting down and abandoning module BspMode (582)
[2018.11.04-18.46.25:240][360]LogModuleManager: Shutting down and abandoning module PIEPreviewDeviceProfileSelector (580)
[2018.11.04-18.46.25:249][360]LogModuleManager: Shutting down and abandoning module SequenceRecorderSections (578)
[2018.11.04-18.46.25:252][360]LogModuleManager: Shutting down and abandoning module AutomationWorker (576)
[2018.11.04-18.46.25:279][360]LogModuleManager: Shutting down and abandoning module AudioCaptureEditor (574)
[2018.11.04-18.46.25:279][360]LogModuleManager: Shutting down and abandoning module SequenceRecorder (573)
[2018.11.04-18.46.25:290][360]LogModuleManager: Shutting down and abandoning module MatineeToLevelSequence (570)
[2018.11.04-18.46.25:304][360]LogModuleManager: Shutting down and abandoning module LevelSequenceEditor (568)
[2018.11.04-18.46.25:341][360]LogModuleManager: Shutting down and abandoning module PlacementMode (567)
[2018.11.04-18.46.25:341][360]LogModuleManager: Shutting down and abandoning module MaterialEditor (566)
[2018.11.04-18.46.25:375][360]LogModuleManager: Shutting down and abandoning module WmfMediaFactory (562)
[2018.11.04-18.46.25:396][360]LogModuleManager: Shutting down and abandoning module WmfMediaEditor (560)
[2018.11.04-18.46.25:396][360]LogModuleManager: Shutting down and abandoning module MediaPlayerEditor (558)
[2018.11.04-18.46.25:419][360]LogModuleManager: Shutting down and abandoning module OpenExrWrapper (556)
[2018.11.04-18.46.25:419][360]LogModuleManager: Shutting down and abandoning module ImgMediaFactory (554)
[2018.11.04-18.46.25:419][360]LogModuleManager: Shutting down and abandoning module ImgMediaEditor (552)
[2018.11.04-18.46.25:419][360]LogModuleManager: Shutting down and abandoning module AvfMediaFactory (550)
[2018.11.04-18.46.25:419][360]LogModuleManager: Shutting down and abandoning module AvfMediaEditor (548)
[2018.11.04-18.46.25:419][360]LogModuleManager: Shutting down and abandoning module AndroidMediaFactory (546)
[2018.11.04-18.46.25:419][360]LogModuleManager: Shutting down and abandoning module AndroidMediaEditor (544)
[2018.11.04-18.46.25:419][360]LogModuleManager: Shutting down and abandoning module MagicLeapCameraPreviewFactory (542)
[2018.11.04-18.46.25:419][360]LogModuleManager: Shutting down and abandoning module MagicLeapMediaFactory (540)
[2018.11.04-18.46.25:419][360]LogModuleManager: Shutting down and abandoning module MagicLeapMediaEditor (538)
[2018.11.04-18.46.25:419][360]LogModuleManager: Shutting down and abandoning module CharacterAI (536)
[2018.11.04-18.46.25:419][360]LogModuleManager: Shutting down and abandoning module SmartSnapping (534)
[2018.11.04-18.46.25:419][360]LogModuleManager: Shutting down and abandoning module SessionServices (532)
[2018.11.04-18.46.25:419][360]LogModuleManager: Shutting down and abandoning module ViewportSnapping (530)
[2018.11.04-18.46.25:419][360]LogModuleManager: Shutting down and abandoning module ViewportInteraction (528)
[2018.11.04-18.46.25:419][360]LogModuleManager: Shutting down and abandoning module ClothPainter (526)
[2018.11.04-18.46.25:440][360]LogModuleManager: Shutting down and abandoning module SkeletalMeshEditor (525)
[2018.11.04-18.46.25:462][360]LogModuleManager: Shutting down and abandoning module LogVisualizer (522)
[2018.11.04-18.46.25:485][360]LogModuleManager: Shutting down and abandoning module IntroTutorials (520)
[2018.11.04-18.46.25:515][360]LogModuleManager: Shutting down and abandoning module GameProjectGeneration (519)
[2018.11.04-18.46.25:537][360]LogModuleManager: Shutting down and abandoning module LuminPlatformEditor (516)
[2018.11.04-18.46.25:537][360]LogModuleManager: Shutting down and abandoning module IOSPlatformEditor (514)
[2018.11.04-18.46.25:555][360]LogModuleManager: Shutting down and abandoning module HTML5PlatformEditor (512)
[2018.11.04-18.46.25:555][360]LogModuleManager: Shutting down and abandoning module AndroidPlatformEditor (510)
[2018.11.04-18.46.25:555][360]LogModuleManager: Shutting down and abandoning module AndroidDeviceDetection (509)
[2018.11.04-18.46.26:236][360]LogModuleManager: Shutting down and abandoning module WindowsPlatformEditor (506)
[2018.11.04-18.46.26:236][360]LogModuleManager: Shutting down and abandoning module LuminRuntimeSettings (504)
[2018.11.04-18.46.26:237][360]LogModuleManager: Shutting down and abandoning module IOSRuntimeSettings (502)
[2018.11.04-18.46.26:237][360]LogModuleManager: Shutting down and abandoning module AndroidRuntimeSettings (500)
[2018.11.04-18.46.26:237][360]LogModuleManager: Shutting down and abandoning module InputBindingEditor (498)
[2018.11.04-18.46.26:264][360]LogModuleManager: Shutting down and abandoning module MergeActors (496)
[2018.11.04-18.46.26:271][360]LogModuleManager: Shutting down and abandoning module LocalizationDashboard (494)
[2018.11.04-18.46.26:295][360]LogModuleManager: Shutting down and abandoning module LocalizationService (493)
[2018.11.04-18.46.26:310][360]LogModuleManager: Shutting down and abandoning module HardwareTargeting (490)
[2018.11.04-18.46.26:310][360]LogModuleManager: Shutting down and abandoning module DeviceProfileEditor (488)
[2018.11.04-18.46.26:310][360]LogModuleManager: Shutting down and abandoning module UndoHistory (486)
[2018.11.04-18.46.26:327][360]LogModuleManager: Shutting down and abandoning module XmlParser (484)
[2018.11.04-18.46.26:327][360]LogModuleManager: Shutting down and abandoning module Blutility (482)
[2018.11.04-18.46.26:341][360]LogModuleManager: Shutting down and abandoning module ProjectSettingsViewer (480)
[2018.11.04-18.46.26:361][360]LogModuleManager: Shutting down and abandoning module ProjectTargetPlatformEditor (479)
[2018.11.04-18.46.26:361][360]LogModuleManager: Shutting down and abandoning module EditorSettingsViewer (476)
[2018.11.04-18.46.26:361][360]LogModuleManager: Shutting down and abandoning module SettingsEditor (474)
[2018.11.04-18.46.26:382][360]LogModuleManager: Shutting down and abandoning module ProjectLauncher (472)
[2018.11.04-18.46.26:399][360]LogModuleManager: Shutting down and abandoning module SessionFrontend (470)
[2018.11.04-18.46.26:406][360]LogModuleManager: Shutting down and abandoning module ProfilerClient (468)
[2018.11.04-18.46.26:411][360]LogModuleManager: Shutting down and abandoning module DeviceManager (466)
[2018.11.04-18.46.26:439][360]LogModuleManager: Shutting down and abandoning module TargetDeviceServices (465)
[2018.11.04-18.46.26:505][360]LogModuleManager: Shutting down and abandoning module AutomationController (462)
[2018.11.04-18.46.26:528][360]LogModuleManager: Shutting down and abandoning module AutomationWindow (460)
[2018.11.04-18.46.26:537][360]LogModuleManager: Shutting down and abandoning module Layers (458)
[2018.11.04-18.46.26:563][360]LogModuleManager: Shutting down and abandoning module ComponentVisualizers (456)
[2018.11.04-18.46.26:563][360]LogModuleManager: Shutting down and abandoning module DetailCustomizations (454)
[2018.11.04-18.46.26:587][360]LogModuleManager: Shutting down and abandoning module PackagesDialog (452)
[2018.11.04-18.46.26:588][360]LogModuleManager: Shutting down and abandoning module Persona (450)
[2018.11.04-18.46.26:616][360]LogModuleManager: Shutting down and abandoning module AdvancedPreviewScene (449)
[2018.11.04-18.46.26:616][360]LogModuleManager: Shutting down and abandoning module AnimGraph (447)
[2018.11.04-18.46.26:629][360]LogModuleManager: Shutting down and abandoning module Kismet (444)
[2018.11.04-18.46.26:653][360]LogModuleManager: Shutting down and abandoning module GraphEditor (442)
[2018.11.04-18.46.26:653][360]LogModuleManager: Shutting down and abandoning module ClassViewer (440)
[2018.11.04-18.46.26:653][360]LogModuleManager: Shutting down and abandoning module Toolbox (438)
[2018.11.04-18.46.26:653][360]LogModuleManager: Shutting down and abandoning module ModuleUI (436)
[2018.11.04-18.46.26:667][360]LogModuleManager: Shutting down and abandoning module MovieSceneTools (434)
[2018.11.04-18.46.26:689][360]LogModuleManager: Shutting down and abandoning module OutputLog (432)
[2018.11.04-18.46.26:689][360]LogModuleManager: Shutting down and abandoning module GammaUI (430)
[2018.11.04-18.46.26:699][360]LogModuleManager: Shutting down and abandoning module Documentation (428)
[2018.11.04-18.46.26:700][360]LogModuleManager: Shutting down and abandoning module MovieSceneTracks (426)
[2018.11.04-18.46.26:700][360]LogModuleManager: Shutting down and abandoning module MovieScene (424)
[2018.11.04-18.46.26:704][360]LogModuleManager: Shutting down and abandoning module StreamingPauseRendering (422)
[2018.11.04-18.46.26:713][360]LogModuleManager: Shutting down and abandoning module LauncherPlatform (420)
[2018.11.04-18.46.26:713][360]LogModuleManager: Shutting down and abandoning module AnalyticsET (418)
[2018.11.04-18.46.26:714][360]LogModuleManager: Shutting down and abandoning module PortalServices (416)
[2018.11.04-18.46.26:714][360]LogModuleManager: Shutting down and abandoning module PortalRpc (414)
[2018.11.04-18.46.26:714][360]LogModuleManager: Shutting down and abandoning module MessagingRpc (412)
[2018.11.04-18.46.26:714][360]LogModuleManager: Shutting down and abandoning module AIModule (410)
[2018.11.04-18.46.26:741][360]LogModuleManager: Shutting down and abandoning module GameplayDebugger (409)
[2018.11.04-18.46.26:752][360]LogModuleManager: Shutting down and abandoning module AITestSuite (407)
[2018.11.04-18.46.26:764][360]LogModuleManager: Shutting down and abandoning module NavigationSystem (405)
[2018.11.04-18.46.26:788][360]LogModuleManager: Shutting down and abandoning module DesktopPlatform (402)
[2018.11.04-18.46.26:788][360]LogModuleManager: Shutting down and abandoning module ProfilerService (400)
[2018.11.04-18.46.26:910][360]LogModuleManager: Shutting down and abandoning module TaskGraph (398)
[2018.11.04-18.46.26:938][360]LogModuleManager: Shutting down and abandoning module SteamVRController (396)
[2018.11.04-18.46.26:938][360]LogModuleManager: Shutting down and abandoning module ProceduralMeshComponentEditor (394)
[2018.11.04-18.46.26:938][360]LogModuleManager: Shutting down and abandoning module ProceduralMeshComponent (392)
[2018.11.04-18.46.26:955][360]LogModuleManager: Shutting down and abandoning module OculusInput (390)
[2018.11.04-18.46.26:955][360]LogModuleManager: Shutting down and abandoning module MobilePatchingUtils (388)
[2018.11.04-18.46.26:955][360]LogModuleManager: Shutting down and abandoning module EditableMesh (386)
[2018.11.04-18.46.26:961][360]LogModuleManager: Shutting down and abandoning module CustomMeshComponent (384)
[2018.11.04-18.46.26:961][360]LogModuleManager: Shutting down and abandoning module CableComponent (382)
[2018.11.04-18.46.26:961][360]LogModuleManager: Shutting down and abandoning module AudioCapture (380)
[2018.11.04-18.46.26:961][360]LogModuleManager: Shutting down and abandoning module ArchVisCharacter (378)
[2018.11.04-18.46.26:961][360]LogModuleManager: Shutting down and abandoning module AndroidPermission (376)
[2018.11.04-18.46.26:961][360]LogModuleManager: Shutting down and abandoning module NUTUnrealEngine4 (374)
[2018.11.04-18.46.26:961][360]LogModuleManager: Shutting down and abandoning module NetcodeUnitTest (372)
[2018.11.04-18.46.26:991][360]LogModuleManager: Shutting down and abandoning module MediaCompositingEditor (370)
[2018.11.04-18.46.26:991][360]LogModuleManager: Shutting down and abandoning module MediaCompositing (368)
[2018.11.04-18.46.26:991][360]LogModuleManager: Shutting down and abandoning module LinearTimecode (366)
[2018.11.04-18.46.26:991][360]LogModuleManager: Shutting down and abandoning module ImgMedia (364)
[2018.11.04-18.46.27:009][360]LogModuleManager: Shutting down and abandoning module HTML5Networking (362)
[2018.11.04-18.46.27:009][360]LogModuleManager: Shutting down and abandoning module GeometryCacheTracks (360)
[2018.11.04-18.46.27:009][360]LogModuleManager: Shutting down and abandoning module GeometryCacheSequencer (358)
[2018.11.04-18.46.27:009][360]LogModuleManager: Shutting down and abandoning module BackChannel (356)
[2018.11.04-18.46.27:021][360]LogModuleManager: Shutting down and abandoning module AppleVision (354)
[2018.11.04-18.46.27:021][360]LogModuleManager: Shutting down and abandoning module AppleImageUtils (352)
[2018.11.04-18.46.27:021][360]LogModuleManager: Shutting down and abandoning module AlembicImporter (350)
[2018.11.04-18.46.27:021][360]LogModuleManager: Shutting down and abandoning module AlembicLibrary (349)
[2018.11.04-18.46.27:021][360]LogModuleManager: Shutting down and abandoning module GeometryCache (348)
[2018.11.04-18.46.27:021][360]LogModuleManager: Shutting down and abandoning module GeometryCacheEd (347)
[2018.11.04-18.46.27:021][360]LogModuleManager: Shutting down and abandoning module DatasmithContentEditor (342)
[2018.11.04-18.46.27:030][360]LogModuleManager: Shutting down and abandoning module DatasmithContent (340)
[2018.11.04-18.46.27:031][360]LogModuleManager: Shutting down and abandoning module SpeedTreeImporter (338)
[2018.11.04-18.46.27:031][360]LogModuleManager: Shutting down and abandoning module PluginBrowser (336)
[2018.11.04-18.46.27:051][360]LogModuleManager: Shutting down and abandoning module MobileLauncherProfileWizard (334)
[2018.11.04-18.46.27:062][360]LogModuleManager: Shutting down and abandoning module PolygonModeling (332)
[2018.11.04-18.46.27:062][360]LogModuleManager: Shutting down and abandoning module MeshEditor (330)
[2018.11.04-18.46.27:072][360]LogModuleManager: Shutting down and abandoning module CryptoKeysOpenSSL (328)
[2018.11.04-18.46.27:078][360]LogModuleManager: Shutting down and abandoning module CryptoKeys (326)
[2018.11.04-18.46.27:078][360]LogModuleManager: Shutting down and abandoning module VisualStudioSourceCodeAccess (324)
[2018.11.04-18.46.27:084][360]LogModuleManager: Shutting down and abandoning module VisualStudioCodeSourceCodeAccess (322)
[2018.11.04-18.46.27:084][360]LogModuleManager: Shutting down and abandoning module UObjectPlugin (320)
[2018.11.04-18.46.27:085][360]LogModuleManager: Shutting down and abandoning module SubversionSourceControl (318)
[2018.11.04-18.46.27:094][360]LogModuleManager: Shutting down and abandoning module PerforceSourceControl (316)
[2018.11.04-18.46.27:114][360]LogModuleManager: Shutting down and abandoning module GitSourceControl (314)
[2018.11.04-18.46.27:114][360]LogModuleManager: Shutting down and abandoning module SourceControl (313)
[2018.11.04-18.46.27:128][360]LogModuleManager: Shutting down and abandoning module CLionSourceCodeAccess (310)
[2018.11.04-18.46.27:150][360]LogModuleManager: Shutting down and abandoning module LightPropagationVolumeEditor (308)
[2018.11.04-18.46.27:150][360]LogModuleManager: Shutting down and abandoning module PaperTiledImporter (306)
[2018.11.04-18.46.27:150][360]LogModuleManager: Shutting down and abandoning module PaperSpriteSheetImporter (304)
[2018.11.04-18.46.27:150][360]LogModuleManager: Shutting down and abandoning module Paper2DEditor (302)
[2018.11.04-18.46.27:176][360]LogModuleManager: Shutting down and abandoning module MeshPaint (301)
[2018.11.04-18.46.27:192][360]LogModuleManager: Shutting down and abandoning module RuntimePhysXCooking (298)
[2018.11.04-18.46.27:192][360]LogModuleManager: Shutting down and abandoning module PhysXVehiclesEditor (296)
[2018.11.04-18.46.27:192][360]LogModuleManager: Shutting down and abandoning module PhysXVehicles (294)
[2018.11.04-18.46.27:192][360]LogModuleManager: Shutting down and abandoning module OculusEditor (292)
[2018.11.04-18.46.27:199][360]LogModuleManager: Shutting down and abandoning module LocationServicesBPLibrary (290)
[2018.11.04-18.46.27:199][360]LogModuleManager: Shutting down and abandoning module ImmediatePhysicsEditor (288)
[2018.11.04-18.46.27:199][360]LogModuleManager: Shutting down and abandoning module ImmediatePhysics (286)
[2018.11.04-18.46.27:209][360]LogModuleManager: Shutting down and abandoning module ActorSequence (284)
[2018.11.04-18.46.27:210][360]LogModuleManager: Shutting down and abandoning module UdpMessaging (282)
[2018.11.04-18.46.27:311][360]LogModuleManager: Shutting down and abandoning module TcpMessaging (280)
[2018.11.04-18.46.27:439][360]LogModuleManager: Shutting down and abandoning module MagicLeapAudio (278)
[2018.11.04-18.46.27:439][360]LogModuleManager: Shutting down and abandoning module GameplayTagsEditor (276)
[2018.11.04-18.46.27:456][360]LogModuleManager: Shutting down and abandoning module FacialAnimationEditor (274)
[2018.11.04-18.46.27:456][360]LogModuleManager: Shutting down and abandoning module FacialAnimation (272)
[2018.11.04-18.46.27:456][360]LogModuleManager: Shutting down and abandoning module DataValidation (270)
[2018.11.04-18.46.27:456][360]LogModuleManager: Shutting down and abandoning module AssetManagerEditor (268)
[2018.11.04-18.46.27:470][360]LogModuleManager: Shutting down and abandoning module LevelEditor (267)
[2018.11.04-18.46.27:513][360]LogModuleManager: Shutting down and abandoning module PixelInspectorModule (266)
[2018.11.04-18.46.27:525][360]LogModuleManager: Shutting down and abandoning module CommonMenuExtensions (264)
[2018.11.04-18.46.27:525][360]LogModuleManager: Shutting down and abandoning module MainFrame (262)
[2018.11.04-18.46.27:529][360]LogModuleManager: Shutting down and abandoning module HotReload (261)
[2018.11.04-18.46.27:572][360]LogModuleManager: Shutting down and abandoning module ContentBrowser (257)
[2018.11.04-18.46.27:574][360]LogModuleManager: Shutting down and abandoning module TreeMap (255)
[2018.11.04-18.46.27:597][360]LogModuleManager: Shutting down and abandoning module LightPropagationVolumeRuntime (252)
[2018.11.04-18.46.27:597][360]LogModuleManager: Shutting down and abandoning module AISupportModule (250)
[2018.11.04-18.46.27:597][360]LogModuleManager: Shutting down and abandoning module Paper2D (248)
[2018.11.04-18.46.27:608][360]LogModuleManager: Shutting down and abandoning module WindowsMoviePlayer (246)
[2018.11.04-18.46.27:622][360]LogModuleManager: Shutting down and abandoning module WmfMedia (244)
[2018.11.04-18.46.27:637][360]LogModuleManager: Shutting down and abandoning module Media (243)
[2018.11.04-18.46.27:643][360]LogModuleManager: Shutting down and abandoning module PacketHandler (240)
[2018.11.04-18.46.27:644][360]LogModuleManager: Shutting down and abandoning module ClothingSystemEditor (238)
[2018.11.04-18.46.27:644][360]LogModuleManager: Shutting down and abandoning module ClothingSystemRuntime (236)
[2018.11.04-18.46.27:673][360]LogModuleManager: Shutting down and abandoning module MediaAssets (234)
[2018.11.04-18.46.27:673][360]LogModuleManager: Shutting down and abandoning module Overlay (232)
[2018.11.04-18.46.27:673][360]LogModuleManager: Shutting down and abandoning module OverlayEditor (231)
[2018.11.04-18.46.27:673][360]LogModuleManager: Shutting down and abandoning module VREditor (228)
[2018.11.04-18.46.27:701][360]LogModuleManager: Shutting down and abandoning module StringTableEditor (226)
[2018.11.04-18.46.27:725][360]LogModuleManager: Shutting down and abandoning module GameplayTasksEditor (224)
[2018.11.04-18.46.27:725][360]LogModuleManager: Shutting down and abandoning module BehaviorTreeEditor (222)
[2018.11.04-18.46.27:751][360]LogModuleManager: Shutting down and abandoning module FunctionalTesting (220)
[2018.11.04-18.46.27:760][360]LogModuleManager: Shutting down and abandoning module CollisionAnalyzer (218)
[2018.11.04-18.46.27:778][360]LogModuleManager: Shutting down and abandoning module WorkspaceMenuStructure (217)
[2018.11.04-18.46.27:795][360]LogModuleManager: Shutting down and abandoning module UMG (214)
[2018.11.04-18.46.27:811][360]LogModuleManager: Shutting down and abandoning module UMGEditor (213)
[2018.11.04-18.46.27:845][360]LogModuleManager: Shutting down and abandoning module Sequencer (212)
[2018.11.04-18.46.27:890][360]LogModuleManager: Shutting down and abandoning module MessageLog (209)
[2018.11.04-18.46.27:890][360]LogModuleManager: Shutting down and abandoning module SlateReflector (204)
[2018.11.04-18.46.27:904][360]LogModuleManager: Shutting down and abandoning module Slate (202)
[2018.11.04-18.46.27:904][360]LogModuleManager: Shutting down and abandoning module EditorStyle (200)
[2018.11.04-18.46.27:967][360]LogModuleManager: Shutting down and abandoning module MRMesh (198)
[2018.11.04-18.46.27:988][360]LogModuleManager: Shutting down and abandoning module SourceCodeAccess (196)
[2018.11.04-18.46.27:988][360]LogModuleManager: Shutting down and abandoning module HeadMountedDisplay (194)
[2018.11.04-18.46.27:988][360]LogModuleManager: Shutting down and abandoning module XAudio2 (192)
[2018.11.04-18.46.27:988][360]LogModuleManager: Shutting down and abandoning module Networking (190)
[2018.11.04-18.46.27:988][360]LogModuleManager: Shutting down and abandoning module Core (188)
[2018.11.04-18.46.27:988][360]LogModuleManager: Shutting down and abandoning module LevelSequence (186)
[2018.11.04-18.46.27:988][360]LogModuleManager: Shutting down and abandoning module KismetCompiler (184)
[2018.11.04-18.46.27:988][360]LogModuleManager: Shutting down and abandoning module MeshUtilities (182)
[2018.11.04-18.46.27:995][360]LogModuleManager: Shutting down and abandoning module MeshMergeUtilities (181)
[2018.11.04-18.46.28:004][360]LogModuleManager: Shutting down and abandoning module MeshReductionInterface (180)
[2018.11.04-18.46.28:004][360]LogModuleManager: Shutting down and abandoning module SimplygonSwarm (179)
[2018.11.04-18.46.28:013][360]LogModuleManager: Shutting down and abandoning module ProxyLODMeshReduction (177)
[2018.11.04-18.46.28:028][360]LogModuleManager: Shutting down and abandoning module SimplygonMeshReduction (175)
[2018.11.04-18.46.28:028][360]LogModuleManager: Shutting down and abandoning module QuadricMeshReduction (173)
[2018.11.04-18.46.28:046][360]LogModuleManager: Shutting down and abandoning module MaterialBaking (169)
[2018.11.04-18.46.28:069][360]LogModuleManager: Shutting down and abandoning module DirectoryWatcher (165)
[2018.11.04-18.46.28:088][360]LogModuleManager: Shutting down and abandoning module DerivedDataCache (162)
[2018.11.04-18.46.28:149][360]LogDerivedDataCache: Shutdown
[2018.11.04-18.46.28:149][360]LogModuleManager: Shutting down and abandoning module XGEController (160)
[2018.11.04-18.46.28:152][360]LogModuleManager: Shutting down and abandoning module TargetPlatform (158)
[2018.11.04-18.46.28:152][360]LogModuleManager: Shutting down and abandoning module VulkanShaderFormat (157)
[2018.11.04-18.46.28:162][360]LogModuleManager: Shutting down and abandoning module ShaderFormatVectorVM (155)
[2018.11.04-18.46.28:173][360]LogModuleManager: Shutting down and abandoning module ShaderFormatOpenGL (153)
[2018.11.04-18.46.28:178][360]LogModuleManager: Shutting down and abandoning module ShaderFormatD3D (151)
[2018.11.04-18.46.28:178][360]LogModuleManager: Shutting down and abandoning module MetalShaderFormat (149)
[2018.11.04-18.46.28:193][360]LogModuleManager: Shutting down and abandoning module TextureFormatUncompressed (147)
[2018.11.04-18.46.28:193][360]LogModuleManager: Shutting down and abandoning module TextureFormatPVR (145)
[2018.11.04-18.46.28:193][360]LogModuleManager: Shutting down and abandoning module TextureFormatDXT (143)
[2018.11.04-18.46.28:204][360]LogModuleManager: Shutting down and abandoning module TextureFormatIntelISPCTexComp (141)
[2018.11.04-18.46.28:205][360]LogModuleManager: Shutting down and abandoning module TextureFormatASTC (139)
[2018.11.04-18.46.28:205][360]LogModuleManager: Shutting down and abandoning module ImageWrapper (138)
[2018.11.04-18.46.28:205][360]LogModuleManager: Shutting down and abandoning module TextureFormatAndroid (135)
[2018.11.04-18.46.28:215][360]LogModuleManager: Shutting down and abandoning module AudioFormatOpus (133)
[2018.11.04-18.46.28:224][360]LogModuleManager: Shutting down and abandoning module AudioFormatOgg (131)
[2018.11.04-18.46.28:224][360]LogModuleManager: Shutting down and abandoning module AudioFormatADPCM (129)
[2018.11.04-18.46.28:224][360]LogModuleManager: Shutting down and abandoning module LuminTargetPlatform (127)
[2018.11.04-18.46.28:224][360]LogModuleManager: Shutting down and abandoning module LinuxTargetPlatform (125)
[2018.11.04-18.46.28:224][360]LogModuleManager: Shutting down and abandoning module LinuxServerTargetPlatform (123)
[2018.11.04-18.46.28:224][360]LogModuleManager: Shutting down and abandoning module LinuxNoEditorTargetPlatform (121)
[2018.11.04-18.46.28:237][360]LogModuleManager: Shutting down and abandoning module LinuxClientTargetPlatform (119)
[2018.11.04-18.46.28:243][360]LogModuleManager: Shutting down and abandoning module TVOSTargetPlatform (117)
[2018.11.04-18.46.28:252][360]LogModuleManager: Shutting down and abandoning module Messaging (115)
[2018.11.04-18.46.28:252][360]LogModuleManager: Shutting down and abandoning module IOSTargetPlatform (113)
[2018.11.04-18.46.28:259][360]LogModuleManager: Shutting down and abandoning module HTML5TargetPlatform (111)
[2018.11.04-18.46.28:259][360]LogModuleManager: Shutting down and abandoning module AndroidTargetPlatform (109)
[2018.11.04-18.46.28:311][360]LogModuleManager: Shutting down and abandoning module WindowsTargetPlatform (107)
[2018.11.04-18.46.28:311][360]LogModuleManager: Shutting down and abandoning module WindowsServerTargetPlatform (105)
[2018.11.04-18.46.28:311][360]LogModuleManager: Shutting down and abandoning module WindowsNoEditorTargetPlatform (103)
[2018.11.04-18.46.28:311][360]LogModuleManager: Shutting down and abandoning module WindowsClientTargetPlatform (101)
[2018.11.04-18.46.28:311][360]LogModuleManager: Shutting down and abandoning module MacTargetPlatform (99)
[2018.11.04-18.46.28:311][360]LogModuleManager: Shutting down and abandoning module MacServerTargetPlatform (97)
[2018.11.04-18.46.28:311][360]LogModuleManager: Shutting down and abandoning module MacNoEditorTargetPlatform (95)
[2018.11.04-18.46.28:311][360]LogModuleManager: Shutting down and abandoning module MacClientTargetPlatform (93)
[2018.11.04-18.46.28:311][360]LogModuleManager: Shutting down and abandoning module AllDesktopTargetPlatform (91)
[2018.11.04-18.46.28:311][360]LogModuleManager: Shutting down and abandoning module InputCore (88)
[2018.11.04-18.46.28:311][360]LogModuleManager: Shutting down and abandoning module Settings (86)
[2018.11.04-18.46.28:312][360]LogModuleManager: Shutting down and abandoning module PhysXCooking (84)
[2018.11.04-18.46.28:312][360]LogModuleManager: Shutting down and abandoning module SteamVR (82)
[2018.11.04-18.46.28:312][360]LogModuleManager: Shutting down and abandoning module OculusHMD (80)
[2018.11.04-18.46.28:316][360]LogModuleManager: Shutting down and abandoning module ExampleDeviceProfileSelector (78)
[2018.11.04-18.46.28:316][360]LogModuleManager: Shutting down and abandoning module LauncherChunkInstaller (76)
[2018.11.04-18.46.28:316][360]LogModuleManager: Shutting down and abandoning module OnlineBlueprintSupport (74)
[2018.11.04-18.46.28:316][360]LogModuleManager: Shutting down and abandoning module OnlineSubsystem (70)
[2018.11.04-18.46.28:352][360]LogModuleManager: Shutting down and abandoning module XMPP (65)
[2018.11.04-18.46.28:373][360]LogModuleManager: Shutting down and abandoning module WebSockets (64)
[2018.11.04-18.46.28:419][360]LogModuleManager: Shutting down and abandoning module HTTP (61)
[2018.11.04-18.46.28:427][360]LogHttp: Display: Http module shutting down, but needs to wait on 1 outstanding Http requests:
[2018.11.04-18.46.28:427][360]LogHttp: Display: 	verb=[POST] url=[https://datarouter.ol.epicgames.com/datarouter/api/v1/public/data?SessionID=%7B66F4F9D8-41C1-FB72-81D3-32AE68B57E84%7D&AppID=UEEditor.Rocket.Release&AppVersion=4.20.1-4233996%2B%2B%2BUE4%2BRelease-4.20&UserID=23b803834a6e21c2335149ab046191d9%7C6a37eeab3d4f4c15b78733ca7c7e556d%7C902a0952-3a11-4de2-b10f-3626945c9d73&AppEnvironment=datacollector-binary&UploadType=eteventstream] status=Processing
[2018.11.04-18.46.28:439][360]LogModuleManager: Shutting down and abandoning module SSL (60)
[2018.11.04-18.46.28:460][360]LogModuleManager: Shutting down and abandoning module MagicLeapEmulator (56)
[2018.11.04-18.46.28:461][360]LogModuleManager: Shutting down and abandoning module MagicLeapPrivileges (54)
[2018.11.04-18.46.28:461][360]LogModuleManager: Shutting down and abandoning module MagicLeapIdentity (52)
[2018.11.04-18.46.28:461][360]LogModuleManager: Shutting down and abandoning module MagicLeapHelperVulkan (50)
[2018.11.04-18.46.28:461][360]LogModuleManager: Shutting down and abandoning module MagicLeapHelperOpenGL (48)
[2018.11.04-18.46.28:461][360]LogModuleManager: Shutting down and abandoning module MagicLeapSecureStorage (46)
[2018.11.04-18.46.28:461][360]LogModuleManager: Shutting down and abandoning module MagicLeapGestures (44)
[2018.11.04-18.46.28:461][360]LogModuleManager: Shutting down and abandoning module MagicLeapEyeTracker (42)
[2018.11.04-18.46.28:461][360]LogModuleManager: Shutting down and abandoning module MagicLeapController (40)
[2018.11.04-18.46.28:498][360]LogSlate: Slate User Destroyed.  User Index 0, Is Virtual User: 0
[2018.11.04-18.46.28:498][360]LogModuleManager: Shutting down and abandoning module MagicLeap (38)
[2018.11.04-18.46.28:498][360]LogModuleManager: Shutting down and abandoning module AnimationModifiers (36)
[2018.11.04-18.46.28:537][360]LogModuleManager: Shutting down and abandoning module PropertyEditor (35)
[2018.11.04-18.46.28:558][360]LogModuleManager: Shutting down and abandoning module AudioEditor (32)
[2018.11.04-18.46.28:582][360]LogModuleManager: Shutting down and abandoning module TextureCompressor (30)
[2018.11.04-18.46.28:601][360]LogModuleManager: Shutting down and abandoning module ShaderCore (28)
[2018.11.04-18.46.28:601][360]LogModuleManager: Shutting down and abandoning module Landscape (26)
[2018.11.04-18.46.28:601][360]LogModuleManager: Shutting down and abandoning module SlateRHIRenderer (24)
[2018.11.04-18.46.28:631][360]LogModuleManager: Shutting down and abandoning module OpenGLDrv (22)
[2018.11.04-18.46.28:645][360]LogModuleManager: Shutting down and abandoning module D3D11RHI (20)
[2018.11.04-18.46.28:646][360]LogModuleManager: Shutting down and abandoning module AnimGraphRuntime (18)
[2018.11.04-18.46.28:671][360]LogModuleManager: Shutting down and abandoning module Renderer (16)
[2018.11.04-18.46.28:671][360]LogModuleManager: Shutting down and abandoning module Engine (14)
[2018.11.04-18.46.28:671][360]LogModuleManager: Shutting down and abandoning module CoreUObject (12)
[2018.11.04-18.46.28:686][360]LogModuleManager: Shutting down and abandoning module NetworkFile (10)
[2018.11.04-18.46.28:704][360]LogModuleManager: Shutting down and abandoning module CookedIterativeFile (8)
[2018.11.04-18.46.28:704][360]LogModuleManager: Shutting down and abandoning module StreamingFile (6)
[2018.11.04-18.46.28:714][360]LogModuleManager: Shutting down and abandoning module SandboxFile (4)
[2018.11.04-18.46.28:714][360]LogModuleManager: Shutting down and abandoning module PakFile (2)
[2018.11.04-18.46.28:766][360]LogExit: Exiting.
[2018.11.04-18.46.28:820][360]Log file closed, 11/04/18 13:46:28
