Log file open, 10/17/18 13:47:28
LogWindows: Failed to load 'aqProf.dll' (GetLastError=126)
LogWindows: File 'aqProf.dll' does not exist
LogWindows: Failed to load 'VSPerf140.dll' (GetLastError=126)
LogWindows: File 'VSPerf140.dll' does not exist
LogWindows: Failed to load 'VtuneApi.dll' (GetLastError=126)
LogWindows: File 'VtuneApi.dll' does not exist
LogWindows: Failed to load 'VtuneApi32e.dll' (GetLastError=126)
LogWindows: File 'VtuneApi32e.dll' does not exist
LogInit: Display: Running engine for game: TheSummit
LogPlatformFile: Not using cached read wrapper
LogTaskGraph: Started task graph with 5 named threads and 47 total threads with 3 sets of task threads.
LogStats: Stats thread started at 4.199873
LogD3D11RHI: Loaded GFSDK_Aftermath_Lib.x64.dll
LogICUInternationalization: Display: ICU TimeZone Detection - Raw Offset: -5:00, Platform Override: ''
LogPluginManager: Mounting plugin Paper2D
LogPluginManager: Mounting plugin AISupport
LogPluginManager: Mounting plugin LightPropagationVolume
LogPluginManager: Mounting plugin CLionSourceCodeAccess
LogPluginManager: Mounting plugin CodeLiteSourceCodeAccess
LogPluginManager: Mounting plugin GitSourceControl
LogPluginManager: Mounting plugin KDevelopSourceCodeAccess
LogPluginManager: Mounting plugin NullSourceCodeAccess
LogPluginManager: Mounting plugin PerforceSourceControl
LogPluginManager: Mounting plugin SubversionSourceControl
LogPluginManager: Mounting plugin UObjectPlugin
LogPluginManager: Mounting plugin VisualStudioCodeSourceCodeAccess
LogPluginManager: Mounting plugin VisualStudioSourceCodeAccess
LogPluginManager: Mounting plugin XCodeSourceCodeAccess
LogPluginManager: Mounting plugin AssetManagerEditor
LogPluginManager: Mounting plugin CryptoKeys
LogPluginManager: Mounting plugin DataValidation
LogPluginManager: Mounting plugin FacialAnimation
LogPluginManager: Mounting plugin GameplayTagsEditor
LogPluginManager: Mounting plugin MacGraphicsSwitching
LogPluginManager: Mounting plugin MeshEditor
LogPluginManager: Mounting plugin MobileLauncherProfileWizard
LogPluginManager: Mounting plugin PluginBrowser
LogPluginManager: Mounting plugin SpeedTreeImporter
LogPluginManager: Mounting plugin DatasmithContent
LogPluginManager: Mounting plugin AlembicImporter
LogPluginManager: Mounting plugin AppleImageUtils
LogPluginManager: Mounting plugin AppleVision
LogPluginManager: Mounting plugin BackChannel
LogPluginManager: Mounting plugin CharacterAI
LogPluginManager: Mounting plugin GeometryCache
LogPluginManager: Mounting plugin HTML5Networking
LogPluginManager: Mounting plugin ProxyLODPlugin
LogPluginManager: Mounting plugin MagicLeap
LogPluginManager: Mounting plugin MagicLeapEmulator
LogPluginManager: Mounting plugin MagicLeapMedia
LogPluginManager: Mounting plugin AndroidMedia
LogPluginManager: Mounting plugin AvfMedia
LogPluginManager: Mounting plugin ImgMedia
LogPluginManager: Mounting plugin LinearTimecode
LogPluginManager: Mounting plugin MediaCompositing
LogPluginManager: Mounting plugin MediaPlayerEditor
LogPluginManager: Mounting plugin WmfMedia
LogPluginManager: Mounting plugin TcpMessaging
LogPluginManager: Mounting plugin UdpMessaging
LogPluginManager: Mounting plugin ActorSequence
LogPluginManager: Mounting plugin LevelSequenceEditor
LogPluginManager: Mounting plugin MatineeToLevelSequence
LogPluginManager: Mounting plugin NetcodeUnitTest
LogPluginManager: Mounting plugin NUTUnrealEngine4
LogPluginManager: Mounting plugin OnlineSubsystemGooglePlay
LogPluginManager: Mounting plugin OnlineSubsystemIOS
LogPluginManager: Mounting plugin OnlineSubsystem
LogPluginManager: Mounting plugin OnlineSubsystemNull
LogPluginManager: Mounting plugin OnlineSubsystemUtils
LogPluginManager: Mounting plugin LauncherChunkInstaller
LogPluginManager: Mounting plugin AndroidDeviceProfileSelector
LogPluginManager: Mounting plugin AndroidMoviePlayer
LogPluginManager: Mounting plugin AndroidPermission
LogPluginManager: Mounting plugin AppleMoviePlayer
LogPluginManager: Mounting plugin ArchVisCharacter
LogPluginManager: Mounting plugin AudioCapture
LogPluginManager: Mounting plugin CableComponent
LogPluginManager: Mounting plugin CustomMeshComponent
LogPluginManager: Mounting plugin EditableMesh
LogPluginManager: Mounting plugin ExampleDeviceProfileSelector
LogPluginManager: Mounting plugin GoogleCloudMessaging
LogPluginManager: Mounting plugin ImmediatePhysics
LogPluginManager: Mounting plugin IOSDeviceProfileSelector
LogPluginManager: Mounting plugin LinuxDeviceProfileSelector
LogPluginManager: Mounting plugin LocationServicesBPLibrary
LogPluginManager: Mounting plugin MobilePatchingUtils
LogPluginManager: Mounting plugin OculusVR
LogPluginManager: Plugin shader directory ../../../Engine/Plugins/Runtime/Oculus/OculusVR/Shaders found
LogPluginManager: Mapping shader source directory ../../../Engine/Plugins/Runtime/Oculus/OculusVR/Shaders to virtual directory /Plugin/OculusVR
LogPluginManager: Mounting plugin PhysXVehicles
LogPluginManager: Mounting plugin ProceduralMeshComponent
LogPluginManager: Mounting plugin RuntimePhysXCooking
LogPluginManager: Mounting plugin SteamVR
LogPluginManager: Mounting plugin WindowsMoviePlayer
LogStreaming: Display: Took  0.665s to configure plugins.
LogInit: Using libcurl 7.55.1-DEV
LogInit:  - built for x86_64-pc-win32
LogInit:  - supports SSL with OpenSSL/1.0.2h
LogInit:  - supports HTTP deflate (compression) using libz 1.2.8
LogInit:  - other features:
LogInit:      CURL_VERSION_SSL
LogInit:      CURL_VERSION_LIBZ
LogInit:      CURL_VERSION_IPV6
LogInit:      CURL_VERSION_ASYNCHDNS
LogInit:      CURL_VERSION_LARGEFILE
LogInit:      CURL_VERSION_IDN
LogInit:  CurlRequestOptions (configurable via config and command line):
LogInit:  - bVerifyPeer = false  - Libcurl will NOT verify peer certificate
LogInit:  - bUseHttpProxy = false  - Libcurl will NOT use HTTP proxy
LogInit:  - bDontReuseConnections = false  - Libcurl will reuse connections
LogInit:  - CertBundlePath = nullptr  - Libcurl will use whatever was configured at build time.
LogInit:  - MaxHostConnections = 16  - Libcurl will limit the number of connections to a host
LogInit:  - LocalHostAddr = Default
LogInit:  - BufferSize = 65536
LogInit: WinSock: version 1.1 (2.2), MaxSocks=32767, MaxUdp=65467
LogHMD: Failed initializing OVRPlugin 1.25.0
LogInit: Build: ++UE4+Release-4.20-CL-4233996
LogInit: Engine Version: 4.20.1-4233996+++UE4+Release-4.20
LogInit: Compatible Engine Version: 4.20.0-4212847+++UE4+Release-4.20
LogInit: Net CL: 4212847
LogInit: OS: Windows 10 (), CPU: AMD Ryzen 7 1700 Eight-Core Processor          , GPU: NVIDIA GeForce GTX 1080
LogInit: Compiled (64-bit): Jul 26 2018 10:07:30
LogInit: Compiled with Visual C++: 19.13.26129.00
LogInit: Build Configuration: Development
LogInit: Branch Name: ++UE4+Release-4.20
LogInit: Command Line:  
LogInit: Base Directory: D:/Unreal Engine/UE_4.20/Engine/Binaries/Win64/
LogInit: Installed Engine Build: 1
LogDevObjectVersion: Number of dev versions registered: 20
LogDevObjectVersion:   Dev-Blueprints (B0D832E4-1F89-4F0D-ACCF-7EB736FD4AA2): 10
LogDevObjectVersion:   Dev-Build (E1C64328-A22C-4D53-A36C-8E866417BD8C): 0
LogDevObjectVersion:   Dev-Core (375EC13C-06E4-48FB-B500-84F0262A717E): 2
LogDevObjectVersion:   Dev-Editor (E4B068ED-F494-42E9-A231-DA0B2E46BB41): 24
LogDevObjectVersion:   Dev-Framework (CFFC743F-43B0-4480-9391-14DF171D2073): 34
LogDevObjectVersion:   Dev-Mobile (B02B49B5-BB20-44E9-A304-32B752E40360): 2
LogDevObjectVersion:   Dev-Networking (A4E4105C-59A1-49B5-A7C5-40C4547EDFEE): 0
LogDevObjectVersion:   Dev-Online (39C831C9-5AE6-47DC-9A44-9C173E1C8E7C): 0
LogDevObjectVersion:   Dev-Physics (78F01B33-EBEA-4F98-B9B4-84EACCB95AA2): 0
LogDevObjectVersion:   Dev-Platform (6631380F-2D4D-43E0-8009-CF276956A95A): 0
LogDevObjectVersion:   Dev-Rendering (12F88B9F-8875-4AFC-A67C-D90C383ABD29): 26
LogDevObjectVersion:   Dev-Sequencer (7B5AE74C-D270-4C10-A958-57980B212A5A): 9
LogDevObjectVersion:   Dev-VR (D7296918-1DD6-4BDD-9DE2-64A83CC13884): 2
LogDevObjectVersion:   Dev-LoadTimes (C2A15278-BFE7-4AFE-6C17-90FF531DF755): 1
LogDevObjectVersion:   Private-Geometry (6EACA3D4-40EC-4CC1-B786-8BED09428FC5): 3
LogDevObjectVersion:   Dev-AnimPhys (29E575DD-E0A3-4627-9D10-D276232CDCEA): 17
LogDevObjectVersion:   Dev-ReflectionCapture (6B266CEC-1EC7-4B8F-A30B-E4D90942FC07): 1
LogDevObjectVersion:   Dev-Automation (0DF73D61-A23F-47EA-B727-89E90C41499A): 1
LogDevObjectVersion:   FortniteMain (601D1886-AC64-4F84-AA16-D3DE0DEAC7D6): 12
LogDevObjectVersion:   Dev-Enterprise (9DFFBCD6-494F-0158-E221-12823C92A888): 1
LogStreaming: Display: Took  0.047s to delete old logs.
LogInit: Presizing for max 8388607 objects, including 0 objects not considered by GC, pre-allocating 0 bytes for permanent pool.
LogInit: Object subsystem initialized
[2018.10.17-17.47.32:067][  0]LogInit: Selected Device Profile: [Windows]
[2018.10.17-17.47.32:068][  0]LogInit: Applying CVar settings loaded from the selected device profile: [Windows]
[2018.10.17-17.47.32:155][  0]LogHAL: Display: Platform has ~ 16 GB [17109286912 / 17179869184 / 16], which maps to Larger [LargestMinGB=32, LargerMinGB=12, DefaultMinGB=8, SmallerMinGB=6, SmallestMinGB=0)
[2018.10.17-17.47.32:178][  0]LogInit: Setting Device Profile CVar: [[r.Vulkan.UseRealUBs:1]]
[2018.10.17-17.47.32:179][  0]LogInit: Going up to parent DeviceProfile []
[2018.10.17-17.47.32:253][  0]LogInit: Computer: ALI-PC
[2018.10.17-17.47.32:253][  0]LogInit: User: aliha
[2018.10.17-17.47.32:253][  0]LogInit: CPU Page size=4096, Cores=8
[2018.10.17-17.47.32:253][  0]LogInit: High frequency timer resolution =2.929944 MHz
[2018.10.17-17.47.32:253][  0]LogMemory: Memory total: Physical=15.9GB (16GB approx)
[2018.10.17-17.47.32:253][  0]LogMemory: Platform Memory Stats for Windows
[2018.10.17-17.47.32:253][  0]LogMemory: Process Physical Memory: 106.02 MB used, 106.02 MB peak
[2018.10.17-17.47.32:253][  0]LogMemory: Process Virtual Memory: 98.68 MB used, 98.68 MB peak
[2018.10.17-17.47.32:253][  0]LogMemory: Physical Memory: 6227.27 MB used,  10089.41 MB free, 16316.69 MB total
[2018.10.17-17.47.32:253][  0]LogMemory: Virtual Memory: 4692.18 MB used,  10089.41 MB free, 134217728.00 MB total
[2018.10.17-17.47.33:113][  0]LogInit: Using OS detected language (en-US).
[2018.10.17-17.47.33:113][  0]LogInit: Using OS detected locale (en-US).
[2018.10.17-17.47.33:208][  0]LogTextLocalizationManager: No specific localization for 'en-US' exists, so the 'en' localization will be used.
[2018.10.17-17.47.34:102][  0]LogStreaming: Display: Took  0.967s to InitEngineTextLocalization.
[2018.10.17-17.47.34:113][  0]LogInit: Setting process to per monitor DPI aware
[2018.10.17-17.47.35:069][  0]LogSlate: New Slate User Created.  User Index 0, Is Virtual User: 0
[2018.10.17-17.47.35:070][  0]LogSlate: Slate User Registered.  User Index 0, Is Virtual User: 0
[2018.10.17-17.47.45:062][  0]LogHMD: Failed to initialize OpenVR with code 108
[2018.10.17-17.47.45:062][  0]LogD3D11RHI: D3D11 adapters:
[2018.10.17-17.47.45:137][  0]LogD3D11RHI:    0. 'NVIDIA GeForce GTX 1080' (Feature Level 11_0)
[2018.10.17-17.47.45:137][  0]LogD3D11RHI:       8079/0/8158 MB DedicatedVideo/DedicatedSystem/SharedSystem, Outputs:1, VendorId:0x10de
[2018.10.17-17.47.45:139][  0]LogD3D11RHI:    1. 'Microsoft Basic Render Driver' (Feature Level 11_0)
[2018.10.17-17.47.45:139][  0]LogD3D11RHI:       0/0/8158 MB DedicatedVideo/DedicatedSystem/SharedSystem, Outputs:0, VendorId:0x1414
[2018.10.17-17.47.45:139][  0]LogD3D11RHI: Chosen D3D11 Adapter: 0
[2018.10.17-17.47.45:179][  0]LogD3D11RHI: Creating new Direct3DDevice
[2018.10.17-17.47.45:179][  0]LogD3D11RHI:     GPU DeviceId: 0x1b80 (for the marketing name, search the web for "GPU Device Id")
[2018.10.17-17.47.45:197][  0]LogWindows: EnumDisplayDevices:
[2018.10.17-17.47.45:198][  0]LogWindows:    0. 'NVIDIA GeForce GTX 1080' (P:1 D:1)
[2018.10.17-17.47.45:198][  0]LogWindows:    1. 'NVIDIA GeForce GTX 1080' (P:0 D:0)
[2018.10.17-17.47.45:198][  0]LogWindows:    2. 'NVIDIA GeForce GTX 1080' (P:0 D:0)
[2018.10.17-17.47.45:198][  0]LogWindows:    3. 'NVIDIA GeForce GTX 1080' (P:0 D:0)
[2018.10.17-17.47.45:198][  0]LogWindows: DebugString: FoundDriverCount:4 
[2018.10.17-17.47.45:198][  0]LogD3D11RHI:     Adapter Name: NVIDIA GeForce GTX 1080
[2018.10.17-17.47.45:199][  0]LogD3D11RHI:   Driver Version: 411.70 (internal:24.21.14.1170, unified:411.70)
[2018.10.17-17.47.45:199][  0]LogD3D11RHI:      Driver Date: 9-25-2018
[2018.10.17-17.47.45:199][  0]LogRHI: Texture pool is 5655 MB (70% of 8079 MB)
[2018.10.17-17.47.45:254][  0]LogD3D11RHI: Async texture creation enabled
[2018.10.17-17.47.45:598][  0]LogD3D11RHI: GPU Timing Frequency: 1000.000000 (Debug: 2 2)
[2018.10.17-17.47.45:706][  0]LogShaderCompilers: Guid format shader working directory is 1 characters bigger than the processId version (../../../../../Github/climb-summit/TheSummit/Intermediate/Shaders/WorkingDirectory/13352/).
[2018.10.17-17.47.45:706][  0]LogShaderCompilers: Cleaned the shader compiler working directory 'C:/Users/aliha/AppData/Local/Temp/UnrealShaderWorkingDir/399097B44D7ABBD58FAABE82F27AF557/'.
[2018.10.17-17.47.46:569][  0]LogTemp: Display: Loaded TP AllDesktopTargetPlatform
[2018.10.17-17.47.46:636][  0]LogTemp: Display: Loaded TP MacClientTargetPlatform
[2018.10.17-17.47.46:681][  0]LogTemp: Display: Loaded TP MacNoEditorTargetPlatform
[2018.10.17-17.47.46:725][  0]LogTemp: Display: Loaded TP MacServerTargetPlatform
[2018.10.17-17.47.46:807][  0]LogTemp: Display: Loaded TP MacTargetPlatform
[2018.10.17-17.47.46:869][  0]LogTemp: Display: Loaded TP WindowsClientTargetPlatform
[2018.10.17-17.47.46:915][  0]LogTemp: Display: Loaded TP WindowsNoEditorTargetPlatform
[2018.10.17-17.47.46:982][  0]LogTemp: Display: Loaded TP WindowsServerTargetPlatform
[2018.10.17-17.47.47:004][  0]LogTemp: Display: Loaded TP WindowsTargetPlatform
[2018.10.17-17.47.47:136][  0]LogTemp: Display: Loaded TP AndroidTargetPlatform
[2018.10.17-17.47.47:136][  0]LogTemp: Display: Loaded TP AndroidTargetPlatform
[2018.10.17-17.47.47:136][  0]LogTemp: Display: Loaded TP AndroidTargetPlatform
[2018.10.17-17.47.47:136][  0]LogTemp: Display: Loaded TP AndroidTargetPlatform
[2018.10.17-17.47.47:136][  0]LogTemp: Display: Loaded TP AndroidTargetPlatform
[2018.10.17-17.47.47:136][  0]LogTemp: Display: Loaded TP AndroidTargetPlatform
[2018.10.17-17.47.47:136][  0]LogTemp: Display: Loaded TP AndroidTargetPlatform
[2018.10.17-17.47.47:136][  0]LogTemp: Display: Loaded TP AndroidTargetPlatform
[2018.10.17-17.47.47:136][  0]LogTemp: Display: Loaded TP AndroidTargetPlatform
[2018.10.17-17.47.47:136][  0]LogTemp: Display: Loaded TP AndroidTargetPlatform
[2018.10.17-17.47.47:136][  0]LogTemp: Display: Loaded TP AndroidTargetPlatform
[2018.10.17-17.47.47:136][  0]LogTemp: Display: Loaded TP AndroidTargetPlatform
[2018.10.17-17.47.47:136][  0]LogTemp: Display: Loaded TP AndroidTargetPlatform
[2018.10.17-17.47.47:137][  0]LogTemp: Display: Loaded TP AndroidTargetPlatform
[2018.10.17-17.47.47:137][  0]LogTemp: Display: Loaded TP AndroidTargetPlatform
[2018.10.17-17.47.47:137][  0]LogTemp: Display: Loaded TP AndroidTargetPlatform
[2018.10.17-17.47.47:137][  0]LogTemp: Display: Loaded TP AndroidTargetPlatform
[2018.10.17-17.47.47:137][  0]LogTemp: Display: Loaded TP AndroidTargetPlatform
[2018.10.17-17.47.47:164][  0]LogTemp: Display: Loaded TP HTML5TargetPlatform
[2018.10.17-17.47.47:342][  0]LogTemp: Display: Loaded TP IOSTargetPlatform
[2018.10.17-17.47.47:342][  0]LogTemp: Display: Loaded TP IOSTargetPlatform
[2018.10.17-17.47.47:405][  0]LogTemp: Display: Loaded TP TVOSTargetPlatform
[2018.10.17-17.47.47:406][  0]LogTemp: Display: Loaded TP TVOSTargetPlatform
[2018.10.17-17.47.47:441][  0]LogTemp: Display: Loaded TP LinuxClientTargetPlatform
[2018.10.17-17.47.47:477][  0]LogTemp: Display: Loaded TP LinuxNoEditorTargetPlatform
[2018.10.17-17.47.47:531][  0]LogTemp: Display: Loaded TP LinuxServerTargetPlatform
[2018.10.17-17.47.47:584][  0]LogTemp: Display: Loaded TP LinuxTargetPlatform
[2018.10.17-17.47.47:626][  0]LogTemp: Display: Loaded TP LuminTargetPlatform
[2018.10.17-17.47.47:626][  0]LogTargetPlatformManager: Display: Building Assets For Windows
[2018.10.17-17.47.48:534][  0]LogXGEController: Cleaning working directory: C:/Users/aliha/AppData/Local/Temp/UnrealXGEWorkingDir/
[2018.10.17-17.47.48:534][  0]LogXGEController: Cannot use XGE Controller as Incredibuild is not installed on this machine.
[2018.10.17-17.47.48:534][  0]LogShaderCompilers: Cannot use XGE Shader Compiler as Incredibuild is not installed on this machine.
[2018.10.17-17.47.48:534][  0]LogShaderCompilers: Display: Using Local Shader Compiler.
[2018.10.17-17.47.56:075][  0]LogDerivedDataCache: Display: Max Cache Size: 512 MB
[2018.10.17-17.47.56:505][  0]LogDerivedDataCache: Loaded boot cache 0.43s 75MB C:/Users/aliha/AppData/Local/UnrealEngine/4.20/DerivedDataCache/Boot.ddc.
[2018.10.17-17.47.56:505][  0]LogDerivedDataCache: Display: Loaded Boot cache: C:/Users/aliha/AppData/Local/UnrealEngine/4.20/DerivedDataCache/Boot.ddc
[2018.10.17-17.47.56:506][  0]LogDerivedDataCache: FDerivedDataBackendGraph:  Pak pak cache file ../../../../../Github/climb-summit/TheSummit/DerivedDataCache/DDC.ddp not found, will not use a pak cache.
[2018.10.17-17.47.56:506][  0]LogDerivedDataCache: Unable to find inner node Pak for hierarchical cache Hierarchy.
[2018.10.17-17.47.56:506][  0]LogDerivedDataCache: FDerivedDataBackendGraph:  CompressedPak pak cache file ../../../../../Github/climb-summit/TheSummit/DerivedDataCache/Compressed.ddp not found, will not use a pak cache.
[2018.10.17-17.47.56:506][  0]LogDerivedDataCache: Unable to find inner node CompressedPak for hierarchical cache Hierarchy.
[2018.10.17-17.47.56:580][  0]LogDerivedDataCache: Display: Pak cache opened for reading ../../../Engine/DerivedDataCache/Compressed.ddp.
[2018.10.17-17.47.56:593][  0]LogDerivedDataCache: Using Local data cache path C:/Users/aliha/AppData/Local/UnrealEngine/Common/DerivedDataCache: Writable
[2018.10.17-17.47.56:593][  0]LogDerivedDataCache: Shared data cache path not found in *engine.ini, will not use an Shared cache.
[2018.10.17-17.47.56:593][  0]LogDerivedDataCache: Unable to find inner node Shared for hierarchical cache Hierarchy.
[2018.10.17-17.47.56:658][  0]LogMaterial: Verifying Global Shaders for PCD3D_SM5
[2018.10.17-17.47.56:718][  0]LogSlate: Using FreeType 2.6.0
[2018.10.17-17.47.56:836][  0]LogSlate: SlateFontServices - WITH_FREETYPE: 1, WITH_HARFBUZZ: 1
[2018.10.17-17.47.57:614][  0]LogAssetRegistry: FAssetRegistry took 0.0375 seconds to start up
[2018.10.17-17.48.01:811][  0]LogInit: Selected Device Profile: [Windows]
[2018.10.17-17.48.05:253][  0]LogSimplygon: Simplygon DLL not present - disabling.
[2018.10.17-17.48.05:367][  0]LogMeshReduction: Using SimplygonSwarm for distributed automatic mesh merging
[2018.10.17-17.48.05:368][  0]LogMeshReduction: Using ProxyLODMeshReduction for automatic mesh merging
[2018.10.17-17.48.05:368][  0]LogMeshReduction: Using QuadricMeshReduction for automatic static mesh reduction
[2018.10.17-17.48.05:368][  0]LogMeshReduction: No automatic skeletal mesh reduction module available
[2018.10.17-17.48.06:104][  0]LogNetVersion: TheSummit 1.0.0, NetCL: 4212847, EngineNetVer: 5, GameNetVer: 0 (Checksum: 40220121)
[2018.10.17-17.48.11:369][  0]LogPackageLocalizationCache: Processed 11 localized package path(s) for 2 prioritized culture(s) in 0.250959 seconds
[2018.10.17-17.48.11:420][  0]LogUObjectArray: 38425 objects as part of root set at end of initial load.
[2018.10.17-17.48.11:420][  0]LogUObjectAllocator: 6690872 out of 0 bytes used by permanent object pool.
[2018.10.17-17.48.11:420][  0]LogUObjectArray: CloseDisregardForGC: 0/0 objects in disregard for GC pool
[2018.10.17-17.48.34:124][  0]LogMaterial: Display: Missing cached shader map for material BaseColor, compiling. 
[2018.10.17-17.48.34:138][  0]LogMaterial: Warning: D:\Unreal Engine\UE_4.20\Engine\Content\BufferVisualization\BaseColor.uasset: Failed to compile Material for platform PCD3D_SM5, Default Material will be used in game.
[2018.10.17-17.48.34:138][  0]LogMaterial: 	(Node SceneTexture) GBuffer scene textures not available with forward shading.
[2018.10.17-17.48.34:435][  0]LogMaterial: Display: Missing cached shader map for material LightingModel, compiling. 
[2018.10.17-17.48.34:435][  0]LogMaterial: Warning: D:\Unreal Engine\UE_4.20\Engine\Content\BufferVisualization\LightingModel.uasset: Failed to compile Material for platform PCD3D_SM5, Default Material will be used in game.
[2018.10.17-17.48.34:435][  0]LogMaterial: 	(Node SceneTexture) GBuffer scene textures not available with forward shading.
[2018.10.17-17.48.34:451][  0]LogMaterial: Display: Missing cached shader map for material MaterialAO, compiling. 
[2018.10.17-17.48.34:452][  0]LogMaterial: Warning: D:\Unreal Engine\UE_4.20\Engine\Content\BufferVisualization\MaterialAO.uasset: Failed to compile Material for platform PCD3D_SM5, Default Material will be used in game.
[2018.10.17-17.48.34:452][  0]LogMaterial: 	(Node SceneTexture) GBuffer scene textures not available with forward shading.
[2018.10.17-17.48.34:462][  0]LogMaterial: Display: Missing cached shader map for material Metallic, compiling. 
[2018.10.17-17.48.34:463][  0]LogMaterial: Warning: D:\Unreal Engine\UE_4.20\Engine\Content\BufferVisualization\Metallic.uasset: Failed to compile Material for platform PCD3D_SM5, Default Material will be used in game.
[2018.10.17-17.48.34:463][  0]LogMaterial: 	(Node SceneTexture) GBuffer scene textures not available with forward shading.
[2018.10.17-17.48.34:472][  0]LogMaterial: Display: Missing cached shader map for material Opacity, compiling. 
[2018.10.17-17.48.34:473][  0]LogMaterial: Warning: D:\Unreal Engine\UE_4.20\Engine\Content\BufferVisualization\Opacity.uasset: Failed to compile Material for platform PCD3D_SM5, Default Material will be used in game.
[2018.10.17-17.48.34:473][  0]LogMaterial: 	(Node SceneTexture) GBuffer scene textures not available with forward shading.
[2018.10.17-17.48.34:503][  0]LogMaterial: Display: Missing cached shader map for material Roughness, compiling. 
[2018.10.17-17.48.34:503][  0]LogMaterial: Warning: D:\Unreal Engine\UE_4.20\Engine\Content\BufferVisualization\Roughness.uasset: Failed to compile Material for platform PCD3D_SM5, Default Material will be used in game.
[2018.10.17-17.48.34:503][  0]LogMaterial: 	(Node SceneTexture) GBuffer scene textures not available with forward shading.
[2018.10.17-17.48.34:659][  0]LogMaterial: Display: Missing cached shader map for material Specular, compiling. 
[2018.10.17-17.48.34:659][  0]LogMaterial: Warning: D:\Unreal Engine\UE_4.20\Engine\Content\BufferVisualization\Specular.uasset: Failed to compile Material for platform PCD3D_SM5, Default Material will be used in game.
[2018.10.17-17.48.34:659][  0]LogMaterial: 	(Node SceneTexture) GBuffer scene textures not available with forward shading.
[2018.10.17-17.48.34:673][  0]LogMaterial: Display: Missing cached shader map for material SubsurfaceColor, compiling. 
[2018.10.17-17.48.34:674][  0]LogMaterial: Warning: D:\Unreal Engine\UE_4.20\Engine\Content\BufferVisualization\SubsurfaceColor.uasset: Failed to compile Material for platform PCD3D_SM5, Default Material will be used in game.
[2018.10.17-17.48.34:674][  0]LogMaterial: 	(Node SceneTexture) GBuffer scene textures not available with forward shading.
[2018.10.17-17.48.34:682][  0]LogMaterial: Display: Missing cached shader map for material WorldNormal, compiling. 
[2018.10.17-17.48.34:683][  0]LogMaterial: Warning: D:\Unreal Engine\UE_4.20\Engine\Content\BufferVisualization\WorldNormal.uasset: Failed to compile Material for platform PCD3D_SM5, Default Material will be used in game.
[2018.10.17-17.48.34:683][  0]LogMaterial: 	(Node SceneTexture) GBuffer scene textures not available with forward shading.
[2018.10.17-17.48.35:375][  0]LogTcpMessaging: Initializing TcpMessaging bridge
[2018.10.17-17.48.35:416][  0]LogUdpMessaging: Initializing bridge on interface 0.0.0.0:0 to multicast group 230.0.0.1:6666.
[2018.10.17-17.48.37:021][  0]SourceControl: Source control is disabled
[2018.10.17-17.48.40:051][  0]LogAndroidPermission: UAndroidPermissionCallbackProxy::GetInstance
[2018.10.17-17.48.40:309][  0]LogOcInput: OculusInput pre-init called
[2018.10.17-17.48.41:290][  0]LogEngine: Initializing Engine...
[2018.10.17-17.48.47:023][  0]LogHMD: Failed to initialize OpenVR with code 108
[2018.10.17-17.48.47:051][  0]LogStats: UGameplayTagsManager::ConstructGameplayTagTree: ImportINI prefixes -  0.000 s
[2018.10.17-17.48.47:052][  0]LogStats: UGameplayTagsManager::ConstructGameplayTagTree: Construct from data asset -  0.000 s
[2018.10.17-17.48.47:052][  0]LogStats: UGameplayTagsManager::ConstructGameplayTagTree: ImportINI -  0.001 s
[2018.10.17-17.48.47:052][  0]LogStats: UGameplayTagsManager::ConstructGameplayTagTree: GameplayTagTreeChangedEvent.Broadcast -  0.000 s
[2018.10.17-17.48.48:006][  0]LogInit: Initializing FReadOnlyCVARCache
[2018.10.17-17.48.48:358][  0]LogAIModule: Creating AISystem for world Untitled
[2018.10.17-17.48.48:577][  0]LogInit: XAudio2 using 'Speakers (USB Audio Device)' : 2 channels at 48 kHz using 16 bits per sample (channel mask 0x3)
[2018.10.17-17.48.48:602][  0]LogInit: FAudioDevice initialized.
[2018.10.17-17.48.48:603][  0]LogNetVersion: Set ProjectVersion to 1.0.0.0. Version Checksum will be recalculated on next use.
[2018.10.17-17.48.48:694][  0]LogDerivedDataCache: Saved boot cache 0.09s 75MB C:/Users/aliha/AppData/Local/UnrealEngine/4.20/DerivedDataCache/Boot.ddc.
[2018.10.17-17.48.48:698][  0]LogInit: Texture streaming: Enabled
[2018.10.17-17.48.48:916][  0]LogEngineSessionManager: EngineSessionManager initialized
[2018.10.17-17.48.49:022][  0]LogInit: Transaction tracking system initialized
[2018.10.17-17.48.49:395][  0]BlueprintLog: New page: Editor Load
[2018.10.17-17.48.50:687][  0]LocalizationService: Localization service is disabled
[2018.10.17-17.48.54:787][  0]LogFileCache: Scanning file cache for directory 'D:/Github/climb-summit/TheSummit/Content/' took 0.03s
[2018.10.17-17.48.54:787][  0]LogCook: Display: Max memory allowance for cook 16384mb min free memory 0mb
[2018.10.17-17.48.54:820][  0]LogCook: Display: Mobile HDR setting 1
[2018.10.17-17.48.54:843][  0]LogGameplayTags: Display: UGameplayTagsManager::DoneAddingNativeTags. DelegateIsBound: 0
[2018.10.17-17.48.54:843][  0]LogStats: UGameplayTagsManager::ConstructGameplayTagTree: ImportINI prefixes -  0.000 s
[2018.10.17-17.48.54:843][  0]LogStats: UGameplayTagsManager::ConstructGameplayTagTree: Construct from data asset -  0.000 s
[2018.10.17-17.48.54:844][  0]LogStats: UGameplayTagsManager::ConstructGameplayTagTree: ImportINI -  0.000 s
[2018.10.17-17.48.54:844][  0]LogStats: UGameplayTagsManager::ConstructGameplayTagTree: GameplayTagTreeChangedEvent.Broadcast -  0.000 s
[2018.10.17-17.49.00:354][  0]LogSlate: Updating window title bar state: overlay mode, drag disabled, window buttons hidden, title bar hidden
[2018.10.17-17.49.00:365][  0]LogSlate: Updating window title bar state: overlay mode, drag disabled, window buttons hidden, title bar hidden
[2018.10.17-17.49.00:373][  0]LogSlate: Updating window title bar state: overlay mode, drag disabled, window buttons hidden, title bar hidden
[2018.10.17-17.49.00:382][  0]LogSlate: Updating window title bar state: overlay mode, drag disabled, window buttons hidden, title bar hidden
[2018.10.17-17.49.00:469][  0]LogCollectionManager: Loaded 0 collections in 0.001180 seconds
[2018.10.17-17.49.00:586][  0]LogFileCache: Scanning file cache for directory 'D:/Github/climb-summit/TheSummit/Saved/Collections/' took 0.01s
[2018.10.17-17.49.00:586][  0]LogFileCache: Scanning file cache for directory 'D:/Github/climb-summit/TheSummit/Content/Developers/aliha/Collections/' took 0.01s
[2018.10.17-17.49.00:586][  0]LogFileCache: Scanning file cache for directory 'D:/Github/climb-summit/TheSummit/Content/Collections/' took 0.01s
[2018.10.17-17.49.00:586][  0]LogCollectionManager: Rebuilt the GUID cache for 0 collections in 0.000002 seconds
[2018.10.17-17.49.00:620][  0]LogContentBrowser: Native class hierarchy populated in 0.0338 seconds. Added 2572 classes and 603 folders.
[2018.10.17-17.49.00:723][  0]LogContentBrowser: Native class hierarchy updated for 'WidgetCarousel' in 0.0004 seconds. Added 0 classes and 0 folders.
[2018.10.17-17.49.01:944][  0]LogContentBrowser: Native class hierarchy updated for 'AddContentDialog' in 0.0005 seconds. Added 0 classes and 0 folders.
[2018.10.17-17.49.01:986][  0]LogContentBrowser: Native class hierarchy updated for 'SceneOutliner' in 0.0005 seconds. Added 1 classes and 2 folders.
[2018.10.17-17.49.02:501][  0]LogSlate: Took 0.024816 seconds to synchronously load lazily loaded font '../../../Engine/Content/Slate/Fonts/Roboto-Regular.ttf' (155K)
[2018.10.17-17.49.02:546][  0]LogSlate: Took 0.041230 seconds to synchronously load lazily loaded font '../../../Engine/Content/Slate/Fonts/Roboto-Bold.ttf' (160K)
[2018.10.17-17.49.02:686][  0]LogSlate: Took 0.090627 seconds to synchronously load lazily loaded font '../../../Engine/Content/Editor/Slate/Fonts/FontAwesome.ttf' (139K)
[2018.10.17-17.49.03:265][  0]LogRenderer: Reallocating scene render targets to support 1208x576 Format 10 NumSamples 1 (Frame:1).
[2018.10.17-17.49.03:760][  0]LogContentBrowser: Native class hierarchy updated for 'HierarchicalLODOutliner' in 0.0005 seconds. Added 0 classes and 0 folders.
[2018.10.17-17.49.03:760][  0]LogLoad: (Engine Initialization) Total time: 112.50 seconds
[2018.10.17-17.49.03:760][  0]LogLoad: (Engine Initialization) Total Blueprint compile time: 0.00 seconds
[2018.10.17-17.49.03:979][  0]LogContentStreaming: Texture pool size now 3000 MB
[2018.10.17-17.49.04:270][  1]LogSlate: Took 0.040714 seconds to synchronously load lazily loaded font '../../../Engine/Content/Slate/Fonts/Roboto-Light.ttf' (167K)
[2018.10.17-17.49.04:485][  2]LogAssetRegistry: Asset discovery search completed in 66.8939 seconds
[2018.10.17-17.49.04:487][  2]LogCollectionManager: Rebuilt the object cache for 0 collections in 0.000003 seconds (found 0 objects)
[2018.10.17-17.49.04:487][  2]LogCollectionManager: Fixed up redirectors for 0 collections in 0.000098 seconds (updated 0 objects)
[2018.10.17-17.49.08:577][216]LogSlate: FSceneViewport::OnFocusLost() reason 0
[2018.10.17-17.49.09:629][332]LogSlate: Took 0.000292 seconds to synchronously load lazily loaded font '../../../Engine/Content/Slate/Fonts/Roboto-Light.ttf' (167K)
[2018.10.17-17.49.11:736][332]LogAIModule: Creating AISystem for world TreeCutTestMap
[2018.10.17-17.49.11:938][332]LogAssetEditorManager: Opening Asset editor for World /Game/AliTesting/TreeCutTestMap.TreeCutTestMap
[2018.10.17-17.49.12:173][332]Cmd: MAP LOAD FILE="../../../../../Github/climb-summit/TheSummit/Content/AliTesting/TreeCutTestMap.umap" TEMPLATE=0 SHOWPROGRESS=1 FEATURELEVEL=3
[2018.10.17-17.49.12:174][332]LightingResults: New page: Lighting Build
[2018.10.17-17.49.12:190][332]LogContentBrowser: Native class hierarchy updated for 'StatsViewer' in 0.0005 seconds. Added 5 classes and 0 folders.
[2018.10.17-17.49.12:191][332]LoadErrors: New page: Loading map: TreeCutTestMap.umap
[2018.10.17-17.49.12:225][332]MapCheck: New page: Map Check
[2018.10.17-17.49.12:225][332]LightingResults: New page: Lighting Build
[2018.10.17-17.49.12:655][332]LogEditorServer: Finished looking for orphan Actors (0.000 secs)
[2018.10.17-17.49.12:833][332]Cmd: MAP CHECKDEP NOCLEARLOG
[2018.10.17-17.49.12:906][332]MapCheck: Map check complete: 0 Error(s), 0 Warning(s), took 73.157ms to complete.
[2018.10.17-17.49.12:906][332]LogFileHelpers: Loading map 'TreeCutTestMap' took 0.738
[2018.10.17-17.49.20:479][206]LogSlate: FSceneViewport::OnFocusLost() reason 0
[2018.10.17-17.50.03:700][141]LogSlate: FSceneViewport::OnFocusLost() reason 0
[2018.10.17-17.50.03:836][155]LogTemp: Repeating last play command: Selected Viewport
[2018.10.17-17.50.03:867][155]LogBlueprintUserMessages: Early PlayInEditor Detection: Level '/Game/AliTesting/TreeCutTestMap.TreeCutTestMap:PersistentLevel' has LevelScriptBlueprint '/Game/AliTesting/TreeCutTestMap.TreeCutTestMap:PersistentLevel.TreeCutTestMap' with GeneratedClass '/Game/AliTesting/TreeCutTestMap.TreeCutTestMap_C' with ClassGeneratedBy '/Game/AliTesting/TreeCutTestMap.TreeCutTestMap:PersistentLevel.TreeCutTestMap'
[2018.10.17-17.50.03:867][155]LogPlayLevel: PlayLevel: No blueprints needed recompiling
[2018.10.17-17.50.03:987][155]PIE: New page: PIE session: TreeCutTestMap (Oct 17, 2018, 9:50:03 AM)
[2018.10.17-17.50.03:987][155]LogPlayLevel: Creating play world package: /Game/AliTesting/UEDPIE_0_TreeCutTestMap
[2018.10.17-17.50.04:023][155]LogPlayLevel: PIE: StaticDuplicateObject took: (0.036048s)
[2018.10.17-17.50.04:025][155]LogAIModule: Creating AISystem for world TreeCutTestMap
[2018.10.17-17.50.04:025][155]LogPlayLevel: PIE: World Init took: (0.000733s)
[2018.10.17-17.50.04:025][155]LogPlayLevel: PIE: Created PIE world by copying editor world from /Game/AliTesting/TreeCutTestMap.TreeCutTestMap to /Game/AliTesting/UEDPIE_0_TreeCutTestMap.TreeCutTestMap (0.037415s)
[2018.10.17-17.50.04:071][155]LogInit: XAudio2 using 'Speakers (USB Audio Device)' : 2 channels at 48 kHz using 16 bits per sample (channel mask 0x3)
[2018.10.17-17.50.04:113][155]LogInit: FAudioDevice initialized.
[2018.10.17-17.50.04:199][155]LogLoad: Game class is 'GameMode'
[2018.10.17-17.50.04:225][155]LogWorld: Bringing World /Game/AliTesting/UEDPIE_0_TreeCutTestMap.TreeCutTestMap up for play (max tick rate 0) at 2018.10.17-13.50.04
[2018.10.17-17.50.04:262][155]LogWorld: Bringing up level for play took: 0.038069
[2018.10.17-17.50.04:334][155]LogContentBrowser: Native class hierarchy updated for 'MovieSceneCapture' in 0.0006 seconds. Added 10 classes and 0 folders.
[2018.10.17-17.50.04:334][155]LogGameMode: Display: Match State Changed from EnteringMap to WaitingToStart
[2018.10.17-17.50.04:334][155]LogGameState: Match State Changed from EnteringMap to WaitingToStart
[2018.10.17-17.50.04:334][155]LogGameMode: Display: Match State Changed from WaitingToStart to InProgress
[2018.10.17-17.50.04:335][155]LogGameState: Match State Changed from WaitingToStart to InProgress
[2018.10.17-17.50.04:346][155]PIE: Play in editor start time for /Game/AliTesting/UEDPIE_0_TreeCutTestMap 1.198
[2018.10.17-17.50.04:346][155]LogBlueprintUserMessages: Late PlayInEditor Detection: Level '/Game/AliTesting/TreeCutTestMap.TreeCutTestMap:PersistentLevel' has LevelScriptBlueprint '/Game/AliTesting/TreeCutTestMap.TreeCutTestMap:PersistentLevel.TreeCutTestMap' with GeneratedClass '/Game/AliTesting/TreeCutTestMap.TreeCutTestMap_C' with ClassGeneratedBy '/Game/AliTesting/TreeCutTestMap.TreeCutTestMap:PersistentLevel.TreeCutTestMap'
[2018.10.17-17.50.12:648][ 83]LogBlueprintUserMessages: Early EndPlayMap Detection: Level '/Game/AliTesting/TreeCutTestMap.TreeCutTestMap:PersistentLevel' has LevelScriptBlueprint '/Game/AliTesting/TreeCutTestMap.TreeCutTestMap:PersistentLevel.TreeCutTestMap' with GeneratedClass '/Game/AliTesting/TreeCutTestMap.TreeCutTestMap_C' with ClassGeneratedBy '/Game/AliTesting/TreeCutTestMap.TreeCutTestMap:PersistentLevel.TreeCutTestMap'
[2018.10.17-17.50.12:672][ 83]LogSlate: Updating window title bar state: overlay mode, drag disabled, window buttons hidden, title bar hidden
[2018.10.17-17.50.12:707][ 83]LogPlayLevel: Display: Shutting down PIE online subsystems
[2018.10.17-17.50.12:708][ 83]LogBlueprintUserMessages: Late EndPlayMap Detection: Level '/Game/AliTesting/TreeCutTestMap.TreeCutTestMap:PersistentLevel' has LevelScriptBlueprint '/Game/AliTesting/TreeCutTestMap.TreeCutTestMap:PersistentLevel.TreeCutTestMap' with GeneratedClass '/Game/AliTesting/TreeCutTestMap.TreeCutTestMap_C' with ClassGeneratedBy '/Game/AliTesting/TreeCutTestMap.TreeCutTestMap:PersistentLevel.TreeCutTestMap'
[2018.10.17-17.50.12:756][ 83]LogSlate: Updating window title bar state: overlay mode, drag disabled, window buttons hidden, title bar hidden
[2018.10.17-17.50.12:788][ 84]LogPlayLevel: Display: Destroying online subsystem :Context_3
[2018.10.17-17.50.15:284][383]LogSlate: FSceneViewport::OnFocusLost() reason 0
[2018.10.17-17.50.15:773][408]Cmd: OBJ SAVEPACKAGE PACKAGE="/Game/AliTesting/TreeCutTestMap" FILE="../../../../../Github/climb-summit/TheSummit/Content/AliTesting/TreeCutTestMap.umap" SILENT=true AUTOSAVING=false KEEPDIRTY=false
[2018.10.17-17.50.17:205][408]LogSavePackage: Moving '../../../../../Github/climb-summit/TheSummit/Saved/TreeCutTestMapDB54A92942CEE0F5E18DB69396F56CF2.tmp' to '../../../../../Github/climb-summit/TheSummit/Content/AliTesting/TreeCutTestMap.umap'
[2018.10.17-17.50.17:348][408]LogFileHelpers: Saving map 'TreeCutTestMap' took 1.656
[2018.10.17-17.50.18:973][591]LogAssetEditorManager: Opening Asset editor for Blueprint /Game/Blueprints/WoodItem_Blueprint.WoodItem_Blueprint
[2018.10.17-17.50.20:353][591]LogContentBrowser: Native class hierarchy updated for 'BlueprintGraph' in 0.0009 seconds. Added 116 classes and 0 folders.
[2018.10.17-17.50.21:997][591]LogSlate: Took 0.020114 seconds to synchronously load lazily loaded font '../../../Engine/Content/Slate/Fonts/Roboto-BoldCondensed.ttf' (158K)
[2018.10.17-17.50.22:416][592]LogSlate: Took 0.050742 seconds to synchronously load lazily loaded font '../../../Engine/Content/Slate/Fonts/Roboto-Italic.ttf' (157K)
[2018.10.17-17.50.34:688][706]BlueprintLog: New page: Compile WoodItem_Blueprint
[2018.10.17-17.50.35:010][706]Cmd: OBJ SAVEPACKAGE PACKAGE="/Game/Blueprints/WoodItem_Blueprint" FILE="../../../../../Github/climb-summit/TheSummit/Content/Blueprints/WoodItem_Blueprint.uasset" SILENT=true
[2018.10.17-17.50.35:076][706]LogSavePackage: Moving '../../../../../Github/climb-summit/TheSummit/Saved/WoodItem_Blueprint51DA919B47D97758BD6A73A897EE888E.tmp' to '../../../../../Github/climb-summit/TheSummit/Content/Blueprints/WoodItem_Blueprint.uasset'
[2018.10.17-17.50.54:638][566]BlueprintLog: New page: Compile WoodItem_Blueprint
[2018.10.17-17.50.54:938][566]Cmd: OBJ SAVEPACKAGE PACKAGE="/Game/Blueprints/WoodItem_Blueprint" FILE="../../../../../Github/climb-summit/TheSummit/Content/Blueprints/WoodItem_Blueprint.uasset" SILENT=true
[2018.10.17-17.50.54:999][566]LogSavePackage: Moving '../../../../../Github/climb-summit/TheSummit/Saved/WoodItem_BlueprintAA367E4B48CCB80D70AD349BC18C3B89.tmp' to '../../../../../Github/climb-summit/TheSummit/Content/Blueprints/WoodItem_Blueprint.uasset'
[2018.10.17-17.51.01:942][249]LogRenderer: Reallocating scene render targets to support 1208x812 Format 10 NumSamples 1 (Frame:1).
[2018.10.17-17.51.10:126][202]LogEditorViewport: Clicking on Actor (LMB): Tree_Blueprint_C (Tree_Blueprint7)
[2018.10.17-17.51.10:690][247]Cmd: DUPLICATE
[2018.10.17-17.51.10:690][247]Cmd: ACTOR DUPLICATE
[2018.10.17-17.51.14:614][700]LogSlate: FSceneViewport::OnFocusLost() reason 0
[2018.10.17-17.51.14:689][709]LogTemp: Repeating last play command: Selected Viewport
[2018.10.17-17.51.14:722][709]LogBlueprintUserMessages: Early PlayInEditor Detection: Level '/Game/AliTesting/TreeCutTestMap.TreeCutTestMap:PersistentLevel' has LevelScriptBlueprint '/Game/AliTesting/TreeCutTestMap.TreeCutTestMap:PersistentLevel.TreeCutTestMap' with GeneratedClass '/Game/AliTesting/TreeCutTestMap.TreeCutTestMap_C' with ClassGeneratedBy '/Game/AliTesting/TreeCutTestMap.TreeCutTestMap:PersistentLevel.TreeCutTestMap'
[2018.10.17-17.51.14:722][709]LogPlayLevel: PlayLevel: No blueprints needed recompiling
[2018.10.17-17.51.14:723][709]PIE: New page: PIE session: TreeCutTestMap (Oct 17, 2018, 9:51:14 AM)
[2018.10.17-17.51.14:723][709]LogPlayLevel: Creating play world package: /Game/AliTesting/UEDPIE_0_TreeCutTestMap
[2018.10.17-17.51.14:727][709]LogPlayLevel: PIE: StaticDuplicateObject took: (0.004666s)
[2018.10.17-17.51.14:728][709]LogAIModule: Creating AISystem for world TreeCutTestMap
[2018.10.17-17.51.14:728][709]LogPlayLevel: PIE: World Init took: (0.000709s)
[2018.10.17-17.51.14:728][709]LogPlayLevel: PIE: Created PIE world by copying editor world from /Game/AliTesting/TreeCutTestMap.TreeCutTestMap to /Game/AliTesting/UEDPIE_0_TreeCutTestMap.TreeCutTestMap (0.005525s)
[2018.10.17-17.51.14:769][709]LogInit: XAudio2 using 'Speakers (USB Audio Device)' : 2 channels at 48 kHz using 16 bits per sample (channel mask 0x3)
[2018.10.17-17.51.14:779][709]LogInit: FAudioDevice initialized.
[2018.10.17-17.51.14:810][709]LogLoad: Game class is 'GameMode'
[2018.10.17-17.51.14:812][709]LogWorld: Bringing World /Game/AliTesting/UEDPIE_0_TreeCutTestMap.TreeCutTestMap up for play (max tick rate 0) at 2018.10.17-13.51.14
[2018.10.17-17.51.14:813][709]LogWorld: Bringing up level for play took: 0.002694
[2018.10.17-17.51.14:826][709]LogGameMode: Display: Match State Changed from EnteringMap to WaitingToStart
[2018.10.17-17.51.14:826][709]LogGameState: Match State Changed from EnteringMap to WaitingToStart
[2018.10.17-17.51.14:826][709]LogGameMode: Display: Match State Changed from WaitingToStart to InProgress
[2018.10.17-17.51.14:827][709]LogGameState: Match State Changed from WaitingToStart to InProgress
[2018.10.17-17.51.14:827][709]PIE: Play in editor start time for /Game/AliTesting/UEDPIE_0_TreeCutTestMap -0.321
[2018.10.17-17.51.14:827][709]LogBlueprintUserMessages: Late PlayInEditor Detection: Level '/Game/AliTesting/TreeCutTestMap.TreeCutTestMap:PersistentLevel' has LevelScriptBlueprint '/Game/AliTesting/TreeCutTestMap.TreeCutTestMap:PersistentLevel.TreeCutTestMap' with GeneratedClass '/Game/AliTesting/TreeCutTestMap.TreeCutTestMap_C' with ClassGeneratedBy '/Game/AliTesting/TreeCutTestMap.TreeCutTestMap:PersistentLevel.TreeCutTestMap'
[2018.10.17-17.51.17:792][ 62]LogSlate: FSceneViewport::OnFocusLost() reason 0
[2018.10.17-17.51.18:217][113]LogBlueprintUserMessages: Early EndPlayMap Detection: Level '/Game/AliTesting/TreeCutTestMap.TreeCutTestMap:PersistentLevel' has LevelScriptBlueprint '/Game/AliTesting/TreeCutTestMap.TreeCutTestMap:PersistentLevel.TreeCutTestMap' with GeneratedClass '/Game/AliTesting/TreeCutTestMap.TreeCutTestMap_C' with ClassGeneratedBy '/Game/AliTesting/TreeCutTestMap.TreeCutTestMap:PersistentLevel.TreeCutTestMap'
[2018.10.17-17.51.18:218][113]LogSlate: Updating window title bar state: overlay mode, drag disabled, window buttons hidden, title bar hidden
[2018.10.17-17.51.18:253][113]LogPlayLevel: Display: Shutting down PIE online subsystems
[2018.10.17-17.51.18:254][113]LogBlueprintUserMessages: Late EndPlayMap Detection: Level '/Game/AliTesting/TreeCutTestMap.TreeCutTestMap:PersistentLevel' has LevelScriptBlueprint '/Game/AliTesting/TreeCutTestMap.TreeCutTestMap:PersistentLevel.TreeCutTestMap' with GeneratedClass '/Game/AliTesting/TreeCutTestMap.TreeCutTestMap_C' with ClassGeneratedBy '/Game/AliTesting/TreeCutTestMap.TreeCutTestMap:PersistentLevel.TreeCutTestMap'
[2018.10.17-17.51.18:290][113]LogSlate: Updating window title bar state: overlay mode, drag disabled, window buttons hidden, title bar hidden
[2018.10.17-17.51.18:322][116]LogPlayLevel: Display: Destroying online subsystem :Context_10
[2018.10.17-17.51.19:141][214]LogEditorViewport: Clicking on Actor (LMB): Tree_Blueprint_C (Tree_Blueprint41)
[2018.10.17-17.51.23:574][711]LogEditorViewport: Clicking on Actor (LMB): Tree_Blueprint_C (Tree_Blueprint41)
[2018.10.17-17.51.24:079][764]LogSlate: FSceneViewport::OnFocusLost() reason 0
[2018.10.17-17.51.24:162][774]LogTemp: Repeating last play command: Selected Viewport
[2018.10.17-17.51.24:197][774]LogBlueprintUserMessages: Early PlayInEditor Detection: Level '/Game/AliTesting/TreeCutTestMap.TreeCutTestMap:PersistentLevel' has LevelScriptBlueprint '/Game/AliTesting/TreeCutTestMap.TreeCutTestMap:PersistentLevel.TreeCutTestMap' with GeneratedClass '/Game/AliTesting/TreeCutTestMap.TreeCutTestMap_C' with ClassGeneratedBy '/Game/AliTesting/TreeCutTestMap.TreeCutTestMap:PersistentLevel.TreeCutTestMap'
[2018.10.17-17.51.24:197][774]LogPlayLevel: PlayLevel: No blueprints needed recompiling
[2018.10.17-17.51.24:197][774]PIE: New page: PIE session: TreeCutTestMap (Oct 17, 2018, 9:51:24 AM)
[2018.10.17-17.51.24:197][774]LogPlayLevel: Creating play world package: /Game/AliTesting/UEDPIE_0_TreeCutTestMap
[2018.10.17-17.51.24:201][774]LogPlayLevel: PIE: StaticDuplicateObject took: (0.004436s)
[2018.10.17-17.51.24:202][774]LogAIModule: Creating AISystem for world TreeCutTestMap
[2018.10.17-17.51.24:202][774]LogPlayLevel: PIE: World Init took: (0.000679s)
[2018.10.17-17.51.24:202][774]LogPlayLevel: PIE: Created PIE world by copying editor world from /Game/AliTesting/TreeCutTestMap.TreeCutTestMap to /Game/AliTesting/UEDPIE_0_TreeCutTestMap.TreeCutTestMap (0.005243s)
[2018.10.17-17.51.24:242][774]LogInit: XAudio2 using 'Speakers (USB Audio Device)' : 2 channels at 48 kHz using 16 bits per sample (channel mask 0x3)
[2018.10.17-17.51.24:253][774]LogInit: FAudioDevice initialized.
[2018.10.17-17.51.24:287][774]LogLoad: Game class is 'GameMode'
[2018.10.17-17.51.24:290][774]LogWorld: Bringing World /Game/AliTesting/UEDPIE_0_TreeCutTestMap.TreeCutTestMap up for play (max tick rate 0) at 2018.10.17-13.51.24
[2018.10.17-17.51.24:291][774]LogWorld: Bringing up level for play took: 0.003297
[2018.10.17-17.51.24:304][774]LogGameMode: Display: Match State Changed from EnteringMap to WaitingToStart
[2018.10.17-17.51.24:304][774]LogGameState: Match State Changed from EnteringMap to WaitingToStart
[2018.10.17-17.51.24:304][774]LogGameMode: Display: Match State Changed from WaitingToStart to InProgress
[2018.10.17-17.51.24:304][774]LogGameState: Match State Changed from WaitingToStart to InProgress
[2018.10.17-17.51.24:304][774]PIE: Play in editor start time for /Game/AliTesting/UEDPIE_0_TreeCutTestMap -0.844
[2018.10.17-17.51.24:304][774]LogBlueprintUserMessages: Late PlayInEditor Detection: Level '/Game/AliTesting/TreeCutTestMap.TreeCutTestMap:PersistentLevel' has LevelScriptBlueprint '/Game/AliTesting/TreeCutTestMap.TreeCutTestMap:PersistentLevel.TreeCutTestMap' with GeneratedClass '/Game/AliTesting/TreeCutTestMap.TreeCutTestMap_C' with ClassGeneratedBy '/Game/AliTesting/TreeCutTestMap.TreeCutTestMap:PersistentLevel.TreeCutTestMap'
[2018.10.17-17.51.29:193][358]LogSlate: FSceneViewport::OnFocusLost() reason 0
[2018.10.17-17.51.29:378][369]LogEditorSelectUtils: Warning: SelectActor: The requested operation could not be completed because the actor has invalid flags. (Tree_Blueprint41)
[2018.10.17-17.51.45:126][241]LogSlate: FSceneViewport::OnFocusLost() reason 0
[2018.10.17-17.51.45:177][247]LogBlueprintUserMessages: Early EndPlayMap Detection: Level '/Game/AliTesting/TreeCutTestMap.TreeCutTestMap:PersistentLevel' has LevelScriptBlueprint '/Game/AliTesting/TreeCutTestMap.TreeCutTestMap:PersistentLevel.TreeCutTestMap' with GeneratedClass '/Game/AliTesting/TreeCutTestMap.TreeCutTestMap_C' with ClassGeneratedBy '/Game/AliTesting/TreeCutTestMap.TreeCutTestMap:PersistentLevel.TreeCutTestMap'
[2018.10.17-17.51.45:177][247]LogSlate: Updating window title bar state: overlay mode, drag disabled, window buttons hidden, title bar hidden
[2018.10.17-17.51.45:209][247]LogPlayLevel: Display: Shutting down PIE online subsystems
[2018.10.17-17.51.45:210][247]LogBlueprintUserMessages: Late EndPlayMap Detection: Level '/Game/AliTesting/TreeCutTestMap.TreeCutTestMap:PersistentLevel' has LevelScriptBlueprint '/Game/AliTesting/TreeCutTestMap.TreeCutTestMap:PersistentLevel.TreeCutTestMap' with GeneratedClass '/Game/AliTesting/TreeCutTestMap.TreeCutTestMap_C' with ClassGeneratedBy '/Game/AliTesting/TreeCutTestMap.TreeCutTestMap:PersistentLevel.TreeCutTestMap'
[2018.10.17-17.51.45:245][247]LogSlate: Updating window title bar state: overlay mode, drag disabled, window buttons hidden, title bar hidden
[2018.10.17-17.51.45:278][250]LogPlayLevel: Display: Destroying online subsystem :Context_11
[2018.10.17-17.51.46:286][369]LogAssetEditorManager: Opening Asset editor for Blueprint /Game/Blueprints/Tree_Blueprint.Tree_Blueprint
[2018.10.17-17.51.51:517][864]LogSlate: FSceneViewport::OnFocusLost() reason 0
[2018.10.17-17.52.06:270][286]BlueprintLog: New page: Compile WoodItem_Blueprint
[2018.10.17-17.52.06:564][286]Cmd: OBJ SAVEPACKAGE PACKAGE="/Game/Blueprints/WoodItem_Blueprint" FILE="../../../../../Github/climb-summit/TheSummit/Content/Blueprints/WoodItem_Blueprint.uasset" SILENT=true
[2018.10.17-17.52.06:625][286]LogSavePackage: Moving '../../../../../Github/climb-summit/TheSummit/Saved/WoodItem_BlueprintE68CC97346C413FC0A1F2896FB7DF1A6.tmp' to '../../../../../Github/climb-summit/TheSummit/Content/Blueprints/WoodItem_Blueprint.uasset'
[2018.10.17-17.52.07:033][322]LogTemp: Repeating last play command: Selected Viewport
[2018.10.17-17.52.07:067][322]LogBlueprintUserMessages: Early PlayInEditor Detection: Level '/Game/AliTesting/TreeCutTestMap.TreeCutTestMap:PersistentLevel' has LevelScriptBlueprint '/Game/AliTesting/TreeCutTestMap.TreeCutTestMap:PersistentLevel.TreeCutTestMap' with GeneratedClass '/Game/AliTesting/TreeCutTestMap.TreeCutTestMap_C' with ClassGeneratedBy '/Game/AliTesting/TreeCutTestMap.TreeCutTestMap:PersistentLevel.TreeCutTestMap'
[2018.10.17-17.52.07:067][322]LogPlayLevel: PlayLevel: No blueprints needed recompiling
[2018.10.17-17.52.07:067][322]PIE: New page: PIE session: TreeCutTestMap (Oct 17, 2018, 9:52:07 AM)
[2018.10.17-17.52.07:067][322]LogPlayLevel: Creating play world package: /Game/AliTesting/UEDPIE_0_TreeCutTestMap
[2018.10.17-17.52.07:072][322]LogPlayLevel: PIE: StaticDuplicateObject took: (0.004857s)
[2018.10.17-17.52.07:073][322]LogAIModule: Creating AISystem for world TreeCutTestMap
[2018.10.17-17.52.07:073][322]LogPlayLevel: PIE: World Init took: (0.000674s)
[2018.10.17-17.52.07:073][322]LogPlayLevel: PIE: Created PIE world by copying editor world from /Game/AliTesting/TreeCutTestMap.TreeCutTestMap to /Game/AliTesting/UEDPIE_0_TreeCutTestMap.TreeCutTestMap (0.005668s)
[2018.10.17-17.52.07:115][322]LogInit: XAudio2 using 'Speakers (USB Audio Device)' : 2 channels at 48 kHz using 16 bits per sample (channel mask 0x3)
[2018.10.17-17.52.07:125][322]LogInit: FAudioDevice initialized.
[2018.10.17-17.52.07:165][322]LogLoad: Game class is 'GameMode'
[2018.10.17-17.52.07:168][322]LogWorld: Bringing World /Game/AliTesting/UEDPIE_0_TreeCutTestMap.TreeCutTestMap up for play (max tick rate 0) at 2018.10.17-13.52.07
[2018.10.17-17.52.07:169][322]LogWorld: Bringing up level for play took: 0.002819
[2018.10.17-17.52.07:182][322]LogGameMode: Display: Match State Changed from EnteringMap to WaitingToStart
[2018.10.17-17.52.07:182][322]LogGameState: Match State Changed from EnteringMap to WaitingToStart
[2018.10.17-17.52.07:182][322]LogGameMode: Display: Match State Changed from WaitingToStart to InProgress
[2018.10.17-17.52.07:182][322]LogGameState: Match State Changed from WaitingToStart to InProgress
[2018.10.17-17.52.07:182][322]PIE: Play in editor start time for /Game/AliTesting/UEDPIE_0_TreeCutTestMap 0.034
[2018.10.17-17.52.07:182][322]LogBlueprintUserMessages: Late PlayInEditor Detection: Level '/Game/AliTesting/TreeCutTestMap.TreeCutTestMap:PersistentLevel' has LevelScriptBlueprint '/Game/AliTesting/TreeCutTestMap.TreeCutTestMap:PersistentLevel.TreeCutTestMap' with GeneratedClass '/Game/AliTesting/TreeCutTestMap.TreeCutTestMap_C' with ClassGeneratedBy '/Game/AliTesting/TreeCutTestMap.TreeCutTestMap:PersistentLevel.TreeCutTestMap'
[2018.10.17-17.52.10:211][658]LogTick: Error: Could not tick newly spawned in 100 iterations; runaway recursive spawing. Tick is WoodItem_Blueprint_C /Game/AliTesting/UEDPIE_0_TreeCutTestMap.TreeCutTestMap:PersistentLevel.WoodItem_Blueprint_C_105[TickActor].
[2018.10.17-17.52.10:272][659]LogTick: Error: Could not tick newly spawned in 100 iterations; runaway recursive spawing. Tick is WoodItem_Blueprint_C /Game/AliTesting/UEDPIE_0_TreeCutTestMap.TreeCutTestMap:PersistentLevel.WoodItem_Blueprint_C_211[TickActor].
[2018.10.17-17.52.10:349][660]LogTick: Error: Could not tick newly spawned in 100 iterations; runaway recursive spawing. Tick is WoodItem_Blueprint_C /Game/AliTesting/UEDPIE_0_TreeCutTestMap.TreeCutTestMap:PersistentLevel.WoodItem_Blueprint_C_317[TickActor].
[2018.10.17-17.52.10:445][661]LogTick: Error: Could not tick newly spawned in 100 iterations; runaway recursive spawing. Tick is WoodItem_Blueprint_C /Game/AliTesting/UEDPIE_0_TreeCutTestMap.TreeCutTestMap:PersistentLevel.WoodItem_Blueprint_C_423[TickActor].
[2018.10.17-17.52.10:565][662]LogTick: Error: Could not tick newly spawned in 100 iterations; runaway recursive spawing. Tick is WoodItem_Blueprint_C /Game/AliTesting/UEDPIE_0_TreeCutTestMap.TreeCutTestMap:PersistentLevel.WoodItem_Blueprint_C_529[TickActor].
[2018.10.17-17.52.10:726][663]LogTick: Error: Could not tick newly spawned in 100 iterations; runaway recursive spawing. Tick is WoodItem_Blueprint_C /Game/AliTesting/UEDPIE_0_TreeCutTestMap.TreeCutTestMap:PersistentLevel.WoodItem_Blueprint_C_635[TickActor].
[2018.10.17-17.52.10:915][664]LogTick: Error: Could not tick newly spawned in 100 iterations; runaway recursive spawing. Tick is WoodItem_Blueprint_C /Game/AliTesting/UEDPIE_0_TreeCutTestMap.TreeCutTestMap:PersistentLevel.WoodItem_Blueprint_C_741[TickActor].
[2018.10.17-17.52.11:153][665]LogTick: Error: Could not tick newly spawned in 100 iterations; runaway recursive spawing. Tick is WoodItem_Blueprint_C /Game/AliTesting/UEDPIE_0_TreeCutTestMap.TreeCutTestMap:PersistentLevel.WoodItem_Blueprint_C_847[TickActor].
[2018.10.17-17.52.11:399][666]LogTick: Error: Could not tick newly spawned in 100 iterations; runaway recursive spawing. Tick is WoodItem_Blueprint_C /Game/AliTesting/UEDPIE_0_TreeCutTestMap.TreeCutTestMap:PersistentLevel.WoodItem_Blueprint_C_953[TickActor].
[2018.10.17-17.52.11:683][667]LogTick: Error: Could not tick newly spawned in 100 iterations; runaway recursive spawing. Tick is WoodItem_Blueprint_C /Game/AliTesting/UEDPIE_0_TreeCutTestMap.TreeCutTestMap:PersistentLevel.WoodItem_Blueprint_C_1059[TickActor].
[2018.10.17-17.52.12:002][668]LogTick: Error: Could not tick newly spawned in 100 iterations; runaway recursive spawing. Tick is WoodItem_Blueprint_C /Game/AliTesting/UEDPIE_0_TreeCutTestMap.TreeCutTestMap:PersistentLevel.WoodItem_Blueprint_C_1165[TickActor].
[2018.10.17-17.52.12:352][669]LogTick: Error: Could not tick newly spawned in 100 iterations; runaway recursive spawing. Tick is WoodItem_Blueprint_C /Game/AliTesting/UEDPIE_0_TreeCutTestMap.TreeCutTestMap:PersistentLevel.WoodItem_Blueprint_C_1271[TickActor].
[2018.10.17-17.52.12:735][670]LogTick: Error: Could not tick newly spawned in 100 iterations; runaway recursive spawing. Tick is WoodItem_Blueprint_C /Game/AliTesting/UEDPIE_0_TreeCutTestMap.TreeCutTestMap:PersistentLevel.WoodItem_Blueprint_C_1377[TickActor].
[2018.10.17-17.52.12:875][671]LogSlate: FSceneViewport::OnFocusLost() reason 0
[2018.10.17-17.52.13:138][671]LogTick: Error: Could not tick newly spawned in 100 iterations; runaway recursive spawing. Tick is WoodItem_Blueprint_C /Game/AliTesting/UEDPIE_0_TreeCutTestMap.TreeCutTestMap:PersistentLevel.WoodItem_Blueprint_C_1483[TickActor].
[2018.10.17-17.52.13:917][672]LogTick: Error: Could not tick newly spawned in 100 iterations; runaway recursive spawing. Tick is WoodItem_Blueprint_C /Game/AliTesting/UEDPIE_0_TreeCutTestMap.TreeCutTestMap:PersistentLevel.WoodItem_Blueprint_C_1589[TickActor].
[2018.10.17-17.52.14:252][673]LogTick: Error: Could not tick newly spawned in 100 iterations; runaway recursive spawing. Tick is WoodItem_Blueprint_C /Game/AliTesting/UEDPIE_0_TreeCutTestMap.TreeCutTestMap:PersistentLevel.WoodItem_Blueprint_C_1695[TickActor].
[2018.10.17-17.52.14:681][674]LogTick: Error: Could not tick newly spawned in 100 iterations; runaway recursive spawing. Tick is WoodItem_Blueprint_C /Game/AliTesting/UEDPIE_0_TreeCutTestMap.TreeCutTestMap:PersistentLevel.WoodItem_Blueprint_C_1801[TickActor].
[2018.10.17-17.52.15:143][675]LogTick: Error: Could not tick newly spawned in 100 iterations; runaway recursive spawing. Tick is WoodItem_Blueprint_C /Game/AliTesting/UEDPIE_0_TreeCutTestMap.TreeCutTestMap:PersistentLevel.WoodItem_Blueprint_C_1907[TickActor].
[2018.10.17-17.52.15:163][675]LogBlueprintUserMessages: Early EndPlayMap Detection: Level '/Game/AliTesting/TreeCutTestMap.TreeCutTestMap:PersistentLevel' has LevelScriptBlueprint '/Game/AliTesting/TreeCutTestMap.TreeCutTestMap:PersistentLevel.TreeCutTestMap' with GeneratedClass '/Game/AliTesting/TreeCutTestMap.TreeCutTestMap_C' with ClassGeneratedBy '/Game/AliTesting/TreeCutTestMap.TreeCutTestMap:PersistentLevel.TreeCutTestMap'
[2018.10.17-17.52.15:163][675]LogSlate: Updating window title bar state: overlay mode, drag disabled, window buttons hidden, title bar hidden
[2018.10.17-17.52.15:801][675]LogPlayLevel: Display: Shutting down PIE online subsystems
[2018.10.17-17.52.15:801][675]LogBlueprintUserMessages: Late EndPlayMap Detection: Level '/Game/AliTesting/TreeCutTestMap.TreeCutTestMap:PersistentLevel' has LevelScriptBlueprint '/Game/AliTesting/TreeCutTestMap.TreeCutTestMap:PersistentLevel.TreeCutTestMap' with GeneratedClass '/Game/AliTesting/TreeCutTestMap.TreeCutTestMap_C' with ClassGeneratedBy '/Game/AliTesting/TreeCutTestMap.TreeCutTestMap:PersistentLevel.TreeCutTestMap'
[2018.10.17-17.52.15:842][675]LogSlate: Updating window title bar state: overlay mode, drag disabled, window buttons hidden, title bar hidden
[2018.10.17-17.52.16:023][676]LogPlayLevel: Display: Destroying online subsystem :Context_13
[2018.10.17-17.52.17:927][817]LogSlate: FSceneViewport::OnFocusLost() reason 2
[2018.10.17-17.52.32:732][350]LogEditorTransaction: Undo Delete current selection
[2018.10.17-17.52.34:343][485]BlueprintLog: New page: Compile WoodItem_Blueprint
[2018.10.17-17.52.34:638][485]Cmd: OBJ SAVEPACKAGE PACKAGE="/Game/Blueprints/WoodItem_Blueprint" FILE="../../../../../Github/climb-summit/TheSummit/Content/Blueprints/WoodItem_Blueprint.uasset" SILENT=true
[2018.10.17-17.52.34:698][485]LogSavePackage: Moving '../../../../../Github/climb-summit/TheSummit/Saved/WoodItem_BlueprintF00B07EF404DD2706E1CE2B4114CA4DC.tmp' to '../../../../../Github/climb-summit/TheSummit/Content/Blueprints/WoodItem_Blueprint.uasset'
[2018.10.17-17.52.36:566][685]LogTemp: Repeating last play command: Selected Viewport
[2018.10.17-17.52.36:600][685]LogBlueprintUserMessages: Early PlayInEditor Detection: Level '/Game/AliTesting/TreeCutTestMap.TreeCutTestMap:PersistentLevel' has LevelScriptBlueprint '/Game/AliTesting/TreeCutTestMap.TreeCutTestMap:PersistentLevel.TreeCutTestMap' with GeneratedClass '/Game/AliTesting/TreeCutTestMap.TreeCutTestMap_C' with ClassGeneratedBy '/Game/AliTesting/TreeCutTestMap.TreeCutTestMap:PersistentLevel.TreeCutTestMap'
[2018.10.17-17.52.36:600][685]LogPlayLevel: PlayLevel: No blueprints needed recompiling
[2018.10.17-17.52.36:600][685]PIE: New page: PIE session: TreeCutTestMap (Oct 17, 2018, 9:52:36 AM)
[2018.10.17-17.52.36:600][685]LogPlayLevel: Creating play world package: /Game/AliTesting/UEDPIE_0_TreeCutTestMap
[2018.10.17-17.52.36:604][685]LogPlayLevel: PIE: StaticDuplicateObject took: (0.004500s)
[2018.10.17-17.52.36:605][685]LogAIModule: Creating AISystem for world TreeCutTestMap
[2018.10.17-17.52.36:605][685]LogPlayLevel: PIE: World Init took: (0.000654s)
[2018.10.17-17.52.36:605][685]LogPlayLevel: PIE: Created PIE world by copying editor world from /Game/AliTesting/TreeCutTestMap.TreeCutTestMap to /Game/AliTesting/UEDPIE_0_TreeCutTestMap.TreeCutTestMap (0.005282s)
[2018.10.17-17.52.36:647][685]LogInit: XAudio2 using 'Speakers (USB Audio Device)' : 2 channels at 48 kHz using 16 bits per sample (channel mask 0x3)
[2018.10.17-17.52.36:657][685]LogInit: FAudioDevice initialized.
[2018.10.17-17.52.36:689][685]LogLoad: Game class is 'GameMode'
[2018.10.17-17.52.36:692][685]LogWorld: Bringing World /Game/AliTesting/UEDPIE_0_TreeCutTestMap.TreeCutTestMap up for play (max tick rate 0) at 2018.10.17-13.52.36
[2018.10.17-17.52.36:693][685]LogWorld: Bringing up level for play took: 0.002929
[2018.10.17-17.52.36:706][685]LogGameMode: Display: Match State Changed from EnteringMap to WaitingToStart
[2018.10.17-17.52.36:706][685]LogGameState: Match State Changed from EnteringMap to WaitingToStart
[2018.10.17-17.52.36:706][685]LogGameMode: Display: Match State Changed from WaitingToStart to InProgress
[2018.10.17-17.52.36:706][685]LogGameState: Match State Changed from WaitingToStart to InProgress
[2018.10.17-17.52.36:706][685]PIE: Play in editor start time for /Game/AliTesting/UEDPIE_0_TreeCutTestMap -0.442
[2018.10.17-17.52.36:706][685]LogBlueprintUserMessages: Late PlayInEditor Detection: Level '/Game/AliTesting/TreeCutTestMap.TreeCutTestMap:PersistentLevel' has LevelScriptBlueprint '/Game/AliTesting/TreeCutTestMap.TreeCutTestMap:PersistentLevel.TreeCutTestMap' with GeneratedClass '/Game/AliTesting/TreeCutTestMap.TreeCutTestMap_C' with ClassGeneratedBy '/Game/AliTesting/TreeCutTestMap.TreeCutTestMap:PersistentLevel.TreeCutTestMap'
[2018.10.17-17.52.40:820][176]LogSlate: FSceneViewport::OnFocusLost() reason 0
[2018.10.17-17.52.44:959][662]LogSlate: FSceneViewport::OnFocusLost() reason 0
[2018.10.17-17.52.45:085][677]LogBlueprintUserMessages: Early EndPlayMap Detection: Level '/Game/AliTesting/TreeCutTestMap.TreeCutTestMap:PersistentLevel' has LevelScriptBlueprint '/Game/AliTesting/TreeCutTestMap.TreeCutTestMap:PersistentLevel.TreeCutTestMap' with GeneratedClass '/Game/AliTesting/TreeCutTestMap.TreeCutTestMap_C' with ClassGeneratedBy '/Game/AliTesting/TreeCutTestMap.TreeCutTestMap:PersistentLevel.TreeCutTestMap'
[2018.10.17-17.52.45:086][677]LogSlate: Updating window title bar state: overlay mode, drag disabled, window buttons hidden, title bar hidden
[2018.10.17-17.52.45:125][677]LogPlayLevel: Display: Shutting down PIE online subsystems
[2018.10.17-17.52.45:126][677]LogBlueprintUserMessages: Late EndPlayMap Detection: Level '/Game/AliTesting/TreeCutTestMap.TreeCutTestMap:PersistentLevel' has LevelScriptBlueprint '/Game/AliTesting/TreeCutTestMap.TreeCutTestMap:PersistentLevel.TreeCutTestMap' with GeneratedClass '/Game/AliTesting/TreeCutTestMap.TreeCutTestMap_C' with ClassGeneratedBy '/Game/AliTesting/TreeCutTestMap.TreeCutTestMap:PersistentLevel.TreeCutTestMap'
[2018.10.17-17.52.45:161][677]LogSlate: Updating window title bar state: overlay mode, drag disabled, window buttons hidden, title bar hidden
[2018.10.17-17.52.45:185][679]LogPlayLevel: Display: Destroying online subsystem :Context_14
[2018.10.17-17.53.39:669][431]Cmd: OBJ SAVEPACKAGE PACKAGE="/Game/Blueprints/WoodItem_Blueprint" FILE="../../../../../Github/climb-summit/TheSummit/Content/Blueprints/WoodItem_Blueprint.uasset" SILENT=true
[2018.10.17-17.53.39:732][431]LogSavePackage: Moving '../../../../../Github/climb-summit/TheSummit/Saved/WoodItem_Blueprint76FC52E0499F4ACA83FAA4A90A2CA804.tmp' to '../../../../../Github/climb-summit/TheSummit/Content/Blueprints/WoodItem_Blueprint.uasset'
[2018.10.17-17.53.40:381][489]BlueprintLog: New page: Compile WoodItem_Blueprint
[2018.10.17-17.53.50:446][630]LogSlate: FSceneViewport::OnFocusLost() reason 0
[2018.10.17-17.54.05:134][939]BlueprintLog: New page: Compile WoodItem_Blueprint
[2018.10.17-17.54.05:427][939]Cmd: OBJ SAVEPACKAGE PACKAGE="/Game/Blueprints/WoodItem_Blueprint" FILE="../../../../../Github/climb-summit/TheSummit/Content/Blueprints/WoodItem_Blueprint.uasset" SILENT=true
[2018.10.17-17.54.05:490][939]LogSavePackage: Moving '../../../../../Github/climb-summit/TheSummit/Saved/WoodItem_Blueprint797FC9124D1CE2A86CEDED9EED2B2417.tmp' to '../../../../../Github/climb-summit/TheSummit/Content/Blueprints/WoodItem_Blueprint.uasset'
[2018.10.17-17.54.08:481][225]LogSlate: FSceneViewport::OnFocusLost() reason 0
[2018.10.17-17.54.15:020][  3]LogSlate: FSceneViewport::OnFocusLost() reason 0
[2018.10.17-17.54.15:078][ 10]LogTemp: Repeating last play command: Selected Viewport
[2018.10.17-17.54.15:111][ 10]LogBlueprintUserMessages: Early PlayInEditor Detection: Level '/Game/AliTesting/TreeCutTestMap.TreeCutTestMap:PersistentLevel' has LevelScriptBlueprint '/Game/AliTesting/TreeCutTestMap.TreeCutTestMap:PersistentLevel.TreeCutTestMap' with GeneratedClass '/Game/AliTesting/TreeCutTestMap.TreeCutTestMap_C' with ClassGeneratedBy '/Game/AliTesting/TreeCutTestMap.TreeCutTestMap:PersistentLevel.TreeCutTestMap'
[2018.10.17-17.54.15:111][ 10]LogPlayLevel: PlayLevel: No blueprints needed recompiling
[2018.10.17-17.54.15:111][ 10]PIE: New page: PIE session: TreeCutTestMap (Oct 17, 2018, 9:54:15 AM)
[2018.10.17-17.54.15:111][ 10]LogPlayLevel: Creating play world package: /Game/AliTesting/UEDPIE_0_TreeCutTestMap
[2018.10.17-17.54.15:116][ 10]LogPlayLevel: PIE: StaticDuplicateObject took: (0.004501s)
[2018.10.17-17.54.15:116][ 10]LogAIModule: Creating AISystem for world TreeCutTestMap
[2018.10.17-17.54.15:117][ 10]LogPlayLevel: PIE: World Init took: (0.000708s)
[2018.10.17-17.54.15:117][ 10]LogPlayLevel: PIE: Created PIE world by copying editor world from /Game/AliTesting/TreeCutTestMap.TreeCutTestMap to /Game/AliTesting/UEDPIE_0_TreeCutTestMap.TreeCutTestMap (0.005341s)
[2018.10.17-17.54.15:157][ 10]LogInit: XAudio2 using 'Speakers (USB Audio Device)' : 2 channels at 48 kHz using 16 bits per sample (channel mask 0x3)
[2018.10.17-17.54.15:167][ 10]LogInit: FAudioDevice initialized.
[2018.10.17-17.54.15:195][ 10]LogLoad: Game class is 'GameMode'
[2018.10.17-17.54.15:198][ 10]LogWorld: Bringing World /Game/AliTesting/UEDPIE_0_TreeCutTestMap.TreeCutTestMap up for play (max tick rate 0) at 2018.10.17-13.54.15
[2018.10.17-17.54.15:198][ 10]LogWorld: Bringing up level for play took: 0.002536
[2018.10.17-17.54.15:211][ 10]LogGameMode: Display: Match State Changed from EnteringMap to WaitingToStart
[2018.10.17-17.54.15:211][ 10]LogGameState: Match State Changed from EnteringMap to WaitingToStart
[2018.10.17-17.54.15:211][ 10]LogGameMode: Display: Match State Changed from WaitingToStart to InProgress
[2018.10.17-17.54.15:211][ 10]LogGameState: Match State Changed from WaitingToStart to InProgress
[2018.10.17-17.54.15:211][ 10]PIE: Play in editor start time for /Game/AliTesting/UEDPIE_0_TreeCutTestMap 0.063
[2018.10.17-17.54.15:211][ 10]LogBlueprintUserMessages: Late PlayInEditor Detection: Level '/Game/AliTesting/TreeCutTestMap.TreeCutTestMap:PersistentLevel' has LevelScriptBlueprint '/Game/AliTesting/TreeCutTestMap.TreeCutTestMap:PersistentLevel.TreeCutTestMap' with GeneratedClass '/Game/AliTesting/TreeCutTestMap.TreeCutTestMap_C' with ClassGeneratedBy '/Game/AliTesting/TreeCutTestMap.TreeCutTestMap:PersistentLevel.TreeCutTestMap'
[2018.10.17-17.54.18:505][403]LogSlate: FSceneViewport::OnFocusLost() reason 0
[2018.10.17-17.54.20:057][581]LogEditorViewport: Clicking on Actor (LMB): WoodItem_Blueprint_C (WoodItem_Blueprint)
[2018.10.17-17.54.22:322][819]LogSlate: FSceneViewport::OnFocusLost() reason 0
[2018.10.17-17.54.32:251][966]LogSlate: FSceneViewport::OnFocusLost() reason 0
[2018.10.17-17.54.32:329][975]LogBlueprintUserMessages: Early EndPlayMap Detection: Level '/Game/AliTesting/TreeCutTestMap.TreeCutTestMap:PersistentLevel' has LevelScriptBlueprint '/Game/AliTesting/TreeCutTestMap.TreeCutTestMap:PersistentLevel.TreeCutTestMap' with GeneratedClass '/Game/AliTesting/TreeCutTestMap.TreeCutTestMap_C' with ClassGeneratedBy '/Game/AliTesting/TreeCutTestMap.TreeCutTestMap:PersistentLevel.TreeCutTestMap'
[2018.10.17-17.54.32:329][975]LogSlate: Updating window title bar state: overlay mode, drag disabled, window buttons hidden, title bar hidden
[2018.10.17-17.54.32:368][975]LogPlayLevel: Display: Shutting down PIE online subsystems
[2018.10.17-17.54.32:368][975]LogBlueprintUserMessages: Late EndPlayMap Detection: Level '/Game/AliTesting/TreeCutTestMap.TreeCutTestMap:PersistentLevel' has LevelScriptBlueprint '/Game/AliTesting/TreeCutTestMap.TreeCutTestMap:PersistentLevel.TreeCutTestMap' with GeneratedClass '/Game/AliTesting/TreeCutTestMap.TreeCutTestMap_C' with ClassGeneratedBy '/Game/AliTesting/TreeCutTestMap.TreeCutTestMap:PersistentLevel.TreeCutTestMap'
[2018.10.17-17.54.32:404][975]LogSlate: Updating window title bar state: overlay mode, drag disabled, window buttons hidden, title bar hidden
[2018.10.17-17.54.32:429][977]LogPlayLevel: Display: Destroying online subsystem :Context_15
[2018.10.17-17.56.32:716][682]BlueprintLog: New page: Compile WoodItem_Blueprint
[2018.10.17-17.56.33:020][682]Cmd: OBJ SAVEPACKAGE PACKAGE="/Game/Blueprints/WoodItem_Blueprint" FILE="../../../../../Github/climb-summit/TheSummit/Content/Blueprints/WoodItem_Blueprint.uasset" SILENT=true
[2018.10.17-17.56.33:091][682]LogSavePackage: Moving '../../../../../Github/climb-summit/TheSummit/Saved/WoodItem_Blueprint3B90ADD44FA062B827FA8F94588522EC.tmp' to '../../../../../Github/climb-summit/TheSummit/Content/Blueprints/WoodItem_Blueprint.uasset'
[2018.10.17-17.56.47:940][226]BlueprintLog: New page: Compile WoodItem_Blueprint
[2018.10.17-17.56.50:837][405]BlueprintLog: New page: Compile WoodItem_Blueprint
[2018.10.17-17.56.52:320][539]BlueprintLog: New page: Compile WoodItem_Blueprint
[2018.10.17-17.58.37:087][356]Cmd: OBJ SAVEPACKAGE PACKAGE="/Game/Blueprints/WoodItem_Blueprint" FILE="../../../../../Github/climb-summit/TheSummit/Content/Blueprints/WoodItem_Blueprint.uasset" SILENT=true
[2018.10.17-17.58.37:146][356]LogSavePackage: Moving '../../../../../Github/climb-summit/TheSummit/Saved/WoodItem_Blueprint483195D7491CE8DB04E7CDB1E3640F19.tmp' to '../../../../../Github/climb-summit/TheSummit/Content/Blueprints/WoodItem_Blueprint.uasset'
[2018.10.17-18.01.13:802][670]LogSavePackage: Moving '../../../../../Github/climb-summit/TheSummit/Saved/TreeCutTestMap_Auto1BA90DD9440E3A74FA24CF1AD4DD6659A.tmp' to '../../../../../Github/climb-summit/TheSummit/Saved/Autosaves/Game/AliTesting/TreeCutTestMap_Auto1.umap'
[2018.10.17-18.01.13:831][670]LogFileHelpers: Editor autosave (incl. sublevels) for '/Game/AliTesting/TreeCutTestMap' took 0.362
[2018.10.17-18.01.13:831][670]LogFileHelpers: Editor autosave (incl. sublevels) for all levels took 0.362
[2018.10.17-18.01.13:841][670]OBJ SavePackage: Generating thumbnails for [1] asset(s) in package [/Game/Blueprints/WoodItem_Blueprint] ([1] browsable assets)...
[2018.10.17-18.01.13:853][670]OBJ SavePackage:     Rendered thumbnail for [Blueprint /Game/Blueprints/WoodItem_Blueprint.WoodItem_Blueprint]
[2018.10.17-18.01.13:853][670]OBJ SavePackage: Finished generating thumbnails for package [/Game/Blueprints/WoodItem_Blueprint]
[2018.10.17-18.01.13:937][670]LogSavePackage: Moving '../../../../../Github/climb-summit/TheSummit/Saved/WoodItem_Blueprint_Auto1A314343B430F147E5BD12B88694DAD08.tmp' to '../../../../../Github/climb-summit/TheSummit/Saved/Autosaves/Game/Blueprints/WoodItem_Blueprint_Auto1.uasset'
[2018.10.17-18.01.13:938][670]LogFileHelpers: Auto-saving content packages took 0.106
[2018.10.17-18.01.56:063][ 25]Cmd: OBJ SAVEPACKAGE PACKAGE="/Game/Blueprints/WoodItem_Blueprint" FILE="../../../../../Github/climb-summit/TheSummit/Content/Blueprints/WoodItem_Blueprint.uasset" SILENT=true
[2018.10.17-18.01.56:121][ 25]LogSavePackage: Moving '../../../../../Github/climb-summit/TheSummit/Saved/WoodItem_Blueprint728B901142AB04ACCD97BABFC882F9FE.tmp' to '../../../../../Github/climb-summit/TheSummit/Content/Blueprints/WoodItem_Blueprint.uasset'
[2018.10.17-18.03.06:380][346]BlueprintLog: New page: Compile WoodItem_Blueprint
[2018.10.17-18.03.06:678][346]Cmd: OBJ SAVEPACKAGE PACKAGE="/Game/Blueprints/WoodItem_Blueprint" FILE="../../../../../Github/climb-summit/TheSummit/Content/Blueprints/WoodItem_Blueprint.uasset" SILENT=true
[2018.10.17-18.03.06:739][346]LogSavePackage: Moving '../../../../../Github/climb-summit/TheSummit/Saved/WoodItem_BlueprintD5D221EF4A795B9BEF4FB497C2B8A875.tmp' to '../../../../../Github/climb-summit/TheSummit/Content/Blueprints/WoodItem_Blueprint.uasset'
[2018.10.17-18.04.00:340][ 84]LogAssetEditorManager: Opening Asset editor for Blueprint /Game/Blueprints/Pack_Blueprint.Pack_Blueprint
[2018.10.17-18.06.52:224][977]Cmd: OBJ SAVEPACKAGE PACKAGE="/Game/Blueprints/Pack_Blueprint" FILE="../../../../../Github/climb-summit/TheSummit/Content/Blueprints/Pack_Blueprint.uasset" SILENT=true
[2018.10.17-18.06.52:327][977]LogSavePackage: Moving '../../../../../Github/climb-summit/TheSummit/Saved/Pack_BlueprintC0AB1E0A41AB70ED3497D19298410063.tmp' to '../../../../../Github/climb-summit/TheSummit/Content/Blueprints/Pack_Blueprint.uasset'
[2018.10.17-18.06.53:588][ 70]BlueprintLog: New page: Compile Pack_Blueprint
[2018.10.17-18.08.57:448][206]BlueprintLog: New page: Compile Pack_Blueprint
[2018.10.17-18.08.57:796][206]Cmd: OBJ SAVEPACKAGE PACKAGE="/Game/Blueprints/Pack_Blueprint" FILE="../../../../../Github/climb-summit/TheSummit/Content/Blueprints/Pack_Blueprint.uasset" SILENT=true
[2018.10.17-18.08.57:899][206]LogSavePackage: Moving '../../../../../Github/climb-summit/TheSummit/Saved/Pack_BlueprintFFEEFCDE41EB79BE210F20BF78706CF9.tmp' to '../../../../../Github/climb-summit/TheSummit/Content/Blueprints/Pack_Blueprint.uasset'
[2018.10.17-18.09.55:332][988]BlueprintLog: New page: Compile Pack_Blueprint
[2018.10.17-18.09.55:681][988]Cmd: OBJ SAVEPACKAGE PACKAGE="/Game/Blueprints/Pack_Blueprint" FILE="../../../../../Github/climb-summit/TheSummit/Content/Blueprints/Pack_Blueprint.uasset" SILENT=true
[2018.10.17-18.09.55:782][988]LogSavePackage: Moving '../../../../../Github/climb-summit/TheSummit/Saved/Pack_BlueprintC607952144539B06A9B25789A9DF9553.tmp' to '../../../../../Github/climb-summit/TheSummit/Content/Blueprints/Pack_Blueprint.uasset'
[2018.10.17-18.10.14:073][350]BlueprintLog: New page: Compile Pack_Blueprint
[2018.10.17-18.10.14:422][350]Cmd: OBJ SAVEPACKAGE PACKAGE="/Game/Blueprints/Pack_Blueprint" FILE="../../../../../Github/climb-summit/TheSummit/Content/Blueprints/Pack_Blueprint.uasset" SILENT=true
[2018.10.17-18.10.14:520][350]LogSavePackage: Moving '../../../../../Github/climb-summit/TheSummit/Saved/Pack_BlueprintB853337B41A61CA559D5459D2B65C247.tmp' to '../../../../../Github/climb-summit/TheSummit/Content/Blueprints/Pack_Blueprint.uasset'
[2018.10.17-18.11.13:617][381]BlueprintLog: New page: Compile Tree_Blueprint
[2018.10.17-18.11.13:931][381]Cmd: OBJ SAVEPACKAGE PACKAGE="/Game/Blueprints/Tree_Blueprint" FILE="../../../../../Github/climb-summit/TheSummit/Content/Blueprints/Tree_Blueprint.uasset" SILENT=true
[2018.10.17-18.11.13:988][381]LogSavePackage: Moving '../../../../../Github/climb-summit/TheSummit/Saved/Tree_Blueprint754E0B8B4A0B621F20F682B1DC04C123.tmp' to '../../../../../Github/climb-summit/TheSummit/Content/Blueprints/Tree_Blueprint.uasset'
[2018.10.17-18.11.14:373][382]LogSavePackage: Moving '../../../../../Github/climb-summit/TheSummit/Saved/TreeCutTestMap_Auto2615EC6744D294F69920E9BB41F034C0B.tmp' to '../../../../../Github/climb-summit/TheSummit/Saved/Autosaves/Game/AliTesting/TreeCutTestMap_Auto2.umap'
[2018.10.17-18.11.14:403][382]LogFileHelpers: Editor autosave (incl. sublevels) for '/Game/AliTesting/TreeCutTestMap' took 0.291
[2018.10.17-18.11.14:403][382]LogFileHelpers: Editor autosave (incl. sublevels) for all levels took 0.291
[2018.10.17-18.11.24:707][460]BlueprintLog: New page: Compile Tree_Blueprint
[2018.10.17-18.11.25:016][460]Cmd: OBJ SAVEPACKAGE PACKAGE="/Game/Blueprints/Tree_Blueprint" FILE="../../../../../Github/climb-summit/TheSummit/Content/Blueprints/Tree_Blueprint.uasset" SILENT=true
[2018.10.17-18.11.25:066][460]LogSavePackage: Moving '../../../../../Github/climb-summit/TheSummit/Saved/Tree_Blueprint2F0D96C5470BF2C1D55E7A8DD9E82D41.tmp' to '../../../../../Github/climb-summit/TheSummit/Content/Blueprints/Tree_Blueprint.uasset'
[2018.10.17-18.11.26:043][545]BlueprintLog: New page: Compile Pack_Blueprint
[2018.10.17-18.11.41:083][624]BlueprintLog: New page: Compile Pack_Blueprint
[2018.10.17-18.11.46:381][ 12]BlueprintLog: New page: Compile Tree_Blueprint
[2018.10.17-18.11.47:201][ 76]LogActorComponent: UnregisterComponent: (/Engine/Transient.EditorFloorComp) Not registered. Aborting.
[2018.10.17-18.11.47:882][135]BlueprintLog: New page: Compile WoodItem_Blueprint
[2018.10.17-18.15.25:581][771]BlueprintLog: New page: Compile WoodItem_Blueprint
[2018.10.17-18.15.25:884][771]Cmd: OBJ SAVEPACKAGE PACKAGE="/Game/Blueprints/WoodItem_Blueprint" FILE="../../../../../Github/climb-summit/TheSummit/Content/Blueprints/WoodItem_Blueprint.uasset" SILENT=true
[2018.10.17-18.15.25:956][771]LogSavePackage: Moving '../../../../../Github/climb-summit/TheSummit/Saved/WoodItem_Blueprint4C43121444363EA4DEAA85AF9CCFCEA9.tmp' to '../../../../../Github/climb-summit/TheSummit/Content/Blueprints/WoodItem_Blueprint.uasset'
[2018.10.17-18.19.42:579][435]BlueprintLog: New page: Compile WoodItem_Blueprint
[2018.10.17-18.19.42:886][435]Cmd: OBJ SAVEPACKAGE PACKAGE="/Game/Blueprints/WoodItem_Blueprint" FILE="../../../../../Github/climb-summit/TheSummit/Content/Blueprints/WoodItem_Blueprint.uasset" SILENT=true
[2018.10.17-18.19.42:953][435]LogSavePackage: Moving '../../../../../Github/climb-summit/TheSummit/Saved/WoodItem_Blueprint1A002E83493EF8291A3828A32DA7FBAE.tmp' to '../../../../../Github/climb-summit/TheSummit/Content/Blueprints/WoodItem_Blueprint.uasset'
[2018.10.17-18.19.58:681][819]BlueprintLog: New page: Compile WoodItem_Blueprint
[2018.10.17-18.19.58:987][819]Cmd: OBJ SAVEPACKAGE PACKAGE="/Game/Blueprints/WoodItem_Blueprint" FILE="../../../../../Github/climb-summit/TheSummit/Content/Blueprints/WoodItem_Blueprint.uasset" SILENT=true
[2018.10.17-18.19.59:051][819]LogSavePackage: Moving '../../../../../Github/climb-summit/TheSummit/Saved/WoodItem_Blueprint925939AF44B54A3E0C5F9AB6231CA4CC.tmp' to '../../../../../Github/climb-summit/TheSummit/Content/Blueprints/WoodItem_Blueprint.uasset'
[2018.10.17-18.20.01:321][ 14]BlueprintLog: New page: Compile WoodItem_Blueprint
[2018.10.17-18.21.15:030][430]LogSavePackage: Moving '../../../../../Github/climb-summit/TheSummit/Saved/TreeCutTestMap_Auto387E91BB044AFCDC771A557BBB5A2CE1C.tmp' to '../../../../../Github/climb-summit/TheSummit/Saved/Autosaves/Game/AliTesting/TreeCutTestMap_Auto3.umap'
[2018.10.17-18.21.15:049][430]LogFileHelpers: Editor autosave (incl. sublevels) for '/Game/AliTesting/TreeCutTestMap' took 0.314
[2018.10.17-18.21.15:049][430]LogFileHelpers: Editor autosave (incl. sublevels) for all levels took 0.314
[2018.10.17-19.22.24:205][918]LogEditorViewport: Clicking on Actor (LMB): Tree_Blueprint_C (Tree_Blueprint41)
[2018.10.17-19.22.26:490][ 30]Cmd: DELETE
[2018.10.17-19.22.26:490][ 30]Cmd: ACTOR DELETE
[2018.10.17-19.22.26:765][ 30]LogEditorActor: Deleted Actor: Tree_Blueprint_C
[2018.10.17-19.22.26:978][ 30]LogEditorActor: Deleted 1 Actors (0.394 secs)
[2018.10.17-19.22.31:368][525]LogSlate: FSceneViewport::OnFocusLost() reason 0
[2018.10.17-19.22.32:375][530]Cmd: OBJ SAVEPACKAGE PACKAGE="/Game/AliTesting/TreeCutTestMap" FILE="../../../../../Github/climb-summit/TheSummit/Content/AliTesting/TreeCutTestMap.umap" SILENT=true AUTOSAVING=false KEEPDIRTY=false
[2018.10.17-19.22.34:240][530]LogSavePackage: Moving '../../../../../Github/climb-summit/TheSummit/Saved/TreeCutTestMapDC7233454AC5B8B68F9C3B88D460F9DB.tmp' to '../../../../../Github/climb-summit/TheSummit/Content/AliTesting/TreeCutTestMap.umap'
[2018.10.17-19.22.34:565][530]Cmd: OBJ SAVEPACKAGE PACKAGE="/Game/AliTesting/TreeCutTestMap_BuiltData" FILE="../../../../../Github/climb-summit/TheSummit/Content/AliTesting/TreeCutTestMap_BuiltData.uasset" SILENT=true
[2018.10.17-19.22.34:851][530]LogSavePackage: Moving '../../../../../Github/climb-summit/TheSummit/Saved/TreeCutTestMap_BuiltDataBDE3321B40F947A597D63885BCF86C06.tmp' to '../../../../../Github/climb-summit/TheSummit/Content/AliTesting/TreeCutTestMap_BuiltData.uasset'
[2018.10.17-19.22.49:344][247]LogSlate: FSceneViewport::OnFocusLost() reason 0
[2018.10.17-19.23.03:058][835]LogSlate: FSceneViewport::OnFocusLost() reason 0
[2018.10.17-19.23.03:226][845]Cmd: OBJ SAVEPACKAGE PACKAGE="/Game/AliTesting/TreeCutTestMap" FILE="../../../../../Github/climb-summit/TheSummit/Content/AliTesting/TreeCutTestMap.umap" SILENT=true AUTOSAVING=false KEEPDIRTY=false
[2018.10.17-19.23.03:499][845]LogSavePackage: Moving '../../../../../Github/climb-summit/TheSummit/Saved/TreeCutTestMap3A0A2FE64C4CE1C73A107F9355B8B384.tmp' to '../../../../../Github/climb-summit/TheSummit/Content/AliTesting/TreeCutTestMap.umap'
[2018.10.17-19.23.03:641][845]Cmd: OBJ SAVEPACKAGE PACKAGE="/Game/AliTesting/TreeCutTestMap_BuiltData" FILE="../../../../../Github/climb-summit/TheSummit/Content/AliTesting/TreeCutTestMap_BuiltData.uasset" SILENT=true
[2018.10.17-19.23.03:677][845]LogSavePackage: Moving '../../../../../Github/climb-summit/TheSummit/Saved/TreeCutTestMap_BuiltData801A6914471032EC4988EE99AF1FD293.tmp' to '../../../../../Github/climb-summit/TheSummit/Content/AliTesting/TreeCutTestMap_BuiltData.uasset'
[2018.10.17-19.49.29:721][589]LogEditorViewport: Clicking on Actor (LMB): DirectionalLight (Light Source)
[2018.10.17-19.49.33:338][972]LogEditorViewport: Clicking on Actor (LMB): SkyLight (SkyLight)
[2018.10.17-19.49.36:740][300]LogEditorViewport: Clicking on Actor (LMB): AtmosphericFog (Atmospheric Fog)
[2018.10.17-19.49.38:085][450]LogEditorViewport: Clicking on Actor (LMB): BP_Sky_Sphere_C (Sky Sphere)
[2018.10.17-19.49.42:208][914]LogSlate: FSceneViewport::OnFocusLost() reason 0
[2018.10.17-19.49.42:411][925]Cmd: OBJ SAVEPACKAGE PACKAGE="/Game/AliTesting/TreeCutTestMap" FILE="../../../../../Github/climb-summit/TheSummit/Content/AliTesting/TreeCutTestMap.umap" SILENT=true AUTOSAVING=false KEEPDIRTY=false
[2018.10.17-19.49.42:674][925]LogSavePackage: Moving '../../../../../Github/climb-summit/TheSummit/Saved/TreeCutTestMap30030C014D569ADE4780C38855A4075A.tmp' to '../../../../../Github/climb-summit/TheSummit/Content/AliTesting/TreeCutTestMap.umap'
[2018.10.17-19.49.42:806][925]Cmd: OBJ SAVEPACKAGE PACKAGE="/Game/AliTesting/TreeCutTestMap_BuiltData" FILE="../../../../../Github/climb-summit/TheSummit/Content/AliTesting/TreeCutTestMap_BuiltData.uasset" SILENT=true
[2018.10.17-19.49.42:852][925]LogSavePackage: Moving '../../../../../Github/climb-summit/TheSummit/Saved/TreeCutTestMap_BuiltDataD1226D68474C568F20FDA98DDD023D62.tmp' to '../../../../../Github/climb-summit/TheSummit/Content/AliTesting/TreeCutTestMap_BuiltData.uasset'
[2018.10.17-20.33.48:505][478]LogSlate: FSceneViewport::OnFocusLost() reason 2
[2018.10.17-20.33.50:446][667]Cmd: OBJ SAVEPACKAGE PACKAGE="/Game/AliTesting/TreeCutTestMap" FILE="../../../../../Github/climb-summit/TheSummit/Content/AliTesting/TreeCutTestMap.umap" SILENT=true AUTOSAVING=false KEEPDIRTY=false
[2018.10.17-20.33.50:726][667]LogSavePackage: Moving '../../../../../Github/climb-summit/TheSummit/Saved/TreeCutTestMap631116244155C97F45F8F1A5EE87F473.tmp' to '../../../../../Github/climb-summit/TheSummit/Content/AliTesting/TreeCutTestMap.umap'
[2018.10.17-20.33.50:866][667]Cmd: OBJ SAVEPACKAGE PACKAGE="/Game/AliTesting/TreeCutTestMap_BuiltData" FILE="../../../../../Github/climb-summit/TheSummit/Content/AliTesting/TreeCutTestMap_BuiltData.uasset" SILENT=true
[2018.10.17-20.33.50:906][667]LogSavePackage: Moving '../../../../../Github/climb-summit/TheSummit/Saved/TreeCutTestMap_BuiltData2AD2774747B7E9C6D1BC66BC74A29B3D.tmp' to '../../../../../Github/climb-summit/TheSummit/Content/AliTesting/TreeCutTestMap_BuiltData.uasset'
[2018.10.17-20.36.57:029][817]SourceControl: fatal: D:/Unreal Engine/UE_4.20/Engine/Content: 'D:/Unreal Engine/UE_4.20/Engine/Content' is outside repository
[2018.10.17-20.37.05:837][817]LogSlate: Window 'Submit Files' being destroyed
[2018.10.17-20.37.07:231][817]LogSourceControl: commit successful: [belt 0dfdee8] idk lamo
[2018.10.17-20.37.07:291][817]SourceControl: [belt 0dfdee8] idk lamo
[2018.10.17-20.37.07:291][817]SourceControl:  2 files changed, 0 insertions(+), 0 deletions(-)
[2018.10.17-20.37.07:300][817]SourceControl: Commited [belt 0dfdee8] idk lamo.
[2018.10.17-20.38.27:652][812]LogAssetEditorManager: Opening Asset editor for Blueprint /Game/Blueprints/Pack_Blueprint.Pack_Blueprint
[2018.10.17-20.39.35:960][492]BlueprintLog: New page: Compile Pack_Blueprint
[2018.10.17-20.39.36:677][492]Cmd: OBJ SAVEPACKAGE PACKAGE="/Game/Blueprints/Pack_Blueprint" FILE="../../../../../Github/climb-summit/TheSummit/Content/Blueprints/Pack_Blueprint.uasset" SILENT=true
[2018.10.17-20.39.36:889][492]LogSavePackage: Moving '../../../../../Github/climb-summit/TheSummit/Saved/Pack_Blueprint7DA8CE4541DAF8581AFF82AD2CFD2634.tmp' to '../../../../../Github/climb-summit/TheSummit/Content/Blueprints/Pack_Blueprint.uasset'
[2018.10.17-20.44.03:903][643]LogSavePackage: Moving '../../../../../Github/climb-summit/TheSummit/Saved/TreeCutTestMap_Auto4778204844F55FDE8472EB6B772AB6F7A.tmp' to '../../../../../Github/climb-summit/TheSummit/Saved/Autosaves/Game/AliTesting/TreeCutTestMap_Auto4.umap'
[2018.10.17-20.44.03:947][643]LogFileHelpers: Editor autosave (incl. sublevels) for '/Game/AliTesting/TreeCutTestMap' took 0.305
[2018.10.17-20.44.03:947][643]LogFileHelpers: Editor autosave (incl. sublevels) for all levels took 0.305
[2018.10.17-21.04.41:459][ 24]LogSlate: FSceneViewport::OnFocusLost() reason 0
[2018.10.17-21.04.41:555][ 34]LogAssetEditorManager: Opening Asset editor for Blueprint /Game/Blueprints/Hatchet_Blueprint.Hatchet_Blueprint
[2018.10.17-21.05.09:736][421]Cmd: OBJ SAVEPACKAGE PACKAGE="/Game/AliTesting/TreeCutTestMap" FILE="../../../../../Github/climb-summit/TheSummit/Content/AliTesting/TreeCutTestMap.umap" SILENT=true AUTOSAVING=false KEEPDIRTY=false
[2018.10.17-21.05.09:992][421]LogSavePackage: Moving '../../../../../Github/climb-summit/TheSummit/Saved/TreeCutTestMap3C98F5BF40560B498D92AD8E561470B9.tmp' to '../../../../../Github/climb-summit/TheSummit/Content/AliTesting/TreeCutTestMap.umap'
[2018.10.17-21.05.10:127][421]Cmd: OBJ SAVEPACKAGE PACKAGE="/Game/AliTesting/TreeCutTestMap_BuiltData" FILE="../../../../../Github/climb-summit/TheSummit/Content/AliTesting/TreeCutTestMap_BuiltData.uasset" SILENT=true
[2018.10.17-21.05.10:177][421]LogSavePackage: Moving '../../../../../Github/climb-summit/TheSummit/Saved/TreeCutTestMap_BuiltData1C1C32FF4D8800F2658285839949A5AA.tmp' to '../../../../../Github/climb-summit/TheSummit/Content/AliTesting/TreeCutTestMap_BuiltData.uasset'
