Log file open, 10/16/18 17:08:59
LogWindows: Failed to load 'aqProf.dll' (GetLastError=126)
LogWindows: File 'aqProf.dll' does not exist
LogWindows: Failed to load 'VSPerf140.dll' (GetLastError=126)
LogWindows: File 'VSPerf140.dll' does not exist
LogWindows: Failed to load 'VtuneApi.dll' (GetLastError=126)
LogWindows: File 'VtuneApi.dll' does not exist
LogWindows: Failed to load 'VtuneApi32e.dll' (GetLastError=126)
LogWindows: File 'VtuneApi32e.dll' does not exist
LogInit: Display: Running engine for game: TheSummit
LogPlatformFile: Not using cached read wrapper
LogTaskGraph: Started task graph with 5 named threads and 47 total threads with 3 sets of task threads.
LogStats: Stats thread started at 0.549714
LogD3D11RHI: Loaded GFSDK_Aftermath_Lib.x64.dll
LogICUInternationalization: Display: ICU TimeZone Detection - Raw Offset: -5:00, Platform Override: ''
LogPluginManager: Mounting plugin Paper2D
LogPluginManager: Mounting plugin AISupport
LogPluginManager: Mounting plugin LightPropagationVolume
LogPluginManager: Mounting plugin CLionSourceCodeAccess
LogPluginManager: Mounting plugin CodeLiteSourceCodeAccess
LogPluginManager: Mounting plugin GitSourceControl
LogPluginManager: Mounting plugin KDevelopSourceCodeAccess
LogPluginManager: Mounting plugin NullSourceCodeAccess
LogPluginManager: Mounting plugin PerforceSourceControl
LogPluginManager: Mounting plugin SubversionSourceControl
LogPluginManager: Mounting plugin UObjectPlugin
LogPluginManager: Mounting plugin VisualStudioCodeSourceCodeAccess
LogPluginManager: Mounting plugin VisualStudioSourceCodeAccess
LogPluginManager: Mounting plugin XCodeSourceCodeAccess
LogPluginManager: Mounting plugin AssetManagerEditor
LogPluginManager: Mounting plugin CryptoKeys
LogPluginManager: Mounting plugin DataValidation
LogPluginManager: Mounting plugin FacialAnimation
LogPluginManager: Mounting plugin GameplayTagsEditor
LogPluginManager: Mounting plugin MacGraphicsSwitching
LogPluginManager: Mounting plugin MeshEditor
LogPluginManager: Mounting plugin MobileLauncherProfileWizard
LogPluginManager: Mounting plugin PluginBrowser
LogPluginManager: Mounting plugin SpeedTreeImporter
LogPluginManager: Mounting plugin DatasmithContent
LogPluginManager: Mounting plugin AlembicImporter
LogPluginManager: Mounting plugin AppleImageUtils
LogPluginManager: Mounting plugin AppleVision
LogPluginManager: Mounting plugin BackChannel
LogPluginManager: Mounting plugin CharacterAI
LogPluginManager: Mounting plugin GeometryCache
LogPluginManager: Mounting plugin HTML5Networking
LogPluginManager: Mounting plugin ProxyLODPlugin
LogPluginManager: Mounting plugin MagicLeap
LogPluginManager: Mounting plugin MagicLeapEmulator
LogPluginManager: Mounting plugin MagicLeapMedia
LogPluginManager: Mounting plugin AndroidMedia
LogPluginManager: Mounting plugin AvfMedia
LogPluginManager: Mounting plugin ImgMedia
LogPluginManager: Mounting plugin LinearTimecode
LogPluginManager: Mounting plugin MediaCompositing
LogPluginManager: Mounting plugin MediaPlayerEditor
LogPluginManager: Mounting plugin WmfMedia
LogPluginManager: Mounting plugin TcpMessaging
LogPluginManager: Mounting plugin UdpMessaging
LogPluginManager: Mounting plugin ActorSequence
LogPluginManager: Mounting plugin LevelSequenceEditor
LogPluginManager: Mounting plugin MatineeToLevelSequence
LogPluginManager: Mounting plugin NetcodeUnitTest
LogPluginManager: Mounting plugin NUTUnrealEngine4
LogPluginManager: Mounting plugin OnlineSubsystemGooglePlay
LogPluginManager: Mounting plugin OnlineSubsystemIOS
LogPluginManager: Mounting plugin OnlineSubsystem
LogPluginManager: Mounting plugin OnlineSubsystemNull
LogPluginManager: Mounting plugin OnlineSubsystemUtils
LogPluginManager: Mounting plugin LauncherChunkInstaller
LogPluginManager: Mounting plugin AndroidDeviceProfileSelector
LogPluginManager: Mounting plugin AndroidMoviePlayer
LogPluginManager: Mounting plugin AndroidPermission
LogPluginManager: Mounting plugin AppleMoviePlayer
LogPluginManager: Mounting plugin ArchVisCharacter
LogPluginManager: Mounting plugin AudioCapture
LogPluginManager: Mounting plugin CableComponent
LogPluginManager: Mounting plugin CustomMeshComponent
LogPluginManager: Mounting plugin EditableMesh
LogPluginManager: Mounting plugin ExampleDeviceProfileSelector
LogPluginManager: Mounting plugin GoogleCloudMessaging
LogPluginManager: Mounting plugin ImmediatePhysics
LogPluginManager: Mounting plugin IOSDeviceProfileSelector
LogPluginManager: Mounting plugin LinuxDeviceProfileSelector
LogPluginManager: Mounting plugin LocationServicesBPLibrary
LogPluginManager: Mounting plugin MobilePatchingUtils
LogPluginManager: Mounting plugin OculusVR
LogPluginManager: Plugin shader directory ../../../Engine/Plugins/Runtime/Oculus/OculusVR/Shaders found
LogPluginManager: Mapping shader source directory ../../../Engine/Plugins/Runtime/Oculus/OculusVR/Shaders to virtual directory /Plugin/OculusVR
LogPluginManager: Mounting plugin PhysXVehicles
LogPluginManager: Mounting plugin ProceduralMeshComponent
LogPluginManager: Mounting plugin RuntimePhysXCooking
LogPluginManager: Mounting plugin SteamVR
LogPluginManager: Mounting plugin WindowsMoviePlayer
LogStreaming: Display: Took  0.183s to configure plugins.
LogInit: Using libcurl 7.55.1-DEV
LogInit:  - built for x86_64-pc-win32
LogInit:  - supports SSL with OpenSSL/1.0.2h
LogInit:  - supports HTTP deflate (compression) using libz 1.2.8
LogInit:  - other features:
LogInit:      CURL_VERSION_SSL
LogInit:      CURL_VERSION_LIBZ
LogInit:      CURL_VERSION_IPV6
LogInit:      CURL_VERSION_ASYNCHDNS
LogInit:      CURL_VERSION_LARGEFILE
LogInit:      CURL_VERSION_IDN
LogInit:  CurlRequestOptions (configurable via config and command line):
LogInit:  - bVerifyPeer = false  - Libcurl will NOT verify peer certificate
LogInit:  - bUseHttpProxy = false  - Libcurl will NOT use HTTP proxy
LogInit:  - bDontReuseConnections = false  - Libcurl will reuse connections
LogInit:  - CertBundlePath = nullptr  - Libcurl will use whatever was configured at build time.
LogInit:  - MaxHostConnections = 16  - Libcurl will limit the number of connections to a host
LogInit:  - LocalHostAddr = Default
LogInit:  - BufferSize = 65536
LogInit: WinSock: version 1.1 (2.2), MaxSocks=32767, MaxUdp=65467
LogHMD: Failed initializing OVRPlugin 1.25.0
LogInit: Build: ++UE4+Release-4.20-CL-4233996
LogInit: Engine Version: 4.20.1-4233996+++UE4+Release-4.20
LogInit: Compatible Engine Version: 4.20.0-4212847+++UE4+Release-4.20
LogInit: Net CL: 4212847
LogInit: OS: Windows 10 (), CPU: AMD Ryzen 7 1700 Eight-Core Processor          , GPU: NVIDIA GeForce GTX 1080
LogInit: Compiled (64-bit): Jul 26 2018 10:07:30
LogInit: Compiled with Visual C++: 19.13.26129.00
LogInit: Build Configuration: Development
LogInit: Branch Name: ++UE4+Release-4.20
LogInit: Command Line:  -skipcompile
LogInit: Base Directory: D:/Unreal Engine/UE_4.20/Engine/Binaries/Win64/
LogInit: Installed Engine Build: 1
LogDevObjectVersion: Number of dev versions registered: 20
LogDevObjectVersion:   Dev-Blueprints (B0D832E4-1F89-4F0D-ACCF-7EB736FD4AA2): 10
LogDevObjectVersion:   Dev-Build (E1C64328-A22C-4D53-A36C-8E866417BD8C): 0
LogDevObjectVersion:   Dev-Core (375EC13C-06E4-48FB-B500-84F0262A717E): 2
LogDevObjectVersion:   Dev-Editor (E4B068ED-F494-42E9-A231-DA0B2E46BB41): 24
LogDevObjectVersion:   Dev-Framework (CFFC743F-43B0-4480-9391-14DF171D2073): 34
LogDevObjectVersion:   Dev-Mobile (B02B49B5-BB20-44E9-A304-32B752E40360): 2
LogDevObjectVersion:   Dev-Networking (A4E4105C-59A1-49B5-A7C5-40C4547EDFEE): 0
LogDevObjectVersion:   Dev-Online (39C831C9-5AE6-47DC-9A44-9C173E1C8E7C): 0
LogDevObjectVersion:   Dev-Physics (78F01B33-EBEA-4F98-B9B4-84EACCB95AA2): 0
LogDevObjectVersion:   Dev-Platform (6631380F-2D4D-43E0-8009-CF276956A95A): 0
LogDevObjectVersion:   Dev-Rendering (12F88B9F-8875-4AFC-A67C-D90C383ABD29): 26
LogDevObjectVersion:   Dev-Sequencer (7B5AE74C-D270-4C10-A958-57980B212A5A): 9
LogDevObjectVersion:   Dev-VR (D7296918-1DD6-4BDD-9DE2-64A83CC13884): 2
LogDevObjectVersion:   Dev-LoadTimes (C2A15278-BFE7-4AFE-6C17-90FF531DF755): 1
LogDevObjectVersion:   Private-Geometry (6EACA3D4-40EC-4CC1-B786-8BED09428FC5): 3
LogDevObjectVersion:   Dev-AnimPhys (29E575DD-E0A3-4627-9D10-D276232CDCEA): 17
LogDevObjectVersion:   Dev-ReflectionCapture (6B266CEC-1EC7-4B8F-A30B-E4D90942FC07): 1
LogDevObjectVersion:   Dev-Automation (0DF73D61-A23F-47EA-B727-89E90C41499A): 1
LogDevObjectVersion:   FortniteMain (601D1886-AC64-4F84-AA16-D3DE0DEAC7D6): 12
LogDevObjectVersion:   Dev-Enterprise (9DFFBCD6-494F-0158-E221-12823C92A888): 1
LogStreaming: Display: Took  0.002s to delete old logs.
LogInit: Presizing for max 8388607 objects, including 0 objects not considered by GC, pre-allocating 0 bytes for permanent pool.
LogInit: Object subsystem initialized
[2018.10.16-21.09.00:033][  0]LogInit: Selected Device Profile: [Windows]
[2018.10.16-21.09.00:033][  0]LogInit: Applying CVar settings loaded from the selected device profile: [Windows]
[2018.10.16-21.09.00:050][  0]LogHAL: Display: Platform has ~ 16 GB [17109286912 / 17179869184 / 16], which maps to Larger [LargestMinGB=32, LargerMinGB=12, DefaultMinGB=8, SmallerMinGB=6, SmallestMinGB=0)
[2018.10.16-21.09.00:050][  0]LogInit: Setting Device Profile CVar: [[r.Vulkan.UseRealUBs:1]]
[2018.10.16-21.09.00:050][  0]LogInit: Going up to parent DeviceProfile []
[2018.10.16-21.09.00:050][  0]LogInit: Computer: ALI-PC
[2018.10.16-21.09.00:050][  0]LogInit: User: aliha
[2018.10.16-21.09.00:050][  0]LogInit: CPU Page size=4096, Cores=8
[2018.10.16-21.09.00:050][  0]LogInit: High frequency timer resolution =2.929934 MHz
[2018.10.16-21.09.00:051][  0]LogMemory: Memory total: Physical=15.9GB (16GB approx)
[2018.10.16-21.09.00:051][  0]LogMemory: Platform Memory Stats for Windows
[2018.10.16-21.09.00:051][  0]LogMemory: Process Physical Memory: 104.69 MB used, 104.69 MB peak
[2018.10.16-21.09.00:051][  0]LogMemory: Process Virtual Memory: 101.86 MB used, 101.86 MB peak
[2018.10.16-21.09.00:051][  0]LogMemory: Physical Memory: 8393.07 MB used,  7923.61 MB free, 16316.69 MB total
[2018.10.16-21.09.00:051][  0]LogMemory: Virtual Memory: 4695.24 MB used,  7923.61 MB free, 134217728.00 MB total
[2018.10.16-21.09.00:071][  0]LogInit: Using OS detected language (en-US).
[2018.10.16-21.09.00:071][  0]LogInit: Using OS detected locale (en-US).
[2018.10.16-21.09.00:072][  0]LogTextLocalizationManager: No specific localization for 'en-US' exists, so the 'en' localization will be used.
[2018.10.16-21.09.00:453][  0]LogStreaming: Display: Took  0.383s to InitEngineTextLocalization.
[2018.10.16-21.09.00:453][  0]LogInit: Setting process to per monitor DPI aware
[2018.10.16-21.09.00:483][  0]LogSlate: New Slate User Created.  User Index 0, Is Virtual User: 0
[2018.10.16-21.09.00:483][  0]LogSlate: Slate User Registered.  User Index 0, Is Virtual User: 0
[2018.10.16-21.09.00:852][  0]LogHMD: Failed to initialize OpenVR with code 108
[2018.10.16-21.09.00:852][  0]LogD3D11RHI: D3D11 adapters:
[2018.10.16-21.09.00:920][  0]LogD3D11RHI:    0. 'NVIDIA GeForce GTX 1080' (Feature Level 11_0)
[2018.10.16-21.09.00:920][  0]LogD3D11RHI:       8079/0/8158 MB DedicatedVideo/DedicatedSystem/SharedSystem, Outputs:1, VendorId:0x10de
[2018.10.16-21.09.00:922][  0]LogD3D11RHI:    1. 'Microsoft Basic Render Driver' (Feature Level 11_0)
[2018.10.16-21.09.00:922][  0]LogD3D11RHI:       0/0/8158 MB DedicatedVideo/DedicatedSystem/SharedSystem, Outputs:0, VendorId:0x1414
[2018.10.16-21.09.00:922][  0]LogD3D11RHI: Chosen D3D11 Adapter: 0
[2018.10.16-21.09.00:934][  0]LogD3D11RHI: Creating new Direct3DDevice
[2018.10.16-21.09.00:934][  0]LogD3D11RHI:     GPU DeviceId: 0x1b80 (for the marketing name, search the web for "GPU Device Id")
[2018.10.16-21.09.00:934][  0]LogWindows: EnumDisplayDevices:
[2018.10.16-21.09.00:934][  0]LogWindows:    0. 'NVIDIA GeForce GTX 1080' (P:1 D:1)
[2018.10.16-21.09.00:934][  0]LogWindows:    1. 'NVIDIA GeForce GTX 1080' (P:0 D:0)
[2018.10.16-21.09.00:934][  0]LogWindows:    2. 'NVIDIA GeForce GTX 1080' (P:0 D:0)
[2018.10.16-21.09.00:934][  0]LogWindows:    3. 'NVIDIA GeForce GTX 1080' (P:0 D:0)
[2018.10.16-21.09.00:935][  0]LogWindows: DebugString: FoundDriverCount:4 
[2018.10.16-21.09.00:935][  0]LogD3D11RHI:     Adapter Name: NVIDIA GeForce GTX 1080
[2018.10.16-21.09.00:935][  0]LogD3D11RHI:   Driver Version: 411.70 (internal:24.21.14.1170, unified:411.70)
[2018.10.16-21.09.00:935][  0]LogD3D11RHI:      Driver Date: 9-25-2018
[2018.10.16-21.09.00:935][  0]LogRHI: Texture pool is 5655 MB (70% of 8079 MB)
[2018.10.16-21.09.00:986][  0]LogD3D11RHI: Async texture creation enabled
[2018.10.16-21.09.01:027][  0]LogD3D11RHI: GPU Timing Frequency: 1000.000000 (Debug: 2 2)
[2018.10.16-21.09.01:071][  0]LogShaderCompilers: Guid format shader working directory is 2 characters bigger than the processId version (../../../../../Github/climb-summit/TheSummit/Intermediate/Shaders/WorkingDirectory/6316/).
[2018.10.16-21.09.01:071][  0]LogShaderCompilers: Cleaned the shader compiler working directory 'C:/Users/aliha/AppData/Local/Temp/UnrealShaderWorkingDir/721DE9F1412228344E2877B13392167A/'.
[2018.10.16-21.09.01:344][  0]LogTemp: Display: Loaded TP AllDesktopTargetPlatform
[2018.10.16-21.09.01:359][  0]LogTemp: Display: Loaded TP MacClientTargetPlatform
[2018.10.16-21.09.01:373][  0]LogTemp: Display: Loaded TP MacNoEditorTargetPlatform
[2018.10.16-21.09.01:389][  0]LogTemp: Display: Loaded TP MacServerTargetPlatform
[2018.10.16-21.09.01:404][  0]LogTemp: Display: Loaded TP MacTargetPlatform
[2018.10.16-21.09.01:421][  0]LogTemp: Display: Loaded TP WindowsClientTargetPlatform
[2018.10.16-21.09.01:436][  0]LogTemp: Display: Loaded TP WindowsNoEditorTargetPlatform
[2018.10.16-21.09.01:452][  0]LogTemp: Display: Loaded TP WindowsServerTargetPlatform
[2018.10.16-21.09.01:458][  0]LogTemp: Display: Loaded TP WindowsTargetPlatform
[2018.10.16-21.09.01:546][  0]LogTemp: Display: Loaded TP AndroidTargetPlatform
[2018.10.16-21.09.01:546][  0]LogTemp: Display: Loaded TP AndroidTargetPlatform
[2018.10.16-21.09.01:546][  0]LogTemp: Display: Loaded TP AndroidTargetPlatform
[2018.10.16-21.09.01:546][  0]LogTemp: Display: Loaded TP AndroidTargetPlatform
[2018.10.16-21.09.01:546][  0]LogTemp: Display: Loaded TP AndroidTargetPlatform
[2018.10.16-21.09.01:546][  0]LogTemp: Display: Loaded TP AndroidTargetPlatform
[2018.10.16-21.09.01:546][  0]LogTemp: Display: Loaded TP AndroidTargetPlatform
[2018.10.16-21.09.01:546][  0]LogTemp: Display: Loaded TP AndroidTargetPlatform
[2018.10.16-21.09.01:546][  0]LogTemp: Display: Loaded TP AndroidTargetPlatform
[2018.10.16-21.09.01:546][  0]LogTemp: Display: Loaded TP AndroidTargetPlatform
[2018.10.16-21.09.01:546][  0]LogTemp: Display: Loaded TP AndroidTargetPlatform
[2018.10.16-21.09.01:546][  0]LogTemp: Display: Loaded TP AndroidTargetPlatform
[2018.10.16-21.09.01:546][  0]LogTemp: Display: Loaded TP AndroidTargetPlatform
[2018.10.16-21.09.01:546][  0]LogTemp: Display: Loaded TP AndroidTargetPlatform
[2018.10.16-21.09.01:546][  0]LogTemp: Display: Loaded TP AndroidTargetPlatform
[2018.10.16-21.09.01:547][  0]LogTemp: Display: Loaded TP AndroidTargetPlatform
[2018.10.16-21.09.01:547][  0]LogTemp: Display: Loaded TP AndroidTargetPlatform
[2018.10.16-21.09.01:547][  0]LogTemp: Display: Loaded TP AndroidTargetPlatform
[2018.10.16-21.09.01:548][  0]LogTemp: Display: Loaded TP HTML5TargetPlatform
[2018.10.16-21.09.01:613][  0]LogTemp: Display: Loaded TP IOSTargetPlatform
[2018.10.16-21.09.01:613][  0]LogTemp: Display: Loaded TP IOSTargetPlatform
[2018.10.16-21.09.01:641][  0]LogTemp: Display: Loaded TP TVOSTargetPlatform
[2018.10.16-21.09.01:641][  0]LogTemp: Display: Loaded TP TVOSTargetPlatform
[2018.10.16-21.09.01:655][  0]LogTemp: Display: Loaded TP LinuxClientTargetPlatform
[2018.10.16-21.09.01:670][  0]LogTemp: Display: Loaded TP LinuxNoEditorTargetPlatform
[2018.10.16-21.09.01:684][  0]LogTemp: Display: Loaded TP LinuxServerTargetPlatform
[2018.10.16-21.09.01:700][  0]LogTemp: Display: Loaded TP LinuxTargetPlatform
[2018.10.16-21.09.01:710][  0]LogTemp: Display: Loaded TP LuminTargetPlatform
[2018.10.16-21.09.01:710][  0]LogTargetPlatformManager: Display: Building Assets For Windows
[2018.10.16-21.09.01:758][  0]LogXGEController: Cannot use XGE Controller as Incredibuild is not installed on this machine.
[2018.10.16-21.09.01:758][  0]LogShaderCompilers: Cannot use XGE Shader Compiler as Incredibuild is not installed on this machine.
[2018.10.16-21.09.01:758][  0]LogShaderCompilers: Display: Using Local Shader Compiler.
[2018.10.16-21.09.02:668][  0]LogDerivedDataCache: Display: Max Cache Size: 512 MB
[2018.10.16-21.09.02:732][  0]LogDerivedDataCache: Loaded boot cache 0.06s 89MB C:/Users/aliha/AppData/Local/UnrealEngine/4.20/DerivedDataCache/Boot.ddc.
[2018.10.16-21.09.02:732][  0]LogDerivedDataCache: Display: Loaded Boot cache: C:/Users/aliha/AppData/Local/UnrealEngine/4.20/DerivedDataCache/Boot.ddc
[2018.10.16-21.09.02:732][  0]LogDerivedDataCache: FDerivedDataBackendGraph:  Pak pak cache file ../../../../../Github/climb-summit/TheSummit/DerivedDataCache/DDC.ddp not found, will not use a pak cache.
[2018.10.16-21.09.02:732][  0]LogDerivedDataCache: Unable to find inner node Pak for hierarchical cache Hierarchy.
[2018.10.16-21.09.02:732][  0]LogDerivedDataCache: FDerivedDataBackendGraph:  CompressedPak pak cache file ../../../../../Github/climb-summit/TheSummit/DerivedDataCache/Compressed.ddp not found, will not use a pak cache.
[2018.10.16-21.09.02:732][  0]LogDerivedDataCache: Unable to find inner node CompressedPak for hierarchical cache Hierarchy.
[2018.10.16-21.09.02:745][  0]LogDerivedDataCache: Display: Pak cache opened for reading ../../../Engine/DerivedDataCache/Compressed.ddp.
[2018.10.16-21.09.02:757][  0]LogDerivedDataCache: Using Local data cache path C:/Users/aliha/AppData/Local/UnrealEngine/Common/DerivedDataCache: Writable
[2018.10.16-21.09.02:757][  0]LogDerivedDataCache: Shared data cache path not found in *engine.ini, will not use an Shared cache.
[2018.10.16-21.09.02:757][  0]LogDerivedDataCache: Unable to find inner node Shared for hierarchical cache Hierarchy.
[2018.10.16-21.09.02:775][  0]LogMaterial: Verifying Global Shaders for PCD3D_SM5
[2018.10.16-21.09.02:777][  0]LogSlate: Using FreeType 2.6.0
[2018.10.16-21.09.02:778][  0]LogSlate: SlateFontServices - WITH_FREETYPE: 1, WITH_HARFBUZZ: 1
[2018.10.16-21.09.02:867][  0]LogAssetRegistry: FAssetRegistry took 0.0269 seconds to start up
[2018.10.16-21.09.03:213][  0]LogInit: Selected Device Profile: [Windows]
[2018.10.16-21.09.03:274][  0]LogSimplygon: Simplygon DLL not present - disabling.
[2018.10.16-21.09.03:277][  0]LogMeshReduction: Using SimplygonSwarm for distributed automatic mesh merging
[2018.10.16-21.09.03:277][  0]LogMeshReduction: Using ProxyLODMeshReduction for automatic mesh merging
[2018.10.16-21.09.03:277][  0]LogMeshReduction: Using QuadricMeshReduction for automatic static mesh reduction
[2018.10.16-21.09.03:277][  0]LogMeshReduction: No automatic skeletal mesh reduction module available
[2018.10.16-21.09.03:381][  0]LogNetVersion: TheSummit 1.0.0, NetCL: 4212847, EngineNetVer: 5, GameNetVer: 0 (Checksum: 40220121)
[2018.10.16-21.09.04:055][  0]LogPackageLocalizationCache: Processed 11 localized package path(s) for 2 prioritized culture(s) in 0.129793 seconds
[2018.10.16-21.09.04:062][  0]LogUObjectArray: 38425 objects as part of root set at end of initial load.
[2018.10.16-21.09.04:062][  0]LogUObjectAllocator: 6690872 out of 0 bytes used by permanent object pool.
[2018.10.16-21.09.04:062][  0]LogUObjectArray: CloseDisregardForGC: 0/0 objects in disregard for GC pool
[2018.10.16-21.09.04:884][  0]LogMaterial: Display: Missing cached shader map for material BaseColor, compiling. 
[2018.10.16-21.09.04:884][  0]LogMaterial: Warning: D:\Unreal Engine\UE_4.20\Engine\Content\BufferVisualization\BaseColor.uasset: Failed to compile Material for platform PCD3D_SM5, Default Material will be used in game.
[2018.10.16-21.09.04:884][  0]LogMaterial: 	(Node SceneTexture) GBuffer scene textures not available with forward shading.
[2018.10.16-21.09.04:923][  0]LogMaterial: Display: Missing cached shader map for material LightingModel, compiling. 
[2018.10.16-21.09.04:924][  0]LogMaterial: Warning: D:\Unreal Engine\UE_4.20\Engine\Content\BufferVisualization\LightingModel.uasset: Failed to compile Material for platform PCD3D_SM5, Default Material will be used in game.
[2018.10.16-21.09.04:924][  0]LogMaterial: 	(Node SceneTexture) GBuffer scene textures not available with forward shading.
[2018.10.16-21.09.04:927][  0]LogMaterial: Display: Missing cached shader map for material MaterialAO, compiling. 
[2018.10.16-21.09.04:927][  0]LogMaterial: Warning: D:\Unreal Engine\UE_4.20\Engine\Content\BufferVisualization\MaterialAO.uasset: Failed to compile Material for platform PCD3D_SM5, Default Material will be used in game.
[2018.10.16-21.09.04:927][  0]LogMaterial: 	(Node SceneTexture) GBuffer scene textures not available with forward shading.
[2018.10.16-21.09.04:931][  0]LogMaterial: Display: Missing cached shader map for material Metallic, compiling. 
[2018.10.16-21.09.04:931][  0]LogMaterial: Warning: D:\Unreal Engine\UE_4.20\Engine\Content\BufferVisualization\Metallic.uasset: Failed to compile Material for platform PCD3D_SM5, Default Material will be used in game.
[2018.10.16-21.09.04:931][  0]LogMaterial: 	(Node SceneTexture) GBuffer scene textures not available with forward shading.
[2018.10.16-21.09.04:934][  0]LogMaterial: Display: Missing cached shader map for material Opacity, compiling. 
[2018.10.16-21.09.04:935][  0]LogMaterial: Warning: D:\Unreal Engine\UE_4.20\Engine\Content\BufferVisualization\Opacity.uasset: Failed to compile Material for platform PCD3D_SM5, Default Material will be used in game.
[2018.10.16-21.09.04:935][  0]LogMaterial: 	(Node SceneTexture) GBuffer scene textures not available with forward shading.
[2018.10.16-21.09.04:938][  0]LogMaterial: Display: Missing cached shader map for material Roughness, compiling. 
[2018.10.16-21.09.04:939][  0]LogMaterial: Warning: D:\Unreal Engine\UE_4.20\Engine\Content\BufferVisualization\Roughness.uasset: Failed to compile Material for platform PCD3D_SM5, Default Material will be used in game.
[2018.10.16-21.09.04:939][  0]LogMaterial: 	(Node SceneTexture) GBuffer scene textures not available with forward shading.
[2018.10.16-21.09.04:961][  0]LogMaterial: Display: Missing cached shader map for material Specular, compiling. 
[2018.10.16-21.09.04:962][  0]LogMaterial: Warning: D:\Unreal Engine\UE_4.20\Engine\Content\BufferVisualization\Specular.uasset: Failed to compile Material for platform PCD3D_SM5, Default Material will be used in game.
[2018.10.16-21.09.04:962][  0]LogMaterial: 	(Node SceneTexture) GBuffer scene textures not available with forward shading.
[2018.10.16-21.09.04:965][  0]LogMaterial: Display: Missing cached shader map for material SubsurfaceColor, compiling. 
[2018.10.16-21.09.04:966][  0]LogMaterial: Warning: D:\Unreal Engine\UE_4.20\Engine\Content\BufferVisualization\SubsurfaceColor.uasset: Failed to compile Material for platform PCD3D_SM5, Default Material will be used in game.
[2018.10.16-21.09.04:966][  0]LogMaterial: 	(Node SceneTexture) GBuffer scene textures not available with forward shading.
[2018.10.16-21.09.04:969][  0]LogMaterial: Display: Missing cached shader map for material WorldNormal, compiling. 
[2018.10.16-21.09.04:970][  0]LogMaterial: Warning: D:\Unreal Engine\UE_4.20\Engine\Content\BufferVisualization\WorldNormal.uasset: Failed to compile Material for platform PCD3D_SM5, Default Material will be used in game.
[2018.10.16-21.09.04:970][  0]LogMaterial: 	(Node SceneTexture) GBuffer scene textures not available with forward shading.
[2018.10.16-21.09.05:031][  0]LogTcpMessaging: Initializing TcpMessaging bridge
[2018.10.16-21.09.05:044][  0]LogUdpMessaging: Initializing bridge on interface 0.0.0.0:0 to multicast group 230.0.0.1:6666.
[2018.10.16-21.09.05:207][  0]SourceControl: Source control is disabled
[2018.10.16-21.09.05:673][  0]LogAndroidPermission: UAndroidPermissionCallbackProxy::GetInstance
[2018.10.16-21.09.05:730][  0]LogOcInput: OculusInput pre-init called
[2018.10.16-21.09.05:797][  0]LogEngine: Initializing Engine...
[2018.10.16-21.09.10:860][  0]LogHMD: Failed to initialize OpenVR with code 308
[2018.10.16-21.09.10:861][  0]LogStats: UGameplayTagsManager::ConstructGameplayTagTree: ImportINI prefixes -  0.000 s
[2018.10.16-21.09.10:861][  0]LogStats: UGameplayTagsManager::ConstructGameplayTagTree: Construct from data asset -  0.000 s
[2018.10.16-21.09.10:862][  0]LogStats: UGameplayTagsManager::ConstructGameplayTagTree: ImportINI -  0.000 s
[2018.10.16-21.09.10:862][  0]LogStats: UGameplayTagsManager::ConstructGameplayTagTree: GameplayTagTreeChangedEvent.Broadcast -  0.000 s
[2018.10.16-21.09.11:105][  0]LogInit: Initializing FReadOnlyCVARCache
[2018.10.16-21.09.11:116][  0]LogAIModule: Creating AISystem for world Untitled
[2018.10.16-21.09.11:199][  0]LogInit: XAudio2 using 'Speakers (USB Audio Device)' : 2 channels at 48 kHz using 16 bits per sample (channel mask 0x3)
[2018.10.16-21.09.11:215][  0]LogInit: FAudioDevice initialized.
[2018.10.16-21.09.11:215][  0]LogNetVersion: Set ProjectVersion to 1.0.0.0. Version Checksum will be recalculated on next use.
[2018.10.16-21.09.11:307][  0]LogDerivedDataCache: Saved boot cache 0.09s 89MB C:/Users/aliha/AppData/Local/UnrealEngine/4.20/DerivedDataCache/Boot.ddc.
[2018.10.16-21.09.11:321][  0]LogInit: Texture streaming: Enabled
[2018.10.16-21.09.11:338][  0]LogEngineSessionManager: EngineSessionManager initialized
[2018.10.16-21.09.11:354][  0]LogInit: Transaction tracking system initialized
[2018.10.16-21.09.11:372][  0]BlueprintLog: New page: Editor Load
[2018.10.16-21.09.11:434][  0]LocalizationService: Localization service is disabled
[2018.10.16-21.09.11:728][  0]LogCook: Display: Max memory allowance for cook 16384mb min free memory 0mb
[2018.10.16-21.09.11:728][  0]LogCook: Display: Mobile HDR setting 1
[2018.10.16-21.09.11:728][  0]LogGameplayTags: Display: UGameplayTagsManager::DoneAddingNativeTags. DelegateIsBound: 0
[2018.10.16-21.09.11:728][  0]LogStats: UGameplayTagsManager::ConstructGameplayTagTree: ImportINI prefixes -  0.000 s
[2018.10.16-21.09.11:728][  0]LogStats: UGameplayTagsManager::ConstructGameplayTagTree: Construct from data asset -  0.000 s
[2018.10.16-21.09.11:728][  0]LogStats: UGameplayTagsManager::ConstructGameplayTagTree: ImportINI -  0.000 s
[2018.10.16-21.09.11:728][  0]LogStats: UGameplayTagsManager::ConstructGameplayTagTree: GameplayTagTreeChangedEvent.Broadcast -  0.000 s
[2018.10.16-21.09.11:904][  0]LogFileCache: Scanning file cache for directory 'D:/Github/climb-summit/TheSummit/Content/' took 0.01s
[2018.10.16-21.09.11:953][  0]LogSlate: Updating window title bar state: overlay mode, drag disabled, window buttons hidden, title bar hidden
[2018.10.16-21.09.11:961][  0]LogSlate: Updating window title bar state: overlay mode, drag disabled, window buttons hidden, title bar hidden
[2018.10.16-21.09.11:969][  0]LogSlate: Updating window title bar state: overlay mode, drag disabled, window buttons hidden, title bar hidden
[2018.10.16-21.09.11:978][  0]LogSlate: Updating window title bar state: overlay mode, drag disabled, window buttons hidden, title bar hidden
[2018.10.16-21.09.11:984][  0]LogCollectionManager: Loaded 0 collections in 0.001228 seconds
[2018.10.16-21.09.12:026][  0]LogFileCache: Scanning file cache for directory 'D:/Github/climb-summit/TheSummit/Saved/Collections/' took 0.01s
[2018.10.16-21.09.12:026][  0]LogFileCache: Scanning file cache for directory 'D:/Github/climb-summit/TheSummit/Content/Developers/aliha/Collections/' took 0.01s
[2018.10.16-21.09.12:026][  0]LogFileCache: Scanning file cache for directory 'D:/Github/climb-summit/TheSummit/Content/Collections/' took 0.01s
[2018.10.16-21.09.12:026][  0]LogCollectionManager: Rebuilt the GUID cache for 0 collections in 0.000001 seconds
[2018.10.16-21.09.12:037][  0]LogContentBrowser: Native class hierarchy populated in 0.0110 seconds. Added 2573 classes and 605 folders.
[2018.10.16-21.09.12:043][  0]LogContentBrowser: Native class hierarchy updated for 'WidgetCarousel' in 0.0004 seconds. Added 0 classes and 0 folders.
[2018.10.16-21.09.12:111][  0]LogContentBrowser: Native class hierarchy updated for 'AddContentDialog' in 0.0004 seconds. Added 0 classes and 0 folders.
[2018.10.16-21.09.12:117][  0]LogContentBrowser: Native class hierarchy updated for 'SceneOutliner' in 0.0006 seconds. Added 1 classes and 2 folders.
[2018.10.16-21.09.12:139][  0]LogSlate: Took 0.000306 seconds to synchronously load lazily loaded font '../../../Engine/Content/Slate/Fonts/Roboto-Regular.ttf' (155K)
[2018.10.16-21.09.12:142][  0]LogSlate: Took 0.000273 seconds to synchronously load lazily loaded font '../../../Engine/Content/Slate/Fonts/Roboto-Bold.ttf' (160K)
[2018.10.16-21.09.12:148][  0]LogSlate: Took 0.000301 seconds to synchronously load lazily loaded font '../../../Engine/Content/Editor/Slate/Fonts/FontAwesome.ttf' (139K)
[2018.10.16-21.09.12:232][  0]LogRenderer: Reallocating scene render targets to support 1208x576 Format 10 NumSamples 1 (Frame:1).
[2018.10.16-21.09.12:378][  0]LogContentBrowser: Native class hierarchy updated for 'HierarchicalLODOutliner' in 0.0005 seconds. Added 0 classes and 0 folders.
[2018.10.16-21.09.12:379][  0]LogLoad: (Engine Initialization) Total time: 15.20 seconds
[2018.10.16-21.09.12:379][  0]LogLoad: (Engine Initialization) Total Blueprint compile time: 0.00 seconds
[2018.10.16-21.09.12:416][  0]LogContentStreaming: Texture pool size now 3000 MB
[2018.10.16-21.09.12:466][  1]LogAssetRegistry: Asset discovery search completed in 9.6211 seconds
[2018.10.16-21.09.12:467][  1]LogCollectionManager: Rebuilt the object cache for 0 collections in 0.000003 seconds (found 0 objects)
[2018.10.16-21.09.12:467][  1]LogCollectionManager: Fixed up redirectors for 0 collections in 0.000049 seconds (updated 0 objects)
[2018.10.16-21.09.15:470][168]LogSlate: FSceneViewport::OnFocusLost() reason 0
[2018.10.16-21.09.16:154][249]LogSlate: Took 0.000270 seconds to synchronously load lazily loaded font '../../../Engine/Content/Slate/Fonts/Roboto-Light.ttf' (167K)
[2018.10.16-21.09.24:121][202]LogSlate: Took 0.000279 seconds to synchronously load lazily loaded font '../../../Engine/Content/Slate/Fonts/Roboto-Light.ttf' (167K)
[2018.10.16-21.09.24:584][202]LogAIModule: Creating AISystem for world TreeCutTestMap
[2018.10.16-21.09.24:594][202]LogAssetEditorManager: Opening Asset editor for World /Game/AliTesting/TreeCutTestMap.TreeCutTestMap
[2018.10.16-21.09.24:631][202]Cmd: MAP LOAD FILE="../../../../../Github/climb-summit/TheSummit/Content/AliTesting/TreeCutTestMap.umap" TEMPLATE=0 SHOWPROGRESS=1 FEATURELEVEL=3
[2018.10.16-21.09.24:631][202]LightingResults: New page: Lighting Build
[2018.10.16-21.09.24:633][202]LogContentBrowser: Native class hierarchy updated for 'StatsViewer' in 0.0004 seconds. Added 5 classes and 0 folders.
[2018.10.16-21.09.24:633][202]LoadErrors: New page: Loading map: TreeCutTestMap.umap
[2018.10.16-21.09.24:634][202]MapCheck: New page: Map Check
[2018.10.16-21.09.24:634][202]LightingResults: New page: Lighting Build
[2018.10.16-21.09.24:672][202]LogEditorServer: Finished looking for orphan Actors (0.000 secs)
[2018.10.16-21.09.24:762][202]Cmd: MAP CHECKDEP NOCLEARLOG
[2018.10.16-21.09.24:836][202]MapCheck: Map check complete: 0 Error(s), 0 Warning(s), took 73.333ms to complete.
[2018.10.16-21.09.24:838][202]LogFileHelpers: Loading map 'TreeCutTestMap' took 0.208
[2018.10.16-21.09.37:768][712]LogEditorViewport: Clicking on Actor (LMB): Character_Blueprint_C (Character_Blueprint)
[2018.10.16-21.09.39:109][804]LogSlate: FSceneViewport::OnFocusLost() reason 0
[2018.10.16-21.09.49:345][987]LogSlate: Window 'Asset Audit' being destroyed
[2018.10.16-21.09.49:352][987]LogSlate: Window 'Asset Audit' being destroyed
[2018.10.16-21.10.04:170][685]LogSlate: Prevented a slow task dialog from being summoned while a context menu was open
[2018.10.16-21.10.06:267][920]LogAssetEditorManager: Opening Asset editor for Blueprint /Game/Blueprints/TestGameMode.TestGameMode
[2018.10.16-21.10.06:876][920]LogContentBrowser: Native class hierarchy updated for 'BlueprintGraph' in 0.0008 seconds. Added 116 classes and 0 folders.
[2018.10.16-21.10.07:769][920]LogGameState: Error: Mixing AGameState with AGameModeBase is not compatible. Change AGameModeBase subclass (TestGameMode_C) to derive from AGameMode, or make both derive from Base
[2018.10.16-21.10.11:771][380]LogSlate: Window 'TestGameMode' being destroyed
[2018.10.16-21.10.11:778][380]LogSlate: Window 'TestGameMode' being destroyed
[2018.10.16-21.10.51:605][982]LogSlate: Took 0.000347 seconds to synchronously load lazily loaded font '../../../Engine/Content/Slate/Fonts/Roboto-Italic.ttf' (157K)
[2018.10.16-21.10.58:407][767]LogAssetEditorManager: Opening Asset editor for Blueprint /Game/Blueprints/Character_Blueprint.Character_Blueprint
[2018.10.16-21.10.58:805][767]LogSlate: Took 0.000282 seconds to synchronously load lazily loaded font '../../../Engine/Content/Slate/Fonts/Roboto-BoldCondensed.ttf' (158K)
[2018.10.16-21.11.31:940][417]BlueprintLog: New page: Compile Character_Blueprint
[2018.10.16-21.11.37:452][815]LogRenderer: Reallocating scene render targets to support 1208x812 Format 10 NumSamples 1 (Frame:1).
[2018.10.16-21.11.49:317][205]LogAssetEditorManager: Opening Asset editor for Class /Script/TheSummit.charmovementtest
[2018.10.16-21.11.49:339][205]LogVSAccessor: Warning: Couldn't access Visual Studio
[2018.10.16-21.11.49:348][205]LogVSAccessor: Warning: Couldn't access module table
[2018.10.16-21.11.49:348][205]LogVSAccessor: Warning: Couldn't access module table
[2018.10.16-21.11.49:348][205]LogVSAccessor: Warning: Couldn't access module table
[2018.10.16-21.11.49:348][205]LogVSAccessor: Warning: Couldn't access module table
[2018.10.16-21.11.49:349][205]LogVSAccessor: Warning: Couldn't access module table
[2018.10.16-21.11.49:349][205]LogVSAccessor: Warning: Couldn't access module table
[2018.10.16-21.11.49:349][205]LogVSAccessor: Warning: Couldn't access module table
[2018.10.16-21.11.49:349][205]LogVSAccessor: Warning: Couldn't access module table
[2018.10.16-21.11.49:349][205]LogVSAccessor: Warning: Couldn't access module table
[2018.10.16-21.11.49:349][205]LogVSAccessor: Warning: Couldn't access module table
[2018.10.16-21.11.49:349][205]LogVSAccessor: Warning: Couldn't access module table
[2018.10.16-21.11.49:349][205]LogVSAccessor: Warning: Couldn't access module table
[2018.10.16-21.11.49:350][205]LogVSAccessor: Warning: Couldn't access module table
[2018.10.16-21.11.49:350][205]LogVSAccessor: Warning: Couldn't access module table
[2018.10.16-21.11.49:350][205]LogVSAccessor: Warning: Couldn't access module table
[2018.10.16-21.11.49:350][205]LogVSAccessor: Warning: Couldn't access module table
[2018.10.16-21.11.49:350][205]LogVSAccessor: Warning: Couldn't access module table
[2018.10.16-21.11.49:350][205]LogVSAccessor: Warning: Couldn't access module table
[2018.10.16-21.11.49:350][205]LogVSAccessor: Warning: Couldn't access module table
[2018.10.16-21.11.49:350][205]LogVSAccessor: Warning: Couldn't access module table
[2018.10.16-21.11.49:350][205]LogVSAccessor: Warning: Couldn't access module table
[2018.10.16-21.11.49:351][205]LogVSAccessor: Warning: Couldn't access module table
[2018.10.16-21.11.49:351][205]LogVSAccessor: Warning: Couldn't access module table
[2018.10.16-21.11.49:351][205]LogVSAccessor: Warning: Couldn't access module table
[2018.10.16-21.11.49:351][205]LogVSAccessor: Warning: Couldn't access module table
[2018.10.16-21.11.49:351][205]LogVSAccessor: Warning: Couldn't access module table
[2018.10.16-21.11.49:351][205]LogVSAccessor: Warning: Couldn't access module table
[2018.10.16-21.11.49:351][205]LogVSAccessor: Warning: Couldn't access module table
[2018.10.16-21.11.49:352][205]LogVSAccessor: Warning: Couldn't access module table
[2018.10.16-21.11.49:352][205]LogVSAccessor: Warning: Couldn't access module table
[2018.10.16-21.11.49:352][205]LogVSAccessor: Warning: Couldn't access module table
[2018.10.16-21.11.49:352][205]LogVSAccessor: Warning: Couldn't access module table
[2018.10.16-21.11.49:352][205]LogVSAccessor: Warning: Couldn't access module table
[2018.10.16-21.11.49:352][205]LogVSAccessor: Warning: Couldn't access module table
[2018.10.16-21.11.49:352][205]LogVSAccessor: Warning: Couldn't access module table
[2018.10.16-21.11.49:352][205]LogVSAccessor: Warning: Couldn't access module table
[2018.10.16-21.11.49:353][205]LogVSAccessor: Warning: Couldn't access module table
[2018.10.16-21.11.49:353][205]LogVSAccessor: Warning: Couldn't access module table
[2018.10.16-21.11.49:353][205]LogVSAccessor: Warning: Couldn't access module table
[2018.10.16-21.11.49:353][205]LogVSAccessor: Warning: Couldn't access module table
[2018.10.16-21.11.49:353][205]LogVSAccessor: Warning: Couldn't access module table
[2018.10.16-21.11.49:353][205]LogVSAccessor: Warning: Couldn't access module table
[2018.10.16-21.11.49:353][205]LogVSAccessor: Warning: Couldn't access module table
[2018.10.16-21.11.49:353][205]LogVSAccessor: Warning: Couldn't access module table
[2018.10.16-21.11.49:353][205]LogVSAccessor: Warning: Couldn't access module table
[2018.10.16-21.11.49:354][205]LogVSAccessor: Warning: Couldn't access module table
[2018.10.16-21.11.49:354][205]LogVSAccessor: Warning: Couldn't access module table
[2018.10.16-21.11.49:354][205]LogVSAccessor: Warning: Couldn't access module table
[2018.10.16-21.11.49:354][205]LogVSAccessor: Warning: Couldn't access module table
[2018.10.16-21.11.49:354][205]LogVSAccessor: Warning: Couldn't access module table
[2018.10.16-21.11.49:354][205]LogVSAccessor: Warning: Couldn't access module table
[2018.10.16-21.11.49:354][205]LogVSAccessor: Warning: Couldn't access module table
[2018.10.16-21.11.49:354][205]LogVSAccessor: Warning: Couldn't access module table
[2018.10.16-21.11.49:354][205]LogVSAccessor: Warning: Couldn't access module table
[2018.10.16-21.11.49:355][205]LogVSAccessor: Warning: Couldn't access module table
[2018.10.16-21.11.49:355][205]LogVSAccessor: Warning: Couldn't access module table
[2018.10.16-21.11.49:355][205]LogVSAccessor: Warning: Couldn't access module table
[2018.10.16-21.11.49:355][205]LogVSAccessor: Warning: Couldn't access module table
[2018.10.16-21.11.49:355][205]LogVSAccessor: Warning: Couldn't access module table
[2018.10.16-21.11.49:355][205]LogVSAccessor: Warning: Couldn't access module table
[2018.10.16-21.11.49:355][205]LogVSAccessor: Warning: Couldn't access module table
[2018.10.16-21.11.49:355][205]LogVSAccessor: Warning: Couldn't access module table
[2018.10.16-21.11.49:356][205]LogVSAccessor: Warning: Couldn't access module table
[2018.10.16-21.11.49:356][205]LogVSAccessor: Warning: Couldn't access module table
[2018.10.16-21.11.49:356][205]LogVSAccessor: Warning: Couldn't access module table
[2018.10.16-21.11.49:356][205]LogVSAccessor: Warning: Couldn't access module table
[2018.10.16-21.11.49:356][205]LogVSAccessor: Warning: Couldn't access module table
[2018.10.16-21.11.49:356][205]LogVSAccessor: Warning: Couldn't access module table
[2018.10.16-21.11.49:356][205]LogVSAccessor: Warning: Couldn't access module table
[2018.10.16-21.11.49:356][205]LogVSAccessor: Warning: Couldn't access module table
[2018.10.16-21.11.49:356][205]LogVSAccessor: Warning: Couldn't access module table
[2018.10.16-21.11.49:357][205]LogVSAccessor: Warning: Couldn't access module table
[2018.10.16-21.11.49:357][205]LogVSAccessor: Warning: Couldn't access module table
[2018.10.16-21.11.49:357][205]LogVSAccessor: Warning: Couldn't access module table
[2018.10.16-21.11.49:357][205]LogVSAccessor: Warning: Couldn't access module table
[2018.10.16-21.11.49:357][205]LogVSAccessor: Warning: Couldn't access module table
[2018.10.16-21.11.49:357][205]LogVSAccessor: Warning: Couldn't access module table
[2018.10.16-21.11.49:357][205]LogVSAccessor: Warning: Couldn't access module table
[2018.10.16-21.11.49:357][205]LogVSAccessor: Warning: Couldn't access module table
[2018.10.16-21.11.49:357][205]LogVSAccessor: Warning: Couldn't access module table
[2018.10.16-21.11.49:358][205]LogVSAccessor: Warning: Couldn't access module table
[2018.10.16-21.11.49:358][205]LogVSAccessor: Warning: Couldn't access module table
[2018.10.16-21.11.49:358][205]LogVSAccessor: Warning: Couldn't access module table
[2018.10.16-21.11.49:358][205]LogVSAccessor: Warning: Couldn't access module table
[2018.10.16-21.11.49:358][205]LogVSAccessor: Warning: Couldn't access module table
[2018.10.16-21.11.49:358][205]LogVSAccessor: Warning: Couldn't access module table
[2018.10.16-21.11.49:358][205]LogVSAccessor: Warning: Couldn't access module table
[2018.10.16-21.11.49:358][205]LogVSAccessor: Warning: Couldn't access module table
[2018.10.16-21.11.49:359][205]LogVSAccessor: Warning: Couldn't access module table
[2018.10.16-21.11.49:359][205]LogVSAccessor: Warning: Couldn't access module table
[2018.10.16-21.11.49:359][205]LogVSAccessor: Warning: Couldn't access module table
[2018.10.16-21.11.49:359][205]LogVSAccessor: Warning: Couldn't access module table
[2018.10.16-21.11.49:359][205]LogVSAccessor: Warning: Couldn't access module table
[2018.10.16-21.11.49:359][205]LogVSAccessor: Warning: Couldn't access module table
[2018.10.16-21.11.49:359][205]LogVSAccessor: Warning: Couldn't access module table
[2018.10.16-21.11.49:359][205]LogVSAccessor: Warning: Couldn't access module table
[2018.10.16-21.11.49:359][205]LogVSAccessor: Warning: Couldn't access module table
[2018.10.16-21.11.49:360][205]LogVSAccessor: Warning: Couldn't access module table
[2018.10.16-21.11.49:360][205]LogVSAccessor: Warning: Couldn't access module table
[2018.10.16-21.11.49:360][205]LogVSAccessor: Warning: Couldn't access module table
[2018.10.16-21.11.49:360][205]LogVSAccessor: Warning: Couldn't access module table
[2018.10.16-21.11.49:360][205]LogVSAccessor: Warning: Couldn't access module table
[2018.10.16-21.11.49:360][205]LogVSAccessor: Warning: Couldn't access module table
[2018.10.16-21.11.49:360][205]LogVSAccessor: Warning: Couldn't access module table
[2018.10.16-21.11.49:360][205]LogVSAccessor: Warning: Couldn't access module table
[2018.10.16-21.11.49:361][205]LogVSAccessor: Warning: Couldn't access module table
[2018.10.16-21.11.49:361][205]LogVSAccessor: Warning: Couldn't access module table
[2018.10.16-21.11.49:361][205]LogVSAccessor: Warning: Couldn't access module table
[2018.10.16-21.11.49:361][205]LogVSAccessor: Warning: Couldn't access module table
[2018.10.16-21.11.49:361][205]LogVSAccessor: Warning: Couldn't access module table
[2018.10.16-21.11.49:361][205]LogVSAccessor: Warning: Couldn't access module table
[2018.10.16-21.11.49:361][205]LogVSAccessor: Warning: Couldn't access module table
[2018.10.16-21.11.49:361][205]LogVSAccessor: Warning: Couldn't access module table
[2018.10.16-21.11.49:361][205]LogVSAccessor: Warning: Couldn't access module table
[2018.10.16-21.11.49:362][205]LogVSAccessor: Warning: Couldn't access module table
[2018.10.16-21.11.49:362][205]LogVSAccessor: Warning: Couldn't access module table
[2018.10.16-21.11.49:362][205]LogVSAccessor: Warning: Couldn't access module table
[2018.10.16-21.11.49:362][205]LogVSAccessor: Warning: Couldn't access module table
[2018.10.16-21.11.49:362][205]LogVSAccessor: Warning: Couldn't access module table
[2018.10.16-21.11.49:362][205]LogVSAccessor: Warning: Couldn't access module table
[2018.10.16-21.11.49:362][205]LogVSAccessor: Warning: Couldn't access module table
[2018.10.16-21.11.49:362][205]LogVSAccessor: Warning: Couldn't access module table
[2018.10.16-21.11.49:363][205]LogVSAccessor: Warning: Couldn't access module table
[2018.10.16-21.11.49:363][205]LogVSAccessor: Warning: Couldn't access module table
[2018.10.16-21.11.49:363][205]LogVSAccessor: Warning: Couldn't access module table
[2018.10.16-21.11.49:363][205]LogVSAccessor: Warning: Couldn't access module table
[2018.10.16-21.11.49:363][205]LogVSAccessor: Warning: Couldn't access module table
[2018.10.16-21.11.49:363][205]LogVSAccessor: Warning: Couldn't access module table
[2018.10.16-21.11.49:363][205]LogVSAccessor: Warning: Couldn't access module table
[2018.10.16-21.11.49:363][205]LogVSAccessor: Warning: Couldn't access module table
[2018.10.16-21.11.49:363][205]LogVSAccessor: Warning: Couldn't access module table
[2018.10.16-21.11.49:364][205]LogVSAccessor: Warning: Couldn't access module table
[2018.10.16-21.11.49:364][205]LogVSAccessor: Warning: Couldn't access module table
[2018.10.16-21.11.49:368][205]LogVSAccessor: Warning: Couldn't access module table
[2018.10.16-21.11.49:368][205]LogVSAccessor: Warning: Couldn't access module table
[2018.10.16-21.11.49:368][205]LogVSAccessor: Warning: Couldn't access module table
[2018.10.16-21.11.49:370][205]LogVSAccessor: Warning: Couldn't access module table
[2018.10.16-21.11.49:371][205]LogVSAccessor: Warning: Couldn't access module table
[2018.10.16-21.11.49:371][205]LogVSAccessor: Warning: Couldn't access module table
[2018.10.16-21.11.49:372][205]LogVSAccessor: Warning: Couldn't access module table
[2018.10.16-21.11.49:373][205]LogVSAccessor: Warning: Couldn't access module table
[2018.10.16-21.11.49:416][205]LogVSAccessor: Warning: Couldn't access module table
[2018.10.16-21.11.49:416][205]LogVSAccessor: Warning: Couldn't access module table
[2018.10.16-21.11.49:431][205]LogVSAccessor: Warning: Couldn't access module table
[2018.10.16-21.11.49:434][205]LogVSAccessor: Warning: Couldn't access module table
[2018.10.16-21.11.49:445][205]LogVSAccessor: Warning: Couldn't access module table
[2018.10.16-21.11.49:445][205]LogVSAccessor: Warning: Couldn't access module table
[2018.10.16-21.11.49:519][205]LogVSAccessor: Warning: Couldn't access module table
[2018.10.16-21.12.02:590][731]LogSlate: Prevented a slow task dialog from being summoned while a context menu was open
[2018.10.16-21.12.09:462][540]LogSlate: Window 'Asset Audit' being destroyed
[2018.10.16-21.12.13:729][ 48]LogEditorViewport: Clicking on Actor (context menu): StaticMeshActor (Floor)
[2018.10.16-21.12.13:862][ 48]LogSlate: FSceneViewport::OnFocusLost() reason 2
[2018.10.16-21.12.17:934][471]LogEditorViewport: Clicking on Actor (LMB): BP_Sky_Sphere_C (Sky Sphere)
[2018.10.16-21.12.18:551][535]LogEditorViewport: Clicking on Actor (context menu): StaticMeshActor (Floor)
[2018.10.16-21.12.18:592][535]LogSlate: FSceneViewport::OnFocusLost() reason 2
[2018.10.16-21.12.19:297][613]LogEditorViewport: Clicking on Actor (LMB): BP_Sky_Sphere_C (Sky Sphere)
[2018.10.16-21.12.19:641][650]LogEditorViewport: Clicking on Actor (context menu): BP_Sky_Sphere_C (Sky Sphere)
[2018.10.16-21.12.19:659][650]LogSlate: FSceneViewport::OnFocusLost() reason 2
[2018.10.16-21.12.20:629][765]LogEditorViewport: Clicking on Actor (LMB): BP_Sky_Sphere_C (Sky Sphere)
[2018.10.16-21.12.22:987][ 39]LogSlate: FSceneViewport::OnFocusLost() reason 0
[2018.10.16-21.12.25:553][331]Cmd: DELETE
[2018.10.16-21.12.25:553][331]Cmd: ACTOR DELETE
[2018.10.16-21.12.25:826][331]LogEditorActor: Deleted Actor: Actor
[2018.10.16-21.12.25:860][331]LogEditorActor: Deleted 1 Actors (0.067 secs)
[2018.10.16-21.12.27:234][485]LogSlate: FSceneViewport::OnFocusLost() reason 0
[2018.10.16-21.13.03:083][721]LogSlate: Window 'Add C++ Class' being destroyed
[2018.10.16-21.13.30:646][935]Running D:/Unreal Engine/UE_4.20/Engine/Binaries/DotNET/UnrealBuildTool.exe Win64 Development -TargetType=Editor -Project="D:/Github/climb-summit/TheSummit/TheSummit.uproject" -invalidatemakefilesonly
[2018.10.16-21.13.31:350][935]Invalidating makefiles only in this run.
[2018.10.16-21.13.31:836][935]Candidate modules for hot reload:
[2018.10.16-21.13.31:836][935]  TheSummit
[2018.10.16-21.13.31:836][935]Launching UnrealBuildTool... [D:/Unreal Engine/UE_4.20/Engine/Binaries/DotNET/UnrealBuildTool.exe  -ModuleWithSuffix=TheSummit,379 Win64 Development -TargetType=Editor -Project="../../../../../Github/climb-summit/TheSummit/TheSummit.uproject" -canskiplink "D:/Github/climb-summit/TheSummit/TheSummit.uproject" ]
[2018.10.16-21.13.51:663][935]CompilerResultsLog: New page: Compilation - Oct 16, 2018, 1:13:51 PM
[2018.10.16-21.13.51:673][935]CompilerResultsLog: Using 'git status' to determine working set for adaptive non-unity build.
[2018.10.16-21.13.51:673][935]CompilerResultsLog: Creating makefile for hot reloading TheSummitEditor (no existing makefile)
[2018.10.16-21.13.51:673][935]CompilerResultsLog: Compiling game modules for hot reload
[2018.10.16-21.13.51:673][935]CompilerResultsLog: Using Visual Studio 2017 14.15.26726 toolchain (C:\Program Files (x86)\Microsoft Visual Studio\2017\Community\VC\Tools\MSVC\14.15.26726) and Windows 10.0.16299.0 SDK (C:\Program Files (x86)\Windows Kits\10).
[2018.10.16-21.13.51:673][935]CompilerResultsLog: Parsing headers for TheSummitEditor
[2018.10.16-21.13.51:673][935]CompilerResultsLog:   Running UnrealHeaderTool "D:\Github\climb-summit\TheSummit\TheSummit.uproject" "D:\Github\climb-summit\TheSummit\Intermediate\Build\Win64\TheSummitEditor\Development\TheSummitEditor.uhtmanifest" -LogCmds="loginit warning, logexit warning, logdatabase error" -Unattended -WarningsAsErrors -installed
[2018.10.16-21.13.51:673][935]CompilerResultsLog: Reflection code generated for TheSummitEditor in 10.9801063 seconds
[2018.10.16-21.13.51:673][935]CompilerResultsLog: Building 5 actions with 16 processes...
[2018.10.16-21.13.51:673][935]CompilerResultsLog:   coolBall.cpp
[2018.10.16-21.13.51:673][935]CompilerResultsLog:   TheSummit.init.gen.cpp
[2018.10.16-21.13.51:673][935]CompilerResultsLog:   coolBall.gen.cpp
[2018.10.16-21.13.51:673][935]CompilerResultsLog:   UE4Editor-TheSummit-379.lib
[2018.10.16-21.13.51:673][935]CompilerResultsLog:      Creating library D:\Github\climb-summit\TheSummit\Intermediate\Build\Win64\UE4Editor\Development\TheSummit\UE4Editor-TheSummit-379.lib and object D:\Github\climb-summit\TheSummit\Intermediate\Build\Win64\UE4Editor\Development\TheSummit\UE4Editor-TheSummit-379.exp
[2018.10.16-21.13.51:673][935]CompilerResultsLog:   UE4Editor-TheSummit-379.dll
[2018.10.16-21.13.51:673][935]CompilerResultsLog:      Creating library D:\Github\climb-summit\TheSummit\Intermediate\Build\Win64\UE4Editor\Development\TheSummit\UE4Editor-TheSummit-379.suppressed.lib and object D:\Github\climb-summit\TheSummit\Intermediate\Build\Win64\UE4Editor\Development\TheSummit\UE4Editor-TheSummit-379.suppressed.exp
[2018.10.16-21.13.51:673][935]CompilerResultsLog: Total build time: 19.55 seconds (Parallel executor: 1.56 seconds)
[2018.10.16-21.13.51:673][935]LogMainFrame: MainFrame: Module compiling took 19.907 seconds
[2018.10.16-21.13.51:741][935]LogClass: Could not find existing class coolBall in package /Script/TheSummit for HotReload, assuming new class
[2018.10.16-21.13.51:743][935]LogContentBrowser: Native class hierarchy updated for 'TheSummit' in 0.0005 seconds. Added 2 classes and 2 folders.
[2018.10.16-21.13.51:747][935]Display: HotReload successful (0 functions remapped  0 scriptstructs remapped)
[2018.10.16-21.13.52:109][935]LogContentBrowser: Native class hierarchy populated in 0.0109 seconds. Added 2575 classes and 607 folders.
[2018.10.16-21.13.52:149][935]Display: HotReload took 20.4s.
[2018.10.16-21.13.52:151][935]Warning: HotReload operation took 20.4s.
[2018.10.16-21.13.52:263][935]LogVSAccessor: Warning: Couldn't goto line number '1' in 'D:/Github/climb-summit/TheSummit/Source/TheSummit/coolBall.h'
[2018.10.16-21.13.52:265][935]LogVSAccessor: Warning: Couldn't open file 'D:/Github/climb-summit/TheSummit/Source/TheSummit/coolBall.cpp'.
[2018.10.16-21.13.52:275][935]LogSlate: Window 'Add C++ Class' being destroyed
[2018.10.16-21.13.52:286][935]LogHotReload: New module detected: UE4Editor-TheSummit-379.dll
[2018.10.16-21.13.52:450][936]LogHotReload: Starting Hot-Reload from IDE
[2018.10.16-21.13.52:541][936]LogContentBrowser: Native class hierarchy updated for 'TheSummit' in 0.0006 seconds. Added 2 classes and 2 folders.
[2018.10.16-21.13.52:545][936]Display: HotReload successful (0 functions remapped  0 scriptstructs remapped)
[2018.10.16-21.13.52:911][936]LogContentBrowser: Native class hierarchy populated in 0.0111 seconds. Added 2575 classes and 607 folders.
[2018.10.16-21.13.52:916][936]Display: HotReload took  0.5s.
[2018.10.16-21.19.48:642][ 75]LogSavePackage: Moving '../../../../../Github/climb-summit/TheSummit/Saved/TreeCutTestMap_Auto1F42A40294F8E10D5BA9ADBB1D4D9B3B6.tmp' to '../../../../../Github/climb-summit/TheSummit/Saved/Autosaves/Game/AliTesting/TreeCutTestMap_Auto1.umap'
[2018.10.16-21.19.48:687][ 75]LogFileHelpers: Editor autosave (incl. sublevels) for '/Game/AliTesting/TreeCutTestMap' took 1.336
[2018.10.16-21.19.48:687][ 75]LogFileHelpers: Editor autosave (incl. sublevels) for all levels took 1.336
[2018.10.16-21.22.18:304][ 87]LogEditor: Attempting to add actor of class 'coolBall' to level at -470.00,-230.00,0.00
[2018.10.16-21.22.19:379][214]LogEditor: Attempting to add actor of class 'coolBall' to level at 205.00,195.00,0.00
[2018.10.16-21.22.21:661][486]LogSlate: FSceneViewport::OnFocusLost() reason 0
[2018.10.16-21.22.55:024][426]Cmd: TRANSACTION UNDO
[2018.10.16-21.22.55:024][426]LogEditorTransaction: Undo Remove Components
[2018.10.16-21.22.55:645][462]Cmd: TRANSACTION UNDO
[2018.10.16-21.22.55:645][462]LogEditorTransaction: Undo Clicking on Component (tree view)
[2018.10.16-21.22.55:939][494]Cmd: TRANSACTION UNDO
[2018.10.16-21.22.55:939][494]LogEditorTransaction: Undo Clicking on Component (tree view)
[2018.10.16-21.22.56:201][524]Cmd: TRANSACTION UNDO
[2018.10.16-21.22.56:201][524]LogEditorTransaction: Undo Clicking on Component (tree view)
[2018.10.16-21.22.56:559][564]Cmd: TRANSACTION UNDO
[2018.10.16-21.22.56:559][564]LogEditorTransaction: Undo Clicking on Component (tree view)
[2018.10.16-21.22.56:902][602]Cmd: TRANSACTION UNDO
[2018.10.16-21.22.56:903][602]LogEditorTransaction: Undo Remove Components
[2018.10.16-21.22.57:301][647]Cmd: TRANSACTION UNDO
[2018.10.16-21.22.57:301][647]LogEditorTransaction: Undo Add Component
[2018.10.16-21.28.38:438][247]LogSlate: FSceneViewport::OnFocusLost() reason 2
[2018.10.16-21.28.40:449][384]LogSlate: FSceneViewport::OnFocusLost() reason 0
[2018.10.16-21.29.06:391][307]LogSlate: FSceneViewport::OnFocusLost() reason 0
[2018.10.16-21.29.23:231][245]LogSlate: FSceneViewport::OnFocusLost() reason 0
[2018.10.16-21.29.45:035][785]LogSlate: FSceneViewport::OnFocusLost() reason 0
[2018.10.16-21.29.45:276][794]Cmd: OBJ SAVEPACKAGE PACKAGE="/Game/AliTesting/TreeCutTestMap" FILE="../../../../../Github/climb-summit/TheSummit/Content/AliTesting/TreeCutTestMap.umap" SILENT=true AUTOSAVING=false KEEPDIRTY=false
[2018.10.16-21.29.45:549][794]LogSavePackage: Moving '../../../../../Github/climb-summit/TheSummit/Saved/TreeCutTestMapD673B80C4F7F013C6603E5BDA73CFFA7.tmp' to '../../../../../Github/climb-summit/TheSummit/Content/AliTesting/TreeCutTestMap.umap'
[2018.10.16-21.29.45:683][794]Cmd: OBJ SAVEPACKAGE PACKAGE="/Game/AliTesting/TreeCutTestMap_BuiltData" FILE="../../../../../Github/climb-summit/TheSummit/Content/AliTesting/TreeCutTestMap_BuiltData.uasset" SILENT=true
[2018.10.16-21.29.45:773][794]LogSavePackage: Moving '../../../../../Github/climb-summit/TheSummit/Saved/TreeCutTestMap_BuiltData07047AD14CB2D97AAFAD40BD6BD1D622.tmp' to '../../../../../Github/climb-summit/TheSummit/Content/AliTesting/TreeCutTestMap_BuiltData.uasset'
[2018.10.16-21.41.47:712][317]LogHotReload: New module detected: UE4Editor-TheSummit-7659.dll
[2018.10.16-21.42.33:976][455]LogHotReload: New module detected: UE4Editor-TheSummit-2264.dll
[2018.10.16-21.42.57:057][928]LogSlate: Window 'Select Path' being destroyed
[2018.10.16-21.43.01:692][330]LogVSAccessor: Warning: Visual Studio is open but could not be queried - it may be blocked by a modal operation
[2018.10.16-21.46.49:102][999]LogHotReload: New module detected: UE4Editor-TheSummit-6736.dll
[2018.10.16-21.47.01:606][450]LogSlate: FSceneViewport::OnFocusLost() reason 0
[2018.10.16-21.47.01:656][456]LogVSAccessor: Warning: Couldn't access Visual Studio
[2018.10.16-21.47.01:660][456]Candidate modules for hot reload:
[2018.10.16-21.47.01:660][456]  TheSummit
[2018.10.16-21.47.01:660][456]Launching UnrealBuildTool... [D:/Unreal Engine/UE_4.20/Engine/Binaries/DotNET/UnrealBuildTool.exe  -ModuleWithSuffix=TheSummit,2382 Win64 Development -TargetType=Editor -Project="../../../../../Github/climb-summit/TheSummit/TheSummit.uproject" -canskiplink "D:/Github/climb-summit/TheSummit/TheSummit.uproject" ]
[2018.10.16-21.47.01:662][456]Warning: Starting HotReload took  0.0s.
[2018.10.16-21.47.10:323][479]CompilerResultsLog: New page: Compilation - Oct 16, 2018, 1:47:10 PM
[2018.10.16-21.47.10:323][479]CompilerResultsLog: Using 'git status' to determine working set for adaptive non-unity build.
[2018.10.16-21.47.10:323][479]CompilerResultsLog: Creating makefile for hot reloading TheSummitEditor (modules to compile have changed)
[2018.10.16-21.47.10:323][479]CompilerResultsLog: Compiling game modules for hot reload
[2018.10.16-21.47.10:323][479]CompilerResultsLog: Using Visual Studio 2017 14.15.26726 toolchain (C:\Program Files (x86)\Microsoft Visual Studio\2017\Community\VC\Tools\MSVC\14.15.26726) and Windows 10.0.16299.0 SDK (C:\Program Files (x86)\Windows Kits\10).
[2018.10.16-21.47.10:323][479]CompilerResultsLog: Building 1 action with 16 processes...
[2018.10.16-21.47.10:323][479]CompilerResultsLog:   UE4Editor-TheSummit-2382.dll
[2018.10.16-21.47.10:323][479]CompilerResultsLog:      Creating library D:\Github\climb-summit\TheSummit\Intermediate\Build\Win64\UE4Editor\Development\TheSummit\UE4Editor-TheSummit-2382.suppressed.lib and object D:\Github\climb-summit\TheSummit\Intermediate\Build\Win64\UE4Editor\Development\TheSummit\UE4Editor-TheSummit-2382.suppressed.exp
[2018.10.16-21.47.10:323][479]CompilerResultsLog: Error:   coolBall.cpp.obj : error LNK2001: unresolved external symbol "public: virtual void __cdecl AcoolBall::Tick(float)" (?Tick@AcoolBall@@UEAAXM@Z)
[2018.10.16-21.47.10:323][479]CompilerResultsLog: Error:   coolBall.gen.cpp.obj : error LNK2001: unresolved external symbol "public: virtual void __cdecl AcoolBall::Tick(float)" (?Tick@AcoolBall@@UEAAXM@Z)
[2018.10.16-21.47.10:323][479]CompilerResultsLog: Error:   D:\Github\climb-summit\TheSummit\Binaries\Win64\UE4Editor-TheSummit-2382.dll : fatal error LNK1120: 1 unresolved externals
[2018.10.16-21.47.10:323][479]CompilerResultsLog: ERROR: UBT ERROR: Failed to produce item: D:\Github\climb-summit\TheSummit\Binaries\Win64\UE4Editor-TheSummit-2382.dll
[2018.10.16-21.47.10:323][479]CompilerResultsLog:        (see ../Programs/UnrealBuildTool/Log.txt for full exception trace)
[2018.10.16-21.47.10:323][479]CompilerResultsLog: Total build time: 8.41 seconds (Parallel executor: 0.00 seconds)
[2018.10.16-21.47.10:323][479]LogMainFrame: MainFrame: Module compiling took 8.668 seconds
[2018.10.16-21.47.10:324][479]Warning: HotReload failed, recompile failed
[2018.10.16-21.47.21:751][835]LogSlate: Window 'Message Log' being destroyed
[2018.10.16-21.47.21:759][835]LogSlate: Window 'Message Log' being destroyed
[2018.10.16-21.47.27:626][533]Cmd: DELETE
[2018.10.16-21.47.27:626][533]Cmd: ACTOR DELETE
[2018.10.16-21.47.27:629][533]LogEditorActor: Deleted Actor: coolBall
[2018.10.16-21.47.27:663][533]LogEditorActor: Deleted 1 Actors (0.036 secs)
[2018.10.16-21.47.58:517][397]LogSavePackage: Moving '../../../../../Github/climb-summit/TheSummit/Saved/TreeCutTestMap_Auto2B69DF6BC414CAB25441E1B9C27E61410.tmp' to '../../../../../Github/climb-summit/TheSummit/Saved/Autosaves/Game/AliTesting/TreeCutTestMap_Auto2.umap'
[2018.10.16-21.47.58:521][397]LogFileHelpers: Editor autosave (incl. sublevels) for '/Game/AliTesting/TreeCutTestMap' took 0.275
[2018.10.16-21.47.58:521][397]LogFileHelpers: Editor autosave (incl. sublevels) for all levels took 0.275
[2018.10.16-21.47.58:821][430]LogSlate: Window 'Character_Blueprint' being destroyed
[2018.10.16-21.48.09:749][831]Cmd: OBJ SAVEPACKAGE PACKAGE="/Game/AliTesting/TreeCutTestMap" FILE="../../../../../Github/climb-summit/TheSummit/Content/AliTesting/TreeCutTestMap.umap" SILENT=true AUTOSAVING=false KEEPDIRTY=false
[2018.10.16-21.48.10:025][831]LogSavePackage: Moving '../../../../../Github/climb-summit/TheSummit/Saved/TreeCutTestMapDF24FD6D4AAFC990417B7394D5312452.tmp' to '../../../../../Github/climb-summit/TheSummit/Content/AliTesting/TreeCutTestMap.umap'
[2018.10.16-21.48.10:157][831]Cmd: OBJ SAVEPACKAGE PACKAGE="/Game/AliTesting/TreeCutTestMap_BuiltData" FILE="../../../../../Github/climb-summit/TheSummit/Content/AliTesting/TreeCutTestMap_BuiltData.uasset" SILENT=true
[2018.10.16-21.48.10:228][831]LogSavePackage: Moving '../../../../../Github/climb-summit/TheSummit/Saved/TreeCutTestMap_BuiltDataD5E567234FA407C6945EA98527A5AE23.tmp' to '../../../../../Github/climb-summit/TheSummit/Content/AliTesting/TreeCutTestMap_BuiltData.uasset'
[2018.10.16-21.48.11:946][ 13]LogSlate: Window 'TheSummit - Unreal Editor' being destroyed
[2018.10.16-21.48.11:947][ 13]LogWindowsTextInputMethodSystem: Display: IME system now deactivated.
[2018.10.16-21.48.12:165][ 14]Cmd: QUIT_EDITOR
[2018.10.16-21.48.12:214][ 14]LogExit: Preparing to exit.
[2018.10.16-21.48.13:047][ 14]LogExit: Editor shut down
[2018.10.16-21.48.13:048][ 14]LogExit: Transaction tracking system shut down
[2018.10.16-21.48.13:515][ 14]LogExit: Object subsystem successfully closed.
[2018.10.16-21.48.13:548][ 14]LogShaderCompilers: Display: Shaders left to compile 0
[2018.10.16-21.48.13:554][ 14]LogD3D11RHI: Shutdown
[2018.10.16-21.48.13:554][ 14]LogD3D11RHI: CleanupD3DDevice
[2018.10.16-21.48.13:558][ 14]LogD3D11RHI: ~FD3D11DynamicRHI
[2018.10.16-21.48.13:568][ 14]LogModuleManager: Shutting down and abandoning module HierarchicalLODUtilities (618)
[2018.10.16-21.48.13:568][ 14]LogModuleManager: Shutting down and abandoning module TheSummit (616)
[2018.10.16-21.48.13:568][ 14]LogModuleManager: Shutting down and abandoning module BlueprintGraph (614)
[2018.10.16-21.48.13:568][ 14]LogModuleManager: Shutting down and abandoning module StatsViewer (612)
[2018.10.16-21.48.13:568][ 14]LogModuleManager: Shutting down and abandoning module HierarchicalLODOutliner (610)
[2018.10.16-21.48.13:568][ 14]LogModuleManager: Shutting down and abandoning module SceneOutliner (608)
[2018.10.16-21.48.13:568][ 14]LogModuleManager: Shutting down and abandoning module AddContentDialog (606)
[2018.10.16-21.48.13:571][ 14]LogModuleManager: Shutting down and abandoning module WidgetCarousel (605)
[2018.10.16-21.48.13:571][ 14]LogModuleManager: Shutting down and abandoning module EditorWidgets (602)
[2018.10.16-21.48.13:571][ 14]LogModuleManager: Shutting down and abandoning module CollectionManager (600)
[2018.10.16-21.48.13:572][ 14]LogModuleManager: Shutting down and abandoning module FoliageEdit (598)
[2018.10.16-21.48.13:572][ 14]LogModuleManager: Shutting down and abandoning module LandscapeEditor (596)
[2018.10.16-21.48.13:572][ 14]LogModuleManager: Shutting down and abandoning module MeshPaintMode (594)
[2018.10.16-21.48.13:572][ 14]LogModuleManager: Shutting down and abandoning module SceneDepthPickerMode (592)
[2018.10.16-21.48.13:572][ 14]LogModuleManager: Shutting down and abandoning module ActorPickerMode (590)
[2018.10.16-21.48.13:572][ 14]LogModuleManager: Shutting down and abandoning module GeometryMode (588)
[2018.10.16-21.48.13:572][ 14]LogModuleManager: Shutting down and abandoning module TextureAlignMode (586)
[2018.10.16-21.48.13:572][ 14]LogModuleManager: Shutting down and abandoning module BspMode (584)
[2018.10.16-21.48.13:572][ 14]LogModuleManager: Shutting down and abandoning module PIEPreviewDeviceProfileSelector (582)
[2018.10.16-21.48.13:572][ 14]LogModuleManager: Shutting down and abandoning module SequenceRecorderSections (580)
[2018.10.16-21.48.13:572][ 14]LogModuleManager: Shutting down and abandoning module AutomationWorker (578)
[2018.10.16-21.48.13:572][ 14]LogModuleManager: Shutting down and abandoning module AudioCaptureEditor (576)
[2018.10.16-21.48.13:572][ 14]LogModuleManager: Shutting down and abandoning module SequenceRecorder (575)
[2018.10.16-21.48.13:572][ 14]LogModuleManager: Shutting down and abandoning module MatineeToLevelSequence (572)
[2018.10.16-21.48.13:572][ 14]LogModuleManager: Shutting down and abandoning module LevelSequenceEditor (570)
[2018.10.16-21.48.13:572][ 14]LogModuleManager: Shutting down and abandoning module PlacementMode (569)
[2018.10.16-21.48.13:572][ 14]LogModuleManager: Shutting down and abandoning module MaterialEditor (568)
[2018.10.16-21.48.13:572][ 14]LogModuleManager: Shutting down and abandoning module WmfMediaFactory (564)
[2018.10.16-21.48.13:572][ 14]LogModuleManager: Shutting down and abandoning module WmfMediaEditor (562)
[2018.10.16-21.48.13:572][ 14]LogModuleManager: Shutting down and abandoning module MediaPlayerEditor (560)
[2018.10.16-21.48.13:572][ 14]LogModuleManager: Shutting down and abandoning module OpenExrWrapper (558)
[2018.10.16-21.48.13:572][ 14]LogModuleManager: Shutting down and abandoning module ImgMediaFactory (556)
[2018.10.16-21.48.13:572][ 14]LogModuleManager: Shutting down and abandoning module ImgMediaEditor (554)
[2018.10.16-21.48.13:572][ 14]LogModuleManager: Shutting down and abandoning module AvfMediaFactory (552)
[2018.10.16-21.48.13:573][ 14]LogModuleManager: Shutting down and abandoning module AvfMediaEditor (550)
[2018.10.16-21.48.13:573][ 14]LogModuleManager: Shutting down and abandoning module AndroidMediaFactory (548)
[2018.10.16-21.48.13:573][ 14]LogModuleManager: Shutting down and abandoning module AndroidMediaEditor (546)
[2018.10.16-21.48.13:573][ 14]LogModuleManager: Shutting down and abandoning module MagicLeapCameraPreviewFactory (544)
[2018.10.16-21.48.13:573][ 14]LogModuleManager: Shutting down and abandoning module MagicLeapMediaFactory (542)
[2018.10.16-21.48.13:573][ 14]LogModuleManager: Shutting down and abandoning module MagicLeapMediaEditor (540)
[2018.10.16-21.48.13:573][ 14]LogModuleManager: Shutting down and abandoning module CharacterAI (538)
[2018.10.16-21.48.13:573][ 14]LogModuleManager: Shutting down and abandoning module SmartSnapping (536)
[2018.10.16-21.48.13:573][ 14]LogModuleManager: Shutting down and abandoning module SessionServices (534)
[2018.10.16-21.48.13:573][ 14]LogModuleManager: Shutting down and abandoning module ViewportSnapping (532)
[2018.10.16-21.48.13:573][ 14]LogModuleManager: Shutting down and abandoning module ViewportInteraction (530)
[2018.10.16-21.48.13:573][ 14]LogModuleManager: Shutting down and abandoning module ClothPainter (528)
[2018.10.16-21.48.13:573][ 14]LogModuleManager: Shutting down and abandoning module SkeletalMeshEditor (527)
[2018.10.16-21.48.13:573][ 14]LogModuleManager: Shutting down and abandoning module LogVisualizer (524)
[2018.10.16-21.48.13:573][ 14]LogModuleManager: Shutting down and abandoning module IntroTutorials (522)
[2018.10.16-21.48.13:573][ 14]LogModuleManager: Shutting down and abandoning module GameProjectGeneration (521)
[2018.10.16-21.48.13:573][ 14]LogModuleManager: Shutting down and abandoning module LuminPlatformEditor (518)
[2018.10.16-21.48.13:573][ 14]LogModuleManager: Shutting down and abandoning module IOSPlatformEditor (516)
[2018.10.16-21.48.13:573][ 14]LogModuleManager: Shutting down and abandoning module HTML5PlatformEditor (514)
[2018.10.16-21.48.13:573][ 14]LogModuleManager: Shutting down and abandoning module AndroidPlatformEditor (512)
[2018.10.16-21.48.13:573][ 14]LogModuleManager: Shutting down and abandoning module AndroidDeviceDetection (511)
[2018.10.16-21.48.14:325][ 14]LogModuleManager: Shutting down and abandoning module WindowsPlatformEditor (508)
[2018.10.16-21.48.14:325][ 14]LogModuleManager: Shutting down and abandoning module LuminRuntimeSettings (506)
[2018.10.16-21.48.14:325][ 14]LogModuleManager: Shutting down and abandoning module IOSRuntimeSettings (504)
[2018.10.16-21.48.14:325][ 14]LogModuleManager: Shutting down and abandoning module AndroidRuntimeSettings (502)
[2018.10.16-21.48.14:325][ 14]LogModuleManager: Shutting down and abandoning module InputBindingEditor (500)
[2018.10.16-21.48.14:325][ 14]LogModuleManager: Shutting down and abandoning module MergeActors (498)
[2018.10.16-21.48.14:325][ 14]LogModuleManager: Shutting down and abandoning module LocalizationDashboard (496)
[2018.10.16-21.48.14:325][ 14]LogModuleManager: Shutting down and abandoning module LocalizationService (495)
[2018.10.16-21.48.14:325][ 14]LogModuleManager: Shutting down and abandoning module HardwareTargeting (492)
[2018.10.16-21.48.14:325][ 14]LogModuleManager: Shutting down and abandoning module DeviceProfileEditor (490)
[2018.10.16-21.48.14:325][ 14]LogModuleManager: Shutting down and abandoning module UndoHistory (488)
[2018.10.16-21.48.14:326][ 14]LogModuleManager: Shutting down and abandoning module XmlParser (486)
[2018.10.16-21.48.14:326][ 14]LogModuleManager: Shutting down and abandoning module Blutility (484)
[2018.10.16-21.48.14:326][ 14]LogModuleManager: Shutting down and abandoning module ProjectSettingsViewer (482)
[2018.10.16-21.48.14:326][ 14]LogModuleManager: Shutting down and abandoning module ProjectTargetPlatformEditor (481)
[2018.10.16-21.48.14:326][ 14]LogModuleManager: Shutting down and abandoning module EditorSettingsViewer (478)
[2018.10.16-21.48.14:326][ 14]LogModuleManager: Shutting down and abandoning module SettingsEditor (476)
[2018.10.16-21.48.14:326][ 14]LogModuleManager: Shutting down and abandoning module ProjectLauncher (474)
[2018.10.16-21.48.14:326][ 14]LogModuleManager: Shutting down and abandoning module SessionFrontend (472)
[2018.10.16-21.48.14:326][ 14]LogModuleManager: Shutting down and abandoning module ProfilerClient (470)
[2018.10.16-21.48.14:326][ 14]LogModuleManager: Shutting down and abandoning module DeviceManager (468)
[2018.10.16-21.48.14:326][ 14]LogModuleManager: Shutting down and abandoning module TargetDeviceServices (467)
[2018.10.16-21.48.14:392][ 14]LogModuleManager: Shutting down and abandoning module AutomationController (464)
[2018.10.16-21.48.14:392][ 14]LogModuleManager: Shutting down and abandoning module AutomationWindow (462)
[2018.10.16-21.48.14:392][ 14]LogModuleManager: Shutting down and abandoning module Layers (460)
[2018.10.16-21.48.14:392][ 14]LogModuleManager: Shutting down and abandoning module ComponentVisualizers (458)
[2018.10.16-21.48.14:392][ 14]LogModuleManager: Shutting down and abandoning module DetailCustomizations (456)
[2018.10.16-21.48.14:392][ 14]LogModuleManager: Shutting down and abandoning module PackagesDialog (454)
[2018.10.16-21.48.14:392][ 14]LogModuleManager: Shutting down and abandoning module Persona (452)
[2018.10.16-21.48.14:392][ 14]LogModuleManager: Shutting down and abandoning module AdvancedPreviewScene (451)
[2018.10.16-21.48.14:392][ 14]LogModuleManager: Shutting down and abandoning module AnimGraph (449)
[2018.10.16-21.48.14:392][ 14]LogModuleManager: Shutting down and abandoning module Kismet (446)
[2018.10.16-21.48.14:397][ 14]LogModuleManager: Shutting down and abandoning module GraphEditor (444)
[2018.10.16-21.48.14:397][ 14]LogModuleManager: Shutting down and abandoning module ClassViewer (442)
[2018.10.16-21.48.14:399][ 14]LogModuleManager: Shutting down and abandoning module Toolbox (440)
[2018.10.16-21.48.14:399][ 14]LogModuleManager: Shutting down and abandoning module DesktopPlatform (439)
[2018.10.16-21.48.14:399][ 14]LogModuleManager: Shutting down and abandoning module ModuleUI (436)
[2018.10.16-21.48.14:399][ 14]LogModuleManager: Shutting down and abandoning module MovieSceneTools (434)
[2018.10.16-21.48.14:399][ 14]LogModuleManager: Shutting down and abandoning module OutputLog (432)
[2018.10.16-21.48.14:399][ 14]LogModuleManager: Shutting down and abandoning module GammaUI (430)
[2018.10.16-21.48.14:399][ 14]LogModuleManager: Shutting down and abandoning module Documentation (428)
[2018.10.16-21.48.14:400][ 14]LogModuleManager: Shutting down and abandoning module MovieSceneTracks (426)
[2018.10.16-21.48.14:400][ 14]LogModuleManager: Shutting down and abandoning module MovieScene (424)
[2018.10.16-21.48.14:400][ 14]LogModuleManager: Shutting down and abandoning module StreamingPauseRendering (422)
[2018.10.16-21.48.14:400][ 14]LogModuleManager: Shutting down and abandoning module LauncherPlatform (420)
[2018.10.16-21.48.14:400][ 14]LogModuleManager: Shutting down and abandoning module AnalyticsET (418)
[2018.10.16-21.48.14:400][ 14]LogModuleManager: Shutting down and abandoning module PortalServices (416)
[2018.10.16-21.48.14:400][ 14]LogModuleManager: Shutting down and abandoning module PortalRpc (414)
[2018.10.16-21.48.14:400][ 14]LogModuleManager: Shutting down and abandoning module MessagingRpc (412)
[2018.10.16-21.48.14:400][ 14]LogModuleManager: Shutting down and abandoning module AIModule (410)
[2018.10.16-21.48.14:400][ 14]LogModuleManager: Shutting down and abandoning module GameplayDebugger (409)
[2018.10.16-21.48.14:400][ 14]LogModuleManager: Shutting down and abandoning module AITestSuite (407)
[2018.10.16-21.48.14:400][ 14]LogModuleManager: Shutting down and abandoning module NavigationSystem (405)
[2018.10.16-21.48.14:400][ 14]LogModuleManager: Shutting down and abandoning module ProfilerService (402)
[2018.10.16-21.48.14:543][ 14]LogModuleManager: Shutting down and abandoning module TaskGraph (400)
[2018.10.16-21.48.14:543][ 14]LogModuleManager: Shutting down and abandoning module SteamVRController (398)
[2018.10.16-21.48.14:543][ 14]LogModuleManager: Shutting down and abandoning module ProceduralMeshComponentEditor (396)
[2018.10.16-21.48.14:543][ 14]LogModuleManager: Shutting down and abandoning module ProceduralMeshComponent (394)
[2018.10.16-21.48.14:543][ 14]LogModuleManager: Shutting down and abandoning module OculusInput (392)
[2018.10.16-21.48.14:543][ 14]LogModuleManager: Shutting down and abandoning module MobilePatchingUtils (390)
[2018.10.16-21.48.14:543][ 14]LogModuleManager: Shutting down and abandoning module EditableMesh (388)
[2018.10.16-21.48.14:543][ 14]LogModuleManager: Shutting down and abandoning module CustomMeshComponent (386)
[2018.10.16-21.48.14:543][ 14]LogModuleManager: Shutting down and abandoning module CableComponent (384)
[2018.10.16-21.48.14:543][ 14]LogModuleManager: Shutting down and abandoning module AudioCapture (382)
[2018.10.16-21.48.14:543][ 14]LogModuleManager: Shutting down and abandoning module ArchVisCharacter (380)
[2018.10.16-21.48.14:543][ 14]LogModuleManager: Shutting down and abandoning module AndroidPermission (378)
[2018.10.16-21.48.14:543][ 14]LogModuleManager: Shutting down and abandoning module NUTUnrealEngine4 (376)
[2018.10.16-21.48.14:544][ 14]LogModuleManager: Shutting down and abandoning module NetcodeUnitTest (374)
[2018.10.16-21.48.14:544][ 14]LogModuleManager: Shutting down and abandoning module MediaCompositingEditor (372)
[2018.10.16-21.48.14:544][ 14]LogModuleManager: Shutting down and abandoning module MediaCompositing (370)
[2018.10.16-21.48.14:544][ 14]LogModuleManager: Shutting down and abandoning module LinearTimecode (368)
[2018.10.16-21.48.14:544][ 14]LogModuleManager: Shutting down and abandoning module ImgMedia (366)
[2018.10.16-21.48.14:547][ 14]LogModuleManager: Shutting down and abandoning module HTML5Networking (364)
[2018.10.16-21.48.14:547][ 14]LogModuleManager: Shutting down and abandoning module GeometryCacheTracks (362)
[2018.10.16-21.48.14:547][ 14]LogModuleManager: Shutting down and abandoning module GeometryCacheSequencer (360)
[2018.10.16-21.48.14:547][ 14]LogModuleManager: Shutting down and abandoning module BackChannel (358)
[2018.10.16-21.48.14:547][ 14]LogModuleManager: Shutting down and abandoning module AppleVision (356)
[2018.10.16-21.48.14:547][ 14]LogModuleManager: Shutting down and abandoning module AppleImageUtils (354)
[2018.10.16-21.48.14:547][ 14]LogModuleManager: Shutting down and abandoning module AlembicImporter (352)
[2018.10.16-21.48.14:547][ 14]LogModuleManager: Shutting down and abandoning module AlembicLibrary (351)
[2018.10.16-21.48.14:547][ 14]LogModuleManager: Shutting down and abandoning module GeometryCache (350)
[2018.10.16-21.48.14:547][ 14]LogModuleManager: Shutting down and abandoning module GeometryCacheEd (349)
[2018.10.16-21.48.14:547][ 14]LogModuleManager: Shutting down and abandoning module DatasmithContentEditor (344)
[2018.10.16-21.48.14:547][ 14]LogModuleManager: Shutting down and abandoning module DatasmithContent (342)
[2018.10.16-21.48.14:548][ 14]LogModuleManager: Shutting down and abandoning module SpeedTreeImporter (340)
[2018.10.16-21.48.14:548][ 14]LogModuleManager: Shutting down and abandoning module PluginBrowser (338)
[2018.10.16-21.48.14:548][ 14]LogModuleManager: Shutting down and abandoning module MobileLauncherProfileWizard (336)
[2018.10.16-21.48.14:548][ 14]LogModuleManager: Shutting down and abandoning module PolygonModeling (334)
[2018.10.16-21.48.14:548][ 14]LogModuleManager: Shutting down and abandoning module MeshEditor (332)
[2018.10.16-21.48.14:548][ 14]LogModuleManager: Shutting down and abandoning module CryptoKeysOpenSSL (330)
[2018.10.16-21.48.14:548][ 14]LogModuleManager: Shutting down and abandoning module CryptoKeys (328)
[2018.10.16-21.48.14:548][ 14]LogModuleManager: Shutting down and abandoning module VisualStudioSourceCodeAccess (326)
[2018.10.16-21.48.14:548][ 14]LogModuleManager: Shutting down and abandoning module VisualStudioCodeSourceCodeAccess (324)
[2018.10.16-21.48.14:548][ 14]LogModuleManager: Shutting down and abandoning module UObjectPlugin (322)
[2018.10.16-21.48.14:548][ 14]LogModuleManager: Shutting down and abandoning module SubversionSourceControl (320)
[2018.10.16-21.48.14:548][ 14]LogModuleManager: Shutting down and abandoning module PerforceSourceControl (318)
[2018.10.16-21.48.14:548][ 14]LogModuleManager: Shutting down and abandoning module GitSourceControl (316)
[2018.10.16-21.48.14:548][ 14]LogModuleManager: Shutting down and abandoning module SourceControl (315)
[2018.10.16-21.48.14:548][ 14]LogModuleManager: Shutting down and abandoning module CLionSourceCodeAccess (312)
[2018.10.16-21.48.14:548][ 14]LogModuleManager: Shutting down and abandoning module LightPropagationVolumeEditor (310)
[2018.10.16-21.48.14:548][ 14]LogModuleManager: Shutting down and abandoning module PaperTiledImporter (308)
[2018.10.16-21.48.14:548][ 14]LogModuleManager: Shutting down and abandoning module PaperSpriteSheetImporter (306)
[2018.10.16-21.48.14:548][ 14]LogModuleManager: Shutting down and abandoning module Paper2DEditor (304)
[2018.10.16-21.48.14:548][ 14]LogModuleManager: Shutting down and abandoning module MeshPaint (303)
[2018.10.16-21.48.14:548][ 14]LogModuleManager: Shutting down and abandoning module RuntimePhysXCooking (298)
[2018.10.16-21.48.14:548][ 14]LogModuleManager: Shutting down and abandoning module PhysXVehiclesEditor (296)
[2018.10.16-21.48.14:548][ 14]LogModuleManager: Shutting down and abandoning module PhysXVehicles (294)
[2018.10.16-21.48.14:548][ 14]LogModuleManager: Shutting down and abandoning module OculusEditor (292)
[2018.10.16-21.48.14:548][ 14]LogModuleManager: Shutting down and abandoning module LocationServicesBPLibrary (290)
[2018.10.16-21.48.14:548][ 14]LogModuleManager: Shutting down and abandoning module ImmediatePhysicsEditor (288)
[2018.10.16-21.48.14:548][ 14]LogModuleManager: Shutting down and abandoning module ImmediatePhysics (286)
[2018.10.16-21.48.14:548][ 14]LogModuleManager: Shutting down and abandoning module ActorSequence (284)
[2018.10.16-21.48.14:548][ 14]LogModuleManager: Shutting down and abandoning module UdpMessaging (282)
[2018.10.16-21.48.14:649][ 14]LogModuleManager: Shutting down and abandoning module TcpMessaging (280)
[2018.10.16-21.48.14:751][ 14]LogModuleManager: Shutting down and abandoning module MagicLeapAudio (278)
[2018.10.16-21.48.14:751][ 14]LogModuleManager: Shutting down and abandoning module GameplayTagsEditor (276)
[2018.10.16-21.48.14:751][ 14]LogModuleManager: Shutting down and abandoning module FacialAnimationEditor (274)
[2018.10.16-21.48.14:751][ 14]LogModuleManager: Shutting down and abandoning module FacialAnimation (272)
[2018.10.16-21.48.14:751][ 14]LogModuleManager: Shutting down and abandoning module DataValidation (270)
[2018.10.16-21.48.14:751][ 14]LogModuleManager: Shutting down and abandoning module AssetManagerEditor (268)
[2018.10.16-21.48.14:751][ 14]LogModuleManager: Shutting down and abandoning module LevelEditor (267)
[2018.10.16-21.48.14:752][ 14]LogModuleManager: Shutting down and abandoning module PixelInspectorModule (266)
[2018.10.16-21.48.14:752][ 14]LogModuleManager: Shutting down and abandoning module CommonMenuExtensions (264)
[2018.10.16-21.48.14:752][ 14]LogModuleManager: Shutting down and abandoning module MainFrame (262)
[2018.10.16-21.48.14:752][ 14]LogModuleManager: Shutting down and abandoning module HotReload (261)
[2018.10.16-21.48.14:753][ 14]LogModuleManager: Shutting down and abandoning module ContentBrowser (257)
[2018.10.16-21.48.14:754][ 14]LogModuleManager: Shutting down and abandoning module TreeMap (255)
[2018.10.16-21.48.14:754][ 14]LogModuleManager: Shutting down and abandoning module LightPropagationVolumeRuntime (252)
[2018.10.16-21.48.14:754][ 14]LogModuleManager: Shutting down and abandoning module AISupportModule (250)
[2018.10.16-21.48.14:754][ 14]LogModuleManager: Shutting down and abandoning module Paper2D (248)
[2018.10.16-21.48.14:754][ 14]LogModuleManager: Shutting down and abandoning module WindowsMoviePlayer (246)
[2018.10.16-21.48.14:754][ 14]LogModuleManager: Shutting down and abandoning module WmfMedia (244)
[2018.10.16-21.48.14:756][ 14]LogModuleManager: Shutting down and abandoning module Media (243)
[2018.10.16-21.48.14:762][ 14]LogModuleManager: Shutting down and abandoning module PacketHandler (240)
[2018.10.16-21.48.14:762][ 14]LogModuleManager: Shutting down and abandoning module ClothingSystemEditor (238)
[2018.10.16-21.48.14:762][ 14]LogModuleManager: Shutting down and abandoning module ClothingSystemRuntime (236)
[2018.10.16-21.48.14:762][ 14]LogModuleManager: Shutting down and abandoning module MediaAssets (234)
[2018.10.16-21.48.14:762][ 14]LogModuleManager: Shutting down and abandoning module Overlay (232)
[2018.10.16-21.48.14:762][ 14]LogModuleManager: Shutting down and abandoning module OverlayEditor (231)
[2018.10.16-21.48.14:762][ 14]LogModuleManager: Shutting down and abandoning module VREditor (228)
[2018.10.16-21.48.14:762][ 14]LogModuleManager: Shutting down and abandoning module StringTableEditor (226)
[2018.10.16-21.48.14:762][ 14]LogModuleManager: Shutting down and abandoning module GameplayTasksEditor (224)
[2018.10.16-21.48.14:762][ 14]LogModuleManager: Shutting down and abandoning module BehaviorTreeEditor (222)
[2018.10.16-21.48.14:762][ 14]LogModuleManager: Shutting down and abandoning module FunctionalTesting (220)
[2018.10.16-21.48.14:762][ 14]LogModuleManager: Shutting down and abandoning module CollisionAnalyzer (218)
[2018.10.16-21.48.14:763][ 14]LogModuleManager: Shutting down and abandoning module WorkspaceMenuStructure (217)
[2018.10.16-21.48.14:763][ 14]LogModuleManager: Shutting down and abandoning module UMG (214)
[2018.10.16-21.48.14:763][ 14]LogModuleManager: Shutting down and abandoning module UMGEditor (213)
[2018.10.16-21.48.14:763][ 14]LogModuleManager: Shutting down and abandoning module Sequencer (212)
[2018.10.16-21.48.14:763][ 14]LogModuleManager: Shutting down and abandoning module MessageLog (209)
[2018.10.16-21.48.14:763][ 14]LogModuleManager: Shutting down and abandoning module SlateReflector (204)
[2018.10.16-21.48.14:763][ 14]LogModuleManager: Shutting down and abandoning module Slate (202)
[2018.10.16-21.48.14:763][ 14]LogModuleManager: Shutting down and abandoning module EditorStyle (200)
[2018.10.16-21.48.14:765][ 14]LogModuleManager: Shutting down and abandoning module MRMesh (198)
[2018.10.16-21.48.14:765][ 14]LogModuleManager: Shutting down and abandoning module SourceCodeAccess (196)
[2018.10.16-21.48.14:765][ 14]LogModuleManager: Shutting down and abandoning module HeadMountedDisplay (194)
[2018.10.16-21.48.14:765][ 14]LogModuleManager: Shutting down and abandoning module XAudio2 (192)
[2018.10.16-21.48.14:765][ 14]LogModuleManager: Shutting down and abandoning module Networking (190)
[2018.10.16-21.48.14:765][ 14]LogModuleManager: Shutting down and abandoning module Core (188)
[2018.10.16-21.48.14:765][ 14]LogModuleManager: Shutting down and abandoning module LevelSequence (186)
[2018.10.16-21.48.14:765][ 14]LogModuleManager: Shutting down and abandoning module KismetCompiler (184)
[2018.10.16-21.48.14:765][ 14]LogModuleManager: Shutting down and abandoning module MeshUtilities (182)
[2018.10.16-21.48.14:765][ 14]LogModuleManager: Shutting down and abandoning module MeshMergeUtilities (181)
[2018.10.16-21.48.14:765][ 14]LogModuleManager: Shutting down and abandoning module MeshReductionInterface (180)
[2018.10.16-21.48.14:765][ 14]LogModuleManager: Shutting down and abandoning module SimplygonSwarm (179)
[2018.10.16-21.48.14:765][ 14]LogModuleManager: Shutting down and abandoning module ProxyLODMeshReduction (177)
[2018.10.16-21.48.14:766][ 14]LogModuleManager: Shutting down and abandoning module SimplygonMeshReduction (175)
[2018.10.16-21.48.14:766][ 14]LogModuleManager: Shutting down and abandoning module QuadricMeshReduction (173)
[2018.10.16-21.48.14:766][ 14]LogModuleManager: Shutting down and abandoning module MaterialBaking (169)
[2018.10.16-21.48.14:766][ 14]LogModuleManager: Shutting down and abandoning module DirectoryWatcher (165)
[2018.10.16-21.48.14:766][ 14]LogModuleManager: Shutting down and abandoning module DerivedDataCache (162)
[2018.10.16-21.48.14:780][ 14]LogDerivedDataCache: Shutdown
[2018.10.16-21.48.14:780][ 14]LogModuleManager: Shutting down and abandoning module XGEController (160)
[2018.10.16-21.48.14:780][ 14]LogModuleManager: Shutting down and abandoning module TargetPlatform (158)
[2018.10.16-21.48.14:781][ 14]LogModuleManager: Shutting down and abandoning module VulkanShaderFormat (157)
[2018.10.16-21.48.14:781][ 14]LogModuleManager: Shutting down and abandoning module ShaderFormatVectorVM (155)
[2018.10.16-21.48.14:781][ 14]LogModuleManager: Shutting down and abandoning module ShaderFormatOpenGL (153)
[2018.10.16-21.48.14:781][ 14]LogModuleManager: Shutting down and abandoning module ShaderFormatD3D (151)
[2018.10.16-21.48.14:781][ 14]LogModuleManager: Shutting down and abandoning module MetalShaderFormat (149)
[2018.10.16-21.48.14:781][ 14]LogModuleManager: Shutting down and abandoning module TextureFormatUncompressed (147)
[2018.10.16-21.48.14:781][ 14]LogModuleManager: Shutting down and abandoning module TextureFormatPVR (145)
[2018.10.16-21.48.14:781][ 14]LogModuleManager: Shutting down and abandoning module TextureFormatDXT (143)
[2018.10.16-21.48.14:781][ 14]LogModuleManager: Shutting down and abandoning module TextureFormatIntelISPCTexComp (141)
[2018.10.16-21.48.14:781][ 14]LogModuleManager: Shutting down and abandoning module TextureFormatASTC (139)
[2018.10.16-21.48.14:781][ 14]LogModuleManager: Shutting down and abandoning module ImageWrapper (138)
[2018.10.16-21.48.14:781][ 14]LogModuleManager: Shutting down and abandoning module TextureFormatAndroid (135)
[2018.10.16-21.48.14:781][ 14]LogModuleManager: Shutting down and abandoning module AudioFormatOpus (133)
[2018.10.16-21.48.14:781][ 14]LogModuleManager: Shutting down and abandoning module AudioFormatOgg (131)
[2018.10.16-21.48.14:781][ 14]LogModuleManager: Shutting down and abandoning module AudioFormatADPCM (129)
[2018.10.16-21.48.14:781][ 14]LogModuleManager: Shutting down and abandoning module LuminTargetPlatform (127)
[2018.10.16-21.48.14:781][ 14]LogModuleManager: Shutting down and abandoning module LinuxTargetPlatform (125)
[2018.10.16-21.48.14:781][ 14]LogModuleManager: Shutting down and abandoning module LinuxServerTargetPlatform (123)
[2018.10.16-21.48.14:781][ 14]LogModuleManager: Shutting down and abandoning module LinuxNoEditorTargetPlatform (121)
[2018.10.16-21.48.14:781][ 14]LogModuleManager: Shutting down and abandoning module LinuxClientTargetPlatform (119)
[2018.10.16-21.48.14:781][ 14]LogModuleManager: Shutting down and abandoning module TVOSTargetPlatform (117)
[2018.10.16-21.48.14:789][ 14]LogModuleManager: Shutting down and abandoning module Messaging (115)
[2018.10.16-21.48.14:789][ 14]LogModuleManager: Shutting down and abandoning module IOSTargetPlatform (113)
[2018.10.16-21.48.14:794][ 14]LogModuleManager: Shutting down and abandoning module HTML5TargetPlatform (111)
[2018.10.16-21.48.14:794][ 14]LogModuleManager: Shutting down and abandoning module AndroidTargetPlatform (109)
[2018.10.16-21.48.14:825][ 14]LogModuleManager: Shutting down and abandoning module WindowsTargetPlatform (107)
[2018.10.16-21.48.14:825][ 14]LogModuleManager: Shutting down and abandoning module WindowsServerTargetPlatform (105)
[2018.10.16-21.48.14:825][ 14]LogModuleManager: Shutting down and abandoning module WindowsNoEditorTargetPlatform (103)
[2018.10.16-21.48.14:825][ 14]LogModuleManager: Shutting down and abandoning module WindowsClientTargetPlatform (101)
[2018.10.16-21.48.14:825][ 14]LogModuleManager: Shutting down and abandoning module MacTargetPlatform (99)
[2018.10.16-21.48.14:826][ 14]LogModuleManager: Shutting down and abandoning module MacServerTargetPlatform (97)
[2018.10.16-21.48.14:826][ 14]LogModuleManager: Shutting down and abandoning module MacNoEditorTargetPlatform (95)
[2018.10.16-21.48.14:826][ 14]LogModuleManager: Shutting down and abandoning module MacClientTargetPlatform (93)
[2018.10.16-21.48.14:826][ 14]LogModuleManager: Shutting down and abandoning module AllDesktopTargetPlatform (91)
[2018.10.16-21.48.14:826][ 14]LogModuleManager: Shutting down and abandoning module InputCore (88)
[2018.10.16-21.48.14:826][ 14]LogModuleManager: Shutting down and abandoning module Settings (86)
[2018.10.16-21.48.14:826][ 14]LogModuleManager: Shutting down and abandoning module PhysXCooking (84)
[2018.10.16-21.48.14:826][ 14]LogModuleManager: Shutting down and abandoning module SteamVR (82)
[2018.10.16-21.48.14:826][ 14]LogModuleManager: Shutting down and abandoning module OculusHMD (80)
[2018.10.16-21.48.14:826][ 14]LogModuleManager: Shutting down and abandoning module ExampleDeviceProfileSelector (78)
[2018.10.16-21.48.14:826][ 14]LogModuleManager: Shutting down and abandoning module LauncherChunkInstaller (76)
[2018.10.16-21.48.14:826][ 14]LogModuleManager: Shutting down and abandoning module OnlineBlueprintSupport (74)
[2018.10.16-21.48.14:826][ 14]LogModuleManager: Shutting down and abandoning module OnlineSubsystem (70)
[2018.10.16-21.48.14:827][ 14]LogModuleManager: Shutting down and abandoning module XMPP (65)
[2018.10.16-21.48.14:827][ 14]LogModuleManager: Shutting down and abandoning module WebSockets (64)
[2018.10.16-21.48.14:850][ 14]LogModuleManager: Shutting down and abandoning module HTTP (61)
[2018.10.16-21.48.14:850][ 14]LogHttp: Display: Http module shutting down, but needs to wait on 1 outstanding Http requests:
[2018.10.16-21.48.14:850][ 14]LogHttp: Display: 	verb=[POST] url=[https://datarouter.ol.epicgames.com/datarouter/api/v1/public/data?SessionID=%7B9EA809F7-40B7-C64B-2331-31BEC3BC9E84%7D&AppID=UEEditor.Rocket.Release&AppVersion=4.20.1-4233996%2B%2B%2BUE4%2BRelease-4.20&UserID=23b803834a6e21c2335149ab046191d9%7C6a37eeab3d4f4c15b78733ca7c7e556d%7C902a0952-3a11-4de2-b10f-3626945c9d73&AppEnvironment=datacollector-binary&UploadType=eteventstream] status=Processing
[2018.10.16-21.48.14:864][ 14]LogModuleManager: Shutting down and abandoning module SSL (60)
[2018.10.16-21.48.14:865][ 14]LogModuleManager: Shutting down and abandoning module MagicLeapEmulator (56)
[2018.10.16-21.48.14:865][ 14]LogModuleManager: Shutting down and abandoning module MagicLeapPrivileges (54)
[2018.10.16-21.48.14:865][ 14]LogModuleManager: Shutting down and abandoning module MagicLeapIdentity (52)
[2018.10.16-21.48.14:865][ 14]LogModuleManager: Shutting down and abandoning module MagicLeapHelperVulkan (50)
[2018.10.16-21.48.14:865][ 14]LogModuleManager: Shutting down and abandoning module MagicLeapHelperOpenGL (48)
[2018.10.16-21.48.14:865][ 14]LogModuleManager: Shutting down and abandoning module MagicLeapSecureStorage (46)
[2018.10.16-21.48.14:865][ 14]LogModuleManager: Shutting down and abandoning module MagicLeapGestures (44)
[2018.10.16-21.48.14:866][ 14]LogModuleManager: Shutting down and abandoning module MagicLeapEyeTracker (42)
[2018.10.16-21.48.14:866][ 14]LogModuleManager: Shutting down and abandoning module MagicLeapController (40)
[2018.10.16-21.48.14:866][ 14]LogSlate: Slate User Destroyed.  User Index 0, Is Virtual User: 0
[2018.10.16-21.48.14:866][ 14]LogModuleManager: Shutting down and abandoning module MagicLeap (38)
[2018.10.16-21.48.14:866][ 14]LogModuleManager: Shutting down and abandoning module AnimationModifiers (36)
[2018.10.16-21.48.14:866][ 14]LogModuleManager: Shutting down and abandoning module PropertyEditor (35)
[2018.10.16-21.48.14:866][ 14]LogModuleManager: Shutting down and abandoning module AudioEditor (32)
[2018.10.16-21.48.14:866][ 14]LogModuleManager: Shutting down and abandoning module TextureCompressor (30)
[2018.10.16-21.48.14:866][ 14]LogModuleManager: Shutting down and abandoning module ShaderCore (28)
[2018.10.16-21.48.14:866][ 14]LogModuleManager: Shutting down and abandoning module Landscape (26)
[2018.10.16-21.48.14:866][ 14]LogModuleManager: Shutting down and abandoning module SlateRHIRenderer (24)
[2018.10.16-21.48.14:867][ 14]LogModuleManager: Shutting down and abandoning module OpenGLDrv (22)
[2018.10.16-21.48.14:867][ 14]LogModuleManager: Shutting down and abandoning module D3D11RHI (20)
[2018.10.16-21.48.14:867][ 14]LogModuleManager: Shutting down and abandoning module AnimGraphRuntime (18)
[2018.10.16-21.48.14:867][ 14]LogModuleManager: Shutting down and abandoning module Renderer (16)
[2018.10.16-21.48.14:867][ 14]LogModuleManager: Shutting down and abandoning module Engine (14)
[2018.10.16-21.48.14:867][ 14]LogModuleManager: Shutting down and abandoning module CoreUObject (12)
[2018.10.16-21.48.14:867][ 14]LogModuleManager: Shutting down and abandoning module NetworkFile (10)
[2018.10.16-21.48.14:867][ 14]LogModuleManager: Shutting down and abandoning module CookedIterativeFile (8)
[2018.10.16-21.48.14:867][ 14]LogModuleManager: Shutting down and abandoning module StreamingFile (6)
[2018.10.16-21.48.14:867][ 14]LogModuleManager: Shutting down and abandoning module SandboxFile (4)
[2018.10.16-21.48.14:868][ 14]LogModuleManager: Shutting down and abandoning module PakFile (2)
[2018.10.16-21.48.14:879][ 14]LogExit: Exiting.
[2018.10.16-21.48.14:891][ 14]Log file closed, 10/16/18 17:48:14
